running egg_info
creating ../../build/depth_image_viewer/depth_image_viewer.egg-info
writing ../../build/depth_image_viewer/depth_image_viewer.egg-info/PKG-INFO
writing dependency_links to ../../build/depth_image_viewer/depth_image_viewer.egg-info/dependency_links.txt
writing entry points to ../../build/depth_image_viewer/depth_image_viewer.egg-info/entry_points.txt
writing requirements to ../../build/depth_image_viewer/depth_image_viewer.egg-info/requires.txt
writing top-level names to ../../build/depth_image_viewer/depth_image_viewer.egg-info/top_level.txt
writing manifest file '../../build/depth_image_viewer/depth_image_viewer.egg-info/SOURCES.txt'
reading manifest file '../../build/depth_image_viewer/depth_image_viewer.egg-info/SOURCES.txt'
writing manifest file '../../build/depth_image_viewer/depth_image_viewer.egg-info/SOURCES.txt'
running build
running build_py
creating /home/urc/URC/rover/build/depth_image_viewer/build
creating /home/urc/URC/rover/build/depth_image_viewer/build/lib
creating /home/urc/URC/rover/build/depth_image_viewer/build/lib/depth_image_viewer
copying depth_image_viewer/__init__.py -> /home/urc/URC/rover/build/depth_image_viewer/build/lib/depth_image_viewer
copying depth_image_viewer/depth_image_node.py -> /home/urc/URC/rover/build/depth_image_viewer/build/lib/depth_image_viewer
running install
running install_lib
creating /home/urc/URC/rover/install/depth_image_viewer/lib/python3.10/site-packages/depth_image_viewer
copying /home/urc/URC/rover/build/depth_image_viewer/build/lib/depth_image_viewer/__init__.py -> /home/urc/URC/rover/install/depth_image_viewer/lib/python3.10/site-packages/depth_image_viewer
copying /home/urc/URC/rover/build/depth_image_viewer/build/lib/depth_image_viewer/depth_image_node.py -> /home/urc/URC/rover/install/depth_image_viewer/lib/python3.10/site-packages/depth_image_viewer
byte-compiling /home/urc/URC/rover/install/depth_image_viewer/lib/python3.10/site-packages/depth_image_viewer/__init__.py to __init__.cpython-310.pyc
byte-compiling /home/urc/URC/rover/install/depth_image_viewer/lib/python3.10/site-packages/depth_image_viewer/depth_image_node.py to depth_image_node.cpython-310.pyc
running install_data
creating /home/urc/URC/rover/install/depth_image_viewer/share/ament_index
creating /home/urc/URC/rover/install/depth_image_viewer/share/ament_index/resource_index
creating /home/urc/URC/rover/install/depth_image_viewer/share/ament_index/resource_index/packages
copying resource/depth_image_viewer -> /home/urc/URC/rover/install/depth_image_viewer/share/ament_index/resource_index/packages
copying package.xml -> /home/urc/URC/rover/install/depth_image_viewer/share/depth_image_viewer
running install_egg_info
Copying ../../build/depth_image_viewer/depth_image_viewer.egg-info to /home/urc/URC/rover/install/depth_image_viewer/lib/python3.10/site-packages/depth_image_viewer-0.0.0-py3.10.egg-info
running install_scripts
Installing depth_image_node script to /home/urc/URC/rover/install/depth_image_viewer/lib/depth_image_viewer
writing list of installed files to '/home/urc/URC/rover/build/depth_image_viewer/install.log'
