[3.534s] Invoking command in '/home/urc/URC/rover/src/depth_image_viewer': PYTHONPATH=/home/urc/URC/rover/build/depth_image_viewer/prefix_override:/usr/lib/python3/dist-packages/colcon_core/task/python/colcon_distutils_commands:/home/urc/URC/rover/install/depth_image_viewer/lib/python3.10/site-packages:${PYTHONPATH} /usr/bin/python3 -W ignore:setup.py install is deprecated setup.py egg_info --egg-base ../../build/depth_image_viewer build --build-base /home/urc/URC/rover/build/depth_image_viewer/build install --record /home/urc/URC/rover/build/depth_image_viewer/install.log --single-version-externally-managed install_data
[4.669s] running egg_info
[4.671s] creating ../../build/depth_image_viewer/depth_image_viewer.egg-info
[4.672s] writing ../../build/depth_image_viewer/depth_image_viewer.egg-info/PKG-INFO
[4.674s] writing dependency_links to ../../build/depth_image_viewer/depth_image_viewer.egg-info/dependency_links.txt
[4.674s] writing entry points to ../../build/depth_image_viewer/depth_image_viewer.egg-info/entry_points.txt
[4.675s] writing requirements to ../../build/depth_image_viewer/depth_image_viewer.egg-info/requires.txt
[4.675s] writing top-level names to ../../build/depth_image_viewer/depth_image_viewer.egg-info/top_level.txt
[4.676s] writing manifest file '../../build/depth_image_viewer/depth_image_viewer.egg-info/SOURCES.txt'
[4.685s] reading manifest file '../../build/depth_image_viewer/depth_image_viewer.egg-info/SOURCES.txt'
[4.688s] writing manifest file '../../build/depth_image_viewer/depth_image_viewer.egg-info/SOURCES.txt'
[4.689s] running build
[4.690s] running build_py
[4.691s] creating /home/urc/URC/rover/build/depth_image_viewer/build
[4.691s] creating /home/urc/URC/rover/build/depth_image_viewer/build/lib
[4.692s] creating /home/urc/URC/rover/build/depth_image_viewer/build/lib/depth_image_viewer
[4.692s] copying depth_image_viewer/__init__.py -> /home/urc/URC/rover/build/depth_image_viewer/build/lib/depth_image_viewer
[4.692s] copying depth_image_viewer/depth_image_node.py -> /home/urc/URC/rover/build/depth_image_viewer/build/lib/depth_image_viewer
[4.693s] running install
[4.694s] running install_lib
[4.697s] creating /home/urc/URC/rover/install/depth_image_viewer/lib/python3.10/site-packages/depth_image_viewer
[4.698s] copying /home/urc/URC/rover/build/depth_image_viewer/build/lib/depth_image_viewer/__init__.py -> /home/urc/URC/rover/install/depth_image_viewer/lib/python3.10/site-packages/depth_image_viewer
[4.699s] copying /home/urc/URC/rover/build/depth_image_viewer/build/lib/depth_image_viewer/depth_image_node.py -> /home/urc/URC/rover/install/depth_image_viewer/lib/python3.10/site-packages/depth_image_viewer
[4.701s] byte-compiling /home/urc/URC/rover/install/depth_image_viewer/lib/python3.10/site-packages/depth_image_viewer/__init__.py to __init__.cpython-310.pyc
[4.703s] byte-compiling /home/urc/URC/rover/install/depth_image_viewer/lib/python3.10/site-packages/depth_image_viewer/depth_image_node.py to depth_image_node.cpython-310.pyc
[4.705s] running install_data
[4.705s] creating /home/urc/URC/rover/install/depth_image_viewer/share/ament_index
[4.706s] creating /home/urc/URC/rover/install/depth_image_viewer/share/ament_index/resource_index
[4.706s] creating /home/urc/URC/rover/install/depth_image_viewer/share/ament_index/resource_index/packages
[4.707s] copying resource/depth_image_viewer -> /home/urc/URC/rover/install/depth_image_viewer/share/ament_index/resource_index/packages
[4.707s] copying package.xml -> /home/urc/URC/rover/install/depth_image_viewer/share/depth_image_viewer
[4.708s] running install_egg_info
[4.715s] Copying ../../build/depth_image_viewer/depth_image_viewer.egg-info to /home/urc/URC/rover/install/depth_image_viewer/lib/python3.10/site-packages/depth_image_viewer-0.0.0-py3.10.egg-info
[4.721s] running install_scripts
[4.812s] Installing depth_image_node script to /home/urc/URC/rover/install/depth_image_viewer/lib/depth_image_viewer
[4.814s] writing list of installed files to '/home/urc/URC/rover/build/depth_image_viewer/install.log'
[4.926s] Invoked command in '/home/urc/URC/rover/src/depth_image_viewer' returned '0': PYTHONPATH=/home/urc/URC/rover/build/depth_image_viewer/prefix_override:/usr/lib/python3/dist-packages/colcon_core/task/python/colcon_distutils_commands:/home/urc/URC/rover/install/depth_image_viewer/lib/python3.10/site-packages:${PYTHONPATH} /usr/bin/python3 -W ignore:setup.py install is deprecated setup.py egg_info --egg-base ../../build/depth_image_viewer build --build-base /home/urc/URC/rover/build/depth_image_viewer/build install --record /home/urc/URC/rover/build/depth_image_viewer/install.log --single-version-externally-managed install_data
