[0.060s] Invoking command in '/home/urc/URC/rover/build/realsense2_camera': AMENT_PREFIX_PATH=/home/urc/URC/rover/install/realsense2_camera_msgs:${AMENT_PREFIX_PATH} CMAKE_PREFIX_PATH=/home/urc/URC/rover/install/realsense2_camera_msgs:/opt/ros/humble LD_LIBRARY_PATH=/home/urc/URC/rover/install/realsense2_camera_msgs/lib:${LD_LIBRARY_PATH} PYTHONPATH=/home/urc/URC/rover/install/realsense2_camera_msgs/local/lib/python3.10/dist-packages:${PYTHONPATH} /usr/bin/cmake --build /home/urc/URC/rover/build/realsense2_camera -- -j4 -l4
[0.285s] [35m[1mConsolidate compiler generated dependencies of target gtest_main[0m
[0.299s] [35m[1mConsolidate compiler generated dependencies of target realsense2_camera_node[0m
[0.334s] [35m[1mConsolidate compiler generated dependencies of target gtest[0m
[0.349s] [35m[1mConsolidate compiler generated dependencies of target realsense2_camera[0m
[0.397s] [  9%] Built target gtest_main
[0.461s] [ 18%] Built target realsense2_camera_node
[0.470s] [ 27%] Built target gtest
[0.570s] [35m[1mConsolidate compiler generated dependencies of target gtest_template[0m
[0.640s] [ 36%] Built target gtest_template
[0.709s] [100%] Built target realsense2_camera
[0.759s] Invoked command in '/home/urc/URC/rover/build/realsense2_camera' returned '0': AMENT_PREFIX_PATH=/home/urc/URC/rover/install/realsense2_camera_msgs:${AMENT_PREFIX_PATH} CMAKE_PREFIX_PATH=/home/urc/URC/rover/install/realsense2_camera_msgs:/opt/ros/humble LD_LIBRARY_PATH=/home/urc/URC/rover/install/realsense2_camera_msgs/lib:${LD_LIBRARY_PATH} PYTHONPATH=/home/urc/URC/rover/install/realsense2_camera_msgs/local/lib/python3.10/dist-packages:${PYTHONPATH} /usr/bin/cmake --build /home/urc/URC/rover/build/realsense2_camera -- -j4 -l4
[1.053s] Invoking command in '/home/urc/URC/rover/build/realsense2_camera': AMENT_PREFIX_PATH=/home/urc/URC/rover/install/realsense2_camera_msgs:${AMENT_PREFIX_PATH} CMAKE_PREFIX_PATH=/home/urc/URC/rover/install/realsense2_camera_msgs:/opt/ros/humble LD_LIBRARY_PATH=/home/urc/URC/rover/install/realsense2_camera_msgs/lib:${LD_LIBRARY_PATH} PYTHONPATH=/home/urc/URC/rover/install/realsense2_camera_msgs/local/lib/python3.10/dist-packages:${PYTHONPATH} /usr/bin/cmake --install /home/urc/URC/rover/build/realsense2_camera
[1.083s] -- Install configuration: "Release"
[1.085s] -- Up-to-date: /home/urc/URC/rover/install/realsense2_camera/lib/realsense2_camera/realsense2_camera_node
[1.087s] -- Up-to-date: /home/urc/URC/rover/install/realsense2_camera/lib/librealsense2_camera.so
[1.089s] -- Up-to-date: /home/urc/URC/rover/install/realsense2_camera/include
[1.090s] -- Up-to-date: /home/urc/URC/rover/install/realsense2_camera/include/sensor_params.h
[1.090s] -- Up-to-date: /home/urc/URC/rover/install/realsense2_camera/include/image_publisher.h
[1.091s] -- Up-to-date: /home/urc/URC/rover/install/realsense2_camera/include/realsense_node_factory.h
[1.092s] -- Up-to-date: /home/urc/URC/rover/install/realsense2_camera/include/base_realsense_node.h
[1.092s] -- Up-to-date: /home/urc/URC/rover/install/realsense2_camera/include/gl_window.h
[1.093s] -- Up-to-date: /home/urc/URC/rover/install/realsense2_camera/include/named_filter.h
[1.093s] -- Up-to-date: /home/urc/URC/rover/install/realsense2_camera/include/ros_param_backend.h
[1.094s] -- Up-to-date: /home/urc/URC/rover/install/realsense2_camera/include/ros_utils.h
[1.095s] -- Up-to-date: /home/urc/URC/rover/install/realsense2_camera/include/profile_manager.h
[1.095s] -- Up-to-date: /home/urc/URC/rover/install/realsense2_camera/include/ros_sensor.h
[1.096s] -- Up-to-date: /home/urc/URC/rover/install/realsense2_camera/include/constants.h
[1.096s] -- Up-to-date: /home/urc/URC/rover/install/realsense2_camera/include/dynamic_params.h
[1.097s] -- Up-to-date: /home/urc/URC/rover/install/realsense2_camera/share/realsense2_camera/launch
[1.098s] -- Up-to-date: /home/urc/URC/rover/install/realsense2_camera/share/realsense2_camera/launch/default.rviz
[1.098s] -- Up-to-date: /home/urc/URC/rover/install/realsense2_camera/share/realsense2_camera/launch/rs_intra_process_demo_launch.py
[1.099s] -- Up-to-date: /home/urc/URC/rover/install/realsense2_camera/share/realsense2_camera/launch/rs_multi_camera_launch.py
[1.099s] -- Up-to-date: /home/urc/URC/rover/install/realsense2_camera/share/realsense2_camera/launch/rs_launch.py
[1.100s] -- Up-to-date: /home/urc/URC/rover/install/realsense2_camera/share/realsense2_camera/examples
[1.101s] -- Up-to-date: /home/urc/URC/rover/install/realsense2_camera/share/realsense2_camera/examples/launch_params_from_file
[1.101s] -- Up-to-date: /home/urc/URC/rover/install/realsense2_camera/share/realsense2_camera/examples/launch_params_from_file/README.md
[1.102s] -- Up-to-date: /home/urc/URC/rover/install/realsense2_camera/share/realsense2_camera/examples/launch_params_from_file/rs_launch_get_params_from_yaml.py
[1.103s] -- Up-to-date: /home/urc/URC/rover/install/realsense2_camera/share/realsense2_camera/examples/launch_params_from_file/config
[1.103s] -- Up-to-date: /home/urc/URC/rover/install/realsense2_camera/share/realsense2_camera/examples/launch_params_from_file/config/config.yaml
[1.104s] -- Up-to-date: /home/urc/URC/rover/install/realsense2_camera/share/realsense2_camera/examples/launch_from_rosbag
[1.105s] -- Up-to-date: /home/urc/URC/rover/install/realsense2_camera/share/realsense2_camera/examples/launch_from_rosbag/README.md
[1.105s] -- Up-to-date: /home/urc/URC/rover/install/realsense2_camera/share/realsense2_camera/examples/launch_from_rosbag/rs_launch_from_rosbag.py
[1.106s] -- Up-to-date: /home/urc/URC/rover/install/realsense2_camera/share/realsense2_camera/examples/align_depth
[1.106s] -- Up-to-date: /home/urc/URC/rover/install/realsense2_camera/share/realsense2_camera/examples/align_depth/README.md
[1.107s] -- Up-to-date: /home/urc/URC/rover/install/realsense2_camera/share/realsense2_camera/examples/align_depth/rs_align_depth_launch.py
[1.108s] -- Up-to-date: /home/urc/URC/rover/install/realsense2_camera/share/realsense2_camera/examples/dual_camera
[1.108s] -- Up-to-date: /home/urc/URC/rover/install/realsense2_camera/share/realsense2_camera/examples/dual_camera/README.md
[1.109s] -- Up-to-date: /home/urc/URC/rover/install/realsense2_camera/share/realsense2_camera/examples/dual_camera/rs_dual_camera_launch.py
[1.110s] -- Up-to-date: /home/urc/URC/rover/install/realsense2_camera/share/realsense2_camera/examples/dual_camera/rviz
[1.110s] -- Up-to-date: /home/urc/URC/rover/install/realsense2_camera/share/realsense2_camera/examples/dual_camera/rviz/dual_camera_pointcloud.rviz
[1.111s] -- Up-to-date: /home/urc/URC/rover/install/realsense2_camera/share/realsense2_camera/examples/pointcloud
[1.111s] -- Up-to-date: /home/urc/URC/rover/install/realsense2_camera/share/realsense2_camera/examples/pointcloud/README.md
[1.112s] -- Up-to-date: /home/urc/URC/rover/install/realsense2_camera/share/realsense2_camera/examples/pointcloud/rs_d455_pointcloud_launch.py
[1.112s] -- Up-to-date: /home/urc/URC/rover/install/realsense2_camera/share/realsense2_camera/examples/pointcloud/rs_d405_pointcloud_launch.py
[1.113s] -- Up-to-date: /home/urc/URC/rover/install/realsense2_camera/share/realsense2_camera/examples/pointcloud/rs_pointcloud_launch.py
[1.113s] -- Up-to-date: /home/urc/URC/rover/install/realsense2_camera/share/realsense2_camera/examples/pointcloud/rviz
[1.114s] -- Up-to-date: /home/urc/URC/rover/install/realsense2_camera/share/realsense2_camera/examples/pointcloud/rviz/pointcloud.rviz
[1.114s] -- Up-to-date: /home/urc/URC/rover/install/realsense2_camera/share/realsense2_camera/examples/pointcloud/rviz/urdf_pointcloud.rviz
[1.115s] -- Up-to-date: /home/urc/URC/rover/install/realsense2_camera/share/realsense2_camera/environment/library_path.sh
[1.115s] -- Up-to-date: /home/urc/URC/rover/install/realsense2_camera/share/realsense2_camera/environment/library_path.dsv
[1.116s] -- Up-to-date: /home/urc/URC/rover/install/realsense2_camera/share/ament_index/resource_index/package_run_dependencies/realsense2_camera
[1.116s] -- Up-to-date: /home/urc/URC/rover/install/realsense2_camera/share/ament_index/resource_index/parent_prefix_path/realsense2_camera
[1.117s] -- Up-to-date: /home/urc/URC/rover/install/realsense2_camera/share/realsense2_camera/environment/ament_prefix_path.sh
[1.118s] -- Up-to-date: /home/urc/URC/rover/install/realsense2_camera/share/realsense2_camera/environment/ament_prefix_path.dsv
[1.118s] -- Up-to-date: /home/urc/URC/rover/install/realsense2_camera/share/realsense2_camera/environment/path.sh
[1.119s] -- Up-to-date: /home/urc/URC/rover/install/realsense2_camera/share/realsense2_camera/environment/path.dsv
[1.120s] -- Up-to-date: /home/urc/URC/rover/install/realsense2_camera/share/realsense2_camera/local_setup.bash
[1.120s] -- Up-to-date: /home/urc/URC/rover/install/realsense2_camera/share/realsense2_camera/local_setup.sh
[1.122s] -- Up-to-date: /home/urc/URC/rover/install/realsense2_camera/share/realsense2_camera/local_setup.zsh
[1.124s] -- Up-to-date: /home/urc/URC/rover/install/realsense2_camera/share/realsense2_camera/local_setup.dsv
[1.126s] -- Installing: /home/urc/URC/rover/install/realsense2_camera/share/realsense2_camera/package.dsv
[1.127s] -- Up-to-date: /home/urc/URC/rover/install/realsense2_camera/share/ament_index/resource_index/packages/realsense2_camera
[1.128s] -- Up-to-date: /home/urc/URC/rover/install/realsense2_camera/share/ament_index/resource_index/rclcpp_components/realsense2_camera
[1.129s] -- Up-to-date: /home/urc/URC/rover/install/realsense2_camera/share/realsense2_camera/cmake/ament_cmake_export_include_directories-extras.cmake
[1.130s] -- Up-to-date: /home/urc/URC/rover/install/realsense2_camera/share/realsense2_camera/cmake/ament_cmake_export_libraries-extras.cmake
[1.130s] -- Up-to-date: /home/urc/URC/rover/install/realsense2_camera/share/realsense2_camera/cmake/ament_cmake_export_dependencies-extras.cmake
[1.131s] -- Up-to-date: /home/urc/URC/rover/install/realsense2_camera/share/realsense2_camera/cmake/realsense2_cameraConfig.cmake
[1.132s] -- Up-to-date: /home/urc/URC/rover/install/realsense2_camera/share/realsense2_camera/cmake/realsense2_cameraConfig-version.cmake
[1.133s] -- Up-to-date: /home/urc/URC/rover/install/realsense2_camera/share/realsense2_camera/package.xml
[1.134s] Invoked command in '/home/urc/URC/rover/build/realsense2_camera' returned '0': AMENT_PREFIX_PATH=/home/urc/URC/rover/install/realsense2_camera_msgs:${AMENT_PREFIX_PATH} CMAKE_PREFIX_PATH=/home/urc/URC/rover/install/realsense2_camera_msgs:/opt/ros/humble LD_LIBRARY_PATH=/home/urc/URC/rover/install/realsense2_camera_msgs/lib:${LD_LIBRARY_PATH} PYTHONPATH=/home/urc/URC/rover/install/realsense2_camera_msgs/local/lib/python3.10/dist-packages:${PYTHONPATH} /usr/bin/cmake --install /home/urc/URC/rover/build/realsense2_camera
