[0.073s] Invoking command in '/home/urc/URC/rover/build/realsense2_camera_msgs': CMAKE_PREFIX_PATH=/opt/ros/humble /usr/bin/cmake /home/urc/URC/rover/src/realsense-ros/realsense2_camera_msgs -DCMAKE_INSTALL_PREFIX=/home/urc/URC/rover/install/realsense2_camera_msgs
[0.158s] -- Found ament_cmake: 1.3.10 (/opt/ros/humble/share/ament_cmake/cmake)
[1.011s] -- Found Python3: /usr/bin/python3 (found version "3.10.12") found components: Interpreter 
[1.733s] -- Found rosidl_default_generators: 1.2.0 (/opt/ros/humble/share/rosidl_default_generators/cmake)
[1.771s] -- Using all available rosidl_typesupport_c: rosidl_typesupport_fastrtps_c;rosidl_typesupport_introspection_c
[1.853s] -- Found rosidl_adapter: 3.1.5 (/opt/ros/humble/share/rosidl_adapter/cmake)
[2.292s] -- Using all available rosidl_typesupport_cpp: rosidl_typesupport_fastrtps_cpp;rosidl_typesupport_introspection_cpp
[2.626s] -- Found builtin_interfaces: 1.2.1 (/opt/ros/humble/share/builtin_interfaces/cmake)
[2.743s] -- Found std_msgs: 4.2.4 (/opt/ros/humble/share/std_msgs/cmake)
[2.842s] -- Found sensor_msgs: 4.2.4 (/opt/ros/humble/share/sensor_msgs/cmake)
[4.799s] -- Found ament_cmake_cppcheck: 0.12.11 (/opt/ros/humble/share/ament_cmake_cppcheck/cmake)
[4.825s] -- Found ament_cmake_cpplint: 0.12.11 (/opt/ros/humble/share/ament_cmake_cpplint/cmake)
[4.851s] -- Found ament_cmake_uncrustify: 0.12.11 (/opt/ros/humble/share/ament_cmake_uncrustify/cmake)
[4.880s] -- Found ament_cmake_ros: 0.10.0 (/opt/ros/humble/share/ament_cmake_ros/cmake)
[6.458s] -- Using all available rosidl_typesupport_c: rosidl_typesupport_fastrtps_c;rosidl_typesupport_introspection_c
[8.356s] -- Using all available rosidl_typesupport_cpp: rosidl_typesupport_fastrtps_cpp;rosidl_typesupport_introspection_cpp
[8.476s] -- Found PythonInterp: /usr/bin/python3 (found suitable version "3.10.12", minimum required is "3.6") 
[8.498s] -- Found python_cmake_module: 0.10.0 (/opt/ros/humble/share/python_cmake_module/cmake)
[8.638s] -- Found PythonLibs: /usr/lib/aarch64-linux-gnu/libpython3.10.so (found suitable version "3.10.12", minimum required is "3.5") 
[8.638s] -- Using PYTHON_EXECUTABLE: /usr/bin/python3
[8.639s] -- Using PYTHON_INCLUDE_DIRS: /usr/include/python3.10
[8.640s] -- Using PYTHON_LIBRARIES: /usr/lib/aarch64-linux-gnu/libpython3.10.so
[8.749s] -- Found PythonExtra: .so  
[9.130s] -- Found ament_cmake_flake8: 0.12.11 (/opt/ros/humble/share/ament_cmake_flake8/cmake)
[9.156s] -- Found ament_cmake_pep257: 0.12.11 (/opt/ros/humble/share/ament_cmake_pep257/cmake)
[9.229s] -- Configuring done
[9.499s] -- Generating done
[9.515s] -- Build files have been written to: /home/urc/URC/rover/build/realsense2_camera_msgs
[9.548s] Invoked command in '/home/urc/URC/rover/build/realsense2_camera_msgs' returned '0': CMAKE_PREFIX_PATH=/opt/ros/humble /usr/bin/cmake /home/urc/URC/rover/src/realsense-ros/realsense2_camera_msgs -DCMAKE_INSTALL_PREFIX=/home/urc/URC/rover/install/realsense2_camera_msgs
[9.558s] Invoking command in '/home/urc/URC/rover/build/realsense2_camera_msgs': CMAKE_PREFIX_PATH=/opt/ros/humble /usr/bin/cmake --build /home/urc/URC/rover/build/realsense2_camera_msgs -- -j4 -l4
[9.732s] [  1%] [34m[1mGenerating C code for ROS interfaces[0m
[9.776s] [  3%] [34m[1mGenerating C++ code for ROS interfaces[0m
[9.810s] [  3%] Built target ament_cmake_python_copy_realsense2_camera_msgs
[11.417s] running egg_info
[11.420s] creating realsense2_camera_msgs.egg-info
[11.421s] writing realsense2_camera_msgs.egg-info/PKG-INFO
[11.422s] writing dependency_links to realsense2_camera_msgs.egg-info/dependency_links.txt
[11.423s] writing top-level names to realsense2_camera_msgs.egg-info/top_level.txt
[11.425s] writing manifest file 'realsense2_camera_msgs.egg-info/SOURCES.txt'
[11.435s] reading manifest file 'realsense2_camera_msgs.egg-info/SOURCES.txt'
[11.438s] writing manifest file 'realsense2_camera_msgs.egg-info/SOURCES.txt'
[11.580s] [  3%] Built target ament_cmake_python_build_realsense2_camera_msgs_egg
[12.641s] [  3%] Built target realsense2_camera_msgs__cpp
[12.831s] [  4%] [34m[1mGenerating C++ type support dispatch for ROS interfaces[0m
[12.875s] [  6%] [34m[1mGenerating C++ type support for eProsima Fast-RTPS[0m
[12.878s] [  7%] [34m[1mGenerating C++ introspection for ROS interfaces[0m
[12.960s] [  9%] [32mBuilding C object CMakeFiles/realsense2_camera_msgs__rosidl_generator_c.dir/rosidl_generator_c/realsense2_camera_msgs/msg/detail/imu_info__functions.c.o[0m
[13.428s] [ 11%] [32mBuilding C object CMakeFiles/realsense2_camera_msgs__rosidl_generator_c.dir/rosidl_generator_c/realsense2_camera_msgs/msg/detail/extrinsics__functions.c.o[0m
[13.734s] [ 12%] [32mBuilding C object CMakeFiles/realsense2_camera_msgs__rosidl_generator_c.dir/rosidl_generator_c/realsense2_camera_msgs/msg/detail/metadata__functions.c.o[0m
[14.032s] [ 14%] [32mBuilding C object CMakeFiles/realsense2_camera_msgs__rosidl_generator_c.dir/rosidl_generator_c/realsense2_camera_msgs/msg/detail/rgbd__functions.c.o[0m
[14.360s] [ 15%] [32mBuilding C object CMakeFiles/realsense2_camera_msgs__rosidl_generator_c.dir/rosidl_generator_c/realsense2_camera_msgs/srv/detail/device_info__functions.c.o[0m
[14.728s] [ 17%] [32m[1mLinking C shared library librealsense2_camera_msgs__rosidl_generator_c.so[0m
[14.992s] [ 17%] Built target realsense2_camera_msgs__rosidl_generator_c
[15.076s] [ 19%] [34m[1mGenerating C type support for eProsima Fast-RTPS[0m
[15.123s] [ 20%] [32mBuilding CXX object CMakeFiles/realsense2_camera_msgs__rosidl_typesupport_cpp.dir/rosidl_typesupport_cpp/realsense2_camera_msgs/msg/imu_info__type_support.cpp.o[0m
[15.730s] [ 22%] [32mBuilding CXX object CMakeFiles/realsense2_camera_msgs__rosidl_typesupport_introspection_cpp.dir/rosidl_typesupport_introspection_cpp/realsense2_camera_msgs/msg/detail/imu_info__type_support.cpp.o[0m
[16.068s] [ 23%] [32mBuilding CXX object CMakeFiles/realsense2_camera_msgs__rosidl_typesupport_fastrtps_cpp.dir/rosidl_typesupport_fastrtps_cpp/realsense2_camera_msgs/msg/detail/dds_fastrtps/imu_info__type_support.cpp.o[0m
[17.110s] [ 25%] [32mBuilding CXX object CMakeFiles/realsense2_camera_msgs__rosidl_typesupport_cpp.dir/rosidl_typesupport_cpp/realsense2_camera_msgs/msg/extrinsics__type_support.cpp.o[0m
[18.399s] [ 26%] [32mBuilding CXX object CMakeFiles/realsense2_camera_msgs__rosidl_typesupport_introspection_cpp.dir/rosidl_typesupport_introspection_cpp/realsense2_camera_msgs/msg/detail/extrinsics__type_support.cpp.o[0m
[18.413s] [ 28%] [32mBuilding CXX object CMakeFiles/realsense2_camera_msgs__rosidl_typesupport_fastrtps_c.dir/rosidl_typesupport_fastrtps_c/realsense2_camera_msgs/msg/detail/imu_info__type_support_c.cpp.o[0m
[18.836s] [ 30%] [32mBuilding CXX object CMakeFiles/realsense2_camera_msgs__rosidl_typesupport_fastrtps_cpp.dir/rosidl_typesupport_fastrtps_cpp/realsense2_camera_msgs/msg/detail/dds_fastrtps/extrinsics__type_support.cpp.o[0m
[18.946s] [ 31%] [32mBuilding CXX object CMakeFiles/realsense2_camera_msgs__rosidl_typesupport_cpp.dir/rosidl_typesupport_cpp/realsense2_camera_msgs/msg/metadata__type_support.cpp.o[0m
[20.685s] [ 33%] [32mBuilding CXX object CMakeFiles/realsense2_camera_msgs__rosidl_typesupport_fastrtps_c.dir/rosidl_typesupport_fastrtps_c/realsense2_camera_msgs/msg/detail/extrinsics__type_support_c.cpp.o[0m
[20.732s] [ 34%] [32mBuilding CXX object CMakeFiles/realsense2_camera_msgs__rosidl_typesupport_cpp.dir/rosidl_typesupport_cpp/realsense2_camera_msgs/msg/rgbd__type_support.cpp.o[0m
[20.914s] [ 36%] [32mBuilding CXX object CMakeFiles/realsense2_camera_msgs__rosidl_typesupport_introspection_cpp.dir/rosidl_typesupport_introspection_cpp/realsense2_camera_msgs/msg/detail/metadata__type_support.cpp.o[0m
[21.410s] [ 38%] [32mBuilding CXX object CMakeFiles/realsense2_camera_msgs__rosidl_typesupport_fastrtps_cpp.dir/rosidl_typesupport_fastrtps_cpp/realsense2_camera_msgs/msg/detail/dds_fastrtps/metadata__type_support.cpp.o[0m
[22.500s] [ 39%] [32mBuilding CXX object CMakeFiles/realsense2_camera_msgs__rosidl_typesupport_cpp.dir/rosidl_typesupport_cpp/realsense2_camera_msgs/srv/device_info__type_support.cpp.o[0m
[22.885s] [ 41%] [32mBuilding CXX object CMakeFiles/realsense2_camera_msgs__rosidl_typesupport_fastrtps_c.dir/rosidl_typesupport_fastrtps_c/realsense2_camera_msgs/msg/detail/metadata__type_support_c.cpp.o[0m
[23.373s] [ 42%] [32mBuilding CXX object CMakeFiles/realsense2_camera_msgs__rosidl_typesupport_introspection_cpp.dir/rosidl_typesupport_introspection_cpp/realsense2_camera_msgs/msg/detail/rgbd__type_support.cpp.o[0m
[24.049s] [ 44%] [32mBuilding CXX object CMakeFiles/realsense2_camera_msgs__rosidl_typesupport_fastrtps_cpp.dir/rosidl_typesupport_fastrtps_cpp/realsense2_camera_msgs/msg/detail/dds_fastrtps/rgbd__type_support.cpp.o[0m
[24.264s] [ 46%] [32m[1mLinking CXX shared library librealsense2_camera_msgs__rosidl_typesupport_cpp.so[0m
[24.493s] [ 46%] Built target realsense2_camera_msgs__rosidl_typesupport_cpp
[24.537s] [ 47%] [32mBuilding CXX object CMakeFiles/realsense2_camera_msgs__rosidl_typesupport_introspection_cpp.dir/rosidl_typesupport_introspection_cpp/realsense2_camera_msgs/srv/detail/device_info__type_support.cpp.o[0m
[25.176s] [ 49%] [32mBuilding CXX object CMakeFiles/realsense2_camera_msgs__rosidl_typesupport_fastrtps_c.dir/rosidl_typesupport_fastrtps_c/realsense2_camera_msgs/msg/detail/rgbd__type_support_c.cpp.o[0m
[26.079s] [ 50%] [32mBuilding CXX object CMakeFiles/realsense2_camera_msgs__rosidl_typesupport_fastrtps_c.dir/rosidl_typesupport_fastrtps_c/realsense2_camera_msgs/srv/detail/device_info__type_support_c.cpp.o[0m
[26.738s] [ 52%] [32mBuilding CXX object CMakeFiles/realsense2_camera_msgs__rosidl_typesupport_fastrtps_cpp.dir/rosidl_typesupport_fastrtps_cpp/realsense2_camera_msgs/srv/detail/dds_fastrtps/device_info__type_support.cpp.o[0m
[27.057s] [ 53%] [32m[1mLinking CXX shared library librealsense2_camera_msgs__rosidl_typesupport_introspection_cpp.so[0m
[27.483s] [ 53%] Built target realsense2_camera_msgs__rosidl_typesupport_introspection_cpp
[27.514s] [ 55%] [34m[1mGenerating C introspection for ROS interfaces[0m
[27.540s] [ 57%] [34m[1mGenerating C type support dispatch for ROS interfaces[0m
[28.644s] [ 58%] [32m[1mLinking CXX shared library librealsense2_camera_msgs__rosidl_typesupport_fastrtps_c.so[0m
[29.059s] [ 58%] Built target realsense2_camera_msgs__rosidl_typesupport_fastrtps_c
[29.586s] [ 60%] [32m[1mLinking CXX shared library librealsense2_camera_msgs__rosidl_typesupport_fastrtps_cpp.so[0m
[29.890s] [ 61%] [32mBuilding CXX object CMakeFiles/realsense2_camera_msgs__rosidl_typesupport_c.dir/rosidl_typesupport_c/realsense2_camera_msgs/msg/imu_info__type_support.cpp.o[0m
[29.894s] [ 63%] [32mBuilding CXX object CMakeFiles/realsense2_camera_msgs__rosidl_typesupport_c.dir/rosidl_typesupport_c/realsense2_camera_msgs/msg/extrinsics__type_support.cpp.o[0m
[29.989s] [ 63%] Built target realsense2_camera_msgs__rosidl_typesupport_fastrtps_cpp
[30.030s] [ 65%] [32mBuilding CXX object CMakeFiles/realsense2_camera_msgs__rosidl_typesupport_c.dir/rosidl_typesupport_c/realsense2_camera_msgs/msg/metadata__type_support.cpp.o[0m
[30.096s] [ 68%] [32mBuilding CXX object CMakeFiles/realsense2_camera_msgs__rosidl_typesupport_c.dir/rosidl_typesupport_c/realsense2_camera_msgs/srv/device_info__type_support.cpp.o[0m
[30.099s] [ 68%] [32mBuilding CXX object CMakeFiles/realsense2_camera_msgs__rosidl_typesupport_c.dir/rosidl_typesupport_c/realsense2_camera_msgs/msg/rgbd__type_support.cpp.o[0m
[30.298s] [ 69%] [32m[1mLinking CXX shared library librealsense2_camera_msgs__rosidl_typesupport_c.so[0m
[30.419s] [ 73%] [32mBuilding C object CMakeFiles/realsense2_camera_msgs__rosidl_typesupport_introspection_c.dir/rosidl_typesupport_introspection_c/realsense2_camera_msgs/msg/detail/extrinsics__type_support.c.o[0m
[30.420s] [ 73%] [32mBuilding C object CMakeFiles/realsense2_camera_msgs__rosidl_typesupport_introspection_c.dir/rosidl_typesupport_introspection_c/realsense2_camera_msgs/msg/detail/imu_info__type_support.c.o[0m
[30.422s] [ 74%] [32mBuilding C object CMakeFiles/realsense2_camera_msgs__rosidl_typesupport_introspection_c.dir/rosidl_typesupport_introspection_c/realsense2_camera_msgs/msg/detail/metadata__type_support.c.o[0m
[30.506s] [ 74%] Built target realsense2_camera_msgs__rosidl_typesupport_c
[30.543s] [ 76%] [32mBuilding C object CMakeFiles/realsense2_camera_msgs__rosidl_typesupport_introspection_c.dir/rosidl_typesupport_introspection_c/realsense2_camera_msgs/msg/detail/rgbd__type_support.c.o[0m
[30.648s] [ 77%] [32mBuilding C object CMakeFiles/realsense2_camera_msgs__rosidl_typesupport_introspection_c.dir/rosidl_typesupport_introspection_c/realsense2_camera_msgs/srv/detail/device_info__type_support.c.o[0m
[30.856s] [ 79%] [32m[1mLinking C shared library librealsense2_camera_msgs__rosidl_typesupport_introspection_c.so[0m
[31.025s] [ 79%] Built target realsense2_camera_msgs__rosidl_typesupport_introspection_c
[31.113s] [ 79%] Built target realsense2_camera_msgs
[31.202s] [ 80%] [34m[1mGenerating Python code for ROS interfaces[0m
[35.186s] [ 80%] Built target realsense2_camera_msgs__py
[35.282s] [ 82%] [32mBuilding C object CMakeFiles/realsense2_camera_msgs__rosidl_generator_py.dir/rosidl_generator_py/realsense2_camera_msgs/msg/_imu_info_s.c.o[0m
[35.283s] [ 84%] [32mBuilding C object CMakeFiles/realsense2_camera_msgs__rosidl_generator_py.dir/rosidl_generator_py/realsense2_camera_msgs/msg/_extrinsics_s.c.o[0m
[35.286s] [ 85%] [32mBuilding C object CMakeFiles/realsense2_camera_msgs__rosidl_generator_py.dir/rosidl_generator_py/realsense2_camera_msgs/msg/_metadata_s.c.o[0m
[35.291s] [ 87%] [32mBuilding C object CMakeFiles/realsense2_camera_msgs__rosidl_generator_py.dir/rosidl_generator_py/realsense2_camera_msgs/msg/_rgbd_s.c.o[0m
[36.045s] [ 88%] [32mBuilding C object CMakeFiles/realsense2_camera_msgs__rosidl_generator_py.dir/rosidl_generator_py/realsense2_camera_msgs/srv/_device_info_s.c.o[0m
[36.624s] [ 90%] [32m[1mLinking C shared library rosidl_generator_py/realsense2_camera_msgs/librealsense2_camera_msgs__rosidl_generator_py.so[0m
[36.856s] [ 90%] Built target realsense2_camera_msgs__rosidl_generator_py
[36.947s] [ 92%] [32mBuilding C object CMakeFiles/realsense2_camera_msgs__rosidl_typesupport_fastrtps_c__pyext.dir/rosidl_generator_py/realsense2_camera_msgs/_realsense2_camera_msgs_s.ep.rosidl_typesupport_fastrtps_c.c.o[0m
[36.949s] [ 93%] [32mBuilding C object CMakeFiles/realsense2_camera_msgs__rosidl_typesupport_introspection_c__pyext.dir/rosidl_generator_py/realsense2_camera_msgs/_realsense2_camera_msgs_s.ep.rosidl_typesupport_introspection_c.c.o[0m
[36.952s] [ 95%] [32mBuilding C object CMakeFiles/realsense2_camera_msgs__rosidl_typesupport_c__pyext.dir/rosidl_generator_py/realsense2_camera_msgs/_realsense2_camera_msgs_s.ep.rosidl_typesupport_c.c.o[0m
[37.649s] [100%] [32m[1mLinking C shared library rosidl_generator_py/realsense2_camera_msgs/realsense2_camera_msgs_s__rosidl_typesupport_c.cpython-310-aarch64-linux-gnu.so[0m
[37.650s] [100%] [32m[1mLinking C shared library rosidl_generator_py/realsense2_camera_msgs/realsense2_camera_msgs_s__rosidl_typesupport_fastrtps_c.cpython-310-aarch64-linux-gnu.so[0m
[37.651s] [100%] [32m[1mLinking C shared library rosidl_generator_py/realsense2_camera_msgs/realsense2_camera_msgs_s__rosidl_typesupport_introspection_c.cpython-310-aarch64-linux-gnu.so[0m
[37.974s] [100%] Built target realsense2_camera_msgs__rosidl_typesupport_c__pyext
[37.975s] [100%] Built target realsense2_camera_msgs__rosidl_typesupport_fastrtps_c__pyext
[37.975s] [100%] Built target realsense2_camera_msgs__rosidl_typesupport_introspection_c__pyext
[38.021s] Invoked command in '/home/urc/URC/rover/build/realsense2_camera_msgs' returned '0': CMAKE_PREFIX_PATH=/opt/ros/humble /usr/bin/cmake --build /home/urc/URC/rover/build/realsense2_camera_msgs -- -j4 -l4
[38.848s] Invoking command in '/home/urc/URC/rover/build/realsense2_camera_msgs': CMAKE_PREFIX_PATH=/opt/ros/humble /usr/bin/cmake --install /home/urc/URC/rover/build/realsense2_camera_msgs
[38.881s] -- Install configuration: ""
[38.882s] -- Installing: /home/urc/URC/rover/install/realsense2_camera_msgs/share/ament_index/resource_index/rosidl_interfaces/realsense2_camera_msgs
[38.883s] -- Installing: /home/urc/URC/rover/install/realsense2_camera_msgs/include/realsense2_camera_msgs/realsense2_camera_msgs
[38.884s] -- Installing: /home/urc/URC/rover/install/realsense2_camera_msgs/include/realsense2_camera_msgs/realsense2_camera_msgs/srv
[38.885s] -- Installing: /home/urc/URC/rover/install/realsense2_camera_msgs/include/realsense2_camera_msgs/realsense2_camera_msgs/srv/device_info.h
[38.886s] -- Installing: /home/urc/URC/rover/install/realsense2_camera_msgs/include/realsense2_camera_msgs/realsense2_camera_msgs/srv/detail
[38.887s] -- Installing: /home/urc/URC/rover/install/realsense2_camera_msgs/include/realsense2_camera_msgs/realsense2_camera_msgs/srv/detail/device_info__functions.h
[38.889s] -- Installing: /home/urc/URC/rover/install/realsense2_camera_msgs/include/realsense2_camera_msgs/realsense2_camera_msgs/srv/detail/device_info__type_support.h
[38.890s] -- Installing: /home/urc/URC/rover/install/realsense2_camera_msgs/include/realsense2_camera_msgs/realsense2_camera_msgs/srv/detail/device_info__functions.c
[38.891s] -- Installing: /home/urc/URC/rover/install/realsense2_camera_msgs/include/realsense2_camera_msgs/realsense2_camera_msgs/srv/detail/device_info__struct.h
[38.893s] -- Installing: /home/urc/URC/rover/install/realsense2_camera_msgs/include/realsense2_camera_msgs/realsense2_camera_msgs/msg
[38.894s] -- Installing: /home/urc/URC/rover/install/realsense2_camera_msgs/include/realsense2_camera_msgs/realsense2_camera_msgs/msg/imu_info.h
[38.895s] -- Installing: /home/urc/URC/rover/install/realsense2_camera_msgs/include/realsense2_camera_msgs/realsense2_camera_msgs/msg/metadata.h
[38.896s] -- Installing: /home/urc/URC/rover/install/realsense2_camera_msgs/include/realsense2_camera_msgs/realsense2_camera_msgs/msg/extrinsics.h
[38.897s] -- Installing: /home/urc/URC/rover/install/realsense2_camera_msgs/include/realsense2_camera_msgs/realsense2_camera_msgs/msg/rgbd.h
[38.898s] -- Installing: /home/urc/URC/rover/install/realsense2_camera_msgs/include/realsense2_camera_msgs/realsense2_camera_msgs/msg/detail
[38.899s] -- Installing: /home/urc/URC/rover/install/realsense2_camera_msgs/include/realsense2_camera_msgs/realsense2_camera_msgs/msg/detail/rgbd__struct.h
[38.900s] -- Installing: /home/urc/URC/rover/install/realsense2_camera_msgs/include/realsense2_camera_msgs/realsense2_camera_msgs/msg/detail/extrinsics__struct.h
[38.902s] -- Installing: /home/urc/URC/rover/install/realsense2_camera_msgs/include/realsense2_camera_msgs/realsense2_camera_msgs/msg/detail/rgbd__functions.h
[38.903s] -- Installing: /home/urc/URC/rover/install/realsense2_camera_msgs/include/realsense2_camera_msgs/realsense2_camera_msgs/msg/detail/metadata__functions.c
[38.904s] -- Installing: /home/urc/URC/rover/install/realsense2_camera_msgs/include/realsense2_camera_msgs/realsense2_camera_msgs/msg/detail/extrinsics__functions.h
[38.906s] -- Installing: /home/urc/URC/rover/install/realsense2_camera_msgs/include/realsense2_camera_msgs/realsense2_camera_msgs/msg/detail/rgbd__functions.c
[38.907s] -- Installing: /home/urc/URC/rover/install/realsense2_camera_msgs/include/realsense2_camera_msgs/realsense2_camera_msgs/msg/detail/imu_info__type_support.h
[38.909s] -- Installing: /home/urc/URC/rover/install/realsense2_camera_msgs/include/realsense2_camera_msgs/realsense2_camera_msgs/msg/detail/metadata__functions.h
[38.910s] -- Installing: /home/urc/URC/rover/install/realsense2_camera_msgs/include/realsense2_camera_msgs/realsense2_camera_msgs/msg/detail/imu_info__struct.h
[38.911s] -- Installing: /home/urc/URC/rover/install/realsense2_camera_msgs/include/realsense2_camera_msgs/realsense2_camera_msgs/msg/detail/extrinsics__type_support.h
[38.913s] -- Installing: /home/urc/URC/rover/install/realsense2_camera_msgs/include/realsense2_camera_msgs/realsense2_camera_msgs/msg/detail/imu_info__functions.c
[38.914s] -- Installing: /home/urc/URC/rover/install/realsense2_camera_msgs/include/realsense2_camera_msgs/realsense2_camera_msgs/msg/detail/metadata__type_support.h
[38.915s] -- Installing: /home/urc/URC/rover/install/realsense2_camera_msgs/include/realsense2_camera_msgs/realsense2_camera_msgs/msg/detail/metadata__struct.h
[38.917s] -- Installing: /home/urc/URC/rover/install/realsense2_camera_msgs/include/realsense2_camera_msgs/realsense2_camera_msgs/msg/detail/rgbd__type_support.h
[38.918s] -- Installing: /home/urc/URC/rover/install/realsense2_camera_msgs/include/realsense2_camera_msgs/realsense2_camera_msgs/msg/detail/imu_info__functions.h
[38.919s] -- Installing: /home/urc/URC/rover/install/realsense2_camera_msgs/include/realsense2_camera_msgs/realsense2_camera_msgs/msg/detail/extrinsics__functions.c
[38.921s] -- Installing: /home/urc/URC/rover/install/realsense2_camera_msgs/include/realsense2_camera_msgs/realsense2_camera_msgs/msg/rosidl_generator_c__visibility_control.h
[38.923s] -- Installing: /home/urc/URC/rover/install/realsense2_camera_msgs/share/realsense2_camera_msgs/environment/library_path.sh
[38.924s] -- Installing: /home/urc/URC/rover/install/realsense2_camera_msgs/share/realsense2_camera_msgs/environment/library_path.dsv
[38.926s] -- Installing: /home/urc/URC/rover/install/realsense2_camera_msgs/lib/librealsense2_camera_msgs__rosidl_generator_c.so
[38.929s] -- Set runtime path of "/home/urc/URC/rover/install/realsense2_camera_msgs/lib/librealsense2_camera_msgs__rosidl_generator_c.so" to ""
[38.929s] -- Up-to-date: /home/urc/URC/rover/install/realsense2_camera_msgs/include/realsense2_camera_msgs/realsense2_camera_msgs
[38.930s] -- Up-to-date: /home/urc/URC/rover/install/realsense2_camera_msgs/include/realsense2_camera_msgs/realsense2_camera_msgs/srv
[38.930s] -- Up-to-date: /home/urc/URC/rover/install/realsense2_camera_msgs/include/realsense2_camera_msgs/realsense2_camera_msgs/srv/detail
[38.931s] -- Installing: /home/urc/URC/rover/install/realsense2_camera_msgs/include/realsense2_camera_msgs/realsense2_camera_msgs/srv/detail/device_info__rosidl_typesupport_fastrtps_c.h
[38.932s] -- Up-to-date: /home/urc/URC/rover/install/realsense2_camera_msgs/include/realsense2_camera_msgs/realsense2_camera_msgs/msg
[38.933s] -- Installing: /home/urc/URC/rover/install/realsense2_camera_msgs/include/realsense2_camera_msgs/realsense2_camera_msgs/msg/rosidl_typesupport_fastrtps_c__visibility_control.h
[38.934s] -- Up-to-date: /home/urc/URC/rover/install/realsense2_camera_msgs/include/realsense2_camera_msgs/realsense2_camera_msgs/msg/detail
[38.935s] -- Installing: /home/urc/URC/rover/install/realsense2_camera_msgs/include/realsense2_camera_msgs/realsense2_camera_msgs/msg/detail/imu_info__rosidl_typesupport_fastrtps_c.h
[38.936s] -- Installing: /home/urc/URC/rover/install/realsense2_camera_msgs/include/realsense2_camera_msgs/realsense2_camera_msgs/msg/detail/metadata__rosidl_typesupport_fastrtps_c.h
[38.938s] -- Installing: /home/urc/URC/rover/install/realsense2_camera_msgs/include/realsense2_camera_msgs/realsense2_camera_msgs/msg/detail/rgbd__rosidl_typesupport_fastrtps_c.h
[38.939s] -- Installing: /home/urc/URC/rover/install/realsense2_camera_msgs/include/realsense2_camera_msgs/realsense2_camera_msgs/msg/detail/extrinsics__rosidl_typesupport_fastrtps_c.h
[38.941s] -- Installing: /home/urc/URC/rover/install/realsense2_camera_msgs/lib/librealsense2_camera_msgs__rosidl_typesupport_fastrtps_c.so
[38.944s] -- Set runtime path of "/home/urc/URC/rover/install/realsense2_camera_msgs/lib/librealsense2_camera_msgs__rosidl_typesupport_fastrtps_c.so" to ""
[38.944s] -- Up-to-date: /home/urc/URC/rover/install/realsense2_camera_msgs/include/realsense2_camera_msgs/realsense2_camera_msgs
[38.945s] -- Up-to-date: /home/urc/URC/rover/install/realsense2_camera_msgs/include/realsense2_camera_msgs/realsense2_camera_msgs/srv
[38.945s] -- Up-to-date: /home/urc/URC/rover/install/realsense2_camera_msgs/include/realsense2_camera_msgs/realsense2_camera_msgs/srv/detail
[38.946s] -- Installing: /home/urc/URC/rover/install/realsense2_camera_msgs/include/realsense2_camera_msgs/realsense2_camera_msgs/srv/detail/device_info__type_support.c
[38.947s] -- Installing: /home/urc/URC/rover/install/realsense2_camera_msgs/include/realsense2_camera_msgs/realsense2_camera_msgs/srv/detail/device_info__rosidl_typesupport_introspection_c.h
[38.949s] -- Up-to-date: /home/urc/URC/rover/install/realsense2_camera_msgs/include/realsense2_camera_msgs/realsense2_camera_msgs/msg
[38.949s] -- Up-to-date: /home/urc/URC/rover/install/realsense2_camera_msgs/include/realsense2_camera_msgs/realsense2_camera_msgs/msg/detail
[38.950s] -- Installing: /home/urc/URC/rover/install/realsense2_camera_msgs/include/realsense2_camera_msgs/realsense2_camera_msgs/msg/detail/rgbd__rosidl_typesupport_introspection_c.h
[38.951s] -- Installing: /home/urc/URC/rover/install/realsense2_camera_msgs/include/realsense2_camera_msgs/realsense2_camera_msgs/msg/detail/extrinsics__rosidl_typesupport_introspection_c.h
[38.953s] -- Installing: /home/urc/URC/rover/install/realsense2_camera_msgs/include/realsense2_camera_msgs/realsense2_camera_msgs/msg/detail/imu_info__type_support.c
[38.954s] -- Installing: /home/urc/URC/rover/install/realsense2_camera_msgs/include/realsense2_camera_msgs/realsense2_camera_msgs/msg/detail/metadata__type_support.c
[38.955s] -- Installing: /home/urc/URC/rover/install/realsense2_camera_msgs/include/realsense2_camera_msgs/realsense2_camera_msgs/msg/detail/rgbd__type_support.c
[38.957s] -- Installing: /home/urc/URC/rover/install/realsense2_camera_msgs/include/realsense2_camera_msgs/realsense2_camera_msgs/msg/detail/imu_info__rosidl_typesupport_introspection_c.h
[38.958s] -- Installing: /home/urc/URC/rover/install/realsense2_camera_msgs/include/realsense2_camera_msgs/realsense2_camera_msgs/msg/detail/metadata__rosidl_typesupport_introspection_c.h
[38.960s] -- Installing: /home/urc/URC/rover/install/realsense2_camera_msgs/include/realsense2_camera_msgs/realsense2_camera_msgs/msg/detail/extrinsics__type_support.c
[38.961s] -- Installing: /home/urc/URC/rover/install/realsense2_camera_msgs/include/realsense2_camera_msgs/realsense2_camera_msgs/msg/rosidl_typesupport_introspection_c__visibility_control.h
[38.963s] -- Installing: /home/urc/URC/rover/install/realsense2_camera_msgs/lib/librealsense2_camera_msgs__rosidl_typesupport_introspection_c.so
[38.966s] -- Set runtime path of "/home/urc/URC/rover/install/realsense2_camera_msgs/lib/librealsense2_camera_msgs__rosidl_typesupport_introspection_c.so" to ""
[38.967s] -- Installing: /home/urc/URC/rover/install/realsense2_camera_msgs/lib/librealsense2_camera_msgs__rosidl_typesupport_c.so
[38.969s] -- Set runtime path of "/home/urc/URC/rover/install/realsense2_camera_msgs/lib/librealsense2_camera_msgs__rosidl_typesupport_c.so" to ""
[38.970s] -- Up-to-date: /home/urc/URC/rover/install/realsense2_camera_msgs/include/realsense2_camera_msgs/realsense2_camera_msgs
[38.970s] -- Up-to-date: /home/urc/URC/rover/install/realsense2_camera_msgs/include/realsense2_camera_msgs/realsense2_camera_msgs/srv
[38.971s] -- Installing: /home/urc/URC/rover/install/realsense2_camera_msgs/include/realsense2_camera_msgs/realsense2_camera_msgs/srv/device_info.hpp
[38.972s] -- Up-to-date: /home/urc/URC/rover/install/realsense2_camera_msgs/include/realsense2_camera_msgs/realsense2_camera_msgs/srv/detail
[38.972s] -- Installing: /home/urc/URC/rover/install/realsense2_camera_msgs/include/realsense2_camera_msgs/realsense2_camera_msgs/srv/detail/device_info__struct.hpp
[38.974s] -- Installing: /home/urc/URC/rover/install/realsense2_camera_msgs/include/realsense2_camera_msgs/realsense2_camera_msgs/srv/detail/device_info__traits.hpp
[38.975s] -- Installing: /home/urc/URC/rover/install/realsense2_camera_msgs/include/realsense2_camera_msgs/realsense2_camera_msgs/srv/detail/device_info__builder.hpp
[38.977s] -- Up-to-date: /home/urc/URC/rover/install/realsense2_camera_msgs/include/realsense2_camera_msgs/realsense2_camera_msgs/msg
[38.977s] -- Installing: /home/urc/URC/rover/install/realsense2_camera_msgs/include/realsense2_camera_msgs/realsense2_camera_msgs/msg/rgbd.hpp
[38.979s] -- Installing: /home/urc/URC/rover/install/realsense2_camera_msgs/include/realsense2_camera_msgs/realsense2_camera_msgs/msg/imu_info.hpp
[38.980s] -- Installing: /home/urc/URC/rover/install/realsense2_camera_msgs/include/realsense2_camera_msgs/realsense2_camera_msgs/msg/extrinsics.hpp
[38.981s] -- Installing: /home/urc/URC/rover/install/realsense2_camera_msgs/include/realsense2_camera_msgs/realsense2_camera_msgs/msg/metadata.hpp
[38.982s] -- Up-to-date: /home/urc/URC/rover/install/realsense2_camera_msgs/include/realsense2_camera_msgs/realsense2_camera_msgs/msg/detail
[38.983s] -- Installing: /home/urc/URC/rover/install/realsense2_camera_msgs/include/realsense2_camera_msgs/realsense2_camera_msgs/msg/detail/metadata__builder.hpp
[38.984s] -- Installing: /home/urc/URC/rover/install/realsense2_camera_msgs/include/realsense2_camera_msgs/realsense2_camera_msgs/msg/detail/extrinsics__traits.hpp
[38.986s] -- Installing: /home/urc/URC/rover/install/realsense2_camera_msgs/include/realsense2_camera_msgs/realsense2_camera_msgs/msg/detail/metadata__struct.hpp
[38.987s] -- Installing: /home/urc/URC/rover/install/realsense2_camera_msgs/include/realsense2_camera_msgs/realsense2_camera_msgs/msg/detail/rgbd__builder.hpp
[38.988s] -- Installing: /home/urc/URC/rover/install/realsense2_camera_msgs/include/realsense2_camera_msgs/realsense2_camera_msgs/msg/detail/imu_info__builder.hpp
[38.990s] -- Installing: /home/urc/URC/rover/install/realsense2_camera_msgs/include/realsense2_camera_msgs/realsense2_camera_msgs/msg/detail/rgbd__struct.hpp
[38.991s] -- Installing: /home/urc/URC/rover/install/realsense2_camera_msgs/include/realsense2_camera_msgs/realsense2_camera_msgs/msg/detail/imu_info__traits.hpp
[38.992s] -- Installing: /home/urc/URC/rover/install/realsense2_camera_msgs/include/realsense2_camera_msgs/realsense2_camera_msgs/msg/detail/imu_info__struct.hpp
[38.994s] -- Installing: /home/urc/URC/rover/install/realsense2_camera_msgs/include/realsense2_camera_msgs/realsense2_camera_msgs/msg/detail/extrinsics__struct.hpp
[38.995s] -- Installing: /home/urc/URC/rover/install/realsense2_camera_msgs/include/realsense2_camera_msgs/realsense2_camera_msgs/msg/detail/extrinsics__builder.hpp
[38.996s] -- Installing: /home/urc/URC/rover/install/realsense2_camera_msgs/include/realsense2_camera_msgs/realsense2_camera_msgs/msg/detail/rgbd__traits.hpp
[38.998s] -- Installing: /home/urc/URC/rover/install/realsense2_camera_msgs/include/realsense2_camera_msgs/realsense2_camera_msgs/msg/detail/metadata__traits.hpp
[38.999s] -- Up-to-date: /home/urc/URC/rover/install/realsense2_camera_msgs/include/realsense2_camera_msgs/realsense2_camera_msgs
[39.000s] -- Up-to-date: /home/urc/URC/rover/install/realsense2_camera_msgs/include/realsense2_camera_msgs/realsense2_camera_msgs/srv
[39.000s] -- Up-to-date: /home/urc/URC/rover/install/realsense2_camera_msgs/include/realsense2_camera_msgs/realsense2_camera_msgs/srv/detail
[39.000s] -- Installing: /home/urc/URC/rover/install/realsense2_camera_msgs/include/realsense2_camera_msgs/realsense2_camera_msgs/srv/detail/device_info__rosidl_typesupport_fastrtps_cpp.hpp
[39.002s] -- Installing: /home/urc/URC/rover/install/realsense2_camera_msgs/include/realsense2_camera_msgs/realsense2_camera_msgs/srv/detail/dds_fastrtps
[39.003s] -- Up-to-date: /home/urc/URC/rover/install/realsense2_camera_msgs/include/realsense2_camera_msgs/realsense2_camera_msgs/msg
[39.003s] -- Installing: /home/urc/URC/rover/install/realsense2_camera_msgs/include/realsense2_camera_msgs/realsense2_camera_msgs/msg/rosidl_typesupport_fastrtps_cpp__visibility_control.h
[39.005s] -- Up-to-date: /home/urc/URC/rover/install/realsense2_camera_msgs/include/realsense2_camera_msgs/realsense2_camera_msgs/msg/detail
[39.005s] -- Installing: /home/urc/URC/rover/install/realsense2_camera_msgs/include/realsense2_camera_msgs/realsense2_camera_msgs/msg/detail/metadata__rosidl_typesupport_fastrtps_cpp.hpp
[39.007s] -- Installing: /home/urc/URC/rover/install/realsense2_camera_msgs/include/realsense2_camera_msgs/realsense2_camera_msgs/msg/detail/rgbd__rosidl_typesupport_fastrtps_cpp.hpp
[39.008s] -- Installing: /home/urc/URC/rover/install/realsense2_camera_msgs/include/realsense2_camera_msgs/realsense2_camera_msgs/msg/detail/extrinsics__rosidl_typesupport_fastrtps_cpp.hpp
[39.010s] -- Installing: /home/urc/URC/rover/install/realsense2_camera_msgs/include/realsense2_camera_msgs/realsense2_camera_msgs/msg/detail/dds_fastrtps
[39.011s] -- Installing: /home/urc/URC/rover/install/realsense2_camera_msgs/include/realsense2_camera_msgs/realsense2_camera_msgs/msg/detail/imu_info__rosidl_typesupport_fastrtps_cpp.hpp
[39.013s] -- Installing: /home/urc/URC/rover/install/realsense2_camera_msgs/lib/librealsense2_camera_msgs__rosidl_typesupport_fastrtps_cpp.so
[39.016s] -- Set runtime path of "/home/urc/URC/rover/install/realsense2_camera_msgs/lib/librealsense2_camera_msgs__rosidl_typesupport_fastrtps_cpp.so" to ""
[39.017s] -- Up-to-date: /home/urc/URC/rover/install/realsense2_camera_msgs/include/realsense2_camera_msgs/realsense2_camera_msgs
[39.017s] -- Up-to-date: /home/urc/URC/rover/install/realsense2_camera_msgs/include/realsense2_camera_msgs/realsense2_camera_msgs/srv
[39.017s] -- Up-to-date: /home/urc/URC/rover/install/realsense2_camera_msgs/include/realsense2_camera_msgs/realsense2_camera_msgs/srv/detail
[39.018s] -- Installing: /home/urc/URC/rover/install/realsense2_camera_msgs/include/realsense2_camera_msgs/realsense2_camera_msgs/srv/detail/device_info__rosidl_typesupport_introspection_cpp.hpp
[39.019s] -- Installing: /home/urc/URC/rover/install/realsense2_camera_msgs/include/realsense2_camera_msgs/realsense2_camera_msgs/srv/detail/device_info__type_support.cpp
[39.021s] -- Up-to-date: /home/urc/URC/rover/install/realsense2_camera_msgs/include/realsense2_camera_msgs/realsense2_camera_msgs/msg
[39.021s] -- Up-to-date: /home/urc/URC/rover/install/realsense2_camera_msgs/include/realsense2_camera_msgs/realsense2_camera_msgs/msg/detail
[39.022s] -- Installing: /home/urc/URC/rover/install/realsense2_camera_msgs/include/realsense2_camera_msgs/realsense2_camera_msgs/msg/detail/metadata__type_support.cpp
[39.023s] -- Installing: /home/urc/URC/rover/install/realsense2_camera_msgs/include/realsense2_camera_msgs/realsense2_camera_msgs/msg/detail/extrinsics__type_support.cpp
[39.025s] -- Installing: /home/urc/URC/rover/install/realsense2_camera_msgs/include/realsense2_camera_msgs/realsense2_camera_msgs/msg/detail/imu_info__type_support.cpp
[39.026s] -- Installing: /home/urc/URC/rover/install/realsense2_camera_msgs/include/realsense2_camera_msgs/realsense2_camera_msgs/msg/detail/rgbd__rosidl_typesupport_introspection_cpp.hpp
[39.028s] -- Installing: /home/urc/URC/rover/install/realsense2_camera_msgs/include/realsense2_camera_msgs/realsense2_camera_msgs/msg/detail/extrinsics__rosidl_typesupport_introspection_cpp.hpp
[39.029s] -- Installing: /home/urc/URC/rover/install/realsense2_camera_msgs/include/realsense2_camera_msgs/realsense2_camera_msgs/msg/detail/imu_info__rosidl_typesupport_introspection_cpp.hpp
[39.031s] -- Installing: /home/urc/URC/rover/install/realsense2_camera_msgs/include/realsense2_camera_msgs/realsense2_camera_msgs/msg/detail/metadata__rosidl_typesupport_introspection_cpp.hpp
[39.032s] -- Installing: /home/urc/URC/rover/install/realsense2_camera_msgs/include/realsense2_camera_msgs/realsense2_camera_msgs/msg/detail/rgbd__type_support.cpp
[39.034s] -- Installing: /home/urc/URC/rover/install/realsense2_camera_msgs/lib/librealsense2_camera_msgs__rosidl_typesupport_introspection_cpp.so
[39.038s] -- Set runtime path of "/home/urc/URC/rover/install/realsense2_camera_msgs/lib/librealsense2_camera_msgs__rosidl_typesupport_introspection_cpp.so" to ""
[39.038s] -- Installing: /home/urc/URC/rover/install/realsense2_camera_msgs/lib/librealsense2_camera_msgs__rosidl_typesupport_cpp.so
[39.041s] -- Set runtime path of "/home/urc/URC/rover/install/realsense2_camera_msgs/lib/librealsense2_camera_msgs__rosidl_typesupport_cpp.so" to ""
[39.041s] -- Installing: /home/urc/URC/rover/install/realsense2_camera_msgs/share/realsense2_camera_msgs/environment/pythonpath.sh
[39.043s] -- Installing: /home/urc/URC/rover/install/realsense2_camera_msgs/share/realsense2_camera_msgs/environment/pythonpath.dsv
[39.044s] -- Installing: /home/urc/URC/rover/install/realsense2_camera_msgs/local/lib/python3.10/dist-packages/realsense2_camera_msgs-4.55.1-py3.10.egg-info
[39.045s] -- Installing: /home/urc/URC/rover/install/realsense2_camera_msgs/local/lib/python3.10/dist-packages/realsense2_camera_msgs-4.55.1-py3.10.egg-info/SOURCES.txt
[39.047s] -- Installing: /home/urc/URC/rover/install/realsense2_camera_msgs/local/lib/python3.10/dist-packages/realsense2_camera_msgs-4.55.1-py3.10.egg-info/dependency_links.txt
[39.048s] -- Installing: /home/urc/URC/rover/install/realsense2_camera_msgs/local/lib/python3.10/dist-packages/realsense2_camera_msgs-4.55.1-py3.10.egg-info/PKG-INFO
[39.049s] -- Installing: /home/urc/URC/rover/install/realsense2_camera_msgs/local/lib/python3.10/dist-packages/realsense2_camera_msgs-4.55.1-py3.10.egg-info/top_level.txt
[39.051s] -- Installing: /home/urc/URC/rover/install/realsense2_camera_msgs/local/lib/python3.10/dist-packages/realsense2_camera_msgs
[39.052s] -- Installing: /home/urc/URC/rover/install/realsense2_camera_msgs/local/lib/python3.10/dist-packages/realsense2_camera_msgs/realsense2_camera_msgs_s__rosidl_typesupport_introspection_c.cpython-310-aarch64-linux-gnu.so
[39.054s] -- Installing: /home/urc/URC/rover/install/realsense2_camera_msgs/local/lib/python3.10/dist-packages/realsense2_camera_msgs/__init__.py
[39.055s] -- Installing: /home/urc/URC/rover/install/realsense2_camera_msgs/local/lib/python3.10/dist-packages/realsense2_camera_msgs/_realsense2_camera_msgs_s.ep.rosidl_typesupport_fastrtps_c.c
[39.057s] -- Installing: /home/urc/URC/rover/install/realsense2_camera_msgs/local/lib/python3.10/dist-packages/realsense2_camera_msgs/_realsense2_camera_msgs_s.ep.rosidl_typesupport_c.c
[39.058s] -- Installing: /home/urc/URC/rover/install/realsense2_camera_msgs/local/lib/python3.10/dist-packages/realsense2_camera_msgs/srv
[39.059s] -- Installing: /home/urc/URC/rover/install/realsense2_camera_msgs/local/lib/python3.10/dist-packages/realsense2_camera_msgs/srv/__init__.py
[39.060s] -- Installing: /home/urc/URC/rover/install/realsense2_camera_msgs/local/lib/python3.10/dist-packages/realsense2_camera_msgs/srv/_device_info_s.c
[39.062s] -- Installing: /home/urc/URC/rover/install/realsense2_camera_msgs/local/lib/python3.10/dist-packages/realsense2_camera_msgs/srv/_device_info.py
[39.063s] -- Installing: /home/urc/URC/rover/install/realsense2_camera_msgs/local/lib/python3.10/dist-packages/realsense2_camera_msgs/realsense2_camera_msgs_s__rosidl_typesupport_c.cpython-310-aarch64-linux-gnu.so
[39.065s] -- Installing: /home/urc/URC/rover/install/realsense2_camera_msgs/local/lib/python3.10/dist-packages/realsense2_camera_msgs/_realsense2_camera_msgs_s.ep.rosidl_typesupport_introspection_c.c
[39.067s] -- Installing: /home/urc/URC/rover/install/realsense2_camera_msgs/local/lib/python3.10/dist-packages/realsense2_camera_msgs/msg
[39.067s] -- Installing: /home/urc/URC/rover/install/realsense2_camera_msgs/local/lib/python3.10/dist-packages/realsense2_camera_msgs/msg/_rgbd_s.c
[39.069s] -- Installing: /home/urc/URC/rover/install/realsense2_camera_msgs/local/lib/python3.10/dist-packages/realsense2_camera_msgs/msg/__init__.py
[39.070s] -- Installing: /home/urc/URC/rover/install/realsense2_camera_msgs/local/lib/python3.10/dist-packages/realsense2_camera_msgs/msg/_imu_info.py
[39.071s] -- Installing: /home/urc/URC/rover/install/realsense2_camera_msgs/local/lib/python3.10/dist-packages/realsense2_camera_msgs/msg/_metadata.py
[39.073s] -- Installing: /home/urc/URC/rover/install/realsense2_camera_msgs/local/lib/python3.10/dist-packages/realsense2_camera_msgs/msg/_rgbd.py
[39.074s] -- Installing: /home/urc/URC/rover/install/realsense2_camera_msgs/local/lib/python3.10/dist-packages/realsense2_camera_msgs/msg/_extrinsics_s.c
[39.075s] -- Installing: /home/urc/URC/rover/install/realsense2_camera_msgs/local/lib/python3.10/dist-packages/realsense2_camera_msgs/msg/_metadata_s.c
[39.077s] -- Installing: /home/urc/URC/rover/install/realsense2_camera_msgs/local/lib/python3.10/dist-packages/realsense2_camera_msgs/msg/_imu_info_s.c
[39.078s] -- Installing: /home/urc/URC/rover/install/realsense2_camera_msgs/local/lib/python3.10/dist-packages/realsense2_camera_msgs/msg/_extrinsics.py
[39.079s] -- Installing: /home/urc/URC/rover/install/realsense2_camera_msgs/local/lib/python3.10/dist-packages/realsense2_camera_msgs/librealsense2_camera_msgs__rosidl_generator_py.so
[39.081s] -- Installing: /home/urc/URC/rover/install/realsense2_camera_msgs/local/lib/python3.10/dist-packages/realsense2_camera_msgs/realsense2_camera_msgs_s__rosidl_typesupport_fastrtps_c.cpython-310-aarch64-linux-gnu.so
[39.273s] Listing '/home/urc/URC/rover/install/realsense2_camera_msgs/local/lib/python3.10/dist-packages/realsense2_camera_msgs'...
[39.274s] Compiling '/home/urc/URC/rover/install/realsense2_camera_msgs/local/lib/python3.10/dist-packages/realsense2_camera_msgs/__init__.py'...
[39.275s] Listing '/home/urc/URC/rover/install/realsense2_camera_msgs/local/lib/python3.10/dist-packages/realsense2_camera_msgs/msg'...
[39.276s] Compiling '/home/urc/URC/rover/install/realsense2_camera_msgs/local/lib/python3.10/dist-packages/realsense2_camera_msgs/msg/__init__.py'...
[39.278s] Compiling '/home/urc/URC/rover/install/realsense2_camera_msgs/local/lib/python3.10/dist-packages/realsense2_camera_msgs/msg/_extrinsics.py'...
[39.279s] Compiling '/home/urc/URC/rover/install/realsense2_camera_msgs/local/lib/python3.10/dist-packages/realsense2_camera_msgs/msg/_imu_info.py'...
[39.280s] Compiling '/home/urc/URC/rover/install/realsense2_camera_msgs/local/lib/python3.10/dist-packages/realsense2_camera_msgs/msg/_metadata.py'...
[39.281s] Compiling '/home/urc/URC/rover/install/realsense2_camera_msgs/local/lib/python3.10/dist-packages/realsense2_camera_msgs/msg/_rgbd.py'...
[39.282s] Listing '/home/urc/URC/rover/install/realsense2_camera_msgs/local/lib/python3.10/dist-packages/realsense2_camera_msgs/srv'...
[39.282s] Compiling '/home/urc/URC/rover/install/realsense2_camera_msgs/local/lib/python3.10/dist-packages/realsense2_camera_msgs/srv/__init__.py'...
[39.283s] Compiling '/home/urc/URC/rover/install/realsense2_camera_msgs/local/lib/python3.10/dist-packages/realsense2_camera_msgs/srv/_device_info.py'...
[39.300s] -- Installing: /home/urc/URC/rover/install/realsense2_camera_msgs/local/lib/python3.10/dist-packages/realsense2_camera_msgs/realsense2_camera_msgs_s__rosidl_typesupport_fastrtps_c.cpython-310-aarch64-linux-gnu.so
[39.303s] -- Set runtime path of "/home/urc/URC/rover/install/realsense2_camera_msgs/local/lib/python3.10/dist-packages/realsense2_camera_msgs/realsense2_camera_msgs_s__rosidl_typesupport_fastrtps_c.cpython-310-aarch64-linux-gnu.so" to ""
[39.305s] -- Installing: /home/urc/URC/rover/install/realsense2_camera_msgs/local/lib/python3.10/dist-packages/realsense2_camera_msgs/realsense2_camera_msgs_s__rosidl_typesupport_introspection_c.cpython-310-aarch64-linux-gnu.so
[39.310s] -- Set runtime path of "/home/urc/URC/rover/install/realsense2_camera_msgs/local/lib/python3.10/dist-packages/realsense2_camera_msgs/realsense2_camera_msgs_s__rosidl_typesupport_introspection_c.cpython-310-aarch64-linux-gnu.so" to ""
[39.312s] -- Installing: /home/urc/URC/rover/install/realsense2_camera_msgs/local/lib/python3.10/dist-packages/realsense2_camera_msgs/realsense2_camera_msgs_s__rosidl_typesupport_c.cpython-310-aarch64-linux-gnu.so
[39.316s] -- Set runtime path of "/home/urc/URC/rover/install/realsense2_camera_msgs/local/lib/python3.10/dist-packages/realsense2_camera_msgs/realsense2_camera_msgs_s__rosidl_typesupport_c.cpython-310-aarch64-linux-gnu.so" to ""
[39.317s] -- Installing: /home/urc/URC/rover/install/realsense2_camera_msgs/lib/librealsense2_camera_msgs__rosidl_generator_py.so
[39.320s] -- Set runtime path of "/home/urc/URC/rover/install/realsense2_camera_msgs/lib/librealsense2_camera_msgs__rosidl_generator_py.so" to ""
[39.320s] -- Installing: /home/urc/URC/rover/install/realsense2_camera_msgs/share/realsense2_camera_msgs/msg/IMUInfo.idl
[39.322s] -- Installing: /home/urc/URC/rover/install/realsense2_camera_msgs/share/realsense2_camera_msgs/msg/Extrinsics.idl
[39.323s] -- Installing: /home/urc/URC/rover/install/realsense2_camera_msgs/share/realsense2_camera_msgs/msg/Metadata.idl
[39.325s] -- Installing: /home/urc/URC/rover/install/realsense2_camera_msgs/share/realsense2_camera_msgs/msg/RGBD.idl
[39.326s] -- Installing: /home/urc/URC/rover/install/realsense2_camera_msgs/share/realsense2_camera_msgs/srv/DeviceInfo.idl
[39.328s] -- Installing: /home/urc/URC/rover/install/realsense2_camera_msgs/share/realsense2_camera_msgs/msg/IMUInfo.msg
[39.329s] -- Installing: /home/urc/URC/rover/install/realsense2_camera_msgs/share/realsense2_camera_msgs/msg/Extrinsics.msg
[39.330s] -- Installing: /home/urc/URC/rover/install/realsense2_camera_msgs/share/realsense2_camera_msgs/msg/Metadata.msg
[39.331s] -- Installing: /home/urc/URC/rover/install/realsense2_camera_msgs/share/realsense2_camera_msgs/msg/RGBD.msg
[39.333s] -- Installing: /home/urc/URC/rover/install/realsense2_camera_msgs/share/realsense2_camera_msgs/srv/DeviceInfo.srv
[39.334s] -- Installing: /home/urc/URC/rover/install/realsense2_camera_msgs/share/realsense2_camera_msgs/srv/DeviceInfo_Request.msg
[39.335s] -- Installing: /home/urc/URC/rover/install/realsense2_camera_msgs/share/realsense2_camera_msgs/srv/DeviceInfo_Response.msg
[39.337s] -- Installing: /home/urc/URC/rover/install/realsense2_camera_msgs/share/ament_index/resource_index/package_run_dependencies/realsense2_camera_msgs
[39.339s] -- Installing: /home/urc/URC/rover/install/realsense2_camera_msgs/share/ament_index/resource_index/parent_prefix_path/realsense2_camera_msgs
[39.340s] -- Installing: /home/urc/URC/rover/install/realsense2_camera_msgs/share/realsense2_camera_msgs/environment/ament_prefix_path.sh
[39.342s] -- Installing: /home/urc/URC/rover/install/realsense2_camera_msgs/share/realsense2_camera_msgs/environment/ament_prefix_path.dsv
[39.343s] -- Installing: /home/urc/URC/rover/install/realsense2_camera_msgs/share/realsense2_camera_msgs/environment/path.sh
[39.345s] -- Installing: /home/urc/URC/rover/install/realsense2_camera_msgs/share/realsense2_camera_msgs/environment/path.dsv
[39.346s] -- Installing: /home/urc/URC/rover/install/realsense2_camera_msgs/share/realsense2_camera_msgs/local_setup.bash
[39.347s] -- Installing: /home/urc/URC/rover/install/realsense2_camera_msgs/share/realsense2_camera_msgs/local_setup.sh
[39.349s] -- Installing: /home/urc/URC/rover/install/realsense2_camera_msgs/share/realsense2_camera_msgs/local_setup.zsh
[39.350s] -- Installing: /home/urc/URC/rover/install/realsense2_camera_msgs/share/realsense2_camera_msgs/local_setup.dsv
[39.351s] -- Installing: /home/urc/URC/rover/install/realsense2_camera_msgs/share/realsense2_camera_msgs/package.dsv
[39.353s] -- Installing: /home/urc/URC/rover/install/realsense2_camera_msgs/share/ament_index/resource_index/packages/realsense2_camera_msgs
[39.355s] -- Installing: /home/urc/URC/rover/install/realsense2_camera_msgs/share/realsense2_camera_msgs/cmake/export_realsense2_camera_msgs__rosidl_generator_cExport.cmake
[39.356s] -- Installing: /home/urc/URC/rover/install/realsense2_camera_msgs/share/realsense2_camera_msgs/cmake/export_realsense2_camera_msgs__rosidl_generator_cExport-noconfig.cmake
[39.358s] -- Installing: /home/urc/URC/rover/install/realsense2_camera_msgs/share/realsense2_camera_msgs/cmake/export_realsense2_camera_msgs__rosidl_typesupport_fastrtps_cExport.cmake
[39.360s] -- Installing: /home/urc/URC/rover/install/realsense2_camera_msgs/share/realsense2_camera_msgs/cmake/export_realsense2_camera_msgs__rosidl_typesupport_fastrtps_cExport-noconfig.cmake
[39.362s] -- Installing: /home/urc/URC/rover/install/realsense2_camera_msgs/share/realsense2_camera_msgs/cmake/realsense2_camera_msgs__rosidl_typesupport_introspection_cExport.cmake
[39.364s] -- Installing: /home/urc/URC/rover/install/realsense2_camera_msgs/share/realsense2_camera_msgs/cmake/realsense2_camera_msgs__rosidl_typesupport_introspection_cExport-noconfig.cmake
[39.365s] -- Installing: /home/urc/URC/rover/install/realsense2_camera_msgs/share/realsense2_camera_msgs/cmake/realsense2_camera_msgs__rosidl_typesupport_cExport.cmake
[39.367s] -- Installing: /home/urc/URC/rover/install/realsense2_camera_msgs/share/realsense2_camera_msgs/cmake/realsense2_camera_msgs__rosidl_typesupport_cExport-noconfig.cmake
[39.369s] -- Installing: /home/urc/URC/rover/install/realsense2_camera_msgs/share/realsense2_camera_msgs/cmake/export_realsense2_camera_msgs__rosidl_generator_cppExport.cmake
[39.371s] -- Installing: /home/urc/URC/rover/install/realsense2_camera_msgs/share/realsense2_camera_msgs/cmake/export_realsense2_camera_msgs__rosidl_typesupport_fastrtps_cppExport.cmake
[39.372s] -- Installing: /home/urc/URC/rover/install/realsense2_camera_msgs/share/realsense2_camera_msgs/cmake/export_realsense2_camera_msgs__rosidl_typesupport_fastrtps_cppExport-noconfig.cmake
[39.374s] -- Installing: /home/urc/URC/rover/install/realsense2_camera_msgs/share/realsense2_camera_msgs/cmake/realsense2_camera_msgs__rosidl_typesupport_introspection_cppExport.cmake
[39.376s] -- Installing: /home/urc/URC/rover/install/realsense2_camera_msgs/share/realsense2_camera_msgs/cmake/realsense2_camera_msgs__rosidl_typesupport_introspection_cppExport-noconfig.cmake
[39.378s] -- Installing: /home/urc/URC/rover/install/realsense2_camera_msgs/share/realsense2_camera_msgs/cmake/realsense2_camera_msgs__rosidl_typesupport_cppExport.cmake
[39.380s] -- Installing: /home/urc/URC/rover/install/realsense2_camera_msgs/share/realsense2_camera_msgs/cmake/realsense2_camera_msgs__rosidl_typesupport_cppExport-noconfig.cmake
[39.381s] -- Installing: /home/urc/URC/rover/install/realsense2_camera_msgs/share/realsense2_camera_msgs/cmake/export_realsense2_camera_msgs__rosidl_generator_pyExport.cmake
[39.383s] -- Installing: /home/urc/URC/rover/install/realsense2_camera_msgs/share/realsense2_camera_msgs/cmake/export_realsense2_camera_msgs__rosidl_generator_pyExport-noconfig.cmake
[39.385s] -- Installing: /home/urc/URC/rover/install/realsense2_camera_msgs/share/realsense2_camera_msgs/cmake/rosidl_cmake-extras.cmake
[39.386s] -- Installing: /home/urc/URC/rover/install/realsense2_camera_msgs/share/realsense2_camera_msgs/cmake/ament_cmake_export_dependencies-extras.cmake
[39.388s] -- Installing: /home/urc/URC/rover/install/realsense2_camera_msgs/share/realsense2_camera_msgs/cmake/ament_cmake_export_include_directories-extras.cmake
[39.389s] -- Installing: /home/urc/URC/rover/install/realsense2_camera_msgs/share/realsense2_camera_msgs/cmake/ament_cmake_export_libraries-extras.cmake
[39.391s] -- Installing: /home/urc/URC/rover/install/realsense2_camera_msgs/share/realsense2_camera_msgs/cmake/ament_cmake_export_targets-extras.cmake
[39.392s] -- Installing: /home/urc/URC/rover/install/realsense2_camera_msgs/share/realsense2_camera_msgs/cmake/rosidl_cmake_export_typesupport_targets-extras.cmake
[39.394s] -- Installing: /home/urc/URC/rover/install/realsense2_camera_msgs/share/realsense2_camera_msgs/cmake/rosidl_cmake_export_typesupport_libraries-extras.cmake
[39.395s] -- Installing: /home/urc/URC/rover/install/realsense2_camera_msgs/share/realsense2_camera_msgs/cmake/realsense2_camera_msgsConfig.cmake
[39.396s] -- Installing: /home/urc/URC/rover/install/realsense2_camera_msgs/share/realsense2_camera_msgs/cmake/realsense2_camera_msgsConfig-version.cmake
[39.398s] -- Installing: /home/urc/URC/rover/install/realsense2_camera_msgs/share/realsense2_camera_msgs/package.xml
[39.408s] Invoked command in '/home/urc/URC/rover/build/realsense2_camera_msgs' returned '0': CMAKE_PREFIX_PATH=/opt/ros/humble /usr/bin/cmake --install /home/urc/URC/rover/build/realsense2_camera_msgs
