[0.073s] Invoking command in '/home/urc/URC/rover/build/realsense2_camera_msgs': /usr/bin/cmake /home/urc/URC/rover/src/realsense-ros/realsense2_camera_msgs -DCMAKE_INSTALL_PREFIX=/home/urc/URC/rover/install/realsense2_camera_msgs
[1.060s] -- The C compiler identification is GNU 11.4.0
[1.793s] -- The CXX compiler identification is GNU 11.4.0
[1.842s] -- Detecting C compiler ABI info
[2.179s] -- Detecting C compiler ABI info - done
[2.207s] -- Check for working C compiler: /usr/bin/cc - skipped
[2.209s] -- Detecting C compile features
[2.213s] -- Detecting C compile features - done
[2.230s] -- Detecting CXX compiler ABI info
[2.587s] -- Detecting CXX compiler ABI info - done
[2.619s] -- Check for working CXX compiler: /usr/bin/c++ - skipped
[2.621s] -- Detecting CXX compile features
[2.622s] -- Detecting CXX compile features - done
[2.799s] [31mCMake Error at CMakeLists.txt:27 (find_package):
[2.799s]   By not providing "Findament_cmake.cmake" in CMAKE_MODULE_PATH this project
[2.800s]   has asked CMake to find a package configuration file provided by
[2.800s]   "ament_cmake", but CMake did not find one.
[2.801s] 
[2.801s]   Could not find a package configuration file provided by "ament_cmake" with
[2.802s]   any of the following names:
[2.802s] 
[2.803s]     ament_cmakeConfig.cmake
[2.803s]     ament_cmake-config.cmake
[2.804s] 
[2.805s]   Add the installation prefix of "ament_cmake" to CMAKE_PREFIX_PATH or set
[2.805s]   "ament_cmake_DIR" to a directory containing one of the above files.  If
[2.806s]   "ament_cmake" provides a separate development package or SDK, be sure it
[2.806s]   has been installed.
[2.806s] 
[2.807s] [0m
[2.808s] -- Configuring incomplete, errors occurred!
[2.808s] See also "/home/urc/URC/rover/build/realsense2_camera_msgs/CMakeFiles/CMakeOutput.log".
[2.811s] Invoked command in '/home/urc/URC/rover/build/realsense2_camera_msgs' returned '1': /usr/bin/cmake /home/urc/URC/rover/src/realsense-ros/realsense2_camera_msgs -DCMAKE_INSTALL_PREFIX=/home/urc/URC/rover/install/realsense2_camera_msgs
