[0.010s] Invoking command in '/home/therion/dev/school/URC/srp_sim/build/sim_package': CMAKE_PREFIX_PATH=${CMAKE_PREFIX_PATH}:/opt/ros/humble /usr/bin/cmake --build /home/therion/dev/school/URC/srp_sim/build/sim_package -- -j10 -l10
[0.062s] [100%] Built target BasicSystem
[0.072s] Invoked command in '/home/therion/dev/school/URC/srp_sim/build/sim_package' returned '0': CMAKE_PREFIX_PATH=${CMAKE_PREFIX_PATH}:/opt/ros/humble /usr/bin/cmake --build /home/therion/dev/school/URC/srp_sim/build/sim_package -- -j10 -l10
[0.124s] Invoking command in '/home/therion/dev/school/URC/srp_sim/build/sim_package': CMAKE_PREFIX_PATH=${CMAKE_PREFIX_PATH}:/opt/ros/humble /usr/bin/cmake --install /home/therion/dev/school/URC/srp_sim/build/sim_package
[0.129s] -- Install configuration: ""
[0.129s] -- Up-to-date: /home/therion/dev/school/URC/srp_sim/install/sim_package/share/sim_package/models
[0.129s] -- Up-to-date: /home/therion/dev/school/URC/srp_sim/install/sim_package/share/sim_package/models/mars
[0.129s] -- Up-to-date: /home/therion/dev/school/URC/srp_sim/install/sim_package/share/sim_package/models/mars/materials
[0.129s] -- Up-to-date: /home/therion/dev/school/URC/srp_sim/install/sim_package/share/sim_package/models/mars/materials/textures
[0.129s] -- Up-to-date: /home/therion/dev/school/URC/srp_sim/install/sim_package/share/sim_package/models/mars/materials/textures/m4_site.jpg
[0.129s] -- Up-to-date: /home/therion/dev/school/URC/srp_sim/install/sim_package/share/sim_package/models/mars/materials/textures/m4_site1.jpg
[0.129s] -- Up-to-date: /home/therion/dev/school/URC/srp_sim/install/sim_package/share/sim_package/models/mars/materials/textures/m4_site2.jpg
[0.129s] -- Up-to-date: /home/therion/dev/school/URC/srp_sim/install/sim_package/share/sim_package/models/mars/meshes
[0.130s] -- Up-to-date: /home/therion/dev/school/URC/srp_sim/install/sim_package/share/sim_package/models/mars/meshes/model.dae
[0.130s] -- Up-to-date: /home/therion/dev/school/URC/srp_sim/install/sim_package/share/sim_package/models/mars/model.config
[0.130s] -- Up-to-date: /home/therion/dev/school/URC/srp_sim/install/sim_package/share/sim_package/models/mars/model.sdf
[0.130s] -- Up-to-date: /home/therion/dev/school/URC/srp_sim/install/sim_package/share/sim_package/models/4x4_50-5
[0.130s] -- Up-to-date: /home/therion/dev/school/URC/srp_sim/install/sim_package/share/sim_package/models/4x4_50-5/marker0
[0.130s] -- Up-to-date: /home/therion/dev/school/URC/srp_sim/install/sim_package/share/sim_package/models/4x4_50-5/marker0/marker0
[0.130s] -- Up-to-date: /home/therion/dev/school/URC/srp_sim/install/sim_package/share/sim_package/models/4x4_50-5/marker0/marker0/materials
[0.130s] -- Up-to-date: /home/therion/dev/school/URC/srp_sim/install/sim_package/share/sim_package/models/4x4_50-5/marker0/marker0/materials/textures
[0.130s] -- Up-to-date: /home/therion/dev/school/URC/srp_sim/install/sim_package/share/sim_package/models/4x4_50-5/marker0/marker0/materials/textures/Marker0.png
[0.131s] -- Up-to-date: /home/therion/dev/school/URC/srp_sim/install/sim_package/share/sim_package/models/4x4_50-5/marker0/marker0/meshes
[0.131s] -- Up-to-date: /home/therion/dev/school/URC/srp_sim/install/sim_package/share/sim_package/models/4x4_50-5/marker0/marker0/meshes/Marker0.dae
[0.131s] -- Up-to-date: /home/therion/dev/school/URC/srp_sim/install/sim_package/share/sim_package/models/4x4_50-5/marker0/marker0/model-1_4.sdf
[0.131s] -- Up-to-date: /home/therion/dev/school/URC/srp_sim/install/sim_package/share/sim_package/models/4x4_50-5/marker0/marker0/model.config
[0.131s] -- Up-to-date: /home/therion/dev/school/URC/srp_sim/install/sim_package/share/sim_package/models/4x4_50-5/marker0/marker0/model-1_5.sdf
[0.131s] -- Up-to-date: /home/therion/dev/school/URC/srp_sim/install/sim_package/share/sim_package/models/4x4_50-5/marker0/marker0/model.sdf
[0.131s] -- Up-to-date: /home/therion/dev/school/URC/srp_sim/install/sim_package/share/sim_package/models/4x4_50-5/marker0/materials
[0.131s] -- Up-to-date: /home/therion/dev/school/URC/srp_sim/install/sim_package/share/sim_package/models/4x4_50-5/marker0/materials/textures
[0.131s] -- Up-to-date: /home/therion/dev/school/URC/srp_sim/install/sim_package/share/sim_package/models/4x4_50-5/marker0/materials/textures/Marker0.png
[0.131s] -- Up-to-date: /home/therion/dev/school/URC/srp_sim/install/sim_package/share/sim_package/models/4x4_50-5/marker0/meshes
[0.131s] -- Up-to-date: /home/therion/dev/school/URC/srp_sim/install/sim_package/share/sim_package/models/4x4_50-5/marker0/meshes/Marker0.dae
[0.131s] -- Up-to-date: /home/therion/dev/school/URC/srp_sim/install/sim_package/share/sim_package/models/4x4_50-5/marker0/model-1_4.sdf
[0.131s] -- Up-to-date: /home/therion/dev/school/URC/srp_sim/install/sim_package/share/sim_package/models/4x4_50-5/marker0/model.config
[0.131s] -- Up-to-date: /home/therion/dev/school/URC/srp_sim/install/sim_package/share/sim_package/models/4x4_50-5/marker0/model-1_5.sdf
[0.131s] -- Up-to-date: /home/therion/dev/school/URC/srp_sim/install/sim_package/share/sim_package/models/4x4_50-5/marker0/model.sdf
[0.131s] -- Up-to-date: /home/therion/dev/school/URC/srp_sim/install/sim_package/share/sim_package/models/4x4_50-5/materials
[0.131s] -- Up-to-date: /home/therion/dev/school/URC/srp_sim/install/sim_package/share/sim_package/models/4x4_50-5/materials/textures
[0.131s] -- Up-to-date: /home/therion/dev/school/URC/srp_sim/install/sim_package/share/sim_package/models/4x4_50-5/materials/textures/4X4_50-5.png
[0.131s] -- Up-to-date: /home/therion/dev/school/URC/srp_sim/install/sim_package/share/sim_package/models/4x4_50-5/meshes
[0.131s] -- Up-to-date: /home/therion/dev/school/URC/srp_sim/install/sim_package/share/sim_package/models/4x4_50-5/meshes/4X4_50-5.dae
[0.132s] -- Up-to-date: /home/therion/dev/school/URC/srp_sim/install/sim_package/share/sim_package/models/4x4_50-5/model-1_4.sdf
[0.132s] -- Up-to-date: /home/therion/dev/school/URC/srp_sim/install/sim_package/share/sim_package/models/4x4_50-5/4X4_50-5.png
[0.132s] -- Up-to-date: /home/therion/dev/school/URC/srp_sim/install/sim_package/share/sim_package/models/4x4_50-5/model.config
[0.132s] -- Up-to-date: /home/therion/dev/school/URC/srp_sim/install/sim_package/share/sim_package/models/4x4_50-5/4X4_50-5.dae
[0.132s] -- Up-to-date: /home/therion/dev/school/URC/srp_sim/install/sim_package/share/sim_package/models/4x4_50-5/aruco_marker.xacro
[0.132s] -- Up-to-date: /home/therion/dev/school/URC/srp_sim/install/sim_package/share/sim_package/models/4x4_50-5/model-1_5.sdf
[0.132s] -- Up-to-date: /home/therion/dev/school/URC/srp_sim/install/sim_package/share/sim_package/models/4x4_50-5/model.sdf
[0.132s] -- Up-to-date: /home/therion/dev/school/URC/srp_sim/install/sim_package/share/sim_package/worlds
[0.132s] -- Up-to-date: /home/therion/dev/school/URC/srp_sim/install/sim_package/share/sim_package/worlds/test.world
[0.133s] -- Up-to-date: /home/therion/dev/school/URC/srp_sim/install/sim_package/share/sim_package/worlds/world.sdf
[0.133s] -- Up-to-date: /home/therion/dev/school/URC/srp_sim/install/sim_package/share/sim_package/launch
[0.133s] -- Up-to-date: /home/therion/dev/school/URC/srp_sim/install/sim_package/share/sim_package/launch/aruco_marker_launch.launch.py
[0.133s] -- Installing: /home/therion/dev/school/URC/srp_sim/install/sim_package/share/sim_package/launch/world.launch.py
[0.133s] -- Up-to-date: /home/therion/dev/school/URC/srp_sim/install/sim_package/share/sim_package/config
[0.133s] -- Up-to-date: /home/therion/dev/school/URC/srp_sim/install/sim_package/share/sim_package/config/aruco_marker_config.rviz
[0.133s] -- Up-to-date: /home/therion/dev/school/URC/srp_sim/install/sim_package/lib/sim_package/libBasicSystem.so
[0.133s] -- Up-to-date: /home/therion/dev/school/URC/srp_sim/install/sim_package/share/sim_package/environment/sim_package.dsv
[0.133s] -- Up-to-date: /home/therion/dev/school/URC/srp_sim/install/sim_package/share/sim_package/environment/sim_package.sh
[0.133s] -- Up-to-date: /home/therion/dev/school/URC/srp_sim/install/sim_package/share/ament_index/resource_index/package_run_dependencies/sim_package
[0.133s] -- Up-to-date: /home/therion/dev/school/URC/srp_sim/install/sim_package/share/ament_index/resource_index/parent_prefix_path/sim_package
[0.133s] -- Up-to-date: /home/therion/dev/school/URC/srp_sim/install/sim_package/share/sim_package/environment/ament_prefix_path.sh
[0.133s] -- Up-to-date: /home/therion/dev/school/URC/srp_sim/install/sim_package/share/sim_package/environment/ament_prefix_path.dsv
[0.133s] -- Up-to-date: /home/therion/dev/school/URC/srp_sim/install/sim_package/share/sim_package/environment/path.sh
[0.133s] -- Up-to-date: /home/therion/dev/school/URC/srp_sim/install/sim_package/share/sim_package/environment/path.dsv
[0.133s] -- Up-to-date: /home/therion/dev/school/URC/srp_sim/install/sim_package/share/sim_package/local_setup.bash
[0.133s] -- Up-to-date: /home/therion/dev/school/URC/srp_sim/install/sim_package/share/sim_package/local_setup.sh
[0.133s] -- Up-to-date: /home/therion/dev/school/URC/srp_sim/install/sim_package/share/sim_package/local_setup.zsh
[0.133s] -- Up-to-date: /home/therion/dev/school/URC/srp_sim/install/sim_package/share/sim_package/local_setup.dsv
[0.134s] -- Installing: /home/therion/dev/school/URC/srp_sim/install/sim_package/share/sim_package/package.dsv
[0.134s] -- Up-to-date: /home/therion/dev/school/URC/srp_sim/install/sim_package/share/ament_index/resource_index/packages/sim_package
[0.134s] -- Up-to-date: /home/therion/dev/school/URC/srp_sim/install/sim_package/share/sim_package/cmake/sim_packageConfig.cmake
[0.134s] -- Up-to-date: /home/therion/dev/school/URC/srp_sim/install/sim_package/share/sim_package/cmake/sim_packageConfig-version.cmake
[0.134s] -- Up-to-date: /home/therion/dev/school/URC/srp_sim/install/sim_package/share/sim_package/package.xml
[0.134s] Invoked command in '/home/therion/dev/school/URC/srp_sim/build/sim_package' returned '0': CMAKE_PREFIX_PATH=${CMAKE_PREFIX_PATH}:/opt/ros/humble /usr/bin/cmake --install /home/therion/dev/school/URC/srp_sim/build/sim_package
