[0.060s] Invoking command in '/home/urc/URC/rover/build/realsense2_description': AMENT_PREFIX_PATH=/home/urc/URC/rover/install/realsense2_camera_msgs:${AMENT_PREFIX_PATH} CMAKE_PREFIX_PATH=/home/urc/URC/rover/install/realsense2_camera_msgs:/opt/ros/humble LD_LIBRARY_PATH=/home/urc/URC/rover/install/realsense2_camera_msgs/lib:${LD_LIBRARY_PATH} PYTHONPATH=/home/urc/URC/rover/install/realsense2_camera_msgs/local/lib/python3.10/dist-packages:${PYTHONPATH} /usr/bin/cmake --build /home/urc/URC/rover/build/realsense2_description -- -j4 -l4
[0.237s] Invoked command in '/home/urc/URC/rover/build/realsense2_description' returned '0': AMENT_PREFIX_PATH=/home/urc/URC/rover/install/realsense2_camera_msgs:${AMENT_PREFIX_PATH} CMAKE_PREFIX_PATH=/home/urc/URC/rover/install/realsense2_camera_msgs:/opt/ros/humble LD_LIBRARY_PATH=/home/urc/URC/rover/install/realsense2_camera_msgs/lib:${LD_LIBRARY_PATH} PYTHONPATH=/home/urc/URC/rover/install/realsense2_camera_msgs/local/lib/python3.10/dist-packages:${PYTHONPATH} /usr/bin/cmake --build /home/urc/URC/rover/build/realsense2_description -- -j4 -l4
[0.468s] Invoking command in '/home/urc/URC/rover/build/realsense2_description': AMENT_PREFIX_PATH=/home/urc/URC/rover/install/realsense2_camera_msgs:${AMENT_PREFIX_PATH} CMAKE_PREFIX_PATH=/home/urc/URC/rover/install/realsense2_camera_msgs:/opt/ros/humble LD_LIBRARY_PATH=/home/urc/URC/rover/install/realsense2_camera_msgs/lib:${LD_LIBRARY_PATH} PYTHONPATH=/home/urc/URC/rover/install/realsense2_camera_msgs/local/lib/python3.10/dist-packages:${PYTHONPATH} /usr/bin/cmake --install /home/urc/URC/rover/build/realsense2_description
[0.501s] -- Install configuration: ""
[0.502s] -- Up-to-date: /home/urc/URC/rover/install/realsense2_description/share/realsense2_description/launch
[0.503s] -- Up-to-date: /home/urc/URC/rover/install/realsense2_description/share/realsense2_description/launch/view_model.launch.py
[0.504s] -- Up-to-date: /home/urc/URC/rover/install/realsense2_description/share/realsense2_description/launch/launch_utils.py
[0.504s] -- Up-to-date: /home/urc/URC/rover/install/realsense2_description/share/realsense2_description/meshes
[0.505s] -- Up-to-date: /home/urc/URC/rover/install/realsense2_description/share/realsense2_description/meshes/l515.dae
[0.505s] -- Up-to-date: /home/urc/URC/rover/install/realsense2_description/share/realsense2_description/meshes/d405.stl
[0.506s] -- Up-to-date: /home/urc/URC/rover/install/realsense2_description/share/realsense2_description/meshes/plug.stl
[0.507s] -- Up-to-date: /home/urc/URC/rover/install/realsense2_description/share/realsense2_description/meshes/d455.stl
[0.508s] -- Up-to-date: /home/urc/URC/rover/install/realsense2_description/share/realsense2_description/meshes/d415.stl
[0.509s] -- Up-to-date: /home/urc/URC/rover/install/realsense2_description/share/realsense2_description/meshes/plug_collision.stl
[0.512s] -- Up-to-date: /home/urc/URC/rover/install/realsense2_description/share/realsense2_description/meshes/d435.dae
[0.513s] -- Up-to-date: /home/urc/URC/rover/install/realsense2_description/share/realsense2_description/rviz
[0.514s] -- Up-to-date: /home/urc/URC/rover/install/realsense2_description/share/realsense2_description/rviz/urdf.rviz
[0.516s] -- Up-to-date: /home/urc/URC/rover/install/realsense2_description/share/realsense2_description/urdf
[0.518s] -- Up-to-date: /home/urc/URC/rover/install/realsense2_description/share/realsense2_description/urdf/test_d455_camera.urdf.xacro
[0.519s] -- Up-to-date: /home/urc/URC/rover/install/realsense2_description/share/realsense2_description/urdf/test_d415_camera.urdf.xacro
[0.519s] -- Up-to-date: /home/urc/URC/rover/install/realsense2_description/share/realsense2_description/urdf/_materials.urdf.xacro
[0.520s] -- Up-to-date: /home/urc/URC/rover/install/realsense2_description/share/realsense2_description/urdf/_d405.urdf.xacro
[0.521s] -- Up-to-date: /home/urc/URC/rover/install/realsense2_description/share/realsense2_description/urdf/_d435i_imu_modules.urdf.xacro
[0.522s] -- Up-to-date: /home/urc/URC/rover/install/realsense2_description/share/realsense2_description/urdf/_r410.urdf.xacro
[0.523s] -- Up-to-date: /home/urc/URC/rover/install/realsense2_description/share/realsense2_description/urdf/_d435.urdf.xacro
[0.524s] -- Up-to-date: /home/urc/URC/rover/install/realsense2_description/share/realsense2_description/urdf/test_r410_camera.urdf.xacro
[0.524s] -- Up-to-date: /home/urc/URC/rover/install/realsense2_description/share/realsense2_description/urdf/test_r430_camera.urdf.xacro
[0.525s] -- Up-to-date: /home/urc/URC/rover/install/realsense2_description/share/realsense2_description/urdf/_r430.urdf.xacro
[0.526s] -- Up-to-date: /home/urc/URC/rover/install/realsense2_description/share/realsense2_description/urdf/test_d405_camera.urdf.xacro
[0.526s] -- Up-to-date: /home/urc/URC/rover/install/realsense2_description/share/realsense2_description/urdf/test_d435i_camera.urdf.xacro
[0.527s] -- Up-to-date: /home/urc/URC/rover/install/realsense2_description/share/realsense2_description/urdf/_d435i.urdf.xacro
[0.527s] -- Up-to-date: /home/urc/URC/rover/install/realsense2_description/share/realsense2_description/urdf/test_d435_multiple_cameras.urdf.xacro
[0.528s] -- Up-to-date: /home/urc/URC/rover/install/realsense2_description/share/realsense2_description/urdf/_usb_plug.urdf.xacro
[0.528s] -- Up-to-date: /home/urc/URC/rover/install/realsense2_description/share/realsense2_description/urdf/_d415.urdf.xacro
[0.529s] -- Up-to-date: /home/urc/URC/rover/install/realsense2_description/share/realsense2_description/urdf/_d455.urdf.xacro
[0.529s] -- Up-to-date: /home/urc/URC/rover/install/realsense2_description/share/realsense2_description/urdf/test_d435_camera.urdf.xacro
[0.530s] -- Up-to-date: /home/urc/URC/rover/install/realsense2_description/share/ament_index/resource_index/package_run_dependencies/realsense2_description
[0.530s] -- Up-to-date: /home/urc/URC/rover/install/realsense2_description/share/ament_index/resource_index/parent_prefix_path/realsense2_description
[0.531s] -- Up-to-date: /home/urc/URC/rover/install/realsense2_description/share/realsense2_description/environment/ament_prefix_path.sh
[0.532s] -- Up-to-date: /home/urc/URC/rover/install/realsense2_description/share/realsense2_description/environment/ament_prefix_path.dsv
[0.532s] -- Up-to-date: /home/urc/URC/rover/install/realsense2_description/share/realsense2_description/environment/path.sh
[0.533s] -- Up-to-date: /home/urc/URC/rover/install/realsense2_description/share/realsense2_description/environment/path.dsv
[0.533s] -- Up-to-date: /home/urc/URC/rover/install/realsense2_description/share/realsense2_description/local_setup.bash
[0.534s] -- Up-to-date: /home/urc/URC/rover/install/realsense2_description/share/realsense2_description/local_setup.sh
[0.535s] -- Up-to-date: /home/urc/URC/rover/install/realsense2_description/share/realsense2_description/local_setup.zsh
[0.535s] -- Up-to-date: /home/urc/URC/rover/install/realsense2_description/share/realsense2_description/local_setup.dsv
[0.536s] -- Installing: /home/urc/URC/rover/install/realsense2_description/share/realsense2_description/package.dsv
[0.536s] -- Up-to-date: /home/urc/URC/rover/install/realsense2_description/share/ament_index/resource_index/packages/realsense2_description
[0.537s] -- Up-to-date: /home/urc/URC/rover/install/realsense2_description/share/realsense2_description/cmake/realsense2_descriptionConfig.cmake
[0.537s] -- Up-to-date: /home/urc/URC/rover/install/realsense2_description/share/realsense2_description/cmake/realsense2_descriptionConfig-version.cmake
[0.538s] -- Up-to-date: /home/urc/URC/rover/install/realsense2_description/share/realsense2_description/package.xml
[0.553s] Invoked command in '/home/urc/URC/rover/build/realsense2_description' returned '0': AMENT_PREFIX_PATH=/home/urc/URC/rover/install/realsense2_camera_msgs:${AMENT_PREFIX_PATH} CMAKE_PREFIX_PATH=/home/urc/URC/rover/install/realsense2_camera_msgs:/opt/ros/humble LD_LIBRARY_PATH=/home/urc/URC/rover/install/realsense2_camera_msgs/lib:${LD_LIBRARY_PATH} PYTHONPATH=/home/urc/URC/rover/install/realsense2_camera_msgs/local/lib/python3.10/dist-packages:${PYTHONPATH} /usr/bin/cmake --install /home/urc/URC/rover/build/realsense2_description
