[0.634s] DEBUG:colcon:Command line arguments: ['/usr/bin/colcon', 'build']
[0.634s] DEBUG:colcon:Parsed command line arguments: Namespace(log_base=None, log_level=None, verb_name='build', build_base='build', install_base='install', merge_install=False, symlink_install=False, test_result_base=None, continue_on_error=False, executor='parallel', parallel_workers=4, event_handlers=None, ignore_user_meta=False, metas=['./colcon.meta'], base_paths=['.'], packages_ignore=None, packages_ignore_regex=None, paths=None, packages_up_to=None, packages_up_to_regex=None, packages_above=None, packages_above_and_dependencies=None, packages_above_depth=None, packages_select_by_dep=None, packages_skip_by_dep=None, packages_skip_up_to=None, packages_select_build_failed=False, packages_skip_build_finished=False, packages_select_test_failures=False, packages_skip_test_passed=False, packages_select=None, packages_skip=None, packages_select_regex=None, packages_skip_regex=None, packages_start=None, packages_end=None, allow_overriding=[], cmake_args=None, cmake_target=None, cmake_target_skip_unavailable=False, cmake_clean_cache=False, cmake_clean_first=False, cmake_force_configure=False, ament_cmake_args=None, catkin_cmake_args=None, catkin_skip_building_tests=False, mixin_files=None, mixin=None, verb_parser=<colcon_mixin.mixin.mixin_argument.MixinArgumentDecorator object at 0xffffabd905b0>, verb_extension=<colcon_core.verb.build.BuildVerb object at 0xffffabed4d00>, main=<bound method BuildVerb.main of <colcon_core.verb.build.BuildVerb object at 0xffffabed4d00>>, mixin_verb=('build',))
[1.553s] Level 1:colcon.colcon_core.package_discovery:discover_packages(colcon_meta) check parameters
[1.554s] Level 1:colcon.colcon_core.package_discovery:discover_packages(recursive) check parameters
[1.554s] Level 1:colcon.colcon_core.package_discovery:discover_packages(ignore) check parameters
[1.554s] Level 1:colcon.colcon_core.package_discovery:discover_packages(path) check parameters
[1.554s] Level 1:colcon.colcon_core.package_discovery:discover_packages(colcon_meta) discover
[1.554s] Level 1:colcon.colcon_core.package_discovery:discover_packages(recursive) discover
[1.555s] INFO:colcon.colcon_core.package_discovery:Crawling recursively for packages in '/home/urc/URC/rover'
[1.555s] Level 1:colcon.colcon_core.package_identification:_identify(.) by extensions ['ignore', 'ignore_ament_install']
[1.555s] Level 1:colcon.colcon_core.package_identification:_identify(.) by extension 'ignore'
[1.556s] Level 1:colcon.colcon_core.package_identification:_identify(.) by extension 'ignore_ament_install'
[1.556s] Level 1:colcon.colcon_core.package_identification:_identify(.) by extensions ['colcon_pkg']
[1.556s] Level 1:colcon.colcon_core.package_identification:_identify(.) by extension 'colcon_pkg'
[1.556s] Level 1:colcon.colcon_core.package_identification:_identify(.) by extensions ['colcon_meta']
[1.557s] Level 1:colcon.colcon_core.package_identification:_identify(.) by extension 'colcon_meta'
[1.557s] Level 1:colcon.colcon_core.package_identification:_identify(.) by extensions ['ros']
[1.557s] Level 1:colcon.colcon_core.package_identification:_identify(.) by extension 'ros'
[1.607s] Level 1:colcon.colcon_core.package_identification:_identify(.) by extensions ['cmake', 'python']
[1.608s] Level 1:colcon.colcon_core.package_identification:_identify(.) by extension 'cmake'
[1.608s] Level 1:colcon.colcon_core.package_identification:_identify(.) by extension 'python'
[1.608s] Level 1:colcon.colcon_core.package_identification:_identify(.) by extensions ['python_setup_py']
[1.608s] Level 1:colcon.colcon_core.package_identification:_identify(.) by extension 'python_setup_py'
[1.609s] Level 1:colcon.colcon_core.package_identification:_identify(build) by extensions ['ignore', 'ignore_ament_install']
[1.609s] Level 1:colcon.colcon_core.package_identification:_identify(build) by extension 'ignore'
[1.609s] Level 1:colcon.colcon_core.package_identification:_identify(build) ignored
[1.610s] Level 1:colcon.colcon_core.package_identification:_identify(install) by extensions ['ignore', 'ignore_ament_install']
[1.610s] Level 1:colcon.colcon_core.package_identification:_identify(install) by extension 'ignore'
[1.611s] Level 1:colcon.colcon_core.package_identification:_identify(install) ignored
[1.611s] Level 1:colcon.colcon_core.package_identification:_identify(log) by extensions ['ignore', 'ignore_ament_install']
[1.611s] Level 1:colcon.colcon_core.package_identification:_identify(log) by extension 'ignore'
[1.611s] Level 1:colcon.colcon_core.package_identification:_identify(log) ignored
[1.612s] Level 1:colcon.colcon_core.package_identification:_identify(src) by extensions ['ignore', 'ignore_ament_install']
[1.612s] Level 1:colcon.colcon_core.package_identification:_identify(src) by extension 'ignore'
[1.612s] Level 1:colcon.colcon_core.package_identification:_identify(src) by extension 'ignore_ament_install'
[1.613s] Level 1:colcon.colcon_core.package_identification:_identify(src) by extensions ['colcon_pkg']
[1.613s] Level 1:colcon.colcon_core.package_identification:_identify(src) by extension 'colcon_pkg'
[1.613s] Level 1:colcon.colcon_core.package_identification:_identify(src) by extensions ['colcon_meta']
[1.613s] Level 1:colcon.colcon_core.package_identification:_identify(src) by extension 'colcon_meta'
[1.613s] Level 1:colcon.colcon_core.package_identification:_identify(src) by extensions ['ros']
[1.613s] Level 1:colcon.colcon_core.package_identification:_identify(src) by extension 'ros'
[1.614s] Level 1:colcon.colcon_core.package_identification:_identify(src) by extensions ['cmake', 'python']
[1.614s] Level 1:colcon.colcon_core.package_identification:_identify(src) by extension 'cmake'
[1.614s] Level 1:colcon.colcon_core.package_identification:_identify(src) by extension 'python'
[1.614s] Level 1:colcon.colcon_core.package_identification:_identify(src) by extensions ['python_setup_py']
[1.615s] Level 1:colcon.colcon_core.package_identification:_identify(src) by extension 'python_setup_py'
[1.615s] Level 1:colcon.colcon_core.package_identification:_identify(src/depth_image_viewer) by extensions ['ignore', 'ignore_ament_install']
[1.615s] Level 1:colcon.colcon_core.package_identification:_identify(src/depth_image_viewer) by extension 'ignore'
[1.616s] Level 1:colcon.colcon_core.package_identification:_identify(src/depth_image_viewer) by extension 'ignore_ament_install'
[1.616s] Level 1:colcon.colcon_core.package_identification:_identify(src/depth_image_viewer) by extensions ['colcon_pkg']
[1.616s] Level 1:colcon.colcon_core.package_identification:_identify(src/depth_image_viewer) by extension 'colcon_pkg'
[1.616s] Level 1:colcon.colcon_core.package_identification:_identify(src/depth_image_viewer) by extensions ['colcon_meta']
[1.616s] Level 1:colcon.colcon_core.package_identification:_identify(src/depth_image_viewer) by extension 'colcon_meta'
[1.617s] Level 1:colcon.colcon_core.package_identification:_identify(src/depth_image_viewer) by extensions ['ros']
[1.617s] Level 1:colcon.colcon_core.package_identification:_identify(src/depth_image_viewer) by extension 'ros'
[1.630s] DEBUG:colcon.colcon_core.package_identification:Package 'src/depth_image_viewer' with type 'ros.ament_python' and name 'depth_image_viewer'
[1.630s] Level 1:colcon.colcon_core.package_discovery:discover_packages(recursive) using defaults
[1.631s] Level 1:colcon.colcon_core.package_discovery:discover_packages(ignore) discover
[1.631s] Level 1:colcon.colcon_core.package_discovery:discover_packages(ignore) using defaults
[1.631s] Level 1:colcon.colcon_core.package_discovery:discover_packages(path) discover
[1.631s] Level 1:colcon.colcon_core.package_discovery:discover_packages(path) using defaults
[1.733s] Level 1:colcon.colcon_core.package_discovery:discover_packages(prefix_path) check parameters
[1.734s] Level 1:colcon.colcon_core.package_discovery:discover_packages(prefix_path) discover
[1.752s] DEBUG:colcon.colcon_installed_package_information.package_discovery:Found 187 installed packages in /opt/ros/humble
[1.758s] Level 1:colcon.colcon_core.package_discovery:discover_packages(prefix_path) using defaults
[1.909s] Level 5:colcon.colcon_core.verb:set package 'depth_image_viewer' build argument 'cmake_args' from command line to 'None'
[1.909s] Level 5:colcon.colcon_core.verb:set package 'depth_image_viewer' build argument 'cmake_target' from command line to 'None'
[1.909s] Level 5:colcon.colcon_core.verb:set package 'depth_image_viewer' build argument 'cmake_target_skip_unavailable' from command line to 'False'
[1.909s] Level 5:colcon.colcon_core.verb:set package 'depth_image_viewer' build argument 'cmake_clean_cache' from command line to 'False'
[1.909s] Level 5:colcon.colcon_core.verb:set package 'depth_image_viewer' build argument 'cmake_clean_first' from command line to 'False'
[1.910s] Level 5:colcon.colcon_core.verb:set package 'depth_image_viewer' build argument 'cmake_force_configure' from command line to 'False'
[1.910s] Level 5:colcon.colcon_core.verb:set package 'depth_image_viewer' build argument 'ament_cmake_args' from command line to 'None'
[1.910s] Level 5:colcon.colcon_core.verb:set package 'depth_image_viewer' build argument 'catkin_cmake_args' from command line to 'None'
[1.910s] Level 5:colcon.colcon_core.verb:set package 'depth_image_viewer' build argument 'catkin_skip_building_tests' from command line to 'False'
[1.910s] DEBUG:colcon.colcon_core.verb:Building package 'depth_image_viewer' with the following arguments: {'ament_cmake_args': None, 'build_base': '/home/urc/URC/rover/build/depth_image_viewer', 'catkin_cmake_args': None, 'catkin_skip_building_tests': False, 'cmake_args': None, 'cmake_clean_cache': False, 'cmake_clean_first': False, 'cmake_force_configure': False, 'cmake_target': None, 'cmake_target_skip_unavailable': False, 'install_base': '/home/urc/URC/rover/install/depth_image_viewer', 'merge_install': False, 'path': '/home/urc/URC/rover/src/depth_image_viewer', 'symlink_install': False, 'test_result_base': None}
[1.911s] INFO:colcon.colcon_core.executor:Executing jobs using 'parallel' executor
[1.915s] DEBUG:colcon.colcon_parallel_executor.executor.parallel:run_until_complete
[1.916s] INFO:colcon.colcon_ros.task.ament_python.build:Building ROS package in '/home/urc/URC/rover/src/depth_image_viewer' with build type 'ament_python'
[1.917s] Level 1:colcon.colcon_core.shell:create_environment_hook('depth_image_viewer', 'ament_prefix_path')
[1.936s] INFO:colcon.colcon_core.plugin_system:Skipping extension 'colcon_core.shell.bat': Not used on non-Windows systems
[1.937s] INFO:colcon.colcon_core.shell:Creating environment hook '/home/urc/URC/rover/install/depth_image_viewer/share/depth_image_viewer/hook/ament_prefix_path.ps1'
[1.942s] INFO:colcon.colcon_core.shell:Creating environment descriptor '/home/urc/URC/rover/install/depth_image_viewer/share/depth_image_viewer/hook/ament_prefix_path.dsv'
[1.946s] INFO:colcon.colcon_core.shell:Creating environment hook '/home/urc/URC/rover/install/depth_image_viewer/share/depth_image_viewer/hook/ament_prefix_path.sh'
[1.951s] INFO:colcon.colcon_core.shell:Skip shell extension 'powershell' for command environment: Not usable outside of PowerShell
[1.951s] DEBUG:colcon.colcon_core.shell:Skip shell extension 'dsv' for command environment
[3.248s] INFO:colcon.colcon_core.task.python.build:Building Python package in '/home/urc/URC/rover/src/depth_image_viewer'
[3.249s] INFO:colcon.colcon_core.shell:Skip shell extension 'powershell' for command environment: Not usable outside of PowerShell
[3.250s] DEBUG:colcon.colcon_core.shell:Skip shell extension 'dsv' for command environment
[5.452s] DEBUG:colcon.colcon_core.event_handler.log_command:Invoking command in '/home/urc/URC/rover/src/depth_image_viewer': PYTHONPATH=/home/urc/URC/rover/build/depth_image_viewer/prefix_override:/usr/lib/python3/dist-packages/colcon_core/task/python/colcon_distutils_commands:/home/urc/URC/rover/install/depth_image_viewer/lib/python3.10/site-packages:${PYTHONPATH} /usr/bin/python3 -W ignore:setup.py install is deprecated setup.py egg_info --egg-base ../../build/depth_image_viewer build --build-base /home/urc/URC/rover/build/depth_image_viewer/build install --record /home/urc/URC/rover/build/depth_image_viewer/install.log --single-version-externally-managed install_data
[6.843s] DEBUG:colcon.colcon_core.event_handler.log_command:Invoked command in '/home/urc/URC/rover/src/depth_image_viewer' returned '0': PYTHONPATH=/home/urc/URC/rover/build/depth_image_viewer/prefix_override:/usr/lib/python3/dist-packages/colcon_core/task/python/colcon_distutils_commands:/home/urc/URC/rover/install/depth_image_viewer/lib/python3.10/site-packages:${PYTHONPATH} /usr/bin/python3 -W ignore:setup.py install is deprecated setup.py egg_info --egg-base ../../build/depth_image_viewer build --build-base /home/urc/URC/rover/build/depth_image_viewer/build install --record /home/urc/URC/rover/build/depth_image_viewer/install.log --single-version-externally-managed install_data
[6.864s] Level 1:colcon.colcon_core.environment:checking '/home/urc/URC/rover/install/depth_image_viewer' for CMake module files
[6.867s] Level 1:colcon.colcon_core.environment:checking '/home/urc/URC/rover/install/depth_image_viewer' for CMake config files
[6.872s] Level 1:colcon.colcon_core.environment:checking '/home/urc/URC/rover/install/depth_image_viewer/lib'
[6.873s] Level 1:colcon.colcon_core.environment:checking '/home/urc/URC/rover/install/depth_image_viewer/bin'
[6.873s] Level 1:colcon.colcon_core.environment:checking '/home/urc/URC/rover/install/depth_image_viewer/lib/pkgconfig/depth_image_viewer.pc'
[6.875s] Level 1:colcon.colcon_core.environment:checking '/home/urc/URC/rover/install/depth_image_viewer/lib/python3.10/site-packages'
[6.875s] Level 1:colcon.colcon_core.shell:create_environment_hook('depth_image_viewer', 'pythonpath')
[6.876s] INFO:colcon.colcon_core.shell:Creating environment hook '/home/urc/URC/rover/install/depth_image_viewer/share/depth_image_viewer/hook/pythonpath.ps1'
[6.878s] INFO:colcon.colcon_core.shell:Creating environment descriptor '/home/urc/URC/rover/install/depth_image_viewer/share/depth_image_viewer/hook/pythonpath.dsv'
[6.880s] INFO:colcon.colcon_core.shell:Creating environment hook '/home/urc/URC/rover/install/depth_image_viewer/share/depth_image_viewer/hook/pythonpath.sh'
[6.882s] Level 1:colcon.colcon_core.environment:checking '/home/urc/URC/rover/install/depth_image_viewer/bin'
[6.883s] Level 1:colcon.colcon_core.environment:create_environment_scripts_only(depth_image_viewer)
[6.884s] INFO:colcon.colcon_core.shell:Creating package script '/home/urc/URC/rover/install/depth_image_viewer/share/depth_image_viewer/package.ps1'
[6.889s] INFO:colcon.colcon_core.shell:Creating package descriptor '/home/urc/URC/rover/install/depth_image_viewer/share/depth_image_viewer/package.dsv'
[6.892s] INFO:colcon.colcon_core.shell:Creating package script '/home/urc/URC/rover/install/depth_image_viewer/share/depth_image_viewer/package.sh'
[6.896s] INFO:colcon.colcon_core.shell:Creating package script '/home/urc/URC/rover/install/depth_image_viewer/share/depth_image_viewer/package.bash'
[6.900s] INFO:colcon.colcon_core.shell:Creating package script '/home/urc/URC/rover/install/depth_image_viewer/share/depth_image_viewer/package.zsh'
[6.904s] Level 1:colcon.colcon_core.environment:create_file_with_runtime_dependencies(/home/urc/URC/rover/install/depth_image_viewer/share/colcon-core/packages/depth_image_viewer)
[6.906s] DEBUG:colcon.colcon_parallel_executor.executor.parallel:closing loop
[6.908s] DEBUG:colcon.colcon_parallel_executor.executor.parallel:loop closed
[6.909s] DEBUG:colcon.colcon_parallel_executor.executor.parallel:run_until_complete finished with '0'
[6.909s] DEBUG:colcon.colcon_core.event_reactor:joining thread
[6.935s] INFO:colcon.colcon_core.plugin_system:Skipping extension 'colcon_notification.desktop_notification.terminal_notifier': Not used on non-Darwin systems
[6.936s] INFO:colcon.colcon_core.plugin_system:Skipping extension 'colcon_notification.desktop_notification.win32': Not used on non-Windows systems
[6.936s] INFO:colcon.colcon_notification.desktop_notification:Sending desktop notification using 'notify2'
[7.056s] DEBUG:colcon.colcon_core.event_reactor:joined thread
[7.058s] INFO:colcon.colcon_core.shell:Creating prefix script '/home/urc/URC/rover/install/local_setup.ps1'
[7.063s] INFO:colcon.colcon_core.shell:Creating prefix util module '/home/urc/URC/rover/install/_local_setup_util_ps1.py'
[7.071s] INFO:colcon.colcon_core.shell:Creating prefix chain script '/home/urc/URC/rover/install/setup.ps1'
[7.089s] INFO:colcon.colcon_core.shell:Creating prefix script '/home/urc/URC/rover/install/local_setup.sh'
[7.105s] INFO:colcon.colcon_core.shell:Creating prefix util module '/home/urc/URC/rover/install/_local_setup_util_sh.py'
[7.111s] INFO:colcon.colcon_core.shell:Creating prefix chain script '/home/urc/URC/rover/install/setup.sh'
[7.119s] INFO:colcon.colcon_core.shell:Creating prefix script '/home/urc/URC/rover/install/local_setup.bash'
[7.130s] INFO:colcon.colcon_core.shell:Creating prefix chain script '/home/urc/URC/rover/install/setup.bash'
[7.136s] INFO:colcon.colcon_core.shell:Creating prefix script '/home/urc/URC/rover/install/local_setup.zsh'
[7.153s] INFO:colcon.colcon_core.shell:Creating prefix chain script '/home/urc/URC/rover/install/setup.zsh'
