-- Found ament_cmake: 1.3.10 (/opt/ros/humble/share/ament_cmake/cmake)
-- Found Python3: /usr/bin/python3 (found version "3.10.12") found components: Interpreter 
-- Found rclpy: 3.3.14 (/opt/ros/humble/share/rclpy/cmake)
-- Found rclcpp: 16.0.10 (/opt/ros/humble/share/rclcpp/cmake)
-- Found rosidl_generator_c: 3.1.5 (/opt/ros/humble/share/rosidl_generator_c/cmake)
-- Found rosidl_adapter: 3.1.5 (/opt/ros/humble/share/rosidl_adapter/cmake)
-- Found rosidl_generator_cpp: 3.1.5 (/opt/ros/humble/share/rosidl_generator_cpp/cmake)
-- Using all available rosidl_typesupport_c: rosidl_typesupport_fastrtps_c;rosidl_typesupport_introspection_c
-- Using all available rosidl_typesupport_cpp: rosidl_typesupport_fastrtps_cpp;rosidl_typesupport_introspection_cpp
-- Found rmw_implementation_cmake: 6.1.2 (/opt/ros/humble/share/rmw_implementation_cmake/cmake)
-- Found rmw_fastrtps_cpp: 6.2.7 (/opt/ros/humble/share/rmw_fastrtps_cpp/cmake)
-- Found OpenSSL: /usr/lib/x86_64-linux-gnu/libcrypto.so (found version "3.0.2")  
-- Found FastRTPS: /opt/ros/humble/include  
-- Using RMW implementation 'rmw_fastrtps_cpp' as default
-- Looking for pthread.h
-- Looking for pthread.h - found
-- Performing Test CMAKE_HAVE_LIBC_PTHREAD
-- Performing Test CMAKE_HAVE_LIBC_PTHREAD - Success
-- Found Threads: TRUE  
-- Looking for ignition-plugin1 -- found version 1.4.0
-- Searching for dependencies of ignition-plugin1
-- Searching for <ignition-plugin1> component [register]
-- Looking for ignition-plugin1-register -- found version 1.4.0
-- Searching for dependencies of ignition-plugin1-register
-- Looking for ignition-common4 -- found version 4.7.0
-- Searching for dependencies of ignition-common4
-- Looking for dlfcn.h - found
-- Looking for libdl - found
-- Found DL: TRUE  
-- Checking for module 'uuid'
--   Found uuid, version 2.37.2
-- Found UUID: TRUE  
-- Searching for <ignition-common4> component [profiler]
-- Looking for ignition-common4-profiler -- found version 4.7.0
-- Searching for dependencies of ignition-common4-profiler
-- Looking for ignition-gazebo6 -- found version 6.16.0
-- Searching for dependencies of ignition-gazebo6
-- Looking for sdformat12 -- found version 12.8.0
-- Searching for dependencies of sdformat12
-- Checking for module 'tinyxml2'
--   Found tinyxml2, version 9.0.0
-- Looking for ignition-math6 -- found version 6.15.1
-- Searching for dependencies of ignition-math6
-- Looking for ignition-utils1 -- found version 1.5.1
-- Searching for dependencies of ignition-utils1
-- Looking for ignition-plugin1 -- found version 1.4.0
-- Searching for dependencies of ignition-plugin1
-- Searching for <ignition-plugin1> component [loader]
-- Looking for ignition-plugin1-loader -- found version 1.4.0
-- Searching for dependencies of ignition-plugin1-loader
-- Searching for <ignition-plugin1> component [register]
-- Looking for ignition-transport11 -- found version 11.4.1
-- Searching for dependencies of ignition-transport11
-- Found Protobuf: /usr/lib/x86_64-linux-gnu/libprotobuf.so (found version "3.12.4") 
-- Config-file not installed for ZeroMQ -- checking for pkg-config
-- Checking for module 'libzmq >= 4'
--   Found libzmq , version 4.3.4
-- Found ZeroMQ: TRUE (Required is at least version "4") 
-- Looking for ignition-utils1 -- found version 1.5.1
-- Searching for dependencies of ignition-utils1
-- Searching for <ignition-utils1> component [cli]
-- Looking for ignition-utils1-cli -- found version 1.5.1
-- Searching for dependencies of ignition-utils1-cli
-- Looking for ignition-msgs8 -- found version 8.7.0
-- Searching for dependencies of ignition-msgs8
-- Found Protobuf: /usr/lib/x86_64-linux-gnu/libprotobuf.so (found suitable version "3.12.4", minimum required is "3") 
-- Looking for ignition-math6 -- found version 6.15.1
-- Searching for <ignition-transport11> component [log]
-- Looking for ignition-transport11-log -- found version 11.4.1
-- Searching for dependencies of ignition-transport11-log
-- Searching for <ignition-transport11> component [parameters]
-- Looking for ignition-transport11-parameters -- found version 11.4.1
-- Searching for dependencies of ignition-transport11-parameters
-- Looking for ignition-msgs8 -- found version 8.7.0
-- Looking for ignition-common4 -- found version 4.7.0
-- Searching for dependencies of ignition-common4
-- Looking for dlfcn.h - found
-- Looking for libdl - found
-- Searching for <ignition-common4> component [profiler]
-- Searching for <ignition-common4> component [events]
-- Looking for ignition-common4-events -- found version 4.7.0
-- Searching for dependencies of ignition-common4-events
-- Looking for ignition-math6 -- found version 6.15.1
-- Searching for <ignition-common4> component [av]
-- Looking for ignition-common4-av -- found version 4.7.0
-- Searching for dependencies of ignition-common4-av
-- Checking for module 'libswscale'
--   Found libswscale, version 5.9.100
-- Found SWSCALE: TRUE  
-- Checking for module 'libavdevice >= 56.4.100'
--   Found libavdevice , version 58.13.100
-- Found AVDEVICE: TRUE (Required is at least version "56.4.100") 
-- Checking for module 'libavformat'
--   Found libavformat, version 58.76.100
-- Found AVFORMAT: TRUE  
-- Checking for module 'libavcodec'
--   Found libavcodec, version 58.134.100
-- Found AVCODEC: TRUE  
-- Checking for module 'libavutil'
--   Found libavutil, version 56.70.100
-- Found AVUTIL: TRUE  
-- Looking for ignition-fuel_tools7 -- found version 7.3.1
-- Searching for dependencies of ignition-fuel_tools7
-- Found CURL: /usr/lib/x86_64-linux-gnu/libcurl.so (found version "7.81.0")  
-- Checking for module 'jsoncpp'
--   Found jsoncpp, version 1.9.5
-- Found JSONCPP: TRUE  
-- Checking for module 'libzip'
--   Found libzip, version 1.7.3
-- Found ZIP: TRUE  
-- Looking for ignition-common4 -- found version 4.7.0
-- Looking for ignition-math6 -- found version 6.15.1
-- Looking for ignition-msgs8 -- found version 8.7.0
-- Looking for ignition-gui6 -- found version 6.8.0
-- Searching for dependencies of ignition-gui6
-- Looking for ignition-math6 -- found version 6.15.1
-- Looking for ignition-common4 -- found version 4.7.0
-- Looking for ignition-plugin1 -- found version 1.4.0
-- Looking for ignition-transport11 -- found version 11.4.1
-- Looking for ignition-rendering6 -- found version 6.6.3
-- Searching for dependencies of ignition-rendering6
-- Looking for ignition-math6 -- found version 6.15.1
-- Searching for dependencies of ignition-math6
-- Searching for <ignition-math6> component [eigen3]
-- Looking for ignition-math6-eigen3 -- found version 6.15.1
-- Searching for dependencies of ignition-math6-eigen3
-- Looking for ignition-common4 -- found version 4.7.0
-- Searching for dependencies of ignition-common4
-- Looking for dlfcn.h - found
-- Looking for libdl - found
-- Searching for <ignition-common4> component [graphics]
-- Looking for ignition-common4-graphics -- found version 4.7.0
-- Searching for dependencies of ignition-common4-graphics
-- Looking for ignition-math6 -- found version 6.15.1
-- Looking for ignition-utils1 -- found version 1.5.1
-- Searching for <ignition-common4> component [events]
-- Looking for ignition-plugin1 -- found version 1.4.0
-- Searching for dependencies of ignition-plugin1
-- Searching for <ignition-plugin1> component [all]
-- Looking for all libraries of ignition-plugin1 -- found version 1.4.0
-- Looking for ignition-plugin1 -- found version 1.4.0
-- Looking for ignition-msgs8 -- found version 8.7.0
-- Looking for ignition-physics5 -- found version 5.3.2
-- Searching for dependencies of ignition-physics5
-- Looking for ignition-math6 -- found version 6.15.1
-- Looking for ignition-plugin1 -- found version 1.4.0
-- Looking for ignition-utils1 -- found version 1.5.1
-- Searching for <ignition-physics5> component [heightmap]
-- Looking for ignition-physics5-heightmap -- found version 5.3.2
-- Searching for dependencies of ignition-physics5-heightmap
-- Looking for ignition-common4 -- found version 4.7.0
-- Searching for <ignition-physics5> component [mesh]
-- Looking for ignition-physics5-mesh -- found version 5.3.2
-- Searching for dependencies of ignition-physics5-mesh
-- Looking for ignition-common4 -- found version 4.7.0
-- Searching for <ignition-physics5> component [sdf]
-- Looking for ignition-physics5-sdf -- found version 5.3.2
-- Searching for dependencies of ignition-physics5-sdf
-- Looking for sdformat12 -- found version 12.8.0
-- Looking for ignition-sensors6 -- found version 6.8.0
-- Searching for dependencies of ignition-sensors6
-- Found Protobuf: /usr/lib/x86_64-linux-gnu/libprotobuf.so (found version "3.12.4") 
-- Looking for ignition-math6 -- found version 6.15.1
-- Looking for ignition-common4 -- found version 4.7.0
-- Looking for ignition-transport11 -- found version 11.4.1
-- Looking for ignition-rendering6 -- found version 6.6.3
-- Looking for ignition-msgs8 -- found version 8.7.0
-- Looking for sdformat12 -- found version 12.8.0
-- Searching for <ignition-sensors6> component [air_pressure]
-- Looking for ignition-sensors6-air_pressure -- found version 6.8.0
-- Searching for dependencies of ignition-sensors6-air_pressure
-- Searching for <ignition-sensors6> component [altimeter]
-- Looking for ignition-sensors6-altimeter -- found version 6.8.0
-- Searching for dependencies of ignition-sensors6-altimeter
-- Searching for <ignition-sensors6> component [imu]
-- Looking for ignition-sensors6-imu -- found version 6.8.0
-- Searching for dependencies of ignition-sensors6-imu
-- Searching for <ignition-sensors6> component [force_torque]
-- Looking for ignition-sensors6-force_torque -- found version 6.8.0
-- Searching for dependencies of ignition-sensors6-force_torque
-- Searching for <ignition-sensors6> component [logical_camera]
-- Looking for ignition-sensors6-logical_camera -- found version 6.8.0
-- Searching for dependencies of ignition-sensors6-logical_camera
-- Searching for <ignition-sensors6> component [magnetometer]
-- Looking for ignition-sensors6-magnetometer -- found version 6.8.0
-- Searching for dependencies of ignition-sensors6-magnetometer
-- Searching for <ignition-sensors6> component [navsat]
-- Looking for ignition-sensors6-navsat -- found version 6.8.0
-- Searching for dependencies of ignition-sensors6-navsat
-- Searching for <ignition-sensors6> component [rendering]
-- Looking for ignition-sensors6-rendering -- found version 6.8.0
-- Searching for dependencies of ignition-sensors6-rendering
-- Searching for <ignition-sensors6> component [lidar]
-- Looking for ignition-sensors6-lidar -- found version 6.8.0
-- Searching for dependencies of ignition-sensors6-lidar
-- Looking for ignition-sensors6 -- found version 6.8.0
-- Searching for <ignition-sensors6> component [gpu_lidar]
-- Looking for ignition-sensors6-gpu_lidar -- found version 6.8.0
-- Searching for dependencies of ignition-sensors6-gpu_lidar
-- Looking for ignition-sensors6 -- found version 6.8.0
-- Searching for <ignition-sensors6> component [camera]
-- Looking for ignition-sensors6-camera -- found version 6.8.0
-- Searching for dependencies of ignition-sensors6-camera
-- Looking for ignition-sensors6 -- found version 6.8.0
-- Searching for <ignition-sensors6> component [boundingbox_camera]
-- Looking for ignition-sensors6-boundingbox_camera -- found version 6.8.0
-- Searching for dependencies of ignition-sensors6-boundingbox_camera
-- Searching for <ignition-sensors6> component [segmentation_camera]
-- Looking for ignition-sensors6-segmentation_camera -- found version 6.8.0
-- Searching for dependencies of ignition-sensors6-segmentation_camera
-- Searching for <ignition-sensors6> component [depth_camera]
-- Looking for ignition-sensors6-depth_camera -- found version 6.8.0
-- Searching for dependencies of ignition-sensors6-depth_camera
-- Looking for ignition-sensors6 -- found version 6.8.0
-- Searching for <ignition-sensors6> component [rgbd_camera]
-- Looking for ignition-sensors6-rgbd_camera -- found version 6.8.0
-- Searching for dependencies of ignition-sensors6-rgbd_camera
-- Looking for ignition-sensors6 -- found version 6.8.0
-- Searching for <ignition-sensors6> component [thermal_camera]
-- Looking for ignition-sensors6-thermal_camera -- found version 6.8.0
-- Searching for dependencies of ignition-sensors6-thermal_camera
-- Looking for ignition-sensors6 -- found version 6.8.0
-- Looking for ignition-rendering6 -- found version 6.6.3
-- Looking for ignition-math6 -- found version 6.15.1
-- Looking for ignition-utils1 -- found version 1.5.1
-- Found ament_lint_auto: 0.12.11 (/opt/ros/humble/share/ament_lint_auto/cmake)
-- Added test 'cppcheck' to perform static code analysis on C / C++ code
-- Configured cppcheck include dirs: /home/therion/dev/school/URC/srp_sim/src/sim_package/include
-- Configured cppcheck exclude dirs and/or files: 
-- Added test 'flake8' to check Python code syntax and style conventions
-- Added test 'lint_cmake' to check CMake code style
-- Added test 'pep257' to check Python code against some of the docstring style conventions in PEP 257
-- Added test 'uncrustify' to check C / C++ code style
-- Configured uncrustify additional arguments: 
-- Added test 'xmllint' to check XML markup files
-- Configuring done
-- Generating done
-- Build files have been written to: /home/therion/dev/school/URC/srp_sim/build/sim_package
[ 50%] [32mBuilding CXX object CMakeFiles/BasicSystem.dir/src/BasicSystem.cc.o[0m
[100%] [32m[1mLinking CXX shared library libBasicSystem.so[0m
[100%] Built target BasicSystem
-- Install configuration: ""
-- Up-to-date: /home/therion/dev/school/URC/srp_sim/install/sim_package/share/sim_package/models
-- Up-to-date: /home/therion/dev/school/URC/srp_sim/install/sim_package/share/sim_package/models/4x4_50-5
-- Up-to-date: /home/therion/dev/school/URC/srp_sim/install/sim_package/share/sim_package/models/4x4_50-5/marker0
-- Up-to-date: /home/therion/dev/school/URC/srp_sim/install/sim_package/share/sim_package/models/4x4_50-5/marker0/marker0
-- Up-to-date: /home/therion/dev/school/URC/srp_sim/install/sim_package/share/sim_package/models/4x4_50-5/marker0/marker0/materials
-- Up-to-date: /home/therion/dev/school/URC/srp_sim/install/sim_package/share/sim_package/models/4x4_50-5/marker0/marker0/materials/textures
-- Up-to-date: /home/therion/dev/school/URC/srp_sim/install/sim_package/share/sim_package/models/4x4_50-5/marker0/marker0/materials/textures/Marker0.png
-- Up-to-date: /home/therion/dev/school/URC/srp_sim/install/sim_package/share/sim_package/models/4x4_50-5/marker0/marker0/meshes
-- Up-to-date: /home/therion/dev/school/URC/srp_sim/install/sim_package/share/sim_package/models/4x4_50-5/marker0/marker0/meshes/Marker0.dae
-- Up-to-date: /home/therion/dev/school/URC/srp_sim/install/sim_package/share/sim_package/models/4x4_50-5/marker0/marker0/model-1_4.sdf
-- Up-to-date: /home/therion/dev/school/URC/srp_sim/install/sim_package/share/sim_package/models/4x4_50-5/marker0/marker0/model.config
-- Up-to-date: /home/therion/dev/school/URC/srp_sim/install/sim_package/share/sim_package/models/4x4_50-5/marker0/marker0/model-1_5.sdf
-- Up-to-date: /home/therion/dev/school/URC/srp_sim/install/sim_package/share/sim_package/models/4x4_50-5/marker0/marker0/model.sdf
-- Up-to-date: /home/therion/dev/school/URC/srp_sim/install/sim_package/share/sim_package/models/4x4_50-5/marker0/materials
-- Up-to-date: /home/therion/dev/school/URC/srp_sim/install/sim_package/share/sim_package/models/4x4_50-5/marker0/materials/textures
-- Up-to-date: /home/therion/dev/school/URC/srp_sim/install/sim_package/share/sim_package/models/4x4_50-5/marker0/materials/textures/Marker0.png
-- Up-to-date: /home/therion/dev/school/URC/srp_sim/install/sim_package/share/sim_package/models/4x4_50-5/marker0/meshes
-- Up-to-date: /home/therion/dev/school/URC/srp_sim/install/sim_package/share/sim_package/models/4x4_50-5/marker0/meshes/Marker0.dae
-- Up-to-date: /home/therion/dev/school/URC/srp_sim/install/sim_package/share/sim_package/models/4x4_50-5/marker0/model-1_4.sdf
-- Up-to-date: /home/therion/dev/school/URC/srp_sim/install/sim_package/share/sim_package/models/4x4_50-5/marker0/model.config
-- Up-to-date: /home/therion/dev/school/URC/srp_sim/install/sim_package/share/sim_package/models/4x4_50-5/marker0/model-1_5.sdf
-- Up-to-date: /home/therion/dev/school/URC/srp_sim/install/sim_package/share/sim_package/models/4x4_50-5/marker0/model.sdf
-- Up-to-date: /home/therion/dev/school/URC/srp_sim/install/sim_package/share/sim_package/models/4x4_50-5/materials
-- Up-to-date: /home/therion/dev/school/URC/srp_sim/install/sim_package/share/sim_package/models/4x4_50-5/materials/textures
-- Up-to-date: /home/therion/dev/school/URC/srp_sim/install/sim_package/share/sim_package/models/4x4_50-5/materials/textures/4X4_50-5.png
-- Up-to-date: /home/therion/dev/school/URC/srp_sim/install/sim_package/share/sim_package/models/4x4_50-5/meshes
-- Up-to-date: /home/therion/dev/school/URC/srp_sim/install/sim_package/share/sim_package/models/4x4_50-5/meshes/4X4_50-5.dae
-- Up-to-date: /home/therion/dev/school/URC/srp_sim/install/sim_package/share/sim_package/models/4x4_50-5/model-1_4.sdf
-- Up-to-date: /home/therion/dev/school/URC/srp_sim/install/sim_package/share/sim_package/models/4x4_50-5/4X4_50-5.png
-- Up-to-date: /home/therion/dev/school/URC/srp_sim/install/sim_package/share/sim_package/models/4x4_50-5/model.config
-- Up-to-date: /home/therion/dev/school/URC/srp_sim/install/sim_package/share/sim_package/models/4x4_50-5/4X4_50-5.dae
-- Up-to-date: /home/therion/dev/school/URC/srp_sim/install/sim_package/share/sim_package/models/4x4_50-5/aruco_marker.xacro
-- Up-to-date: /home/therion/dev/school/URC/srp_sim/install/sim_package/share/sim_package/models/4x4_50-5/model-1_5.sdf
-- Up-to-date: /home/therion/dev/school/URC/srp_sim/install/sim_package/share/sim_package/models/4x4_50-5/model.sdf
-- Up-to-date: /home/therion/dev/school/URC/srp_sim/install/sim_package/share/sim_package/worlds
-- Up-to-date: /home/therion/dev/school/URC/srp_sim/install/sim_package/share/sim_package/worlds/test.world
-- Up-to-date: /home/therion/dev/school/URC/srp_sim/install/sim_package/share/sim_package/worlds/world.sdf
-- Up-to-date: /home/therion/dev/school/URC/srp_sim/install/sim_package/share/sim_package/launch
-- Up-to-date: /home/therion/dev/school/URC/srp_sim/install/sim_package/share/sim_package/launch/aruco_marker_launch.launch.py
-- Up-to-date: /home/therion/dev/school/URC/srp_sim/install/sim_package/share/sim_package/launch/world.launch.py
-- Up-to-date: /home/therion/dev/school/URC/srp_sim/install/sim_package/share/sim_package/config
-- Up-to-date: /home/therion/dev/school/URC/srp_sim/install/sim_package/share/sim_package/config/aruco_marker_config.rviz
-- Installing: /home/therion/dev/school/URC/srp_sim/install/sim_package/lib/sim_package/libBasicSystem.so
-- Installing: /home/therion/dev/school/URC/srp_sim/install/sim_package/share/sim_package/environment/sim_package.dsv
-- Installing: /home/therion/dev/school/URC/srp_sim/install/sim_package/share/sim_package/environment/sim_package.sh
-- Installing: /home/therion/dev/school/URC/srp_sim/install/sim_package/share/ament_index/resource_index/package_run_dependencies/sim_package
-- Installing: /home/therion/dev/school/URC/srp_sim/install/sim_package/share/ament_index/resource_index/parent_prefix_path/sim_package
-- Installing: /home/therion/dev/school/URC/srp_sim/install/sim_package/share/sim_package/environment/ament_prefix_path.sh
-- Installing: /home/therion/dev/school/URC/srp_sim/install/sim_package/share/sim_package/environment/ament_prefix_path.dsv
-- Installing: /home/therion/dev/school/URC/srp_sim/install/sim_package/share/sim_package/environment/path.sh
-- Installing: /home/therion/dev/school/URC/srp_sim/install/sim_package/share/sim_package/environment/path.dsv
-- Installing: /home/therion/dev/school/URC/srp_sim/install/sim_package/share/sim_package/local_setup.bash
-- Installing: /home/therion/dev/school/URC/srp_sim/install/sim_package/share/sim_package/local_setup.sh
-- Installing: /home/therion/dev/school/URC/srp_sim/install/sim_package/share/sim_package/local_setup.zsh
-- Installing: /home/therion/dev/school/URC/srp_sim/install/sim_package/share/sim_package/local_setup.dsv
-- Installing: /home/therion/dev/school/URC/srp_sim/install/sim_package/share/sim_package/package.dsv
-- Installing: /home/therion/dev/school/URC/srp_sim/install/sim_package/share/ament_index/resource_index/packages/sim_package
-- Installing: /home/therion/dev/school/URC/srp_sim/install/sim_package/share/sim_package/cmake/sim_packageConfig.cmake
-- Installing: /home/therion/dev/school/URC/srp_sim/install/sim_package/share/sim_package/cmake/sim_packageConfig-version.cmake
-- Up-to-date: /home/therion/dev/school/URC/srp_sim/install/sim_package/share/sim_package/package.xml
