[0.006s] Invoking command in '/home/therion/dev/school/URC/srp_sim/build/sim_package': CMAKE_PREFIX_PATH=/opt/ros/humble /usr/bin/cmake /home/therion/dev/school/URC/srp_sim/src/sim_package -DCMAKE_INSTALL_PREFIX=/home/therion/dev/school/URC/srp_sim/install/sim_package
[0.018s] -- Found ament_cmake: 1.3.10 (/opt/ros/humble/share/ament_cmake/cmake)
[0.109s] -- Found Python3: /usr/bin/python3 (found version "3.10.12") found components: Interpreter 
[0.171s] -- Found rclpy: 3.3.14 (/opt/ros/humble/share/rclpy/cmake)
[0.173s] -- Found rclcpp: 16.0.10 (/opt/ros/humble/share/rclcpp/cmake)
[0.209s] -- Found rosidl_generator_c: 3.1.5 (/opt/ros/humble/share/rosidl_generator_c/cmake)
[0.213s] -- Found rosidl_adapter: 3.1.5 (/opt/ros/humble/share/rosidl_adapter/cmake)
[0.221s] -- Found rosidl_generator_cpp: 3.1.5 (/opt/ros/humble/share/rosidl_generator_cpp/cmake)
[0.232s] -- Using all available rosidl_typesupport_c: rosidl_typesupport_fastrtps_c;rosidl_typesupport_introspection_c
[0.246s] -- Using all available rosidl_typesupport_cpp: rosidl_typesupport_fastrtps_cpp;rosidl_typesupport_introspection_cpp
[0.283s] -- Found rmw_implementation_cmake: 6.1.2 (/opt/ros/humble/share/rmw_implementation_cmake/cmake)
[0.285s] -- Found rmw_fastrtps_cpp: 6.2.7 (/opt/ros/humble/share/rmw_fastrtps_cpp/cmake)
[0.354s] -- Found OpenSSL: /usr/lib/x86_64-linux-gnu/libcrypto.so (found version "3.0.2")  
[0.372s] -- Found FastRTPS: /opt/ros/humble/include  
[0.398s] -- Using RMW implementation 'rmw_fastrtps_cpp' as default
[0.406s] -- Looking for pthread.h
[0.463s] -- Looking for pthread.h - found
[0.463s] -- Performing Test CMAKE_HAVE_LIBC_PTHREAD
[0.512s] -- Performing Test CMAKE_HAVE_LIBC_PTHREAD - Success
[0.513s] -- Found Threads: TRUE  
[0.562s] -- Looking for ignition-plugin1 -- found version 1.4.0
[0.563s] -- Searching for dependencies of ignition-plugin1
[0.564s] -- Searching for <ignition-plugin1> component [register]
[0.566s] -- Looking for ignition-plugin1-register -- found version 1.4.0
[0.566s] -- Searching for dependencies of ignition-plugin1-register
[0.569s] -- Looking for ignition-common4 -- found version 4.7.0
[0.569s] -- Searching for dependencies of ignition-common4
[0.570s] -- Looking for dlfcn.h - found
[0.570s] -- Looking for libdl - found
[0.571s] -- Found DL: TRUE  
[0.574s] -- Checking for module 'uuid'
[0.583s] --   Found uuid, version 2.37.2
[0.607s] -- Found UUID: TRUE  
[0.608s] -- Searching for <ignition-common4> component [profiler]
[0.610s] -- Looking for ignition-common4-profiler -- found version 4.7.0
[0.610s] -- Searching for dependencies of ignition-common4-profiler
[0.616s] -- Looking for ignition-gazebo6 -- found version 6.16.0
[0.616s] -- Searching for dependencies of ignition-gazebo6
[0.620s] -- Looking for sdformat12 -- found version 12.8.0
[0.620s] -- Searching for dependencies of sdformat12
[0.623s] -- Checking for module 'tinyxml2'
[0.633s] --   Found tinyxml2, version 9.0.0
[0.660s] -- Looking for ignition-math6 -- found version 6.15.1
[0.660s] -- Searching for dependencies of ignition-math6
[0.664s] -- Looking for ignition-utils1 -- found version 1.5.1
[0.664s] -- Searching for dependencies of ignition-utils1
[0.666s] -- Looking for ignition-plugin1 -- found version 1.4.0
[0.666s] -- Searching for dependencies of ignition-plugin1
[0.666s] -- Searching for <ignition-plugin1> component [loader]
[0.668s] -- Looking for ignition-plugin1-loader -- found version 1.4.0
[0.669s] -- Searching for dependencies of ignition-plugin1-loader
[0.669s] -- Searching for <ignition-plugin1> component [register]
[0.672s] -- Looking for ignition-transport11 -- found version 11.4.1
[0.672s] -- Searching for dependencies of ignition-transport11
[0.691s] -- Found Protobuf: /usr/lib/x86_64-linux-gnu/libprotobuf.so (found version "3.12.4") 
[0.700s] -- Config-file not installed for ZeroMQ -- checking for pkg-config
[0.703s] -- Checking for module 'libzmq >= 4'
[0.714s] --   Found libzmq , version 4.3.4
[0.740s] -- Found ZeroMQ: TRUE (Required is at least version "4") 
[0.745s] -- Looking for ignition-utils1 -- found version 1.5.1
[0.745s] -- Searching for dependencies of ignition-utils1
[0.745s] -- Searching for <ignition-utils1> component [cli]
[0.747s] -- Looking for ignition-utils1-cli -- found version 1.5.1
[0.748s] -- Searching for dependencies of ignition-utils1-cli
[0.750s] -- Looking for ignition-msgs8 -- found version 8.7.0
[0.750s] -- Searching for dependencies of ignition-msgs8
[0.763s] -- Found Protobuf: /usr/lib/x86_64-linux-gnu/libprotobuf.so (found suitable version "3.12.4", minimum required is "3") 
[0.763s] -- Looking for ignition-math6 -- found version 6.15.1
[0.769s] -- Searching for <ignition-transport11> component [log]
[0.771s] -- Looking for ignition-transport11-log -- found version 11.4.1
[0.771s] -- Searching for dependencies of ignition-transport11-log
[0.772s] -- Searching for <ignition-transport11> component [parameters]
[0.774s] -- Looking for ignition-transport11-parameters -- found version 11.4.1
[0.774s] -- Searching for dependencies of ignition-transport11-parameters
[0.775s] -- Looking for ignition-msgs8 -- found version 8.7.0
[0.775s] -- Looking for ignition-common4 -- found version 4.7.0
[0.775s] -- Searching for dependencies of ignition-common4
[0.775s] -- Looking for dlfcn.h - found
[0.775s] -- Looking for libdl - found
[0.780s] -- Searching for <ignition-common4> component [profiler]
[0.781s] -- Searching for <ignition-common4> component [events]
[0.783s] -- Looking for ignition-common4-events -- found version 4.7.0
[0.783s] -- Searching for dependencies of ignition-common4-events
[0.783s] -- Looking for ignition-math6 -- found version 6.15.1
[0.784s] -- Searching for <ignition-common4> component [av]
[0.786s] -- Looking for ignition-common4-av -- found version 4.7.0
[0.786s] -- Searching for dependencies of ignition-common4-av
[0.789s] -- Checking for module 'libswscale'
[0.798s] --   Found libswscale, version 5.9.100
[0.824s] -- Found SWSCALE: TRUE  
[0.828s] -- Checking for module 'libavdevice >= 56.4.100'
[0.840s] --   Found libavdevice , version 58.13.100
[0.869s] -- Found AVDEVICE: TRUE (Required is at least version "56.4.100") 
[0.872s] -- Checking for module 'libavformat'
[0.882s] --   Found libavformat, version 58.76.100
[0.908s] -- Found AVFORMAT: TRUE  
[0.912s] -- Checking for module 'libavcodec'
[0.921s] --   Found libavcodec, version 58.134.100
[0.946s] -- Found AVCODEC: TRUE  
[0.949s] -- Checking for module 'libavutil'
[0.958s] --   Found libavutil, version 56.70.100
[0.982s] -- Found AVUTIL: TRUE  
[0.985s] -- Looking for ignition-fuel_tools7 -- found version 7.3.1
[0.985s] -- Searching for dependencies of ignition-fuel_tools7
[1.038s] -- Found CURL: /usr/lib/x86_64-linux-gnu/libcurl.so (found version "7.81.0")  
[1.045s] -- Checking for module 'jsoncpp'
[1.054s] --   Found jsoncpp, version 1.9.5
[1.078s] -- Found JSONCPP: TRUE  
[1.081s] -- Checking for module 'libzip'
[1.091s] --   Found libzip, version 1.7.3
[1.113s] -- Found ZIP: TRUE  
[1.113s] -- Looking for ignition-common4 -- found version 4.7.0
[1.113s] -- Looking for ignition-math6 -- found version 6.15.1
[1.114s] -- Looking for ignition-msgs8 -- found version 8.7.0
[1.117s] -- Looking for ignition-gui6 -- found version 6.8.0
[1.117s] -- Searching for dependencies of ignition-gui6
[1.135s] -- Looking for ignition-math6 -- found version 6.15.1
[1.135s] -- Looking for ignition-common4 -- found version 4.7.0
[1.135s] -- Looking for ignition-plugin1 -- found version 1.4.0
[1.135s] -- Looking for ignition-transport11 -- found version 11.4.1
[1.138s] -- Looking for ignition-rendering6 -- found version 6.6.3
[1.139s] -- Searching for dependencies of ignition-rendering6
[1.139s] -- Looking for ignition-math6 -- found version 6.15.1
[1.139s] -- Searching for dependencies of ignition-math6
[1.139s] -- Searching for <ignition-math6> component [eigen3]
[1.141s] -- Looking for ignition-math6-eigen3 -- found version 6.15.1
[1.142s] -- Searching for dependencies of ignition-math6-eigen3
[1.148s] -- Looking for ignition-common4 -- found version 4.7.0
[1.148s] -- Searching for dependencies of ignition-common4
[1.148s] -- Looking for dlfcn.h - found
[1.148s] -- Looking for libdl - found
[1.153s] -- Searching for <ignition-common4> component [graphics]
[1.155s] -- Looking for ignition-common4-graphics -- found version 4.7.0
[1.155s] -- Searching for dependencies of ignition-common4-graphics
[1.156s] -- Looking for ignition-math6 -- found version 6.15.1
[1.156s] -- Looking for ignition-utils1 -- found version 1.5.1
[1.156s] -- Searching for <ignition-common4> component [events]
[1.157s] -- Looking for ignition-plugin1 -- found version 1.4.0
[1.157s] -- Searching for dependencies of ignition-plugin1
[1.157s] -- Searching for <ignition-plugin1> component [all]
[1.159s] -- Looking for all libraries of ignition-plugin1 -- found version 1.4.0
[1.159s] -- Looking for ignition-plugin1 -- found version 1.4.0
[1.161s] -- Looking for ignition-msgs8 -- found version 8.7.0
[1.193s] -- Looking for ignition-physics5 -- found version 5.3.2
[1.193s] -- Searching for dependencies of ignition-physics5
[1.193s] -- Looking for ignition-math6 -- found version 6.15.1
[1.194s] -- Looking for ignition-plugin1 -- found version 1.4.0
[1.194s] -- Looking for ignition-utils1 -- found version 1.5.1
[1.195s] -- Searching for <ignition-physics5> component [heightmap]
[1.197s] -- Looking for ignition-physics5-heightmap -- found version 5.3.2
[1.197s] -- Searching for dependencies of ignition-physics5-heightmap
[1.197s] -- Looking for ignition-common4 -- found version 4.7.0
[1.198s] -- Searching for <ignition-physics5> component [mesh]
[1.200s] -- Looking for ignition-physics5-mesh -- found version 5.3.2
[1.200s] -- Searching for dependencies of ignition-physics5-mesh
[1.200s] -- Looking for ignition-common4 -- found version 4.7.0
[1.201s] -- Searching for <ignition-physics5> component [sdf]
[1.203s] -- Looking for ignition-physics5-sdf -- found version 5.3.2
[1.203s] -- Searching for dependencies of ignition-physics5-sdf
[1.203s] -- Looking for sdformat12 -- found version 12.8.0
[1.207s] -- Looking for ignition-sensors6 -- found version 6.8.0
[1.208s] -- Searching for dependencies of ignition-sensors6
[1.220s] -- Found Protobuf: /usr/lib/x86_64-linux-gnu/libprotobuf.so (found version "3.12.4") 
[1.221s] -- Looking for ignition-math6 -- found version 6.15.1
[1.221s] -- Looking for ignition-common4 -- found version 4.7.0
[1.221s] -- Looking for ignition-transport11 -- found version 11.4.1
[1.221s] -- Looking for ignition-rendering6 -- found version 6.6.3
[1.222s] -- Looking for ignition-msgs8 -- found version 8.7.0
[1.222s] -- Looking for sdformat12 -- found version 12.8.0
[1.222s] -- Searching for <ignition-sensors6> component [air_pressure]
[1.225s] -- Looking for ignition-sensors6-air_pressure -- found version 6.8.0
[1.225s] -- Searching for dependencies of ignition-sensors6-air_pressure
[1.225s] -- Searching for <ignition-sensors6> component [altimeter]
[1.227s] -- Looking for ignition-sensors6-altimeter -- found version 6.8.0
[1.228s] -- Searching for dependencies of ignition-sensors6-altimeter
[1.228s] -- Searching for <ignition-sensors6> component [imu]
[1.230s] -- Looking for ignition-sensors6-imu -- found version 6.8.0
[1.230s] -- Searching for dependencies of ignition-sensors6-imu
[1.231s] -- Searching for <ignition-sensors6> component [force_torque]
[1.233s] -- Looking for ignition-sensors6-force_torque -- found version 6.8.0
[1.233s] -- Searching for dependencies of ignition-sensors6-force_torque
[1.234s] -- Searching for <ignition-sensors6> component [logical_camera]
[1.236s] -- Looking for ignition-sensors6-logical_camera -- found version 6.8.0
[1.236s] -- Searching for dependencies of ignition-sensors6-logical_camera
[1.237s] -- Searching for <ignition-sensors6> component [magnetometer]
[1.239s] -- Looking for ignition-sensors6-magnetometer -- found version 6.8.0
[1.239s] -- Searching for dependencies of ignition-sensors6-magnetometer
[1.240s] -- Searching for <ignition-sensors6> component [navsat]
[1.241s] -- Looking for ignition-sensors6-navsat -- found version 6.8.0
[1.242s] -- Searching for dependencies of ignition-sensors6-navsat
[1.242s] -- Searching for <ignition-sensors6> component [rendering]
[1.244s] -- Looking for ignition-sensors6-rendering -- found version 6.8.0
[1.245s] -- Searching for dependencies of ignition-sensors6-rendering
[1.245s] -- Searching for <ignition-sensors6> component [lidar]
[1.247s] -- Looking for ignition-sensors6-lidar -- found version 6.8.0
[1.248s] -- Searching for dependencies of ignition-sensors6-lidar
[1.248s] -- Looking for ignition-sensors6 -- found version 6.8.0
[1.248s] -- Searching for <ignition-sensors6> component [gpu_lidar]
[1.250s] -- Looking for ignition-sensors6-gpu_lidar -- found version 6.8.0
[1.251s] -- Searching for dependencies of ignition-sensors6-gpu_lidar
[1.251s] -- Looking for ignition-sensors6 -- found version 6.8.0
[1.252s] -- Searching for <ignition-sensors6> component [camera]
[1.253s] -- Looking for ignition-sensors6-camera -- found version 6.8.0
[1.254s] -- Searching for dependencies of ignition-sensors6-camera
[1.254s] -- Looking for ignition-sensors6 -- found version 6.8.0
[1.255s] -- Searching for <ignition-sensors6> component [boundingbox_camera]
[1.257s] -- Looking for ignition-sensors6-boundingbox_camera -- found version 6.8.0
[1.257s] -- Searching for dependencies of ignition-sensors6-boundingbox_camera
[1.258s] -- Searching for <ignition-sensors6> component [segmentation_camera]
[1.261s] -- Looking for ignition-sensors6-segmentation_camera -- found version 6.8.0
[1.261s] -- Searching for dependencies of ignition-sensors6-segmentation_camera
[1.262s] -- Searching for <ignition-sensors6> component [depth_camera]
[1.264s] -- Looking for ignition-sensors6-depth_camera -- found version 6.8.0
[1.264s] -- Searching for dependencies of ignition-sensors6-depth_camera
[1.264s] -- Looking for ignition-sensors6 -- found version 6.8.0
[1.265s] -- Searching for <ignition-sensors6> component [rgbd_camera]
[1.267s] -- Looking for ignition-sensors6-rgbd_camera -- found version 6.8.0
[1.267s] -- Searching for dependencies of ignition-sensors6-rgbd_camera
[1.267s] -- Looking for ignition-sensors6 -- found version 6.8.0
[1.268s] -- Searching for <ignition-sensors6> component [thermal_camera]
[1.270s] -- Looking for ignition-sensors6-thermal_camera -- found version 6.8.0
[1.270s] -- Searching for dependencies of ignition-sensors6-thermal_camera
[1.271s] -- Looking for ignition-sensors6 -- found version 6.8.0
[1.271s] -- Looking for ignition-rendering6 -- found version 6.6.3
[1.272s] -- Looking for ignition-math6 -- found version 6.15.1
[1.274s] -- Looking for ignition-utils1 -- found version 1.5.1
[1.289s] -- Found ament_lint_auto: 0.12.11 (/opt/ros/humble/share/ament_lint_auto/cmake)
[1.339s] -- Added test 'cppcheck' to perform static code analysis on C / C++ code
[1.339s] -- Configured cppcheck include dirs: /home/therion/dev/school/URC/srp_sim/src/sim_package/include
[1.339s] -- Configured cppcheck exclude dirs and/or files: 
[1.340s] -- Added test 'flake8' to check Python code syntax and style conventions
[1.340s] -- Added test 'lint_cmake' to check CMake code style
[1.341s] -- Added test 'pep257' to check Python code against some of the docstring style conventions in PEP 257
[1.343s] -- Added test 'uncrustify' to check C / C++ code style
[1.343s] -- Configured uncrustify additional arguments: 
[1.344s] -- Added test 'xmllint' to check XML markup files
[1.345s] -- Configuring done
[1.356s] -- Generating done
[1.357s] -- Build files have been written to: /home/therion/dev/school/URC/srp_sim/build/sim_package
[1.363s] Invoked command in '/home/therion/dev/school/URC/srp_sim/build/sim_package' returned '0': CMAKE_PREFIX_PATH=/opt/ros/humble /usr/bin/cmake /home/therion/dev/school/URC/srp_sim/src/sim_package -DCMAKE_INSTALL_PREFIX=/home/therion/dev/school/URC/srp_sim/install/sim_package
[1.365s] Invoking command in '/home/therion/dev/school/URC/srp_sim/build/sim_package': CMAKE_PREFIX_PATH=/opt/ros/humble /usr/bin/cmake --build /home/therion/dev/school/URC/srp_sim/build/sim_package -- -j10 -l10
[1.400s] [ 50%] [32mBuilding CXX object CMakeFiles/BasicSystem.dir/src/BasicSystem.cc.o[0m
[2.437s] [01m[K/home/therion/dev/school/URC/srp_sim/src/sim_package/src/BasicSystem.cc:[m[K In member function ‘[01m[Kvirtual void sim_package::BasicSystem::PostUpdate(const ignition::gazebo::v6::UpdateInfo&, const ignition::gazebo::v6::EntityComponentManager&)[m[K’:
[2.437s] [01m[K/home/therion/dev/school/URC/srp_sim/src/sim_package/src/BasicSystem.cc:41:69:[m[K [01;35m[Kwarning: [m[Kunused parameter ‘[01m[K_ecm[m[K’ [[01;35m[K]8;;https://gcc.gnu.org/onlinedocs/gcc/Warning-Options.html#index-Wunused-parameter-Wunused-parameter]8;;[m[K]
[2.437s]    41 |                              [01;35m[Kconst gz::sim::EntityComponentManager &_ecm[m[K)
[2.437s]       |                              [01;35m[K~~~~~~~~~~~~~~~~~~~~~~~~~~~~~~~~~~~~~~~^~~~[m[K
[3.365s] [100%] [32m[1mLinking CXX shared library libBasicSystem.so[0m
[3.508s] [100%] Built target BasicSystem
[3.516s] Invoked command in '/home/therion/dev/school/URC/srp_sim/build/sim_package' returned '0': CMAKE_PREFIX_PATH=/opt/ros/humble /usr/bin/cmake --build /home/therion/dev/school/URC/srp_sim/build/sim_package -- -j10 -l10
[3.539s] Invoking command in '/home/therion/dev/school/URC/srp_sim/build/sim_package': CMAKE_PREFIX_PATH=/opt/ros/humble /usr/bin/cmake --install /home/therion/dev/school/URC/srp_sim/build/sim_package
[3.543s] -- Install configuration: ""
[3.543s] -- Up-to-date: /home/therion/dev/school/URC/srp_sim/install/sim_package/share/sim_package/models
[3.544s] -- Up-to-date: /home/therion/dev/school/URC/srp_sim/install/sim_package/share/sim_package/models/4x4_50-5
[3.544s] -- Up-to-date: /home/therion/dev/school/URC/srp_sim/install/sim_package/share/sim_package/models/4x4_50-5/marker0
[3.544s] -- Up-to-date: /home/therion/dev/school/URC/srp_sim/install/sim_package/share/sim_package/models/4x4_50-5/marker0/marker0
[3.544s] -- Up-to-date: /home/therion/dev/school/URC/srp_sim/install/sim_package/share/sim_package/models/4x4_50-5/marker0/marker0/materials
[3.544s] -- Up-to-date: /home/therion/dev/school/URC/srp_sim/install/sim_package/share/sim_package/models/4x4_50-5/marker0/marker0/materials/textures
[3.544s] -- Up-to-date: /home/therion/dev/school/URC/srp_sim/install/sim_package/share/sim_package/models/4x4_50-5/marker0/marker0/materials/textures/Marker0.png
[3.544s] -- Up-to-date: /home/therion/dev/school/URC/srp_sim/install/sim_package/share/sim_package/models/4x4_50-5/marker0/marker0/meshes
[3.544s] -- Up-to-date: /home/therion/dev/school/URC/srp_sim/install/sim_package/share/sim_package/models/4x4_50-5/marker0/marker0/meshes/Marker0.dae
[3.544s] -- Up-to-date: /home/therion/dev/school/URC/srp_sim/install/sim_package/share/sim_package/models/4x4_50-5/marker0/marker0/model-1_4.sdf
[3.544s] -- Up-to-date: /home/therion/dev/school/URC/srp_sim/install/sim_package/share/sim_package/models/4x4_50-5/marker0/marker0/model.config
[3.544s] -- Up-to-date: /home/therion/dev/school/URC/srp_sim/install/sim_package/share/sim_package/models/4x4_50-5/marker0/marker0/model-1_5.sdf
[3.544s] -- Up-to-date: /home/therion/dev/school/URC/srp_sim/install/sim_package/share/sim_package/models/4x4_50-5/marker0/marker0/model.sdf
[3.545s] -- Up-to-date: /home/therion/dev/school/URC/srp_sim/install/sim_package/share/sim_package/models/4x4_50-5/marker0/materials
[3.545s] -- Up-to-date: /home/therion/dev/school/URC/srp_sim/install/sim_package/share/sim_package/models/4x4_50-5/marker0/materials/textures
[3.545s] -- Up-to-date: /home/therion/dev/school/URC/srp_sim/install/sim_package/share/sim_package/models/4x4_50-5/marker0/materials/textures/Marker0.png
[3.545s] -- Up-to-date: /home/therion/dev/school/URC/srp_sim/install/sim_package/share/sim_package/models/4x4_50-5/marker0/meshes
[3.545s] -- Up-to-date: /home/therion/dev/school/URC/srp_sim/install/sim_package/share/sim_package/models/4x4_50-5/marker0/meshes/Marker0.dae
[3.545s] -- Up-to-date: /home/therion/dev/school/URC/srp_sim/install/sim_package/share/sim_package/models/4x4_50-5/marker0/model-1_4.sdf
[3.545s] -- Up-to-date: /home/therion/dev/school/URC/srp_sim/install/sim_package/share/sim_package/models/4x4_50-5/marker0/model.config
[3.545s] -- Up-to-date: /home/therion/dev/school/URC/srp_sim/install/sim_package/share/sim_package/models/4x4_50-5/marker0/model-1_5.sdf
[3.545s] -- Up-to-date: /home/therion/dev/school/URC/srp_sim/install/sim_package/share/sim_package/models/4x4_50-5/marker0/model.sdf
[3.545s] -- Up-to-date: /home/therion/dev/school/URC/srp_sim/install/sim_package/share/sim_package/models/4x4_50-5/materials
[3.545s] -- Up-to-date: /home/therion/dev/school/URC/srp_sim/install/sim_package/share/sim_package/models/4x4_50-5/materials/textures
[3.545s] -- Up-to-date: /home/therion/dev/school/URC/srp_sim/install/sim_package/share/sim_package/models/4x4_50-5/materials/textures/4X4_50-5.png
[3.545s] -- Up-to-date: /home/therion/dev/school/URC/srp_sim/install/sim_package/share/sim_package/models/4x4_50-5/meshes
[3.545s] -- Up-to-date: /home/therion/dev/school/URC/srp_sim/install/sim_package/share/sim_package/models/4x4_50-5/meshes/4X4_50-5.dae
[3.545s] -- Up-to-date: /home/therion/dev/school/URC/srp_sim/install/sim_package/share/sim_package/models/4x4_50-5/model-1_4.sdf
[3.545s] -- Up-to-date: /home/therion/dev/school/URC/srp_sim/install/sim_package/share/sim_package/models/4x4_50-5/4X4_50-5.png
[3.545s] -- Up-to-date: /home/therion/dev/school/URC/srp_sim/install/sim_package/share/sim_package/models/4x4_50-5/model.config
[3.545s] -- Up-to-date: /home/therion/dev/school/URC/srp_sim/install/sim_package/share/sim_package/models/4x4_50-5/4X4_50-5.dae
[3.545s] -- Up-to-date: /home/therion/dev/school/URC/srp_sim/install/sim_package/share/sim_package/models/4x4_50-5/aruco_marker.xacro
[3.545s] -- Up-to-date: /home/therion/dev/school/URC/srp_sim/install/sim_package/share/sim_package/models/4x4_50-5/model-1_5.sdf
[3.545s] -- Up-to-date: /home/therion/dev/school/URC/srp_sim/install/sim_package/share/sim_package/models/4x4_50-5/model.sdf
[3.546s] -- Up-to-date: /home/therion/dev/school/URC/srp_sim/install/sim_package/share/sim_package/worlds
[3.546s] -- Up-to-date: /home/therion/dev/school/URC/srp_sim/install/sim_package/share/sim_package/worlds/test.world
[3.546s] -- Up-to-date: /home/therion/dev/school/URC/srp_sim/install/sim_package/share/sim_package/worlds/world.sdf
[3.546s] -- Up-to-date: /home/therion/dev/school/URC/srp_sim/install/sim_package/share/sim_package/launch
[3.546s] -- Up-to-date: /home/therion/dev/school/URC/srp_sim/install/sim_package/share/sim_package/launch/aruco_marker_launch.launch.py
[3.546s] -- Up-to-date: /home/therion/dev/school/URC/srp_sim/install/sim_package/share/sim_package/launch/world.launch.py
[3.546s] -- Up-to-date: /home/therion/dev/school/URC/srp_sim/install/sim_package/share/sim_package/config
[3.546s] -- Up-to-date: /home/therion/dev/school/URC/srp_sim/install/sim_package/share/sim_package/config/aruco_marker_config.rviz
[3.546s] -- Installing: /home/therion/dev/school/URC/srp_sim/install/sim_package/lib/sim_package/libBasicSystem.so
[3.546s] -- Installing: /home/therion/dev/school/URC/srp_sim/install/sim_package/share/sim_package/environment/sim_package.dsv
[3.546s] -- Installing: /home/therion/dev/school/URC/srp_sim/install/sim_package/share/sim_package/environment/sim_package.sh
[3.546s] -- Installing: /home/therion/dev/school/URC/srp_sim/install/sim_package/share/ament_index/resource_index/package_run_dependencies/sim_package
[3.546s] -- Installing: /home/therion/dev/school/URC/srp_sim/install/sim_package/share/ament_index/resource_index/parent_prefix_path/sim_package
[3.546s] -- Installing: /home/therion/dev/school/URC/srp_sim/install/sim_package/share/sim_package/environment/ament_prefix_path.sh
[3.546s] -- Installing: /home/therion/dev/school/URC/srp_sim/install/sim_package/share/sim_package/environment/ament_prefix_path.dsv
[3.546s] -- Installing: /home/therion/dev/school/URC/srp_sim/install/sim_package/share/sim_package/environment/path.sh
[3.547s] -- Installing: /home/therion/dev/school/URC/srp_sim/install/sim_package/share/sim_package/environment/path.dsv
[3.547s] -- Installing: /home/therion/dev/school/URC/srp_sim/install/sim_package/share/sim_package/local_setup.bash
[3.547s] -- Installing: /home/therion/dev/school/URC/srp_sim/install/sim_package/share/sim_package/local_setup.sh
[3.547s] -- Installing: /home/therion/dev/school/URC/srp_sim/install/sim_package/share/sim_package/local_setup.zsh
[3.547s] -- Installing: /home/therion/dev/school/URC/srp_sim/install/sim_package/share/sim_package/local_setup.dsv
[3.547s] -- Installing: /home/therion/dev/school/URC/srp_sim/install/sim_package/share/sim_package/package.dsv
[3.547s] -- Installing: /home/therion/dev/school/URC/srp_sim/install/sim_package/share/ament_index/resource_index/packages/sim_package
[3.547s] -- Installing: /home/therion/dev/school/URC/srp_sim/install/sim_package/share/sim_package/cmake/sim_packageConfig.cmake
[3.548s] -- Installing: /home/therion/dev/school/URC/srp_sim/install/sim_package/share/sim_package/cmake/sim_packageConfig-version.cmake
[3.548s] -- Up-to-date: /home/therion/dev/school/URC/srp_sim/install/sim_package/share/sim_package/package.xml
[3.549s] Invoked command in '/home/therion/dev/school/URC/srp_sim/build/sim_package' returned '0': CMAKE_PREFIX_PATH=/opt/ros/humble /usr/bin/cmake --install /home/therion/dev/school/URC/srp_sim/build/sim_package
