[100%] Built target BasicSystem
-- Install configuration: ""
-- Up-to-date: /home/therion/dev/school/URC/srp_sim/install/sim_package/share/sim_package/models
-- Up-to-date: /home/therion/dev/school/URC/srp_sim/install/sim_package/share/sim_package/models/4x4_50-5
-- Up-to-date: /home/therion/dev/school/URC/srp_sim/install/sim_package/share/sim_package/models/4x4_50-5/marker0
-- Up-to-date: /home/therion/dev/school/URC/srp_sim/install/sim_package/share/sim_package/models/4x4_50-5/marker0/marker0
-- Up-to-date: /home/therion/dev/school/URC/srp_sim/install/sim_package/share/sim_package/models/4x4_50-5/marker0/marker0/materials
-- Up-to-date: /home/therion/dev/school/URC/srp_sim/install/sim_package/share/sim_package/models/4x4_50-5/marker0/marker0/materials/textures
-- Up-to-date: /home/therion/dev/school/URC/srp_sim/install/sim_package/share/sim_package/models/4x4_50-5/marker0/marker0/materials/textures/Marker0.png
-- Up-to-date: /home/therion/dev/school/URC/srp_sim/install/sim_package/share/sim_package/models/4x4_50-5/marker0/marker0/meshes
-- Up-to-date: /home/therion/dev/school/URC/srp_sim/install/sim_package/share/sim_package/models/4x4_50-5/marker0/marker0/meshes/Marker0.dae
-- Up-to-date: /home/therion/dev/school/URC/srp_sim/install/sim_package/share/sim_package/models/4x4_50-5/marker0/marker0/model-1_4.sdf
-- Up-to-date: /home/therion/dev/school/URC/srp_sim/install/sim_package/share/sim_package/models/4x4_50-5/marker0/marker0/model.config
-- Up-to-date: /home/therion/dev/school/URC/srp_sim/install/sim_package/share/sim_package/models/4x4_50-5/marker0/marker0/model-1_5.sdf
-- Up-to-date: /home/therion/dev/school/URC/srp_sim/install/sim_package/share/sim_package/models/4x4_50-5/marker0/marker0/model.sdf
-- Up-to-date: /home/therion/dev/school/URC/srp_sim/install/sim_package/share/sim_package/models/4x4_50-5/marker0/materials
-- Up-to-date: /home/therion/dev/school/URC/srp_sim/install/sim_package/share/sim_package/models/4x4_50-5/marker0/materials/textures
-- Up-to-date: /home/therion/dev/school/URC/srp_sim/install/sim_package/share/sim_package/models/4x4_50-5/marker0/materials/textures/Marker0.png
-- Up-to-date: /home/therion/dev/school/URC/srp_sim/install/sim_package/share/sim_package/models/4x4_50-5/marker0/meshes
-- Up-to-date: /home/therion/dev/school/URC/srp_sim/install/sim_package/share/sim_package/models/4x4_50-5/marker0/meshes/Marker0.dae
-- Up-to-date: /home/therion/dev/school/URC/srp_sim/install/sim_package/share/sim_package/models/4x4_50-5/marker0/model-1_4.sdf
-- Up-to-date: /home/therion/dev/school/URC/srp_sim/install/sim_package/share/sim_package/models/4x4_50-5/marker0/model.config
-- Up-to-date: /home/therion/dev/school/URC/srp_sim/install/sim_package/share/sim_package/models/4x4_50-5/marker0/model-1_5.sdf
-- Up-to-date: /home/therion/dev/school/URC/srp_sim/install/sim_package/share/sim_package/models/4x4_50-5/marker0/model.sdf
-- Up-to-date: /home/therion/dev/school/URC/srp_sim/install/sim_package/share/sim_package/models/4x4_50-5/materials
-- Up-to-date: /home/therion/dev/school/URC/srp_sim/install/sim_package/share/sim_package/models/4x4_50-5/materials/textures
-- Up-to-date: /home/therion/dev/school/URC/srp_sim/install/sim_package/share/sim_package/models/4x4_50-5/materials/textures/4X4_50-5.png
-- Up-to-date: /home/therion/dev/school/URC/srp_sim/install/sim_package/share/sim_package/models/4x4_50-5/meshes
-- Up-to-date: /home/therion/dev/school/URC/srp_sim/install/sim_package/share/sim_package/models/4x4_50-5/meshes/4X4_50-5.dae
-- Up-to-date: /home/therion/dev/school/URC/srp_sim/install/sim_package/share/sim_package/models/4x4_50-5/model-1_4.sdf
-- Up-to-date: /home/therion/dev/school/URC/srp_sim/install/sim_package/share/sim_package/models/4x4_50-5/4X4_50-5.png
-- Up-to-date: /home/therion/dev/school/URC/srp_sim/install/sim_package/share/sim_package/models/4x4_50-5/model.config
-- Up-to-date: /home/therion/dev/school/URC/srp_sim/install/sim_package/share/sim_package/models/4x4_50-5/4X4_50-5.dae
-- Up-to-date: /home/therion/dev/school/URC/srp_sim/install/sim_package/share/sim_package/models/4x4_50-5/aruco_marker.xacro
-- Up-to-date: /home/therion/dev/school/URC/srp_sim/install/sim_package/share/sim_package/models/4x4_50-5/model-1_5.sdf
-- Up-to-date: /home/therion/dev/school/URC/srp_sim/install/sim_package/share/sim_package/models/4x4_50-5/model.sdf
-- Up-to-date: /home/therion/dev/school/URC/srp_sim/install/sim_package/share/sim_package/worlds
-- Up-to-date: /home/therion/dev/school/URC/srp_sim/install/sim_package/share/sim_package/worlds/test.world
-- Installing: /home/therion/dev/school/URC/srp_sim/install/sim_package/share/sim_package/worlds/world.sdf
-- Up-to-date: /home/therion/dev/school/URC/srp_sim/install/sim_package/share/sim_package/worlds/mars_terrian
-- Up-to-date: /home/therion/dev/school/URC/srp_sim/install/sim_package/share/sim_package/worlds/mars_terrian/materials
-- Up-to-date: /home/therion/dev/school/URC/srp_sim/install/sim_package/share/sim_package/worlds/mars_terrian/materials/textures
-- Up-to-date: /home/therion/dev/school/URC/srp_sim/install/sim_package/share/sim_package/worlds/mars_terrian/materials/textures/m4_site.jpg
-- Up-to-date: /home/therion/dev/school/URC/srp_sim/install/sim_package/share/sim_package/worlds/mars_terrian/materials/textures/m4_site1.jpg
-- Up-to-date: /home/therion/dev/school/URC/srp_sim/install/sim_package/share/sim_package/worlds/mars_terrian/materials/textures/m4_site2.jpg
-- Up-to-date: /home/therion/dev/school/URC/srp_sim/install/sim_package/share/sim_package/worlds/mars_terrian/meshes
-- Up-to-date: /home/therion/dev/school/URC/srp_sim/install/sim_package/share/sim_package/worlds/mars_terrian/meshes/model.dae
-- Up-to-date: /home/therion/dev/school/URC/srp_sim/install/sim_package/share/sim_package/worlds/mars_terrian/model.config
-- Up-to-date: /home/therion/dev/school/URC/srp_sim/install/sim_package/share/sim_package/worlds/mars_terrian/model.sdf
-- Up-to-date: /home/therion/dev/school/URC/srp_sim/install/sim_package/share/sim_package/launch
-- Up-to-date: /home/therion/dev/school/URC/srp_sim/install/sim_package/share/sim_package/launch/aruco_marker_launch.launch.py
-- Up-to-date: /home/therion/dev/school/URC/srp_sim/install/sim_package/share/sim_package/launch/world.launch.py
-- Up-to-date: /home/therion/dev/school/URC/srp_sim/install/sim_package/share/sim_package/config
-- Up-to-date: /home/therion/dev/school/URC/srp_sim/install/sim_package/share/sim_package/config/aruco_marker_config.rviz
-- Up-to-date: /home/therion/dev/school/URC/srp_sim/install/sim_package/lib/sim_package/libBasicSystem.so
-- Up-to-date: /home/therion/dev/school/URC/srp_sim/install/sim_package/share/sim_package/environment/sim_package.dsv
-- Up-to-date: /home/therion/dev/school/URC/srp_sim/install/sim_package/share/sim_package/environment/sim_package.sh
-- Up-to-date: /home/therion/dev/school/URC/srp_sim/install/sim_package/share/ament_index/resource_index/package_run_dependencies/sim_package
-- Up-to-date: /home/therion/dev/school/URC/srp_sim/install/sim_package/share/ament_index/resource_index/parent_prefix_path/sim_package
-- Up-to-date: /home/therion/dev/school/URC/srp_sim/install/sim_package/share/sim_package/environment/ament_prefix_path.sh
-- Up-to-date: /home/therion/dev/school/URC/srp_sim/install/sim_package/share/sim_package/environment/ament_prefix_path.dsv
-- Up-to-date: /home/therion/dev/school/URC/srp_sim/install/sim_package/share/sim_package/environment/path.sh
-- Up-to-date: /home/therion/dev/school/URC/srp_sim/install/sim_package/share/sim_package/environment/path.dsv
-- Up-to-date: /home/therion/dev/school/URC/srp_sim/install/sim_package/share/sim_package/local_setup.bash
-- Up-to-date: /home/therion/dev/school/URC/srp_sim/install/sim_package/share/sim_package/local_setup.sh
-- Up-to-date: /home/therion/dev/school/URC/srp_sim/install/sim_package/share/sim_package/local_setup.zsh
-- Up-to-date: /home/therion/dev/school/URC/srp_sim/install/sim_package/share/sim_package/local_setup.dsv
-- Installing: /home/therion/dev/school/URC/srp_sim/install/sim_package/share/sim_package/package.dsv
-- Up-to-date: /home/therion/dev/school/URC/srp_sim/install/sim_package/share/ament_index/resource_index/packages/sim_package
-- Up-to-date: /home/therion/dev/school/URC/srp_sim/install/sim_package/share/sim_package/cmake/sim_packageConfig.cmake
-- Up-to-date: /home/therion/dev/school/URC/srp_sim/install/sim_package/share/sim_package/cmake/sim_packageConfig-version.cmake
-- Up-to-date: /home/therion/dev/school/URC/srp_sim/install/sim_package/share/sim_package/package.xml
