[0.000000] (-) TimerEvent: {}
[0.002075] (depth_image_viewer) JobQueued: {'identifier': 'depth_image_viewer', 'dependencies': OrderedDict()}
[0.002827] (realsense2_camera_msgs) JobQueued: {'identifier': 'realsense2_camera_msgs', 'dependencies': OrderedDict()}
[0.002963] (realsense2_camera) JobQueued: {'identifier': 'realsense2_camera', 'dependencies': OrderedDict([('realsense2_camera_msgs', '/home/urc/URC/rover/install/realsense2_camera_msgs')])}
[0.003097] (realsense2_description) JobQueued: {'identifier': 'realsense2_description', 'dependencies': OrderedDict([('realsense2_camera_msgs', '/home/urc/URC/rover/install/realsense2_camera_msgs')])}
[0.003594] (realsense2_camera_msgs) JobStarted: {'identifier': 'realsense2_camera_msgs'}
[0.034595] (depth_image_viewer) JobStarted: {'identifier': 'depth_image_viewer'}
[0.063193] (realsense2_camera_msgs) JobProgress: {'identifier': 'realsense2_camera_msgs', 'progress': 'cmake'}
[0.064087] (realsense2_camera_msgs) Command: {'cmd': ['/usr/bin/cmake', '/home/urc/URC/rover/src/realsense-ros/realsense2_camera_msgs', '-DCMAKE_INSTALL_PREFIX=/home/urc/URC/rover/install/realsense2_camera_msgs'], 'cwd': '/home/urc/URC/rover/build/realsense2_camera_msgs', 'env': OrderedDict([('USER', 'urc'), ('SSH_CLIENT', 'fe80::1c66:ac2a:a24:6b54%wlan0 53688 22'), ('XDG_SESSION_TYPE', 'tty'), ('SHLVL', '2'), ('HOME', '/home/urc'), ('MOTD_SHOWN', 'pam'), ('OLDPWD', '/home/urc/URC/rover/src'), ('LESS', '-R'), ('SSH_TTY', '/dev/pts/0'), ('ZSH', '/home/urc/.oh-my-zsh'), ('LSCOLORS', 'Gxfxcxdxbxegedabagacad'), ('PAGER', 'less'), ('DBUS_SESSION_BUS_ADDRESS', 'unix:path=/run/user/1000/bus'), ('LOGNAME', 'urc'), ('_', '/usr/bin/colcon'), ('XDG_SESSION_CLASS', 'user'), ('TERM', 'alacritty'), ('XDG_SESSION_ID', '6'), ('PATH', '/usr/local/sbin:/usr/local/bin:/usr/sbin:/usr/bin:/sbin:/bin:/usr/games:/usr/local/games:/snap/bin'), ('XDG_RUNTIME_DIR', '/run/user/1000'), ('LANG', 'C.UTF-8'), ('LS_COLORS', ''), ('SHELL', '/usr/bin/zsh'), ('LC_ALL', 'en_US.UTF-8'), ('PWD', '/home/urc/URC/rover/build/realsense2_camera_msgs'), ('SSH_CONNECTION', 'fe80::1c66:ac2a:a24:6b54%wlan0 53688 fe80::dea6:32ff:fea4:2801%wlan0 22'), ('COLCON', '1')]), 'shell': False}
[0.098985] (-) TimerEvent: {}
[0.199734] (-) TimerEvent: {}
[0.300557] (-) TimerEvent: {}
[0.401344] (-) TimerEvent: {}
[0.502018] (-) TimerEvent: {}
[0.602705] (-) TimerEvent: {}
[0.703475] (-) TimerEvent: {}
[0.804111] (-) TimerEvent: {}
[0.904797] (-) TimerEvent: {}
[1.005761] (-) TimerEvent: {}
[1.062764] (realsense2_camera_msgs) StdoutLine: {'line': b'-- The C compiler identification is GNU 11.4.0\n'}
[1.105914] (-) TimerEvent: {}
[1.206590] (-) TimerEvent: {}
[1.307470] (-) TimerEvent: {}
[1.408896] (-) TimerEvent: {}
[1.509591] (-) TimerEvent: {}
[1.610318] (-) TimerEvent: {}
[1.711036] (-) TimerEvent: {}
[1.796544] (realsense2_camera_msgs) StdoutLine: {'line': b'-- The CXX compiler identification is GNU 11.4.0\n'}
[1.811188] (-) TimerEvent: {}
[1.845216] (realsense2_camera_msgs) StdoutLine: {'line': b'-- Detecting C compiler ABI info\n'}
[1.911409] (-) TimerEvent: {}
[2.012149] (-) TimerEvent: {}
[2.112941] (-) TimerEvent: {}
[2.181927] (realsense2_camera_msgs) StdoutLine: {'line': b'-- Detecting C compiler ABI info - done\n'}
[2.210437] (realsense2_camera_msgs) StdoutLine: {'line': b'-- Check for working C compiler: /usr/bin/cc - skipped\n'}
[2.212530] (realsense2_camera_msgs) StdoutLine: {'line': b'-- Detecting C compile features\n'}
[2.213095] (-) TimerEvent: {}
[2.216391] (realsense2_camera_msgs) StdoutLine: {'line': b'-- Detecting C compile features - done\n'}
[2.233584] (realsense2_camera_msgs) StdoutLine: {'line': b'-- Detecting CXX compiler ABI info\n'}
[2.313309] (-) TimerEvent: {}
[2.414111] (-) TimerEvent: {}
[2.514973] (-) TimerEvent: {}
[2.590500] (realsense2_camera_msgs) StdoutLine: {'line': b'-- Detecting CXX compiler ABI info - done\n'}
[2.615143] (-) TimerEvent: {}
[2.622015] (realsense2_camera_msgs) StdoutLine: {'line': b'-- Check for working CXX compiler: /usr/bin/c++ - skipped\n'}
[2.623787] (realsense2_camera_msgs) StdoutLine: {'line': b'-- Detecting CXX compile features\n'}
[2.625456] (realsense2_camera_msgs) StdoutLine: {'line': b'-- Detecting CXX compile features - done\n'}
[2.715281] (-) TimerEvent: {}
[2.801659] (realsense2_camera_msgs) StderrLine: {'line': b'\x1b[31mCMake Error at CMakeLists.txt:27 (find_package):\n'}
[2.802669] (realsense2_camera_msgs) StderrLine: {'line': b'  By not providing "Findament_cmake.cmake" in CMAKE_MODULE_PATH this project\n'}
[2.803191] (realsense2_camera_msgs) StderrLine: {'line': b'  has asked CMake to find a package configuration file provided by\n'}
[2.803616] (realsense2_camera_msgs) StderrLine: {'line': b'  "ament_cmake", but CMake did not find one.\n'}
[2.804072] (realsense2_camera_msgs) StderrLine: {'line': b'\n'}
[2.804489] (realsense2_camera_msgs) StderrLine: {'line': b'  Could not find a package configuration file provided by "ament_cmake" with\n'}
[2.805058] (realsense2_camera_msgs) StderrLine: {'line': b'  any of the following names:\n'}
[2.805511] (realsense2_camera_msgs) StderrLine: {'line': b'\n'}
[2.806018] (realsense2_camera_msgs) StderrLine: {'line': b'    ament_cmakeConfig.cmake\n'}
[2.806603] (realsense2_camera_msgs) StderrLine: {'line': b'    ament_cmake-config.cmake\n'}
[2.807230] (realsense2_camera_msgs) StderrLine: {'line': b'\n'}
[2.807925] (realsense2_camera_msgs) StderrLine: {'line': b'  Add the installation prefix of "ament_cmake" to CMAKE_PREFIX_PATH or set\n'}
[2.808503] (realsense2_camera_msgs) StderrLine: {'line': b'  "ament_cmake_DIR" to a directory containing one of the above files.  If\n'}
[2.808942] (realsense2_camera_msgs) StderrLine: {'line': b'  "ament_cmake" provides a separate development package or SDK, be sure it\n'}
[2.809394] (realsense2_camera_msgs) StderrLine: {'line': b'  has been installed.\n'}
[2.809870] (realsense2_camera_msgs) StderrLine: {'line': b'\n'}
[2.810324] (realsense2_camera_msgs) StderrLine: {'line': b'\x1b[0m\n'}
[2.810837] (realsense2_camera_msgs) StdoutLine: {'line': b'-- Configuring incomplete, errors occurred!\n'}
[2.811487] (realsense2_camera_msgs) StdoutLine: {'line': b'See also "/home/urc/URC/rover/build/realsense2_camera_msgs/CMakeFiles/CMakeOutput.log".\n'}
[2.814075] (realsense2_camera_msgs) CommandEnded: {'returncode': 1}
[2.815324] (-) TimerEvent: {}
[2.916166] (-) TimerEvent: {}
[2.928065] (realsense2_camera_msgs) JobEnded: {'identifier': 'realsense2_camera_msgs', 'rc': 1}
[3.016395] (-) TimerEvent: {}
[3.119708] (-) TimerEvent: {}
[3.220405] (-) TimerEvent: {}
[3.321138] (-) TimerEvent: {}
[3.421805] (-) TimerEvent: {}
[3.522495] (-) TimerEvent: {}
[3.623235] (-) TimerEvent: {}
[3.681750] (depth_image_viewer) JobEnded: {'identifier': 'depth_image_viewer', 'rc': 'SIGINT'}
[3.684690] (realsense2_camera) JobSkipped: {'identifier': 'realsense2_camera'}
[3.684837] (realsense2_description) JobSkipped: {'identifier': 'realsense2_description'}
[3.684928] (-) EventReactorShutdown: {}
