[0.000000] (-) TimerEvent: {}
[0.001649] (depth_image_viewer) JobQueued: {'identifier': 'depth_image_viewer', 'dependencies': OrderedDict()}
[0.001789] (realsense2_camera_msgs) JobQueued: {'identifier': 'realsense2_camera_msgs', 'dependencies': OrderedDict()}
[0.001886] (realsense2_camera) JobQueued: {'identifier': 'realsense2_camera', 'dependencies': OrderedDict([('realsense2_camera_msgs', '/home/urc/URC/rover/install/realsense2_camera_msgs')])}
[0.001989] (realsense2_description) JobQueued: {'identifier': 'realsense2_description', 'dependencies': OrderedDict([('realsense2_camera_msgs', '/home/urc/URC/rover/install/realsense2_camera_msgs')])}
[0.002086] (realsense2_camera_msgs) JobStarted: {'identifier': 'realsense2_camera_msgs'}
[0.030970] (depth_image_viewer) JobStarted: {'identifier': 'depth_image_viewer'}
[0.063774] (realsense2_camera_msgs) JobProgress: {'identifier': 'realsense2_camera_msgs', 'progress': 'cmake'}
[0.067957] (realsense2_camera_msgs) JobProgress: {'identifier': 'realsense2_camera_msgs', 'progress': 'build'}
[0.070999] (realsense2_camera_msgs) Command: {'cmd': ['/usr/bin/cmake', '--build', '/home/urc/URC/rover/build/realsense2_camera_msgs', '--', '-j4', '-l4'], 'cwd': '/home/urc/URC/rover/build/realsense2_camera_msgs', 'env': OrderedDict([('USER', 'urc'), ('SSH_CLIENT', 'fe80::1c66:ac2a:a24:6b54%wlan0 59186 22'), ('XDG_SESSION_TYPE', 'tty'), ('SHLVL', '1'), ('LD_LIBRARY_PATH', '/opt/ros/humble/opt/rviz_ogre_vendor/lib:/opt/ros/humble/lib/aarch64-linux-gnu:/opt/ros/humble/lib'), ('HOME', '/home/urc'), ('MOTD_SHOWN', 'pam'), ('OLDPWD', '/home/urc/URC'), ('LESS', '-R'), ('SSH_TTY', '/dev/pts/1'), ('ZSH', '/home/urc/.oh-my-zsh'), ('LSCOLORS', 'Gxfxcxdxbxegedabagacad'), ('PAGER', 'less'), ('ROS_PYTHON_VERSION', '3'), ('DBUS_SESSION_BUS_ADDRESS', 'unix:path=/run/user/1000/bus'), ('ROS_DISTRO', 'humble'), ('LOGNAME', 'urc'), ('_', '/usr/bin/colcon'), ('XDG_SESSION_CLASS', 'user'), ('ROS_VERSION', '2'), ('TERM', 'alacritty'), ('XDG_SESSION_ID', '10'), ('ROS_LOCALHOST_ONLY', '0'), ('PATH', '/opt/ros/humble/bin:/usr/local/sbin:/usr/local/bin:/usr/sbin:/usr/bin:/sbin:/bin:/usr/games:/usr/local/games:/snap/bin'), ('XDG_RUNTIME_DIR', '/run/user/1000'), ('LANG', 'C.UTF-8'), ('LS_COLORS', ''), ('AMENT_PREFIX_PATH', '/opt/ros/humble'), ('SHELL', '/usr/bin/zsh'), ('LC_ALL', 'en_US.UTF-8'), ('PWD', '/home/urc/URC/rover/build/realsense2_camera_msgs'), ('SSH_CONNECTION', 'fe80::1c66:ac2a:a24:6b54%wlan0 59186 fe80::dea6:32ff:fea4:2801%wlan0 22'), ('PYTHONPATH', '/opt/ros/humble/lib/python3.10/site-packages:/opt/ros/humble/local/lib/python3.10/dist-packages'), ('COLCON', '1'), ('CMAKE_PREFIX_PATH', '/opt/ros/humble')]), 'shell': False}
[0.098886] (-) TimerEvent: {}
[0.200273] (-) TimerEvent: {}
[0.285071] (realsense2_camera_msgs) StdoutLine: {'line': b'\x1b[35m\x1b[1mConsolidate compiler generated dependencies of target realsense2_camera_msgs__rosidl_generator_c\x1b[0m\n'}
[0.300518] (-) TimerEvent: {}
[0.323799] (realsense2_camera_msgs) StdoutLine: {'line': b'[  1%] Built target realsense2_camera_msgs__cpp\n'}
[0.353062] (realsense2_camera_msgs) StdoutLine: {'line': b'[ 12%] Built target realsense2_camera_msgs__rosidl_generator_c\n'}
[0.392272] (realsense2_camera_msgs) StdoutLine: {'line': b'[ 12%] Built target ament_cmake_python_copy_realsense2_camera_msgs\n'}
[0.400741] (-) TimerEvent: {}
[0.401831] (realsense2_camera_msgs) StdoutLine: {'line': b'\x1b[35m\x1b[1mConsolidate compiler generated dependencies of target realsense2_camera_msgs__rosidl_typesupport_cpp\x1b[0m\n'}
[0.423112] (realsense2_camera_msgs) StdoutLine: {'line': b'\x1b[35m\x1b[1mConsolidate compiler generated dependencies of target realsense2_camera_msgs__rosidl_typesupport_fastrtps_cpp\x1b[0m\n'}
[0.449204] (realsense2_camera_msgs) StdoutLine: {'line': b'\x1b[35m\x1b[1mConsolidate compiler generated dependencies of target realsense2_camera_msgs__rosidl_typesupport_introspection_cpp\x1b[0m\n'}
[0.500985] (-) TimerEvent: {}
[0.510181] (realsense2_camera_msgs) StdoutLine: {'line': b'[ 23%] Built target realsense2_camera_msgs__rosidl_typesupport_cpp\n'}
[0.511686] (realsense2_camera_msgs) StdoutLine: {'line': b'\x1b[35m\x1b[1mConsolidate compiler generated dependencies of target realsense2_camera_msgs__rosidl_typesupport_fastrtps_c\x1b[0m\n'}
[0.535025] (realsense2_camera_msgs) StdoutLine: {'line': b'[ 34%] Built target realsense2_camera_msgs__rosidl_typesupport_fastrtps_cpp\n'}
[0.574130] (realsense2_camera_msgs) StdoutLine: {'line': b'[ 46%] Built target realsense2_camera_msgs__rosidl_typesupport_introspection_cpp\n'}
[0.585683] (realsense2_camera_msgs) StdoutLine: {'line': b'\x1b[35m\x1b[1mConsolidate compiler generated dependencies of target realsense2_camera_msgs__rosidl_typesupport_introspection_c\x1b[0m\n'}
[0.601221] (-) TimerEvent: {}
[0.628402] (realsense2_camera_msgs) StdoutLine: {'line': b'\x1b[35m\x1b[1mConsolidate compiler generated dependencies of target realsense2_camera_msgs__rosidl_typesupport_c\x1b[0m\n'}
[0.657467] (realsense2_camera_msgs) StdoutLine: {'line': b'[ 57%] Built target realsense2_camera_msgs__rosidl_typesupport_fastrtps_c\n'}
[0.667116] (realsense2_camera_msgs) StdoutLine: {'line': b'[ 68%] Built target realsense2_camera_msgs__rosidl_typesupport_introspection_c\n'}
[0.697838] (realsense2_camera_msgs) StdoutLine: {'line': b'[ 79%] Built target realsense2_camera_msgs__rosidl_typesupport_c\n'}
[0.701376] (-) TimerEvent: {}
[0.792403] (realsense2_camera_msgs) StdoutLine: {'line': b'[ 79%] Built target realsense2_camera_msgs\n'}
[0.801585] (-) TimerEvent: {}
[0.895015] (realsense2_camera_msgs) StdoutLine: {'line': b'[ 80%] Built target realsense2_camera_msgs__py\n'}
[0.901778] (-) TimerEvent: {}
[0.954539] (realsense2_camera_msgs) StdoutLine: {'line': b'\x1b[35m\x1b[1mConsolidate compiler generated dependencies of target realsense2_camera_msgs__rosidl_generator_py\x1b[0m\n'}
[1.002079] (-) TimerEvent: {}
[1.044472] (realsense2_camera_msgs) StdoutLine: {'line': b'[ 90%] Built target realsense2_camera_msgs__rosidl_generator_py\n'}
[1.102282] (-) TimerEvent: {}
[1.109587] (realsense2_camera_msgs) StdoutLine: {'line': b'\x1b[35m\x1b[1mConsolidate compiler generated dependencies of target realsense2_camera_msgs__rosidl_typesupport_fastrtps_c__pyext\x1b[0m\n'}
[1.114978] (realsense2_camera_msgs) StdoutLine: {'line': b'\x1b[35m\x1b[1mConsolidate compiler generated dependencies of target realsense2_camera_msgs__rosidl_typesupport_introspection_c__pyext\x1b[0m\n'}
[1.154636] (realsense2_camera_msgs) StdoutLine: {'line': b'\x1b[35m\x1b[1mConsolidate compiler generated dependencies of target realsense2_camera_msgs__rosidl_typesupport_c__pyext\x1b[0m\n'}
[1.202492] (-) TimerEvent: {}
[1.220845] (realsense2_camera_msgs) StdoutLine: {'line': b'[ 93%] Built target realsense2_camera_msgs__rosidl_typesupport_fastrtps_c__pyext\n'}
[1.234260] (realsense2_camera_msgs) StdoutLine: {'line': b'[100%] Built target realsense2_camera_msgs__rosidl_typesupport_c__pyext\n'}
[1.235456] (realsense2_camera_msgs) StdoutLine: {'line': b'[ 96%] Built target realsense2_camera_msgs__rosidl_typesupport_introspection_c__pyext\n'}
[1.302670] (-) TimerEvent: {}
[1.403399] (-) TimerEvent: {}
[1.504275] (-) TimerEvent: {}
[1.604954] (-) TimerEvent: {}
[1.705646] (-) TimerEvent: {}
[1.806382] (-) TimerEvent: {}
[1.907206] (-) TimerEvent: {}
[2.007996] (-) TimerEvent: {}
[2.108710] (-) TimerEvent: {}
[2.172578] (realsense2_camera_msgs) StdoutLine: {'line': b'running egg_info\n'}
[2.175802] (realsense2_camera_msgs) StdoutLine: {'line': b'writing realsense2_camera_msgs.egg-info/PKG-INFO\n'}
[2.177195] (realsense2_camera_msgs) StdoutLine: {'line': b'writing dependency_links to realsense2_camera_msgs.egg-info/dependency_links.txt\n'}
[2.178728] (realsense2_camera_msgs) StdoutLine: {'line': b'writing top-level names to realsense2_camera_msgs.egg-info/top_level.txt\n'}
[2.191285] (realsense2_camera_msgs) StdoutLine: {'line': b"reading manifest file 'realsense2_camera_msgs.egg-info/SOURCES.txt'\n"}
[2.195484] (realsense2_camera_msgs) StdoutLine: {'line': b"writing manifest file 'realsense2_camera_msgs.egg-info/SOURCES.txt'\n"}
[2.208933] (-) TimerEvent: {}
[2.309847] (-) TimerEvent: {}
[2.332208] (realsense2_camera_msgs) StdoutLine: {'line': b'[100%] Built target ament_cmake_python_build_realsense2_camera_msgs_egg\n'}
[2.380253] (realsense2_camera_msgs) CommandEnded: {'returncode': 0}
[2.410073] (-) TimerEvent: {}
[2.510810] (-) TimerEvent: {}
[2.611992] (-) TimerEvent: {}
[2.713160] (-) TimerEvent: {}
[2.813875] (-) TimerEvent: {}
[2.915242] (-) TimerEvent: {}
[3.016261] (-) TimerEvent: {}
[3.044972] (realsense2_camera_msgs) JobProgress: {'identifier': 'realsense2_camera_msgs', 'progress': 'install'}
[3.079177] (realsense2_camera_msgs) Command: {'cmd': ['/usr/bin/cmake', '--install', '/home/urc/URC/rover/build/realsense2_camera_msgs'], 'cwd': '/home/urc/URC/rover/build/realsense2_camera_msgs', 'env': OrderedDict([('USER', 'urc'), ('SSH_CLIENT', 'fe80::1c66:ac2a:a24:6b54%wlan0 59186 22'), ('XDG_SESSION_TYPE', 'tty'), ('SHLVL', '1'), ('LD_LIBRARY_PATH', '/opt/ros/humble/opt/rviz_ogre_vendor/lib:/opt/ros/humble/lib/aarch64-linux-gnu:/opt/ros/humble/lib'), ('HOME', '/home/urc'), ('MOTD_SHOWN', 'pam'), ('OLDPWD', '/home/urc/URC'), ('LESS', '-R'), ('SSH_TTY', '/dev/pts/1'), ('ZSH', '/home/urc/.oh-my-zsh'), ('LSCOLORS', 'Gxfxcxdxbxegedabagacad'), ('PAGER', 'less'), ('ROS_PYTHON_VERSION', '3'), ('DBUS_SESSION_BUS_ADDRESS', 'unix:path=/run/user/1000/bus'), ('ROS_DISTRO', 'humble'), ('LOGNAME', 'urc'), ('_', '/usr/bin/colcon'), ('XDG_SESSION_CLASS', 'user'), ('ROS_VERSION', '2'), ('TERM', 'alacritty'), ('XDG_SESSION_ID', '10'), ('ROS_LOCALHOST_ONLY', '0'), ('PATH', '/opt/ros/humble/bin:/usr/local/sbin:/usr/local/bin:/usr/sbin:/usr/bin:/sbin:/bin:/usr/games:/usr/local/games:/snap/bin'), ('XDG_RUNTIME_DIR', '/run/user/1000'), ('LANG', 'C.UTF-8'), ('LS_COLORS', ''), ('AMENT_PREFIX_PATH', '/opt/ros/humble'), ('SHELL', '/usr/bin/zsh'), ('LC_ALL', 'en_US.UTF-8'), ('PWD', '/home/urc/URC/rover/build/realsense2_camera_msgs'), ('SSH_CONNECTION', 'fe80::1c66:ac2a:a24:6b54%wlan0 59186 fe80::dea6:32ff:fea4:2801%wlan0 22'), ('PYTHONPATH', '/opt/ros/humble/lib/python3.10/site-packages:/opt/ros/humble/local/lib/python3.10/dist-packages'), ('COLCON', '1'), ('CMAKE_PREFIX_PATH', '/opt/ros/humble')]), 'shell': False}
[3.116445] (-) TimerEvent: {}
[3.117500] (realsense2_camera_msgs) StdoutLine: {'line': b'-- Install configuration: ""\n'}
[3.118175] (realsense2_camera_msgs) StdoutLine: {'line': b'-- Up-to-date: /home/urc/URC/rover/install/realsense2_camera_msgs/share/ament_index/resource_index/rosidl_interfaces/realsense2_camera_msgs\n'}
[3.118803] (realsense2_camera_msgs) StdoutLine: {'line': b'-- Up-to-date: /home/urc/URC/rover/install/realsense2_camera_msgs/include/realsense2_camera_msgs/realsense2_camera_msgs\n'}
[3.119399] (realsense2_camera_msgs) StdoutLine: {'line': b'-- Up-to-date: /home/urc/URC/rover/install/realsense2_camera_msgs/include/realsense2_camera_msgs/realsense2_camera_msgs/srv\n'}
[3.120127] (realsense2_camera_msgs) StdoutLine: {'line': b'-- Up-to-date: /home/urc/URC/rover/install/realsense2_camera_msgs/include/realsense2_camera_msgs/realsense2_camera_msgs/srv/device_info.h\n'}
[3.120596] (realsense2_camera_msgs) StdoutLine: {'line': b'-- Up-to-date: /home/urc/URC/rover/install/realsense2_camera_msgs/include/realsense2_camera_msgs/realsense2_camera_msgs/srv/detail\n'}
[3.121196] (realsense2_camera_msgs) StdoutLine: {'line': b'-- Up-to-date: /home/urc/URC/rover/install/realsense2_camera_msgs/include/realsense2_camera_msgs/realsense2_camera_msgs/srv/detail/device_info__functions.h\n'}
[3.121882] (realsense2_camera_msgs) StdoutLine: {'line': b'-- Up-to-date: /home/urc/URC/rover/install/realsense2_camera_msgs/include/realsense2_camera_msgs/realsense2_camera_msgs/srv/detail/device_info__type_support.h\n'}
[3.122527] (realsense2_camera_msgs) StdoutLine: {'line': b'-- Up-to-date: /home/urc/URC/rover/install/realsense2_camera_msgs/include/realsense2_camera_msgs/realsense2_camera_msgs/srv/detail/device_info__functions.c\n'}
[3.123059] (realsense2_camera_msgs) StdoutLine: {'line': b'-- Up-to-date: /home/urc/URC/rover/install/realsense2_camera_msgs/include/realsense2_camera_msgs/realsense2_camera_msgs/srv/detail/device_info__struct.h\n'}
[3.123637] (realsense2_camera_msgs) StdoutLine: {'line': b'-- Up-to-date: /home/urc/URC/rover/install/realsense2_camera_msgs/include/realsense2_camera_msgs/realsense2_camera_msgs/msg\n'}
[3.124370] (realsense2_camera_msgs) StdoutLine: {'line': b'-- Up-to-date: /home/urc/URC/rover/install/realsense2_camera_msgs/include/realsense2_camera_msgs/realsense2_camera_msgs/msg/imu_info.h\n'}
[3.124883] (realsense2_camera_msgs) StdoutLine: {'line': b'-- Up-to-date: /home/urc/URC/rover/install/realsense2_camera_msgs/include/realsense2_camera_msgs/realsense2_camera_msgs/msg/metadata.h\n'}
[3.125428] (realsense2_camera_msgs) StdoutLine: {'line': b'-- Up-to-date: /home/urc/URC/rover/install/realsense2_camera_msgs/include/realsense2_camera_msgs/realsense2_camera_msgs/msg/extrinsics.h\n'}
[3.126073] (realsense2_camera_msgs) StdoutLine: {'line': b'-- Up-to-date: /home/urc/URC/rover/install/realsense2_camera_msgs/include/realsense2_camera_msgs/realsense2_camera_msgs/msg/rgbd.h\n'}
[3.126675] (realsense2_camera_msgs) StdoutLine: {'line': b'-- Up-to-date: /home/urc/URC/rover/install/realsense2_camera_msgs/include/realsense2_camera_msgs/realsense2_camera_msgs/msg/detail\n'}
[3.127207] (realsense2_camera_msgs) StdoutLine: {'line': b'-- Up-to-date: /home/urc/URC/rover/install/realsense2_camera_msgs/include/realsense2_camera_msgs/realsense2_camera_msgs/msg/detail/rgbd__struct.h\n'}
[3.127804] (realsense2_camera_msgs) StdoutLine: {'line': b'-- Up-to-date: /home/urc/URC/rover/install/realsense2_camera_msgs/include/realsense2_camera_msgs/realsense2_camera_msgs/msg/detail/extrinsics__struct.h\n'}
[3.128389] (realsense2_camera_msgs) StdoutLine: {'line': b'-- Up-to-date: /home/urc/URC/rover/install/realsense2_camera_msgs/include/realsense2_camera_msgs/realsense2_camera_msgs/msg/detail/rgbd__functions.h\n'}
[3.128958] (realsense2_camera_msgs) StdoutLine: {'line': b'-- Up-to-date: /home/urc/URC/rover/install/realsense2_camera_msgs/include/realsense2_camera_msgs/realsense2_camera_msgs/msg/detail/metadata__functions.c\n'}
[3.129541] (realsense2_camera_msgs) StdoutLine: {'line': b'-- Up-to-date: /home/urc/URC/rover/install/realsense2_camera_msgs/include/realsense2_camera_msgs/realsense2_camera_msgs/msg/detail/extrinsics__functions.h\n'}
[3.130074] (realsense2_camera_msgs) StdoutLine: {'line': b'-- Up-to-date: /home/urc/URC/rover/install/realsense2_camera_msgs/include/realsense2_camera_msgs/realsense2_camera_msgs/msg/detail/rgbd__functions.c\n'}
[3.130737] (realsense2_camera_msgs) StdoutLine: {'line': b'-- Up-to-date: /home/urc/URC/rover/install/realsense2_camera_msgs/include/realsense2_camera_msgs/realsense2_camera_msgs/msg/detail/imu_info__type_support.h\n'}
[3.131306] (realsense2_camera_msgs) StdoutLine: {'line': b'-- Up-to-date: /home/urc/URC/rover/install/realsense2_camera_msgs/include/realsense2_camera_msgs/realsense2_camera_msgs/msg/detail/metadata__functions.h\n'}
[3.131851] (realsense2_camera_msgs) StdoutLine: {'line': b'-- Up-to-date: /home/urc/URC/rover/install/realsense2_camera_msgs/include/realsense2_camera_msgs/realsense2_camera_msgs/msg/detail/imu_info__struct.h\n'}
[3.132442] (realsense2_camera_msgs) StdoutLine: {'line': b'-- Up-to-date: /home/urc/URC/rover/install/realsense2_camera_msgs/include/realsense2_camera_msgs/realsense2_camera_msgs/msg/detail/extrinsics__type_support.h\n'}
[3.132830] (realsense2_camera_msgs) StdoutLine: {'line': b'-- Up-to-date: /home/urc/URC/rover/install/realsense2_camera_msgs/include/realsense2_camera_msgs/realsense2_camera_msgs/msg/detail/imu_info__functions.c\n'}
[3.133248] (realsense2_camera_msgs) StdoutLine: {'line': b'-- Up-to-date: /home/urc/URC/rover/install/realsense2_camera_msgs/include/realsense2_camera_msgs/realsense2_camera_msgs/msg/detail/metadata__type_support.h\n'}
[3.133843] (realsense2_camera_msgs) StdoutLine: {'line': b'-- Up-to-date: /home/urc/URC/rover/install/realsense2_camera_msgs/include/realsense2_camera_msgs/realsense2_camera_msgs/msg/detail/metadata__struct.h\n'}
[3.134234] (realsense2_camera_msgs) StdoutLine: {'line': b'-- Up-to-date: /home/urc/URC/rover/install/realsense2_camera_msgs/include/realsense2_camera_msgs/realsense2_camera_msgs/msg/detail/rgbd__type_support.h\n'}
[3.134708] (realsense2_camera_msgs) StdoutLine: {'line': b'-- Up-to-date: /home/urc/URC/rover/install/realsense2_camera_msgs/include/realsense2_camera_msgs/realsense2_camera_msgs/msg/detail/imu_info__functions.h\n'}
[3.135287] (realsense2_camera_msgs) StdoutLine: {'line': b'-- Up-to-date: /home/urc/URC/rover/install/realsense2_camera_msgs/include/realsense2_camera_msgs/realsense2_camera_msgs/msg/detail/extrinsics__functions.c\n'}
[3.135927] (realsense2_camera_msgs) StdoutLine: {'line': b'-- Up-to-date: /home/urc/URC/rover/install/realsense2_camera_msgs/include/realsense2_camera_msgs/realsense2_camera_msgs/msg/rosidl_generator_c__visibility_control.h\n'}
[3.136584] (realsense2_camera_msgs) StdoutLine: {'line': b'-- Up-to-date: /home/urc/URC/rover/install/realsense2_camera_msgs/share/realsense2_camera_msgs/environment/library_path.sh\n'}
[3.137097] (realsense2_camera_msgs) StdoutLine: {'line': b'-- Up-to-date: /home/urc/URC/rover/install/realsense2_camera_msgs/share/realsense2_camera_msgs/environment/library_path.dsv\n'}
[3.137702] (realsense2_camera_msgs) StdoutLine: {'line': b'-- Up-to-date: /home/urc/URC/rover/install/realsense2_camera_msgs/lib/librealsense2_camera_msgs__rosidl_generator_c.so\n'}
[3.138105] (realsense2_camera_msgs) StdoutLine: {'line': b'-- Up-to-date: /home/urc/URC/rover/install/realsense2_camera_msgs/include/realsense2_camera_msgs/realsense2_camera_msgs\n'}
[3.138612] (realsense2_camera_msgs) StdoutLine: {'line': b'-- Up-to-date: /home/urc/URC/rover/install/realsense2_camera_msgs/include/realsense2_camera_msgs/realsense2_camera_msgs/srv\n'}
[3.139233] (realsense2_camera_msgs) StdoutLine: {'line': b'-- Up-to-date: /home/urc/URC/rover/install/realsense2_camera_msgs/include/realsense2_camera_msgs/realsense2_camera_msgs/srv/detail\n'}
[3.139864] (realsense2_camera_msgs) StdoutLine: {'line': b'-- Up-to-date: /home/urc/URC/rover/install/realsense2_camera_msgs/include/realsense2_camera_msgs/realsense2_camera_msgs/srv/detail/device_info__rosidl_typesupport_fastrtps_c.h\n'}
[3.140402] (realsense2_camera_msgs) StdoutLine: {'line': b'-- Up-to-date: /home/urc/URC/rover/install/realsense2_camera_msgs/include/realsense2_camera_msgs/realsense2_camera_msgs/msg\n'}
[3.140803] (realsense2_camera_msgs) StdoutLine: {'line': b'-- Up-to-date: /home/urc/URC/rover/install/realsense2_camera_msgs/include/realsense2_camera_msgs/realsense2_camera_msgs/msg/rosidl_typesupport_fastrtps_c__visibility_control.h\n'}
[3.141353] (realsense2_camera_msgs) StdoutLine: {'line': b'-- Up-to-date: /home/urc/URC/rover/install/realsense2_camera_msgs/include/realsense2_camera_msgs/realsense2_camera_msgs/msg/detail\n'}
[3.141796] (realsense2_camera_msgs) StdoutLine: {'line': b'-- Up-to-date: /home/urc/URC/rover/install/realsense2_camera_msgs/include/realsense2_camera_msgs/realsense2_camera_msgs/msg/detail/imu_info__rosidl_typesupport_fastrtps_c.h\n'}
[3.142181] (realsense2_camera_msgs) StdoutLine: {'line': b'-- Up-to-date: /home/urc/URC/rover/install/realsense2_camera_msgs/include/realsense2_camera_msgs/realsense2_camera_msgs/msg/detail/metadata__rosidl_typesupport_fastrtps_c.h\n'}
[3.142603] (realsense2_camera_msgs) StdoutLine: {'line': b'-- Up-to-date: /home/urc/URC/rover/install/realsense2_camera_msgs/include/realsense2_camera_msgs/realsense2_camera_msgs/msg/detail/rgbd__rosidl_typesupport_fastrtps_c.h\n'}
[3.143251] (realsense2_camera_msgs) StdoutLine: {'line': b'-- Up-to-date: /home/urc/URC/rover/install/realsense2_camera_msgs/include/realsense2_camera_msgs/realsense2_camera_msgs/msg/detail/extrinsics__rosidl_typesupport_fastrtps_c.h\n'}
[3.143787] (realsense2_camera_msgs) StdoutLine: {'line': b'-- Up-to-date: /home/urc/URC/rover/install/realsense2_camera_msgs/lib/librealsense2_camera_msgs__rosidl_typesupport_fastrtps_c.so\n'}
[3.144371] (realsense2_camera_msgs) StdoutLine: {'line': b'-- Up-to-date: /home/urc/URC/rover/install/realsense2_camera_msgs/include/realsense2_camera_msgs/realsense2_camera_msgs\n'}
[3.144992] (realsense2_camera_msgs) StdoutLine: {'line': b'-- Up-to-date: /home/urc/URC/rover/install/realsense2_camera_msgs/include/realsense2_camera_msgs/realsense2_camera_msgs/srv\n'}
[3.145637] (realsense2_camera_msgs) StdoutLine: {'line': b'-- Up-to-date: /home/urc/URC/rover/install/realsense2_camera_msgs/include/realsense2_camera_msgs/realsense2_camera_msgs/srv/detail\n'}
[3.146085] (realsense2_camera_msgs) StdoutLine: {'line': b'-- Up-to-date: /home/urc/URC/rover/install/realsense2_camera_msgs/include/realsense2_camera_msgs/realsense2_camera_msgs/srv/detail/device_info__type_support.c\n'}
[3.146804] (realsense2_camera_msgs) StdoutLine: {'line': b'-- Up-to-date: /home/urc/URC/rover/install/realsense2_camera_msgs/include/realsense2_camera_msgs/realsense2_camera_msgs/srv/detail/device_info__rosidl_typesupport_introspection_c.h\n'}
[3.147405] (realsense2_camera_msgs) StdoutLine: {'line': b'-- Up-to-date: /home/urc/URC/rover/install/realsense2_camera_msgs/include/realsense2_camera_msgs/realsense2_camera_msgs/msg\n'}
[3.148003] (realsense2_camera_msgs) StdoutLine: {'line': b'-- Up-to-date: /home/urc/URC/rover/install/realsense2_camera_msgs/include/realsense2_camera_msgs/realsense2_camera_msgs/msg/detail\n'}
[3.148670] (realsense2_camera_msgs) StdoutLine: {'line': b'-- Up-to-date: /home/urc/URC/rover/install/realsense2_camera_msgs/include/realsense2_camera_msgs/realsense2_camera_msgs/msg/detail/rgbd__rosidl_typesupport_introspection_c.h\n'}
[3.149233] (realsense2_camera_msgs) StdoutLine: {'line': b'-- Up-to-date: /home/urc/URC/rover/install/realsense2_camera_msgs/include/realsense2_camera_msgs/realsense2_camera_msgs/msg/detail/extrinsics__rosidl_typesupport_introspection_c.h\n'}
[3.149870] (realsense2_camera_msgs) StdoutLine: {'line': b'-- Up-to-date: /home/urc/URC/rover/install/realsense2_camera_msgs/include/realsense2_camera_msgs/realsense2_camera_msgs/msg/detail/imu_info__type_support.c\n'}
[3.150335] (realsense2_camera_msgs) StdoutLine: {'line': b'-- Up-to-date: /home/urc/URC/rover/install/realsense2_camera_msgs/include/realsense2_camera_msgs/realsense2_camera_msgs/msg/detail/metadata__type_support.c\n'}
[3.150744] (realsense2_camera_msgs) StdoutLine: {'line': b'-- Up-to-date: /home/urc/URC/rover/install/realsense2_camera_msgs/include/realsense2_camera_msgs/realsense2_camera_msgs/msg/detail/rgbd__type_support.c\n'}
[3.151361] (realsense2_camera_msgs) StdoutLine: {'line': b'-- Up-to-date: /home/urc/URC/rover/install/realsense2_camera_msgs/include/realsense2_camera_msgs/realsense2_camera_msgs/msg/detail/imu_info__rosidl_typesupport_introspection_c.h\n'}
[3.151846] (realsense2_camera_msgs) StdoutLine: {'line': b'-- Up-to-date: /home/urc/URC/rover/install/realsense2_camera_msgs/include/realsense2_camera_msgs/realsense2_camera_msgs/msg/detail/metadata__rosidl_typesupport_introspection_c.h\n'}
[3.152336] (realsense2_camera_msgs) StdoutLine: {'line': b'-- Up-to-date: /home/urc/URC/rover/install/realsense2_camera_msgs/include/realsense2_camera_msgs/realsense2_camera_msgs/msg/detail/extrinsics__type_support.c\n'}
[3.152744] (realsense2_camera_msgs) StdoutLine: {'line': b'-- Up-to-date: /home/urc/URC/rover/install/realsense2_camera_msgs/include/realsense2_camera_msgs/realsense2_camera_msgs/msg/rosidl_typesupport_introspection_c__visibility_control.h\n'}
[3.153151] (realsense2_camera_msgs) StdoutLine: {'line': b'-- Up-to-date: /home/urc/URC/rover/install/realsense2_camera_msgs/lib/librealsense2_camera_msgs__rosidl_typesupport_introspection_c.so\n'}
[3.153820] (realsense2_camera_msgs) StdoutLine: {'line': b'-- Up-to-date: /home/urc/URC/rover/install/realsense2_camera_msgs/lib/librealsense2_camera_msgs__rosidl_typesupport_c.so\n'}
[3.155070] (realsense2_camera_msgs) StdoutLine: {'line': b'-- Up-to-date: /home/urc/URC/rover/install/realsense2_camera_msgs/include/realsense2_camera_msgs/realsense2_camera_msgs\n'}
[3.155691] (realsense2_camera_msgs) StdoutLine: {'line': b'-- Up-to-date: /home/urc/URC/rover/install/realsense2_camera_msgs/include/realsense2_camera_msgs/realsense2_camera_msgs/srv\n'}
[3.156283] (realsense2_camera_msgs) StdoutLine: {'line': b'-- Up-to-date: /home/urc/URC/rover/install/realsense2_camera_msgs/include/realsense2_camera_msgs/realsense2_camera_msgs/srv/device_info.hpp\n'}
[3.156820] (realsense2_camera_msgs) StdoutLine: {'line': b'-- Up-to-date: /home/urc/URC/rover/install/realsense2_camera_msgs/include/realsense2_camera_msgs/realsense2_camera_msgs/srv/detail\n'}
[3.157362] (realsense2_camera_msgs) StdoutLine: {'line': b'-- Up-to-date: /home/urc/URC/rover/install/realsense2_camera_msgs/include/realsense2_camera_msgs/realsense2_camera_msgs/srv/detail/device_info__struct.hpp\n'}
[3.158065] (realsense2_camera_msgs) StdoutLine: {'line': b'-- Up-to-date: /home/urc/URC/rover/install/realsense2_camera_msgs/include/realsense2_camera_msgs/realsense2_camera_msgs/srv/detail/device_info__traits.hpp\n'}
[3.158592] (realsense2_camera_msgs) StdoutLine: {'line': b'-- Up-to-date: /home/urc/URC/rover/install/realsense2_camera_msgs/include/realsense2_camera_msgs/realsense2_camera_msgs/srv/detail/device_info__builder.hpp\n'}
[3.159121] (realsense2_camera_msgs) StdoutLine: {'line': b'-- Up-to-date: /home/urc/URC/rover/install/realsense2_camera_msgs/include/realsense2_camera_msgs/realsense2_camera_msgs/msg\n'}
[3.159762] (realsense2_camera_msgs) StdoutLine: {'line': b'-- Up-to-date: /home/urc/URC/rover/install/realsense2_camera_msgs/include/realsense2_camera_msgs/realsense2_camera_msgs/msg/rgbd.hpp\n'}
[3.160291] (realsense2_camera_msgs) StdoutLine: {'line': b'-- Up-to-date: /home/urc/URC/rover/install/realsense2_camera_msgs/include/realsense2_camera_msgs/realsense2_camera_msgs/msg/imu_info.hpp\n'}
[3.160898] (realsense2_camera_msgs) StdoutLine: {'line': b'-- Up-to-date: /home/urc/URC/rover/install/realsense2_camera_msgs/include/realsense2_camera_msgs/realsense2_camera_msgs/msg/extrinsics.hpp\n'}
[3.161438] (realsense2_camera_msgs) StdoutLine: {'line': b'-- Up-to-date: /home/urc/URC/rover/install/realsense2_camera_msgs/include/realsense2_camera_msgs/realsense2_camera_msgs/msg/metadata.hpp\n'}
[3.162031] (realsense2_camera_msgs) StdoutLine: {'line': b'-- Up-to-date: /home/urc/URC/rover/install/realsense2_camera_msgs/include/realsense2_camera_msgs/realsense2_camera_msgs/msg/detail\n'}
[3.162570] (realsense2_camera_msgs) StdoutLine: {'line': b'-- Up-to-date: /home/urc/URC/rover/install/realsense2_camera_msgs/include/realsense2_camera_msgs/realsense2_camera_msgs/msg/detail/metadata__builder.hpp\n'}
[3.163218] (realsense2_camera_msgs) StdoutLine: {'line': b'-- Up-to-date: /home/urc/URC/rover/install/realsense2_camera_msgs/include/realsense2_camera_msgs/realsense2_camera_msgs/msg/detail/extrinsics__traits.hpp\n'}
[3.163795] (realsense2_camera_msgs) StdoutLine: {'line': b'-- Up-to-date: /home/urc/URC/rover/install/realsense2_camera_msgs/include/realsense2_camera_msgs/realsense2_camera_msgs/msg/detail/metadata__struct.hpp\n'}
[3.164448] (realsense2_camera_msgs) StdoutLine: {'line': b'-- Up-to-date: /home/urc/URC/rover/install/realsense2_camera_msgs/include/realsense2_camera_msgs/realsense2_camera_msgs/msg/detail/rgbd__builder.hpp\n'}
[3.165066] (realsense2_camera_msgs) StdoutLine: {'line': b'-- Up-to-date: /home/urc/URC/rover/install/realsense2_camera_msgs/include/realsense2_camera_msgs/realsense2_camera_msgs/msg/detail/imu_info__builder.hpp\n'}
[3.165696] (realsense2_camera_msgs) StdoutLine: {'line': b'-- Up-to-date: /home/urc/URC/rover/install/realsense2_camera_msgs/include/realsense2_camera_msgs/realsense2_camera_msgs/msg/detail/rgbd__struct.hpp\n'}
[3.166334] (realsense2_camera_msgs) StdoutLine: {'line': b'-- Up-to-date: /home/urc/URC/rover/install/realsense2_camera_msgs/include/realsense2_camera_msgs/realsense2_camera_msgs/msg/detail/imu_info__traits.hpp\n'}
[3.166851] (realsense2_camera_msgs) StdoutLine: {'line': b'-- Up-to-date: /home/urc/URC/rover/install/realsense2_camera_msgs/include/realsense2_camera_msgs/realsense2_camera_msgs/msg/detail/imu_info__struct.hpp\n'}
[3.167446] (realsense2_camera_msgs) StdoutLine: {'line': b'-- Up-to-date: /home/urc/URC/rover/install/realsense2_camera_msgs/include/realsense2_camera_msgs/realsense2_camera_msgs/msg/detail/extrinsics__struct.hpp\n'}
[3.167846] (realsense2_camera_msgs) StdoutLine: {'line': b'-- Up-to-date: /home/urc/URC/rover/install/realsense2_camera_msgs/include/realsense2_camera_msgs/realsense2_camera_msgs/msg/detail/extrinsics__builder.hpp\n'}
[3.168547] (realsense2_camera_msgs) StdoutLine: {'line': b'-- Up-to-date: /home/urc/URC/rover/install/realsense2_camera_msgs/include/realsense2_camera_msgs/realsense2_camera_msgs/msg/detail/rgbd__traits.hpp\n'}
[3.168968] (realsense2_camera_msgs) StdoutLine: {'line': b'-- Up-to-date: /home/urc/URC/rover/install/realsense2_camera_msgs/include/realsense2_camera_msgs/realsense2_camera_msgs/msg/detail/metadata__traits.hpp\n'}
[3.169661] (realsense2_camera_msgs) StdoutLine: {'line': b'-- Up-to-date: /home/urc/URC/rover/install/realsense2_camera_msgs/include/realsense2_camera_msgs/realsense2_camera_msgs\n'}
[3.170207] (realsense2_camera_msgs) StdoutLine: {'line': b'-- Up-to-date: /home/urc/URC/rover/install/realsense2_camera_msgs/include/realsense2_camera_msgs/realsense2_camera_msgs/srv\n'}
[3.170855] (realsense2_camera_msgs) StdoutLine: {'line': b'-- Up-to-date: /home/urc/URC/rover/install/realsense2_camera_msgs/include/realsense2_camera_msgs/realsense2_camera_msgs/srv/detail\n'}
[3.171333] (realsense2_camera_msgs) StdoutLine: {'line': b'-- Up-to-date: /home/urc/URC/rover/install/realsense2_camera_msgs/include/realsense2_camera_msgs/realsense2_camera_msgs/srv/detail/device_info__rosidl_typesupport_fastrtps_cpp.hpp\n'}
[3.171796] (realsense2_camera_msgs) StdoutLine: {'line': b'-- Up-to-date: /home/urc/URC/rover/install/realsense2_camera_msgs/include/realsense2_camera_msgs/realsense2_camera_msgs/srv/detail/dds_fastrtps\n'}
[3.172281] (realsense2_camera_msgs) StdoutLine: {'line': b'-- Up-to-date: /home/urc/URC/rover/install/realsense2_camera_msgs/include/realsense2_camera_msgs/realsense2_camera_msgs/msg\n'}
[3.172903] (realsense2_camera_msgs) StdoutLine: {'line': b'-- Up-to-date: /home/urc/URC/rover/install/realsense2_camera_msgs/include/realsense2_camera_msgs/realsense2_camera_msgs/msg/rosidl_typesupport_fastrtps_cpp__visibility_control.h\n'}
[3.173289] (realsense2_camera_msgs) StdoutLine: {'line': b'-- Up-to-date: /home/urc/URC/rover/install/realsense2_camera_msgs/include/realsense2_camera_msgs/realsense2_camera_msgs/msg/detail\n'}
[3.173692] (realsense2_camera_msgs) StdoutLine: {'line': b'-- Up-to-date: /home/urc/URC/rover/install/realsense2_camera_msgs/include/realsense2_camera_msgs/realsense2_camera_msgs/msg/detail/metadata__rosidl_typesupport_fastrtps_cpp.hpp\n'}
[3.174594] (realsense2_camera_msgs) StdoutLine: {'line': b'-- Up-to-date: /home/urc/URC/rover/install/realsense2_camera_msgs/include/realsense2_camera_msgs/realsense2_camera_msgs/msg/detail/rgbd__rosidl_typesupport_fastrtps_cpp.hpp\n'}
[3.175422] (realsense2_camera_msgs) StdoutLine: {'line': b'-- Up-to-date: /home/urc/URC/rover/install/realsense2_camera_msgs/include/realsense2_camera_msgs/realsense2_camera_msgs/msg/detail/extrinsics__rosidl_typesupport_fastrtps_cpp.hpp\n'}
[3.175937] (realsense2_camera_msgs) StdoutLine: {'line': b'-- Up-to-date: /home/urc/URC/rover/install/realsense2_camera_msgs/include/realsense2_camera_msgs/realsense2_camera_msgs/msg/detail/dds_fastrtps\n'}
[3.176533] (realsense2_camera_msgs) StdoutLine: {'line': b'-- Up-to-date: /home/urc/URC/rover/install/realsense2_camera_msgs/include/realsense2_camera_msgs/realsense2_camera_msgs/msg/detail/imu_info__rosidl_typesupport_fastrtps_cpp.hpp\n'}
[3.177157] (realsense2_camera_msgs) StdoutLine: {'line': b'-- Up-to-date: /home/urc/URC/rover/install/realsense2_camera_msgs/lib/librealsense2_camera_msgs__rosidl_typesupport_fastrtps_cpp.so\n'}
[3.177601] (realsense2_camera_msgs) StdoutLine: {'line': b'-- Up-to-date: /home/urc/URC/rover/install/realsense2_camera_msgs/include/realsense2_camera_msgs/realsense2_camera_msgs\n'}
[3.178159] (realsense2_camera_msgs) StdoutLine: {'line': b'-- Up-to-date: /home/urc/URC/rover/install/realsense2_camera_msgs/include/realsense2_camera_msgs/realsense2_camera_msgs/srv\n'}
[3.178809] (realsense2_camera_msgs) StdoutLine: {'line': b'-- Up-to-date: /home/urc/URC/rover/install/realsense2_camera_msgs/include/realsense2_camera_msgs/realsense2_camera_msgs/srv/detail\n'}
[3.179363] (realsense2_camera_msgs) StdoutLine: {'line': b'-- Up-to-date: /home/urc/URC/rover/install/realsense2_camera_msgs/include/realsense2_camera_msgs/realsense2_camera_msgs/srv/detail/device_info__rosidl_typesupport_introspection_cpp.hpp\n'}
[3.180050] (realsense2_camera_msgs) StdoutLine: {'line': b'-- Up-to-date: /home/urc/URC/rover/install/realsense2_camera_msgs/include/realsense2_camera_msgs/realsense2_camera_msgs/srv/detail/device_info__type_support.cpp\n'}
[3.180700] (realsense2_camera_msgs) StdoutLine: {'line': b'-- Up-to-date: /home/urc/URC/rover/install/realsense2_camera_msgs/include/realsense2_camera_msgs/realsense2_camera_msgs/msg\n'}
[3.181146] (realsense2_camera_msgs) StdoutLine: {'line': b'-- Up-to-date: /home/urc/URC/rover/install/realsense2_camera_msgs/include/realsense2_camera_msgs/realsense2_camera_msgs/msg/detail\n'}
[3.181533] (realsense2_camera_msgs) StdoutLine: {'line': b'-- Up-to-date: /home/urc/URC/rover/install/realsense2_camera_msgs/include/realsense2_camera_msgs/realsense2_camera_msgs/msg/detail/metadata__type_support.cpp\n'}
[3.181935] (realsense2_camera_msgs) StdoutLine: {'line': b'-- Up-to-date: /home/urc/URC/rover/install/realsense2_camera_msgs/include/realsense2_camera_msgs/realsense2_camera_msgs/msg/detail/extrinsics__type_support.cpp\n'}
[3.182497] (realsense2_camera_msgs) StdoutLine: {'line': b'-- Up-to-date: /home/urc/URC/rover/install/realsense2_camera_msgs/include/realsense2_camera_msgs/realsense2_camera_msgs/msg/detail/imu_info__type_support.cpp\n'}
[3.182902] (realsense2_camera_msgs) StdoutLine: {'line': b'-- Up-to-date: /home/urc/URC/rover/install/realsense2_camera_msgs/include/realsense2_camera_msgs/realsense2_camera_msgs/msg/detail/rgbd__rosidl_typesupport_introspection_cpp.hpp\n'}
[3.183243] (realsense2_camera_msgs) StdoutLine: {'line': b'-- Up-to-date: /home/urc/URC/rover/install/realsense2_camera_msgs/include/realsense2_camera_msgs/realsense2_camera_msgs/msg/detail/extrinsics__rosidl_typesupport_introspection_cpp.hpp\n'}
[3.183641] (realsense2_camera_msgs) StdoutLine: {'line': b'-- Up-to-date: /home/urc/URC/rover/install/realsense2_camera_msgs/include/realsense2_camera_msgs/realsense2_camera_msgs/msg/detail/imu_info__rosidl_typesupport_introspection_cpp.hpp\n'}
[3.184135] (realsense2_camera_msgs) StdoutLine: {'line': b'-- Up-to-date: /home/urc/URC/rover/install/realsense2_camera_msgs/include/realsense2_camera_msgs/realsense2_camera_msgs/msg/detail/metadata__rosidl_typesupport_introspection_cpp.hpp\n'}
[3.184579] (realsense2_camera_msgs) StdoutLine: {'line': b'-- Up-to-date: /home/urc/URC/rover/install/realsense2_camera_msgs/include/realsense2_camera_msgs/realsense2_camera_msgs/msg/detail/rgbd__type_support.cpp\n'}
[3.185004] (realsense2_camera_msgs) StdoutLine: {'line': b'-- Up-to-date: /home/urc/URC/rover/install/realsense2_camera_msgs/lib/librealsense2_camera_msgs__rosidl_typesupport_introspection_cpp.so\n'}
[3.185671] (realsense2_camera_msgs) StdoutLine: {'line': b'-- Up-to-date: /home/urc/URC/rover/install/realsense2_camera_msgs/lib/librealsense2_camera_msgs__rosidl_typesupport_cpp.so\n'}
[3.186537] (realsense2_camera_msgs) StdoutLine: {'line': b'-- Up-to-date: /home/urc/URC/rover/install/realsense2_camera_msgs/share/realsense2_camera_msgs/environment/pythonpath.sh\n'}
[3.187206] (realsense2_camera_msgs) StdoutLine: {'line': b'-- Up-to-date: /home/urc/URC/rover/install/realsense2_camera_msgs/share/realsense2_camera_msgs/environment/pythonpath.dsv\n'}
[3.188423] (realsense2_camera_msgs) StdoutLine: {'line': b'-- Up-to-date: /home/urc/URC/rover/install/realsense2_camera_msgs/local/lib/python3.10/dist-packages/realsense2_camera_msgs-4.55.1-py3.10.egg-info\n'}
[3.189346] (realsense2_camera_msgs) StdoutLine: {'line': b'-- Installing: /home/urc/URC/rover/install/realsense2_camera_msgs/local/lib/python3.10/dist-packages/realsense2_camera_msgs-4.55.1-py3.10.egg-info/SOURCES.txt\n'}
[3.190308] (realsense2_camera_msgs) StdoutLine: {'line': b'-- Installing: /home/urc/URC/rover/install/realsense2_camera_msgs/local/lib/python3.10/dist-packages/realsense2_camera_msgs-4.55.1-py3.10.egg-info/dependency_links.txt\n'}
[3.191977] (realsense2_camera_msgs) StdoutLine: {'line': b'-- Installing: /home/urc/URC/rover/install/realsense2_camera_msgs/local/lib/python3.10/dist-packages/realsense2_camera_msgs-4.55.1-py3.10.egg-info/PKG-INFO\n'}
[3.193562] (realsense2_camera_msgs) StdoutLine: {'line': b'-- Installing: /home/urc/URC/rover/install/realsense2_camera_msgs/local/lib/python3.10/dist-packages/realsense2_camera_msgs-4.55.1-py3.10.egg-info/top_level.txt\n'}
[3.195367] (realsense2_camera_msgs) StdoutLine: {'line': b'-- Up-to-date: /home/urc/URC/rover/install/realsense2_camera_msgs/local/lib/python3.10/dist-packages/realsense2_camera_msgs\n'}
[3.196125] (realsense2_camera_msgs) StdoutLine: {'line': b'-- Up-to-date: /home/urc/URC/rover/install/realsense2_camera_msgs/local/lib/python3.10/dist-packages/realsense2_camera_msgs/realsense2_camera_msgs_s__rosidl_typesupport_introspection_c.cpython-310-aarch64-linux-gnu.so\n'}
[3.196719] (realsense2_camera_msgs) StdoutLine: {'line': b'-- Up-to-date: /home/urc/URC/rover/install/realsense2_camera_msgs/local/lib/python3.10/dist-packages/realsense2_camera_msgs/__init__.py\n'}
[3.197278] (realsense2_camera_msgs) StdoutLine: {'line': b'-- Up-to-date: /home/urc/URC/rover/install/realsense2_camera_msgs/local/lib/python3.10/dist-packages/realsense2_camera_msgs/_realsense2_camera_msgs_s.ep.rosidl_typesupport_fastrtps_c.c\n'}
[3.197893] (realsense2_camera_msgs) StdoutLine: {'line': b'-- Up-to-date: /home/urc/URC/rover/install/realsense2_camera_msgs/local/lib/python3.10/dist-packages/realsense2_camera_msgs/_realsense2_camera_msgs_s.ep.rosidl_typesupport_c.c\n'}
[3.198457] (realsense2_camera_msgs) StdoutLine: {'line': b'-- Up-to-date: /home/urc/URC/rover/install/realsense2_camera_msgs/local/lib/python3.10/dist-packages/realsense2_camera_msgs/srv\n'}
[3.199108] (realsense2_camera_msgs) StdoutLine: {'line': b'-- Up-to-date: /home/urc/URC/rover/install/realsense2_camera_msgs/local/lib/python3.10/dist-packages/realsense2_camera_msgs/srv/__init__.py\n'}
[3.199643] (realsense2_camera_msgs) StdoutLine: {'line': b'-- Up-to-date: /home/urc/URC/rover/install/realsense2_camera_msgs/local/lib/python3.10/dist-packages/realsense2_camera_msgs/srv/_device_info_s.c\n'}
[3.200344] (realsense2_camera_msgs) StdoutLine: {'line': b'-- Up-to-date: /home/urc/URC/rover/install/realsense2_camera_msgs/local/lib/python3.10/dist-packages/realsense2_camera_msgs/srv/_device_info.py\n'}
[3.200881] (realsense2_camera_msgs) StdoutLine: {'line': b'-- Up-to-date: /home/urc/URC/rover/install/realsense2_camera_msgs/local/lib/python3.10/dist-packages/realsense2_camera_msgs/realsense2_camera_msgs_s__rosidl_typesupport_c.cpython-310-aarch64-linux-gnu.so\n'}
[3.201643] (realsense2_camera_msgs) StdoutLine: {'line': b'-- Up-to-date: /home/urc/URC/rover/install/realsense2_camera_msgs/local/lib/python3.10/dist-packages/realsense2_camera_msgs/_realsense2_camera_msgs_s.ep.rosidl_typesupport_introspection_c.c\n'}
[3.202442] (realsense2_camera_msgs) StdoutLine: {'line': b'-- Up-to-date: /home/urc/URC/rover/install/realsense2_camera_msgs/local/lib/python3.10/dist-packages/realsense2_camera_msgs/msg\n'}
[3.203112] (realsense2_camera_msgs) StdoutLine: {'line': b'-- Up-to-date: /home/urc/URC/rover/install/realsense2_camera_msgs/local/lib/python3.10/dist-packages/realsense2_camera_msgs/msg/_rgbd_s.c\n'}
[3.203709] (realsense2_camera_msgs) StdoutLine: {'line': b'-- Up-to-date: /home/urc/URC/rover/install/realsense2_camera_msgs/local/lib/python3.10/dist-packages/realsense2_camera_msgs/msg/__init__.py\n'}
[3.204379] (realsense2_camera_msgs) StdoutLine: {'line': b'-- Up-to-date: /home/urc/URC/rover/install/realsense2_camera_msgs/local/lib/python3.10/dist-packages/realsense2_camera_msgs/msg/_imu_info.py\n'}
[3.205044] (realsense2_camera_msgs) StdoutLine: {'line': b'-- Up-to-date: /home/urc/URC/rover/install/realsense2_camera_msgs/local/lib/python3.10/dist-packages/realsense2_camera_msgs/msg/_metadata.py\n'}
[3.205548] (realsense2_camera_msgs) StdoutLine: {'line': b'-- Up-to-date: /home/urc/URC/rover/install/realsense2_camera_msgs/local/lib/python3.10/dist-packages/realsense2_camera_msgs/msg/_rgbd.py\n'}
[3.206104] (realsense2_camera_msgs) StdoutLine: {'line': b'-- Up-to-date: /home/urc/URC/rover/install/realsense2_camera_msgs/local/lib/python3.10/dist-packages/realsense2_camera_msgs/msg/_extrinsics_s.c\n'}
[3.206523] (realsense2_camera_msgs) StdoutLine: {'line': b'-- Up-to-date: /home/urc/URC/rover/install/realsense2_camera_msgs/local/lib/python3.10/dist-packages/realsense2_camera_msgs/msg/_metadata_s.c\n'}
[3.207041] (realsense2_camera_msgs) StdoutLine: {'line': b'-- Up-to-date: /home/urc/URC/rover/install/realsense2_camera_msgs/local/lib/python3.10/dist-packages/realsense2_camera_msgs/msg/_imu_info_s.c\n'}
[3.207613] (realsense2_camera_msgs) StdoutLine: {'line': b'-- Up-to-date: /home/urc/URC/rover/install/realsense2_camera_msgs/local/lib/python3.10/dist-packages/realsense2_camera_msgs/msg/_extrinsics.py\n'}
[3.208202] (realsense2_camera_msgs) StdoutLine: {'line': b'-- Up-to-date: /home/urc/URC/rover/install/realsense2_camera_msgs/local/lib/python3.10/dist-packages/realsense2_camera_msgs/librealsense2_camera_msgs__rosidl_generator_py.so\n'}
[3.208681] (realsense2_camera_msgs) StdoutLine: {'line': b'-- Up-to-date: /home/urc/URC/rover/install/realsense2_camera_msgs/local/lib/python3.10/dist-packages/realsense2_camera_msgs/realsense2_camera_msgs_s__rosidl_typesupport_fastrtps_c.cpython-310-aarch64-linux-gnu.so\n'}
[3.216605] (-) TimerEvent: {}
[3.317494] (-) TimerEvent: {}
[3.375753] (realsense2_camera_msgs) StdoutLine: {'line': b"Listing '/home/urc/URC/rover/install/realsense2_camera_msgs/local/lib/python3.10/dist-packages/realsense2_camera_msgs'...\n"}
[3.376982] (realsense2_camera_msgs) StdoutLine: {'line': b"Listing '/home/urc/URC/rover/install/realsense2_camera_msgs/local/lib/python3.10/dist-packages/realsense2_camera_msgs/msg'...\n"}
[3.378057] (realsense2_camera_msgs) StdoutLine: {'line': b"Listing '/home/urc/URC/rover/install/realsense2_camera_msgs/local/lib/python3.10/dist-packages/realsense2_camera_msgs/srv'...\n"}
[3.403197] (realsense2_camera_msgs) StdoutLine: {'line': b'-- Up-to-date: /home/urc/URC/rover/install/realsense2_camera_msgs/local/lib/python3.10/dist-packages/realsense2_camera_msgs/realsense2_camera_msgs_s__rosidl_typesupport_fastrtps_c.cpython-310-aarch64-linux-gnu.so\n'}
[3.406741] (realsense2_camera_msgs) StdoutLine: {'line': b'-- Up-to-date: /home/urc/URC/rover/install/realsense2_camera_msgs/local/lib/python3.10/dist-packages/realsense2_camera_msgs/realsense2_camera_msgs_s__rosidl_typesupport_introspection_c.cpython-310-aarch64-linux-gnu.so\n'}
[3.409643] (realsense2_camera_msgs) StdoutLine: {'line': b'-- Up-to-date: /home/urc/URC/rover/install/realsense2_camera_msgs/local/lib/python3.10/dist-packages/realsense2_camera_msgs/realsense2_camera_msgs_s__rosidl_typesupport_c.cpython-310-aarch64-linux-gnu.so\n'}
[3.412365] (realsense2_camera_msgs) StdoutLine: {'line': b'-- Up-to-date: /home/urc/URC/rover/install/realsense2_camera_msgs/lib/librealsense2_camera_msgs__rosidl_generator_py.so\n'}
[3.414158] (realsense2_camera_msgs) StdoutLine: {'line': b'-- Up-to-date: /home/urc/URC/rover/install/realsense2_camera_msgs/share/realsense2_camera_msgs/msg/IMUInfo.idl\n'}
[3.414893] (realsense2_camera_msgs) StdoutLine: {'line': b'-- Up-to-date: /home/urc/URC/rover/install/realsense2_camera_msgs/share/realsense2_camera_msgs/msg/Extrinsics.idl\n'}
[3.415701] (realsense2_camera_msgs) StdoutLine: {'line': b'-- Up-to-date: /home/urc/URC/rover/install/realsense2_camera_msgs/share/realsense2_camera_msgs/msg/Metadata.idl\n'}
[3.416542] (realsense2_camera_msgs) StdoutLine: {'line': b'-- Up-to-date: /home/urc/URC/rover/install/realsense2_camera_msgs/share/realsense2_camera_msgs/msg/RGBD.idl\n'}
[3.417309] (realsense2_camera_msgs) StdoutLine: {'line': b'-- Up-to-date: /home/urc/URC/rover/install/realsense2_camera_msgs/share/realsense2_camera_msgs/srv/DeviceInfo.idl\n'}
[3.417908] (-) TimerEvent: {}
[3.418454] (realsense2_camera_msgs) StdoutLine: {'line': b'-- Up-to-date: /home/urc/URC/rover/install/realsense2_camera_msgs/share/realsense2_camera_msgs/msg/IMUInfo.msg\n'}
[3.419481] (realsense2_camera_msgs) StdoutLine: {'line': b'-- Up-to-date: /home/urc/URC/rover/install/realsense2_camera_msgs/share/realsense2_camera_msgs/msg/Extrinsics.msg\n'}
[3.420168] (realsense2_camera_msgs) StdoutLine: {'line': b'-- Up-to-date: /home/urc/URC/rover/install/realsense2_camera_msgs/share/realsense2_camera_msgs/msg/Metadata.msg\n'}
[3.420722] (realsense2_camera_msgs) StdoutLine: {'line': b'-- Up-to-date: /home/urc/URC/rover/install/realsense2_camera_msgs/share/realsense2_camera_msgs/msg/RGBD.msg\n'}
[3.421257] (realsense2_camera_msgs) StdoutLine: {'line': b'-- Up-to-date: /home/urc/URC/rover/install/realsense2_camera_msgs/share/realsense2_camera_msgs/srv/DeviceInfo.srv\n'}
[3.421788] (realsense2_camera_msgs) StdoutLine: {'line': b'-- Up-to-date: /home/urc/URC/rover/install/realsense2_camera_msgs/share/realsense2_camera_msgs/srv/DeviceInfo_Request.msg\n'}
[3.422319] (realsense2_camera_msgs) StdoutLine: {'line': b'-- Up-to-date: /home/urc/URC/rover/install/realsense2_camera_msgs/share/realsense2_camera_msgs/srv/DeviceInfo_Response.msg\n'}
[3.422852] (realsense2_camera_msgs) StdoutLine: {'line': b'-- Up-to-date: /home/urc/URC/rover/install/realsense2_camera_msgs/share/ament_index/resource_index/package_run_dependencies/realsense2_camera_msgs\n'}
[3.423405] (realsense2_camera_msgs) StdoutLine: {'line': b'-- Up-to-date: /home/urc/URC/rover/install/realsense2_camera_msgs/share/ament_index/resource_index/parent_prefix_path/realsense2_camera_msgs\n'}
[3.424278] (realsense2_camera_msgs) StdoutLine: {'line': b'-- Up-to-date: /home/urc/URC/rover/install/realsense2_camera_msgs/share/realsense2_camera_msgs/environment/ament_prefix_path.sh\n'}
[3.424976] (realsense2_camera_msgs) StdoutLine: {'line': b'-- Up-to-date: /home/urc/URC/rover/install/realsense2_camera_msgs/share/realsense2_camera_msgs/environment/ament_prefix_path.dsv\n'}
[3.425629] (realsense2_camera_msgs) StdoutLine: {'line': b'-- Up-to-date: /home/urc/URC/rover/install/realsense2_camera_msgs/share/realsense2_camera_msgs/environment/path.sh\n'}
[3.426251] (realsense2_camera_msgs) StdoutLine: {'line': b'-- Up-to-date: /home/urc/URC/rover/install/realsense2_camera_msgs/share/realsense2_camera_msgs/environment/path.dsv\n'}
[3.426810] (realsense2_camera_msgs) StdoutLine: {'line': b'-- Up-to-date: /home/urc/URC/rover/install/realsense2_camera_msgs/share/realsense2_camera_msgs/local_setup.bash\n'}
[3.427345] (realsense2_camera_msgs) StdoutLine: {'line': b'-- Up-to-date: /home/urc/URC/rover/install/realsense2_camera_msgs/share/realsense2_camera_msgs/local_setup.sh\n'}
[3.427726] (realsense2_camera_msgs) StdoutLine: {'line': b'-- Up-to-date: /home/urc/URC/rover/install/realsense2_camera_msgs/share/realsense2_camera_msgs/local_setup.zsh\n'}
[3.428224] (realsense2_camera_msgs) StdoutLine: {'line': b'-- Up-to-date: /home/urc/URC/rover/install/realsense2_camera_msgs/share/realsense2_camera_msgs/local_setup.dsv\n'}
[3.428682] (realsense2_camera_msgs) StdoutLine: {'line': b'-- Installing: /home/urc/URC/rover/install/realsense2_camera_msgs/share/realsense2_camera_msgs/package.dsv\n'}
[3.429345] (realsense2_camera_msgs) StdoutLine: {'line': b'-- Up-to-date: /home/urc/URC/rover/install/realsense2_camera_msgs/share/ament_index/resource_index/packages/realsense2_camera_msgs\n'}
[3.431379] (realsense2_camera_msgs) StdoutLine: {'line': b'-- Up-to-date: /home/urc/URC/rover/install/realsense2_camera_msgs/share/realsense2_camera_msgs/cmake/export_realsense2_camera_msgs__rosidl_generator_cExport.cmake\n'}
[3.432273] (realsense2_camera_msgs) StdoutLine: {'line': b'-- Up-to-date: /home/urc/URC/rover/install/realsense2_camera_msgs/share/realsense2_camera_msgs/cmake/export_realsense2_camera_msgs__rosidl_generator_cExport-noconfig.cmake\n'}
[3.434204] (realsense2_camera_msgs) StdoutLine: {'line': b'-- Up-to-date: /home/urc/URC/rover/install/realsense2_camera_msgs/share/realsense2_camera_msgs/cmake/export_realsense2_camera_msgs__rosidl_typesupport_fastrtps_cExport.cmake\n'}
[3.434954] (realsense2_camera_msgs) StdoutLine: {'line': b'-- Up-to-date: /home/urc/URC/rover/install/realsense2_camera_msgs/share/realsense2_camera_msgs/cmake/export_realsense2_camera_msgs__rosidl_typesupport_fastrtps_cExport-noconfig.cmake\n'}
[3.436904] (realsense2_camera_msgs) StdoutLine: {'line': b'-- Up-to-date: /home/urc/URC/rover/install/realsense2_camera_msgs/share/realsense2_camera_msgs/cmake/realsense2_camera_msgs__rosidl_typesupport_introspection_cExport.cmake\n'}
[3.437663] (realsense2_camera_msgs) StdoutLine: {'line': b'-- Up-to-date: /home/urc/URC/rover/install/realsense2_camera_msgs/share/realsense2_camera_msgs/cmake/realsense2_camera_msgs__rosidl_typesupport_introspection_cExport-noconfig.cmake\n'}
[3.439700] (realsense2_camera_msgs) StdoutLine: {'line': b'-- Up-to-date: /home/urc/URC/rover/install/realsense2_camera_msgs/share/realsense2_camera_msgs/cmake/realsense2_camera_msgs__rosidl_typesupport_cExport.cmake\n'}
[3.440554] (realsense2_camera_msgs) StdoutLine: {'line': b'-- Up-to-date: /home/urc/URC/rover/install/realsense2_camera_msgs/share/realsense2_camera_msgs/cmake/realsense2_camera_msgs__rosidl_typesupport_cExport-noconfig.cmake\n'}
[3.442308] (realsense2_camera_msgs) StdoutLine: {'line': b'-- Up-to-date: /home/urc/URC/rover/install/realsense2_camera_msgs/share/realsense2_camera_msgs/cmake/export_realsense2_camera_msgs__rosidl_generator_cppExport.cmake\n'}
[3.444197] (realsense2_camera_msgs) StdoutLine: {'line': b'-- Up-to-date: /home/urc/URC/rover/install/realsense2_camera_msgs/share/realsense2_camera_msgs/cmake/export_realsense2_camera_msgs__rosidl_typesupport_fastrtps_cppExport.cmake\n'}
[3.444896] (realsense2_camera_msgs) StdoutLine: {'line': b'-- Up-to-date: /home/urc/URC/rover/install/realsense2_camera_msgs/share/realsense2_camera_msgs/cmake/export_realsense2_camera_msgs__rosidl_typesupport_fastrtps_cppExport-noconfig.cmake\n'}
[3.446882] (realsense2_camera_msgs) StdoutLine: {'line': b'-- Up-to-date: /home/urc/URC/rover/install/realsense2_camera_msgs/share/realsense2_camera_msgs/cmake/realsense2_camera_msgs__rosidl_typesupport_introspection_cppExport.cmake\n'}
[3.447520] (realsense2_camera_msgs) StdoutLine: {'line': b'-- Up-to-date: /home/urc/URC/rover/install/realsense2_camera_msgs/share/realsense2_camera_msgs/cmake/realsense2_camera_msgs__rosidl_typesupport_introspection_cppExport-noconfig.cmake\n'}
[3.449552] (realsense2_camera_msgs) StdoutLine: {'line': b'-- Up-to-date: /home/urc/URC/rover/install/realsense2_camera_msgs/share/realsense2_camera_msgs/cmake/realsense2_camera_msgs__rosidl_typesupport_cppExport.cmake\n'}
[3.450303] (realsense2_camera_msgs) StdoutLine: {'line': b'-- Up-to-date: /home/urc/URC/rover/install/realsense2_camera_msgs/share/realsense2_camera_msgs/cmake/realsense2_camera_msgs__rosidl_typesupport_cppExport-noconfig.cmake\n'}
[3.452254] (realsense2_camera_msgs) StdoutLine: {'line': b'-- Up-to-date: /home/urc/URC/rover/install/realsense2_camera_msgs/share/realsense2_camera_msgs/cmake/export_realsense2_camera_msgs__rosidl_generator_pyExport.cmake\n'}
[3.453019] (realsense2_camera_msgs) StdoutLine: {'line': b'-- Up-to-date: /home/urc/URC/rover/install/realsense2_camera_msgs/share/realsense2_camera_msgs/cmake/export_realsense2_camera_msgs__rosidl_generator_pyExport-noconfig.cmake\n'}
[3.453902] (realsense2_camera_msgs) StdoutLine: {'line': b'-- Up-to-date: /home/urc/URC/rover/install/realsense2_camera_msgs/share/realsense2_camera_msgs/cmake/rosidl_cmake-extras.cmake\n'}
[3.454679] (realsense2_camera_msgs) StdoutLine: {'line': b'-- Up-to-date: /home/urc/URC/rover/install/realsense2_camera_msgs/share/realsense2_camera_msgs/cmake/ament_cmake_export_dependencies-extras.cmake\n'}
[3.455357] (realsense2_camera_msgs) StdoutLine: {'line': b'-- Up-to-date: /home/urc/URC/rover/install/realsense2_camera_msgs/share/realsense2_camera_msgs/cmake/ament_cmake_export_include_directories-extras.cmake\n'}
[3.456029] (realsense2_camera_msgs) StdoutLine: {'line': b'-- Up-to-date: /home/urc/URC/rover/install/realsense2_camera_msgs/share/realsense2_camera_msgs/cmake/ament_cmake_export_libraries-extras.cmake\n'}
[3.456766] (realsense2_camera_msgs) StdoutLine: {'line': b'-- Up-to-date: /home/urc/URC/rover/install/realsense2_camera_msgs/share/realsense2_camera_msgs/cmake/ament_cmake_export_targets-extras.cmake\n'}
[3.457485] (realsense2_camera_msgs) StdoutLine: {'line': b'-- Up-to-date: /home/urc/URC/rover/install/realsense2_camera_msgs/share/realsense2_camera_msgs/cmake/rosidl_cmake_export_typesupport_targets-extras.cmake\n'}
[3.458138] (realsense2_camera_msgs) StdoutLine: {'line': b'-- Up-to-date: /home/urc/URC/rover/install/realsense2_camera_msgs/share/realsense2_camera_msgs/cmake/rosidl_cmake_export_typesupport_libraries-extras.cmake\n'}
[3.458726] (realsense2_camera_msgs) StdoutLine: {'line': b'-- Up-to-date: /home/urc/URC/rover/install/realsense2_camera_msgs/share/realsense2_camera_msgs/cmake/realsense2_camera_msgsConfig.cmake\n'}
[3.459293] (realsense2_camera_msgs) StdoutLine: {'line': b'-- Up-to-date: /home/urc/URC/rover/install/realsense2_camera_msgs/share/realsense2_camera_msgs/cmake/realsense2_camera_msgsConfig-version.cmake\n'}
[3.459981] (realsense2_camera_msgs) StdoutLine: {'line': b'-- Up-to-date: /home/urc/URC/rover/install/realsense2_camera_msgs/share/realsense2_camera_msgs/package.xml\n'}
[3.468642] (realsense2_camera_msgs) CommandEnded: {'returncode': 0}
[3.519915] (-) TimerEvent: {}
[3.620834] (-) TimerEvent: {}
[3.721548] (-) TimerEvent: {}
[3.822380] (-) TimerEvent: {}
[3.923571] (-) TimerEvent: {}
[3.979776] (depth_image_viewer) Command: {'cmd': ['/usr/bin/python3', '-W', 'ignore:setup.py install is deprecated', 'setup.py', 'egg_info', '--egg-base', '../../build/depth_image_viewer', 'build', '--build-base', '/home/urc/URC/rover/build/depth_image_viewer/build', 'install', '--record', '/home/urc/URC/rover/build/depth_image_viewer/install.log', '--single-version-externally-managed', 'install_data'], 'cwd': '/home/urc/URC/rover/src/depth_image_viewer', 'env': {'USER': 'urc', 'SSH_CLIENT': 'fe80::1c66:ac2a:a24:6b54%wlan0 59186 22', 'XDG_SESSION_TYPE': 'tty', 'SHLVL': '1', 'LD_LIBRARY_PATH': '/opt/ros/humble/opt/rviz_ogre_vendor/lib:/opt/ros/humble/lib/aarch64-linux-gnu:/opt/ros/humble/lib', 'HOME': '/home/urc', 'MOTD_SHOWN': 'pam', 'OLDPWD': '/home/urc/URC', 'LESS': '-R', 'SSH_TTY': '/dev/pts/1', 'ZSH': '/home/urc/.oh-my-zsh', 'LSCOLORS': 'Gxfxcxdxbxegedabagacad', 'PAGER': 'less', 'ROS_PYTHON_VERSION': '3', 'DBUS_SESSION_BUS_ADDRESS': 'unix:path=/run/user/1000/bus', 'ROS_DISTRO': 'humble', 'LOGNAME': 'urc', '_': '/usr/bin/colcon', 'XDG_SESSION_CLASS': 'user', 'ROS_VERSION': '2', 'TERM': 'alacritty', 'XDG_SESSION_ID': '10', 'ROS_LOCALHOST_ONLY': '0', 'PATH': '/opt/ros/humble/bin:/usr/local/sbin:/usr/local/bin:/usr/sbin:/usr/bin:/sbin:/bin:/usr/games:/usr/local/games:/snap/bin', 'XDG_RUNTIME_DIR': '/run/user/1000', 'LANG': 'C.UTF-8', 'LS_COLORS': '', 'AMENT_PREFIX_PATH': '/opt/ros/humble', 'SHELL': '/usr/bin/zsh', 'LC_ALL': 'en_US.UTF-8', 'PWD': '/home/urc/URC/rover/build/depth_image_viewer', 'SSH_CONNECTION': 'fe80::1c66:ac2a:a24:6b54%wlan0 59186 fe80::dea6:32ff:fea4:2801%wlan0 22', 'PYTHONPATH': '/home/urc/URC/rover/build/depth_image_viewer/prefix_override:/usr/lib/python3/dist-packages/colcon_core/task/python/colcon_distutils_commands:/home/urc/URC/rover/install/depth_image_viewer/lib/python3.10/site-packages:/opt/ros/humble/lib/python3.10/site-packages:/opt/ros/humble/local/lib/python3.10/dist-packages', 'COLCON': '1'}, 'shell': False}
[4.023975] (-) TimerEvent: {}
[4.124785] (-) TimerEvent: {}
[4.225691] (-) TimerEvent: {}
[4.297903] (realsense2_camera_msgs) JobEnded: {'identifier': 'realsense2_camera_msgs', 'rc': 0}
[4.304164] (realsense2_camera) JobStarted: {'identifier': 'realsense2_camera'}
[4.319021] (realsense2_description) JobStarted: {'identifier': 'realsense2_description'}
[4.325912] (-) TimerEvent: {}
[4.344900] (realsense2_camera) JobProgress: {'identifier': 'realsense2_camera', 'progress': 'cmake'}
[4.349184] (realsense2_camera) JobProgress: {'identifier': 'realsense2_camera', 'progress': 'build'}
[4.350623] (realsense2_camera) Command: {'cmd': ['/usr/bin/cmake', '--build', '/home/urc/URC/rover/build/realsense2_camera', '--', '-j4', '-l4'], 'cwd': '/home/urc/URC/rover/build/realsense2_camera', 'env': OrderedDict([('USER', 'urc'), ('SSH_CLIENT', 'fe80::1c66:ac2a:a24:6b54%wlan0 59186 22'), ('XDG_SESSION_TYPE', 'tty'), ('SHLVL', '1'), ('LD_LIBRARY_PATH', '/home/urc/URC/rover/install/realsense2_camera_msgs/lib:/opt/ros/humble/opt/rviz_ogre_vendor/lib:/opt/ros/humble/lib/aarch64-linux-gnu:/opt/ros/humble/lib'), ('HOME', '/home/urc'), ('MOTD_SHOWN', 'pam'), ('OLDPWD', '/home/urc/URC'), ('LESS', '-R'), ('SSH_TTY', '/dev/pts/1'), ('ZSH', '/home/urc/.oh-my-zsh'), ('LSCOLORS', 'Gxfxcxdxbxegedabagacad'), ('PAGER', 'less'), ('ROS_PYTHON_VERSION', '3'), ('DBUS_SESSION_BUS_ADDRESS', 'unix:path=/run/user/1000/bus'), ('ROS_DISTRO', 'humble'), ('LOGNAME', 'urc'), ('_', '/usr/bin/colcon'), ('XDG_SESSION_CLASS', 'user'), ('ROS_VERSION', '2'), ('TERM', 'alacritty'), ('XDG_SESSION_ID', '10'), ('ROS_LOCALHOST_ONLY', '0'), ('PATH', '/opt/ros/humble/bin:/usr/local/sbin:/usr/local/bin:/usr/sbin:/usr/bin:/sbin:/bin:/usr/games:/usr/local/games:/snap/bin'), ('XDG_RUNTIME_DIR', '/run/user/1000'), ('LANG', 'C.UTF-8'), ('LS_COLORS', ''), ('AMENT_PREFIX_PATH', '/home/urc/URC/rover/install/realsense2_camera_msgs:/opt/ros/humble'), ('SHELL', '/usr/bin/zsh'), ('LC_ALL', 'en_US.UTF-8'), ('PWD', '/home/urc/URC/rover/build/realsense2_camera'), ('SSH_CONNECTION', 'fe80::1c66:ac2a:a24:6b54%wlan0 59186 fe80::dea6:32ff:fea4:2801%wlan0 22'), ('PYTHONPATH', '/home/urc/URC/rover/install/realsense2_camera_msgs/local/lib/python3.10/dist-packages:/opt/ros/humble/lib/python3.10/site-packages:/opt/ros/humble/local/lib/python3.10/dist-packages'), ('COLCON', '1'), ('CMAKE_PREFIX_PATH', '/home/urc/URC/rover/install/realsense2_camera_msgs:/opt/ros/humble')]), 'shell': False}
[4.365914] (realsense2_description) JobProgress: {'identifier': 'realsense2_description', 'progress': 'cmake'}
[4.369915] (realsense2_description) JobProgress: {'identifier': 'realsense2_description', 'progress': 'build'}
[4.371361] (realsense2_description) Command: {'cmd': ['/usr/bin/cmake', '--build', '/home/urc/URC/rover/build/realsense2_description', '--', '-j4', '-l4'], 'cwd': '/home/urc/URC/rover/build/realsense2_description', 'env': OrderedDict([('USER', 'urc'), ('SSH_CLIENT', 'fe80::1c66:ac2a:a24:6b54%wlan0 59186 22'), ('XDG_SESSION_TYPE', 'tty'), ('SHLVL', '1'), ('LD_LIBRARY_PATH', '/home/urc/URC/rover/install/realsense2_camera_msgs/lib:/opt/ros/humble/opt/rviz_ogre_vendor/lib:/opt/ros/humble/lib/aarch64-linux-gnu:/opt/ros/humble/lib'), ('HOME', '/home/urc'), ('MOTD_SHOWN', 'pam'), ('OLDPWD', '/home/urc/URC'), ('LESS', '-R'), ('SSH_TTY', '/dev/pts/1'), ('ZSH', '/home/urc/.oh-my-zsh'), ('LSCOLORS', 'Gxfxcxdxbxegedabagacad'), ('PAGER', 'less'), ('ROS_PYTHON_VERSION', '3'), ('DBUS_SESSION_BUS_ADDRESS', 'unix:path=/run/user/1000/bus'), ('ROS_DISTRO', 'humble'), ('LOGNAME', 'urc'), ('_', '/usr/bin/colcon'), ('XDG_SESSION_CLASS', 'user'), ('ROS_VERSION', '2'), ('TERM', 'alacritty'), ('XDG_SESSION_ID', '10'), ('ROS_LOCALHOST_ONLY', '0'), ('PATH', '/opt/ros/humble/bin:/usr/local/sbin:/usr/local/bin:/usr/sbin:/usr/bin:/sbin:/bin:/usr/games:/usr/local/games:/snap/bin'), ('XDG_RUNTIME_DIR', '/run/user/1000'), ('LANG', 'C.UTF-8'), ('LS_COLORS', ''), ('AMENT_PREFIX_PATH', '/home/urc/URC/rover/install/realsense2_camera_msgs:/opt/ros/humble'), ('SHELL', '/usr/bin/zsh'), ('LC_ALL', 'en_US.UTF-8'), ('PWD', '/home/urc/URC/rover/build/realsense2_description'), ('SSH_CONNECTION', 'fe80::1c66:ac2a:a24:6b54%wlan0 59186 fe80::dea6:32ff:fea4:2801%wlan0 22'), ('PYTHONPATH', '/home/urc/URC/rover/install/realsense2_camera_msgs/local/lib/python3.10/dist-packages:/opt/ros/humble/lib/python3.10/site-packages:/opt/ros/humble/local/lib/python3.10/dist-packages'), ('COLCON', '1'), ('CMAKE_PREFIX_PATH', '/home/urc/URC/rover/install/realsense2_camera_msgs:/opt/ros/humble')]), 'shell': False}
[4.426209] (-) TimerEvent: {}
[4.527771] (-) TimerEvent: {}
[4.556062] (realsense2_description) CommandEnded: {'returncode': 0}
[4.588949] (realsense2_camera) StdoutLine: {'line': b'\x1b[35m\x1b[1mConsolidate compiler generated dependencies of target gtest_main\x1b[0m\n'}
[4.602600] (realsense2_camera) StdoutLine: {'line': b'\x1b[35m\x1b[1mConsolidate compiler generated dependencies of target realsense2_camera_node\x1b[0m\n'}
[4.628037] (-) TimerEvent: {}
[4.638012] (realsense2_camera) StdoutLine: {'line': b'\x1b[35m\x1b[1mConsolidate compiler generated dependencies of target gtest\x1b[0m\n'}
[4.653172] (realsense2_camera) StdoutLine: {'line': b'\x1b[35m\x1b[1mConsolidate compiler generated dependencies of target realsense2_camera\x1b[0m\n'}
[4.700793] (realsense2_camera) StdoutLine: {'line': b'[  9%] Built target gtest_main\n'}
[4.728255] (-) TimerEvent: {}
[4.764629] (realsense2_camera) StdoutLine: {'line': b'[ 18%] Built target realsense2_camera_node\n'}
[4.773482] (realsense2_camera) StdoutLine: {'line': b'[ 27%] Built target gtest\n'}
[4.786869] (realsense2_description) JobProgress: {'identifier': 'realsense2_description', 'progress': 'install'}
[4.787080] (realsense2_description) Command: {'cmd': ['/usr/bin/cmake', '--install', '/home/urc/URC/rover/build/realsense2_description'], 'cwd': '/home/urc/URC/rover/build/realsense2_description', 'env': OrderedDict([('USER', 'urc'), ('SSH_CLIENT', 'fe80::1c66:ac2a:a24:6b54%wlan0 59186 22'), ('XDG_SESSION_TYPE', 'tty'), ('SHLVL', '1'), ('LD_LIBRARY_PATH', '/home/urc/URC/rover/install/realsense2_camera_msgs/lib:/opt/ros/humble/opt/rviz_ogre_vendor/lib:/opt/ros/humble/lib/aarch64-linux-gnu:/opt/ros/humble/lib'), ('HOME', '/home/urc'), ('MOTD_SHOWN', 'pam'), ('OLDPWD', '/home/urc/URC'), ('LESS', '-R'), ('SSH_TTY', '/dev/pts/1'), ('ZSH', '/home/urc/.oh-my-zsh'), ('LSCOLORS', 'Gxfxcxdxbxegedabagacad'), ('PAGER', 'less'), ('ROS_PYTHON_VERSION', '3'), ('DBUS_SESSION_BUS_ADDRESS', 'unix:path=/run/user/1000/bus'), ('ROS_DISTRO', 'humble'), ('LOGNAME', 'urc'), ('_', '/usr/bin/colcon'), ('XDG_SESSION_CLASS', 'user'), ('ROS_VERSION', '2'), ('TERM', 'alacritty'), ('XDG_SESSION_ID', '10'), ('ROS_LOCALHOST_ONLY', '0'), ('PATH', '/opt/ros/humble/bin:/usr/local/sbin:/usr/local/bin:/usr/sbin:/usr/bin:/sbin:/bin:/usr/games:/usr/local/games:/snap/bin'), ('XDG_RUNTIME_DIR', '/run/user/1000'), ('LANG', 'C.UTF-8'), ('LS_COLORS', ''), ('AMENT_PREFIX_PATH', '/home/urc/URC/rover/install/realsense2_camera_msgs:/opt/ros/humble'), ('SHELL', '/usr/bin/zsh'), ('LC_ALL', 'en_US.UTF-8'), ('PWD', '/home/urc/URC/rover/build/realsense2_description'), ('SSH_CONNECTION', 'fe80::1c66:ac2a:a24:6b54%wlan0 59186 fe80::dea6:32ff:fea4:2801%wlan0 22'), ('PYTHONPATH', '/home/urc/URC/rover/install/realsense2_camera_msgs/local/lib/python3.10/dist-packages:/opt/ros/humble/lib/python3.10/site-packages:/opt/ros/humble/local/lib/python3.10/dist-packages'), ('COLCON', '1'), ('CMAKE_PREFIX_PATH', '/home/urc/URC/rover/install/realsense2_camera_msgs:/opt/ros/humble')]), 'shell': False}
[4.820662] (realsense2_description) StdoutLine: {'line': b'-- Install configuration: ""\n'}
[4.821554] (realsense2_description) StdoutLine: {'line': b'-- Up-to-date: /home/urc/URC/rover/install/realsense2_description/share/realsense2_description/launch\n'}
[4.822087] (realsense2_description) StdoutLine: {'line': b'-- Up-to-date: /home/urc/URC/rover/install/realsense2_description/share/realsense2_description/launch/view_model.launch.py\n'}
[4.822956] (realsense2_description) StdoutLine: {'line': b'-- Up-to-date: /home/urc/URC/rover/install/realsense2_description/share/realsense2_description/launch/launch_utils.py\n'}
[4.823457] (realsense2_description) StdoutLine: {'line': b'-- Up-to-date: /home/urc/URC/rover/install/realsense2_description/share/realsense2_description/meshes\n'}
[4.823969] (realsense2_description) StdoutLine: {'line': b'-- Up-to-date: /home/urc/URC/rover/install/realsense2_description/share/realsense2_description/meshes/l515.dae\n'}
[4.824431] (realsense2_description) StdoutLine: {'line': b'-- Up-to-date: /home/urc/URC/rover/install/realsense2_description/share/realsense2_description/meshes/d405.stl\n'}
[4.825224] (realsense2_description) StdoutLine: {'line': b'-- Up-to-date: /home/urc/URC/rover/install/realsense2_description/share/realsense2_description/meshes/plug.stl\n'}
[4.825734] (realsense2_description) StdoutLine: {'line': b'-- Up-to-date: /home/urc/URC/rover/install/realsense2_description/share/realsense2_description/meshes/d455.stl\n'}
[4.826515] (realsense2_description) StdoutLine: {'line': b'-- Up-to-date: /home/urc/URC/rover/install/realsense2_description/share/realsense2_description/meshes/d415.stl\n'}
[4.827597] (realsense2_description) StdoutLine: {'line': b'-- Up-to-date: /home/urc/URC/rover/install/realsense2_description/share/realsense2_description/meshes/plug_collision.stl\n'}
[4.829207] (-) TimerEvent: {}
[4.830986] (realsense2_description) StdoutLine: {'line': b'-- Up-to-date: /home/urc/URC/rover/install/realsense2_description/share/realsense2_description/meshes/d435.dae\n'}
[4.832002] (realsense2_description) StdoutLine: {'line': b'-- Up-to-date: /home/urc/URC/rover/install/realsense2_description/share/realsense2_description/rviz\n'}
[4.832706] (realsense2_description) StdoutLine: {'line': b'-- Up-to-date: /home/urc/URC/rover/install/realsense2_description/share/realsense2_description/rviz/urdf.rviz\n'}
[4.834022] (realsense2_description) StdoutLine: {'line': b'-- Up-to-date: /home/urc/URC/rover/install/realsense2_description/share/realsense2_description/urdf\n'}
[4.836026] (realsense2_description) StdoutLine: {'line': b'-- Up-to-date: /home/urc/URC/rover/install/realsense2_description/share/realsense2_description/urdf/test_d455_camera.urdf.xacro\n'}
[4.838165] (realsense2_description) StdoutLine: {'line': b'-- Up-to-date: /home/urc/URC/rover/install/realsense2_description/share/realsense2_description/urdf/test_d415_camera.urdf.xacro\n'}
[4.838726] (realsense2_description) StdoutLine: {'line': b'-- Up-to-date: /home/urc/URC/rover/install/realsense2_description/share/realsense2_description/urdf/_materials.urdf.xacro\n'}
[4.839213] (realsense2_description) StdoutLine: {'line': b'-- Up-to-date: /home/urc/URC/rover/install/realsense2_description/share/realsense2_description/urdf/_d405.urdf.xacro\n'}
[4.839667] (realsense2_description) StdoutLine: {'line': b'-- Up-to-date: /home/urc/URC/rover/install/realsense2_description/share/realsense2_description/urdf/_d435i_imu_modules.urdf.xacro\n'}
[4.841288] (realsense2_description) StdoutLine: {'line': b'-- Up-to-date: /home/urc/URC/rover/install/realsense2_description/share/realsense2_description/urdf/_r410.urdf.xacro\n'}
[4.842342] (realsense2_description) StdoutLine: {'line': b'-- Up-to-date: /home/urc/URC/rover/install/realsense2_description/share/realsense2_description/urdf/_d435.urdf.xacro\n'}
[4.842869] (realsense2_description) StdoutLine: {'line': b'-- Up-to-date: /home/urc/URC/rover/install/realsense2_description/share/realsense2_description/urdf/test_r410_camera.urdf.xacro\n'}
[4.843500] (realsense2_description) StdoutLine: {'line': b'-- Up-to-date: /home/urc/URC/rover/install/realsense2_description/share/realsense2_description/urdf/test_r430_camera.urdf.xacro\n'}
[4.844308] (realsense2_description) StdoutLine: {'line': b'-- Up-to-date: /home/urc/URC/rover/install/realsense2_description/share/realsense2_description/urdf/_r430.urdf.xacro\n'}
[4.844865] (realsense2_description) StdoutLine: {'line': b'-- Up-to-date: /home/urc/URC/rover/install/realsense2_description/share/realsense2_description/urdf/test_d405_camera.urdf.xacro\n'}
[4.845373] (realsense2_description) StdoutLine: {'line': b'-- Up-to-date: /home/urc/URC/rover/install/realsense2_description/share/realsense2_description/urdf/test_d435i_camera.urdf.xacro\n'}
[4.845900] (realsense2_description) StdoutLine: {'line': b'-- Up-to-date: /home/urc/URC/rover/install/realsense2_description/share/realsense2_description/urdf/_d435i.urdf.xacro\n'}
[4.846373] (realsense2_description) StdoutLine: {'line': b'-- Up-to-date: /home/urc/URC/rover/install/realsense2_description/share/realsense2_description/urdf/test_d435_multiple_cameras.urdf.xacro\n'}
[4.846866] (realsense2_description) StdoutLine: {'line': b'-- Up-to-date: /home/urc/URC/rover/install/realsense2_description/share/realsense2_description/urdf/_usb_plug.urdf.xacro\n'}
[4.847362] (realsense2_description) StdoutLine: {'line': b'-- Up-to-date: /home/urc/URC/rover/install/realsense2_description/share/realsense2_description/urdf/_d415.urdf.xacro\n'}
[4.847968] (realsense2_description) StdoutLine: {'line': b'-- Up-to-date: /home/urc/URC/rover/install/realsense2_description/share/realsense2_description/urdf/_d455.urdf.xacro\n'}
[4.848576] (realsense2_description) StdoutLine: {'line': b'-- Up-to-date: /home/urc/URC/rover/install/realsense2_description/share/realsense2_description/urdf/test_d435_camera.urdf.xacro\n'}
[4.849176] (realsense2_description) StdoutLine: {'line': b'-- Up-to-date: /home/urc/URC/rover/install/realsense2_description/share/ament_index/resource_index/package_run_dependencies/realsense2_description\n'}
[4.849681] (realsense2_description) StdoutLine: {'line': b'-- Up-to-date: /home/urc/URC/rover/install/realsense2_description/share/ament_index/resource_index/parent_prefix_path/realsense2_description\n'}
[4.850240] (realsense2_description) StdoutLine: {'line': b'-- Up-to-date: /home/urc/URC/rover/install/realsense2_description/share/realsense2_description/environment/ament_prefix_path.sh\n'}
[4.851078] (realsense2_description) StdoutLine: {'line': b'-- Up-to-date: /home/urc/URC/rover/install/realsense2_description/share/realsense2_description/environment/ament_prefix_path.dsv\n'}
[4.851633] (realsense2_description) StdoutLine: {'line': b'-- Up-to-date: /home/urc/URC/rover/install/realsense2_description/share/realsense2_description/environment/path.sh\n'}
[4.852196] (realsense2_description) StdoutLine: {'line': b'-- Up-to-date: /home/urc/URC/rover/install/realsense2_description/share/realsense2_description/environment/path.dsv\n'}
[4.852715] (realsense2_description) StdoutLine: {'line': b'-- Up-to-date: /home/urc/URC/rover/install/realsense2_description/share/realsense2_description/local_setup.bash\n'}
[4.853293] (realsense2_description) StdoutLine: {'line': b'-- Up-to-date: /home/urc/URC/rover/install/realsense2_description/share/realsense2_description/local_setup.sh\n'}
[4.853888] (realsense2_description) StdoutLine: {'line': b'-- Up-to-date: /home/urc/URC/rover/install/realsense2_description/share/realsense2_description/local_setup.zsh\n'}
[4.854416] (realsense2_description) StdoutLine: {'line': b'-- Up-to-date: /home/urc/URC/rover/install/realsense2_description/share/realsense2_description/local_setup.dsv\n'}
[4.855075] (realsense2_description) StdoutLine: {'line': b'-- Installing: /home/urc/URC/rover/install/realsense2_description/share/realsense2_description/package.dsv\n'}
[4.855572] (realsense2_description) StdoutLine: {'line': b'-- Up-to-date: /home/urc/URC/rover/install/realsense2_description/share/ament_index/resource_index/packages/realsense2_description\n'}
[4.856097] (realsense2_description) StdoutLine: {'line': b'-- Up-to-date: /home/urc/URC/rover/install/realsense2_description/share/realsense2_description/cmake/realsense2_descriptionConfig.cmake\n'}
[4.856596] (realsense2_description) StdoutLine: {'line': b'-- Up-to-date: /home/urc/URC/rover/install/realsense2_description/share/realsense2_description/cmake/realsense2_descriptionConfig-version.cmake\n'}
[4.857138] (realsense2_description) StdoutLine: {'line': b'-- Up-to-date: /home/urc/URC/rover/install/realsense2_description/share/realsense2_description/package.xml\n'}
[4.872270] (realsense2_description) CommandEnded: {'returncode': 0}
[4.874121] (realsense2_camera) StdoutLine: {'line': b'\x1b[35m\x1b[1mConsolidate compiler generated dependencies of target gtest_template\x1b[0m\n'}
[4.929447] (-) TimerEvent: {}
[4.943969] (realsense2_camera) StdoutLine: {'line': b'[ 36%] Built target gtest_template\n'}
[5.012827] (realsense2_camera) StdoutLine: {'line': b'[100%] Built target realsense2_camera\n'}
[5.029651] (-) TimerEvent: {}
[5.047799] (realsense2_description) JobEnded: {'identifier': 'realsense2_description', 'rc': 0}
[5.062537] (realsense2_camera) CommandEnded: {'returncode': 0}
[5.129887] (-) TimerEvent: {}
[5.230573] (-) TimerEvent: {}
[5.331559] (-) TimerEvent: {}
[5.350378] (realsense2_camera) JobProgress: {'identifier': 'realsense2_camera', 'progress': 'install'}
[5.351560] (realsense2_camera) Command: {'cmd': ['/usr/bin/cmake', '--install', '/home/urc/URC/rover/build/realsense2_camera'], 'cwd': '/home/urc/URC/rover/build/realsense2_camera', 'env': OrderedDict([('USER', 'urc'), ('SSH_CLIENT', 'fe80::1c66:ac2a:a24:6b54%wlan0 59186 22'), ('XDG_SESSION_TYPE', 'tty'), ('SHLVL', '1'), ('LD_LIBRARY_PATH', '/home/urc/URC/rover/install/realsense2_camera_msgs/lib:/opt/ros/humble/opt/rviz_ogre_vendor/lib:/opt/ros/humble/lib/aarch64-linux-gnu:/opt/ros/humble/lib'), ('HOME', '/home/urc'), ('MOTD_SHOWN', 'pam'), ('OLDPWD', '/home/urc/URC'), ('LESS', '-R'), ('SSH_TTY', '/dev/pts/1'), ('ZSH', '/home/urc/.oh-my-zsh'), ('LSCOLORS', 'Gxfxcxdxbxegedabagacad'), ('PAGER', 'less'), ('ROS_PYTHON_VERSION', '3'), ('DBUS_SESSION_BUS_ADDRESS', 'unix:path=/run/user/1000/bus'), ('ROS_DISTRO', 'humble'), ('LOGNAME', 'urc'), ('_', '/usr/bin/colcon'), ('XDG_SESSION_CLASS', 'user'), ('ROS_VERSION', '2'), ('TERM', 'alacritty'), ('XDG_SESSION_ID', '10'), ('ROS_LOCALHOST_ONLY', '0'), ('PATH', '/opt/ros/humble/bin:/usr/local/sbin:/usr/local/bin:/usr/sbin:/usr/bin:/sbin:/bin:/usr/games:/usr/local/games:/snap/bin'), ('XDG_RUNTIME_DIR', '/run/user/1000'), ('LANG', 'C.UTF-8'), ('LS_COLORS', ''), ('AMENT_PREFIX_PATH', '/home/urc/URC/rover/install/realsense2_camera_msgs:/opt/ros/humble'), ('SHELL', '/usr/bin/zsh'), ('LC_ALL', 'en_US.UTF-8'), ('PWD', '/home/urc/URC/rover/build/realsense2_camera'), ('SSH_CONNECTION', 'fe80::1c66:ac2a:a24:6b54%wlan0 59186 fe80::dea6:32ff:fea4:2801%wlan0 22'), ('PYTHONPATH', '/home/urc/URC/rover/install/realsense2_camera_msgs/local/lib/python3.10/dist-packages:/opt/ros/humble/lib/python3.10/site-packages:/opt/ros/humble/local/lib/python3.10/dist-packages'), ('COLCON', '1'), ('CMAKE_PREFIX_PATH', '/home/urc/URC/rover/install/realsense2_camera_msgs:/opt/ros/humble')]), 'shell': False}
[5.387163] (realsense2_camera) StdoutLine: {'line': b'-- Install configuration: "Release"\n'}
[5.388714] (realsense2_camera) StdoutLine: {'line': b'-- Up-to-date: /home/urc/URC/rover/install/realsense2_camera/lib/realsense2_camera/realsense2_camera_node\n'}
[5.391283] (realsense2_camera) StdoutLine: {'line': b'-- Up-to-date: /home/urc/URC/rover/install/realsense2_camera/lib/librealsense2_camera.so\n'}
[5.392887] (realsense2_camera) StdoutLine: {'line': b'-- Up-to-date: /home/urc/URC/rover/install/realsense2_camera/include\n'}
[5.393548] (realsense2_camera) StdoutLine: {'line': b'-- Up-to-date: /home/urc/URC/rover/install/realsense2_camera/include/sensor_params.h\n'}
[5.394263] (realsense2_camera) StdoutLine: {'line': b'-- Up-to-date: /home/urc/URC/rover/install/realsense2_camera/include/image_publisher.h\n'}
[5.394869] (realsense2_camera) StdoutLine: {'line': b'-- Up-to-date: /home/urc/URC/rover/install/realsense2_camera/include/realsense_node_factory.h\n'}
[5.395550] (realsense2_camera) StdoutLine: {'line': b'-- Up-to-date: /home/urc/URC/rover/install/realsense2_camera/include/base_realsense_node.h\n'}
[5.396267] (realsense2_camera) StdoutLine: {'line': b'-- Up-to-date: /home/urc/URC/rover/install/realsense2_camera/include/gl_window.h\n'}
[5.396718] (realsense2_camera) StdoutLine: {'line': b'-- Up-to-date: /home/urc/URC/rover/install/realsense2_camera/include/named_filter.h\n'}
[5.397379] (realsense2_camera) StdoutLine: {'line': b'-- Up-to-date: /home/urc/URC/rover/install/realsense2_camera/include/ros_param_backend.h\n'}
[5.397891] (realsense2_camera) StdoutLine: {'line': b'-- Up-to-date: /home/urc/URC/rover/install/realsense2_camera/include/ros_utils.h\n'}
[5.398565] (realsense2_camera) StdoutLine: {'line': b'-- Up-to-date: /home/urc/URC/rover/install/realsense2_camera/include/profile_manager.h\n'}
[5.399140] (realsense2_camera) StdoutLine: {'line': b'-- Up-to-date: /home/urc/URC/rover/install/realsense2_camera/include/ros_sensor.h\n'}
[5.399677] (realsense2_camera) StdoutLine: {'line': b'-- Up-to-date: /home/urc/URC/rover/install/realsense2_camera/include/constants.h\n'}
[5.400252] (realsense2_camera) StdoutLine: {'line': b'-- Up-to-date: /home/urc/URC/rover/install/realsense2_camera/include/dynamic_params.h\n'}
[5.400864] (realsense2_camera) StdoutLine: {'line': b'-- Up-to-date: /home/urc/URC/rover/install/realsense2_camera/share/realsense2_camera/launch\n'}
[5.401511] (realsense2_camera) StdoutLine: {'line': b'-- Up-to-date: /home/urc/URC/rover/install/realsense2_camera/share/realsense2_camera/launch/default.rviz\n'}
[5.402028] (realsense2_camera) StdoutLine: {'line': b'-- Up-to-date: /home/urc/URC/rover/install/realsense2_camera/share/realsense2_camera/launch/rs_intra_process_demo_launch.py\n'}
[5.402625] (realsense2_camera) StdoutLine: {'line': b'-- Up-to-date: /home/urc/URC/rover/install/realsense2_camera/share/realsense2_camera/launch/rs_multi_camera_launch.py\n'}
[5.403279] (realsense2_camera) StdoutLine: {'line': b'-- Up-to-date: /home/urc/URC/rover/install/realsense2_camera/share/realsense2_camera/launch/rs_launch.py\n'}
[5.403995] (realsense2_camera) StdoutLine: {'line': b'-- Up-to-date: /home/urc/URC/rover/install/realsense2_camera/share/realsense2_camera/examples\n'}
[5.404659] (realsense2_camera) StdoutLine: {'line': b'-- Up-to-date: /home/urc/URC/rover/install/realsense2_camera/share/realsense2_camera/examples/launch_params_from_file\n'}
[5.405309] (realsense2_camera) StdoutLine: {'line': b'-- Up-to-date: /home/urc/URC/rover/install/realsense2_camera/share/realsense2_camera/examples/launch_params_from_file/README.md\n'}
[5.405774] (realsense2_camera) StdoutLine: {'line': b'-- Up-to-date: /home/urc/URC/rover/install/realsense2_camera/share/realsense2_camera/examples/launch_params_from_file/rs_launch_get_params_from_yaml.py\n'}
[5.406435] (realsense2_camera) StdoutLine: {'line': b'-- Up-to-date: /home/urc/URC/rover/install/realsense2_camera/share/realsense2_camera/examples/launch_params_from_file/config\n'}
[5.407145] (realsense2_camera) StdoutLine: {'line': b'-- Up-to-date: /home/urc/URC/rover/install/realsense2_camera/share/realsense2_camera/examples/launch_params_from_file/config/config.yaml\n'}
[5.407685] (realsense2_camera) StdoutLine: {'line': b'-- Up-to-date: /home/urc/URC/rover/install/realsense2_camera/share/realsense2_camera/examples/launch_from_rosbag\n'}
[5.408322] (realsense2_camera) StdoutLine: {'line': b'-- Up-to-date: /home/urc/URC/rover/install/realsense2_camera/share/realsense2_camera/examples/launch_from_rosbag/README.md\n'}
[5.408979] (realsense2_camera) StdoutLine: {'line': b'-- Up-to-date: /home/urc/URC/rover/install/realsense2_camera/share/realsense2_camera/examples/launch_from_rosbag/rs_launch_from_rosbag.py\n'}
[5.409584] (realsense2_camera) StdoutLine: {'line': b'-- Up-to-date: /home/urc/URC/rover/install/realsense2_camera/share/realsense2_camera/examples/align_depth\n'}
[5.410030] (realsense2_camera) StdoutLine: {'line': b'-- Up-to-date: /home/urc/URC/rover/install/realsense2_camera/share/realsense2_camera/examples/align_depth/README.md\n'}
[5.410719] (realsense2_camera) StdoutLine: {'line': b'-- Up-to-date: /home/urc/URC/rover/install/realsense2_camera/share/realsense2_camera/examples/align_depth/rs_align_depth_launch.py\n'}
[5.411489] (realsense2_camera) StdoutLine: {'line': b'-- Up-to-date: /home/urc/URC/rover/install/realsense2_camera/share/realsense2_camera/examples/dual_camera\n'}
[5.412132] (realsense2_camera) StdoutLine: {'line': b'-- Up-to-date: /home/urc/URC/rover/install/realsense2_camera/share/realsense2_camera/examples/dual_camera/README.md\n'}
[5.412798] (realsense2_camera) StdoutLine: {'line': b'-- Up-to-date: /home/urc/URC/rover/install/realsense2_camera/share/realsense2_camera/examples/dual_camera/rs_dual_camera_launch.py\n'}
[5.413443] (realsense2_camera) StdoutLine: {'line': b'-- Up-to-date: /home/urc/URC/rover/install/realsense2_camera/share/realsense2_camera/examples/dual_camera/rviz\n'}
[5.413991] (realsense2_camera) StdoutLine: {'line': b'-- Up-to-date: /home/urc/URC/rover/install/realsense2_camera/share/realsense2_camera/examples/dual_camera/rviz/dual_camera_pointcloud.rviz\n'}
[5.414643] (realsense2_camera) StdoutLine: {'line': b'-- Up-to-date: /home/urc/URC/rover/install/realsense2_camera/share/realsense2_camera/examples/pointcloud\n'}
[5.415151] (realsense2_camera) StdoutLine: {'line': b'-- Up-to-date: /home/urc/URC/rover/install/realsense2_camera/share/realsense2_camera/examples/pointcloud/README.md\n'}
[5.415578] (realsense2_camera) StdoutLine: {'line': b'-- Up-to-date: /home/urc/URC/rover/install/realsense2_camera/share/realsense2_camera/examples/pointcloud/rs_d455_pointcloud_launch.py\n'}
[5.416099] (realsense2_camera) StdoutLine: {'line': b'-- Up-to-date: /home/urc/URC/rover/install/realsense2_camera/share/realsense2_camera/examples/pointcloud/rs_d405_pointcloud_launch.py\n'}
[5.416651] (realsense2_camera) StdoutLine: {'line': b'-- Up-to-date: /home/urc/URC/rover/install/realsense2_camera/share/realsense2_camera/examples/pointcloud/rs_pointcloud_launch.py\n'}
[5.417165] (realsense2_camera) StdoutLine: {'line': b'-- Up-to-date: /home/urc/URC/rover/install/realsense2_camera/share/realsense2_camera/examples/pointcloud/rviz\n'}
[5.417661] (realsense2_camera) StdoutLine: {'line': b'-- Up-to-date: /home/urc/URC/rover/install/realsense2_camera/share/realsense2_camera/examples/pointcloud/rviz/pointcloud.rviz\n'}
[5.418176] (realsense2_camera) StdoutLine: {'line': b'-- Up-to-date: /home/urc/URC/rover/install/realsense2_camera/share/realsense2_camera/examples/pointcloud/rviz/urdf_pointcloud.rviz\n'}
[5.418676] (realsense2_camera) StdoutLine: {'line': b'-- Up-to-date: /home/urc/URC/rover/install/realsense2_camera/share/realsense2_camera/environment/library_path.sh\n'}
[5.419295] (realsense2_camera) StdoutLine: {'line': b'-- Up-to-date: /home/urc/URC/rover/install/realsense2_camera/share/realsense2_camera/environment/library_path.dsv\n'}
[5.419853] (realsense2_camera) StdoutLine: {'line': b'-- Up-to-date: /home/urc/URC/rover/install/realsense2_camera/share/ament_index/resource_index/package_run_dependencies/realsense2_camera\n'}
[5.420409] (realsense2_camera) StdoutLine: {'line': b'-- Up-to-date: /home/urc/URC/rover/install/realsense2_camera/share/ament_index/resource_index/parent_prefix_path/realsense2_camera\n'}
[5.420915] (realsense2_camera) StdoutLine: {'line': b'-- Up-to-date: /home/urc/URC/rover/install/realsense2_camera/share/realsense2_camera/environment/ament_prefix_path.sh\n'}
[5.421474] (realsense2_camera) StdoutLine: {'line': b'-- Up-to-date: /home/urc/URC/rover/install/realsense2_camera/share/realsense2_camera/environment/ament_prefix_path.dsv\n'}
[5.422169] (realsense2_camera) StdoutLine: {'line': b'-- Up-to-date: /home/urc/URC/rover/install/realsense2_camera/share/realsense2_camera/environment/path.sh\n'}
[5.422825] (realsense2_camera) StdoutLine: {'line': b'-- Up-to-date: /home/urc/URC/rover/install/realsense2_camera/share/realsense2_camera/environment/path.dsv\n'}
[5.423449] (realsense2_camera) StdoutLine: {'line': b'-- Up-to-date: /home/urc/URC/rover/install/realsense2_camera/share/realsense2_camera/local_setup.bash\n'}
[5.424313] (realsense2_camera) StdoutLine: {'line': b'-- Up-to-date: /home/urc/URC/rover/install/realsense2_camera/share/realsense2_camera/local_setup.sh\n'}
[5.425147] (realsense2_camera) StdoutLine: {'line': b'-- Up-to-date: /home/urc/URC/rover/install/realsense2_camera/share/realsense2_camera/local_setup.zsh\n'}
[5.426199] (realsense2_camera) StdoutLine: {'line': b'-- Up-to-date: /home/urc/URC/rover/install/realsense2_camera/share/realsense2_camera/local_setup.dsv\n'}
[5.428006] (realsense2_camera) StdoutLine: {'line': b'-- Installing: /home/urc/URC/rover/install/realsense2_camera/share/realsense2_camera/package.dsv\n'}
[5.430758] (realsense2_camera) StdoutLine: {'line': b'-- Up-to-date: /home/urc/URC/rover/install/realsense2_camera/share/ament_index/resource_index/packages/realsense2_camera\n'}
[5.431456] (realsense2_camera) StdoutLine: {'line': b'-- Up-to-date: /home/urc/URC/rover/install/realsense2_camera/share/ament_index/resource_index/rclcpp_components/realsense2_camera\n'}
[5.432115] (-) TimerEvent: {}
[5.433059] (realsense2_camera) StdoutLine: {'line': b'-- Up-to-date: /home/urc/URC/rover/install/realsense2_camera/share/realsense2_camera/cmake/ament_cmake_export_include_directories-extras.cmake\n'}
[5.433744] (realsense2_camera) StdoutLine: {'line': b'-- Up-to-date: /home/urc/URC/rover/install/realsense2_camera/share/realsense2_camera/cmake/ament_cmake_export_libraries-extras.cmake\n'}
[5.434219] (realsense2_camera) StdoutLine: {'line': b'-- Up-to-date: /home/urc/URC/rover/install/realsense2_camera/share/realsense2_camera/cmake/ament_cmake_export_dependencies-extras.cmake\n'}
[5.434928] (realsense2_camera) StdoutLine: {'line': b'-- Up-to-date: /home/urc/URC/rover/install/realsense2_camera/share/realsense2_camera/cmake/realsense2_cameraConfig.cmake\n'}
[5.435673] (realsense2_camera) StdoutLine: {'line': b'-- Up-to-date: /home/urc/URC/rover/install/realsense2_camera/share/realsense2_camera/cmake/realsense2_cameraConfig-version.cmake\n'}
[5.436539] (realsense2_camera) StdoutLine: {'line': b'-- Up-to-date: /home/urc/URC/rover/install/realsense2_camera/share/realsense2_camera/package.xml\n'}
[5.437284] (realsense2_camera) CommandEnded: {'returncode': 0}
[5.532294] (-) TimerEvent: {}
[5.618813] (depth_image_viewer) StdoutLine: {'line': b'running egg_info\n'}
[5.623240] (depth_image_viewer) StdoutLine: {'line': b'writing ../../build/depth_image_viewer/depth_image_viewer.egg-info/PKG-INFO\n'}
[5.624508] (depth_image_viewer) StdoutLine: {'line': b'writing dependency_links to ../../build/depth_image_viewer/depth_image_viewer.egg-info/dependency_links.txt\n'}
[5.625506] (depth_image_viewer) StdoutLine: {'line': b'writing entry points to ../../build/depth_image_viewer/depth_image_viewer.egg-info/entry_points.txt\n'}
[5.626466] (depth_image_viewer) StdoutLine: {'line': b'writing requirements to ../../build/depth_image_viewer/depth_image_viewer.egg-info/requires.txt\n'}
[5.627247] (depth_image_viewer) StdoutLine: {'line': b'writing top-level names to ../../build/depth_image_viewer/depth_image_viewer.egg-info/top_level.txt\n'}
[5.632442] (-) TimerEvent: {}
[5.636808] (depth_image_viewer) StdoutLine: {'line': b"reading manifest file '../../build/depth_image_viewer/depth_image_viewer.egg-info/SOURCES.txt'\n"}
[5.642353] (depth_image_viewer) StdoutLine: {'line': b"writing manifest file '../../build/depth_image_viewer/depth_image_viewer.egg-info/SOURCES.txt'\n"}
[5.643142] (depth_image_viewer) StdoutLine: {'line': b'running build\n'}
[5.643703] (depth_image_viewer) StdoutLine: {'line': b'running build_py\n'}
[5.645194] (depth_image_viewer) StdoutLine: {'line': b'running install\n'}
[5.646790] (depth_image_viewer) StdoutLine: {'line': b'running install_lib\n'}
[5.653581] (depth_image_viewer) StdoutLine: {'line': b'running install_data\n'}
[5.654316] (depth_image_viewer) StdoutLine: {'line': b'running install_egg_info\n'}
[5.662432] (depth_image_viewer) StdoutLine: {'line': b"removing '/home/urc/URC/rover/install/depth_image_viewer/lib/python3.10/site-packages/depth_image_viewer-0.0.0-py3.10.egg-info' (and everything under it)\n"}
[5.664437] (depth_image_viewer) StdoutLine: {'line': b'Copying ../../build/depth_image_viewer/depth_image_viewer.egg-info to /home/urc/URC/rover/install/depth_image_viewer/lib/python3.10/site-packages/depth_image_viewer-0.0.0-py3.10.egg-info\n'}
[5.672667] (depth_image_viewer) StdoutLine: {'line': b'running install_scripts\n'}
[5.732657] (-) TimerEvent: {}
[5.775295] (depth_image_viewer) StdoutLine: {'line': b'Installing depth_image_node script to /home/urc/URC/rover/install/depth_image_viewer/lib/depth_image_viewer\n'}
[5.781947] (depth_image_viewer) StdoutLine: {'line': b"writing list of installed files to '/home/urc/URC/rover/build/depth_image_viewer/install.log'\n"}
[5.834285] (-) TimerEvent: {}
[5.848712] (realsense2_camera) JobEnded: {'identifier': 'realsense2_camera', 'rc': 0}
[5.893624] (depth_image_viewer) CommandEnded: {'returncode': 0}
[5.924198] (depth_image_viewer) JobEnded: {'identifier': 'depth_image_viewer', 'rc': 0}
[5.926870] (-) EventReactorShutdown: {}
