[0.524s] DEBUG:colcon:Command line arguments: ['/usr/bin/colcon', 'build']
[0.525s] DEBUG:colcon:Parsed command line arguments: Namespace(log_base=None, log_level=None, verb_name='build', build_base='build', install_base='install', merge_install=False, symlink_install=False, test_result_base=None, continue_on_error=False, executor='parallel', parallel_workers=4, event_handlers=None, ignore_user_meta=False, metas=['./colcon.meta'], base_paths=['.'], packages_ignore=None, packages_ignore_regex=None, paths=None, packages_up_to=None, packages_up_to_regex=None, packages_above=None, packages_above_and_dependencies=None, packages_above_depth=None, packages_select_by_dep=None, packages_skip_by_dep=None, packages_skip_up_to=None, packages_select_build_failed=False, packages_skip_build_finished=False, packages_select_test_failures=False, packages_skip_test_passed=False, packages_select=None, packages_skip=None, packages_select_regex=None, packages_skip_regex=None, packages_start=None, packages_end=None, allow_overriding=[], cmake_args=None, cmake_target=None, cmake_target_skip_unavailable=False, cmake_clean_cache=False, cmake_clean_first=False, cmake_force_configure=False, ament_cmake_args=None, catkin_cmake_args=None, catkin_skip_building_tests=False, mixin_files=None, mixin=None, verb_parser=<colcon_mixin.mixin.mixin_argument.MixinArgumentDecorator object at 0xffffb3bd9db0>, verb_extension=<colcon_core.verb.build.BuildVerb object at 0xffffb3cf63e0>, main=<bound method BuildVerb.main of <colcon_core.verb.build.BuildVerb object at 0xffffb3cf63e0>>, mixin_verb=('build',))
[1.504s] Level 1:colcon.colcon_core.package_discovery:discover_packages(colcon_meta) check parameters
[1.505s] Level 1:colcon.colcon_core.package_discovery:discover_packages(recursive) check parameters
[1.512s] Level 1:colcon.colcon_core.package_discovery:discover_packages(ignore) check parameters
[1.512s] Level 1:colcon.colcon_core.package_discovery:discover_packages(path) check parameters
[1.512s] Level 1:colcon.colcon_core.package_discovery:discover_packages(colcon_meta) discover
[1.512s] Level 1:colcon.colcon_core.package_discovery:discover_packages(recursive) discover
[1.513s] INFO:colcon.colcon_core.package_discovery:Crawling recursively for packages in '/home/urc/URC/rover'
[1.513s] Level 1:colcon.colcon_core.package_identification:_identify(.) by extensions ['ignore', 'ignore_ament_install']
[1.513s] Level 1:colcon.colcon_core.package_identification:_identify(.) by extension 'ignore'
[1.514s] Level 1:colcon.colcon_core.package_identification:_identify(.) by extension 'ignore_ament_install'
[1.514s] Level 1:colcon.colcon_core.package_identification:_identify(.) by extensions ['colcon_pkg']
[1.514s] Level 1:colcon.colcon_core.package_identification:_identify(.) by extension 'colcon_pkg'
[1.514s] Level 1:colcon.colcon_core.package_identification:_identify(.) by extensions ['colcon_meta']
[1.515s] Level 1:colcon.colcon_core.package_identification:_identify(.) by extension 'colcon_meta'
[1.515s] Level 1:colcon.colcon_core.package_identification:_identify(.) by extensions ['ros']
[1.515s] Level 1:colcon.colcon_core.package_identification:_identify(.) by extension 'ros'
[1.587s] Level 1:colcon.colcon_core.package_identification:_identify(.) by extensions ['cmake', 'python']
[1.587s] Level 1:colcon.colcon_core.package_identification:_identify(.) by extension 'cmake'
[1.587s] Level 1:colcon.colcon_core.package_identification:_identify(.) by extension 'python'
[1.587s] Level 1:colcon.colcon_core.package_identification:_identify(.) by extensions ['python_setup_py']
[1.587s] Level 1:colcon.colcon_core.package_identification:_identify(.) by extension 'python_setup_py'
[1.588s] Level 1:colcon.colcon_core.package_identification:_identify(build) by extensions ['ignore', 'ignore_ament_install']
[1.588s] Level 1:colcon.colcon_core.package_identification:_identify(build) by extension 'ignore'
[1.589s] Level 1:colcon.colcon_core.package_identification:_identify(build) ignored
[1.589s] Level 1:colcon.colcon_core.package_identification:_identify(install) by extensions ['ignore', 'ignore_ament_install']
[1.590s] Level 1:colcon.colcon_core.package_identification:_identify(install) by extension 'ignore'
[1.590s] Level 1:colcon.colcon_core.package_identification:_identify(install) ignored
[1.591s] Level 1:colcon.colcon_core.package_identification:_identify(log) by extensions ['ignore', 'ignore_ament_install']
[1.591s] Level 1:colcon.colcon_core.package_identification:_identify(log) by extension 'ignore'
[1.591s] Level 1:colcon.colcon_core.package_identification:_identify(log) ignored
[1.592s] Level 1:colcon.colcon_core.package_identification:_identify(src) by extensions ['ignore', 'ignore_ament_install']
[1.592s] Level 1:colcon.colcon_core.package_identification:_identify(src) by extension 'ignore'
[1.592s] Level 1:colcon.colcon_core.package_identification:_identify(src) by extension 'ignore_ament_install'
[1.592s] Level 1:colcon.colcon_core.package_identification:_identify(src) by extensions ['colcon_pkg']
[1.592s] Level 1:colcon.colcon_core.package_identification:_identify(src) by extension 'colcon_pkg'
[1.593s] Level 1:colcon.colcon_core.package_identification:_identify(src) by extensions ['colcon_meta']
[1.593s] Level 1:colcon.colcon_core.package_identification:_identify(src) by extension 'colcon_meta'
[1.593s] Level 1:colcon.colcon_core.package_identification:_identify(src) by extensions ['ros']
[1.593s] Level 1:colcon.colcon_core.package_identification:_identify(src) by extension 'ros'
[1.594s] Level 1:colcon.colcon_core.package_identification:_identify(src) by extensions ['cmake', 'python']
[1.594s] Level 1:colcon.colcon_core.package_identification:_identify(src) by extension 'cmake'
[1.594s] Level 1:colcon.colcon_core.package_identification:_identify(src) by extension 'python'
[1.594s] Level 1:colcon.colcon_core.package_identification:_identify(src) by extensions ['python_setup_py']
[1.594s] Level 1:colcon.colcon_core.package_identification:_identify(src) by extension 'python_setup_py'
[1.595s] Level 1:colcon.colcon_core.package_identification:_identify(src/depth_image_viewer) by extensions ['ignore', 'ignore_ament_install']
[1.595s] Level 1:colcon.colcon_core.package_identification:_identify(src/depth_image_viewer) by extension 'ignore'
[1.595s] Level 1:colcon.colcon_core.package_identification:_identify(src/depth_image_viewer) by extension 'ignore_ament_install'
[1.596s] Level 1:colcon.colcon_core.package_identification:_identify(src/depth_image_viewer) by extensions ['colcon_pkg']
[1.596s] Level 1:colcon.colcon_core.package_identification:_identify(src/depth_image_viewer) by extension 'colcon_pkg'
[1.596s] Level 1:colcon.colcon_core.package_identification:_identify(src/depth_image_viewer) by extensions ['colcon_meta']
[1.596s] Level 1:colcon.colcon_core.package_identification:_identify(src/depth_image_viewer) by extension 'colcon_meta'
[1.596s] Level 1:colcon.colcon_core.package_identification:_identify(src/depth_image_viewer) by extensions ['ros']
[1.596s] Level 1:colcon.colcon_core.package_identification:_identify(src/depth_image_viewer) by extension 'ros'
[1.606s] DEBUG:colcon.colcon_core.package_identification:Package 'src/depth_image_viewer' with type 'ros.ament_python' and name 'depth_image_viewer'
[1.607s] Level 1:colcon.colcon_core.package_identification:_identify(src/realsense-ros) by extensions ['ignore', 'ignore_ament_install']
[1.607s] Level 1:colcon.colcon_core.package_identification:_identify(src/realsense-ros) by extension 'ignore'
[1.608s] Level 1:colcon.colcon_core.package_identification:_identify(src/realsense-ros) by extension 'ignore_ament_install'
[1.608s] Level 1:colcon.colcon_core.package_identification:_identify(src/realsense-ros) by extensions ['colcon_pkg']
[1.608s] Level 1:colcon.colcon_core.package_identification:_identify(src/realsense-ros) by extension 'colcon_pkg'
[1.608s] Level 1:colcon.colcon_core.package_identification:_identify(src/realsense-ros) by extensions ['colcon_meta']
[1.608s] Level 1:colcon.colcon_core.package_identification:_identify(src/realsense-ros) by extension 'colcon_meta'
[1.609s] Level 1:colcon.colcon_core.package_identification:_identify(src/realsense-ros) by extensions ['ros']
[1.609s] Level 1:colcon.colcon_core.package_identification:_identify(src/realsense-ros) by extension 'ros'
[1.609s] Level 1:colcon.colcon_core.package_identification:_identify(src/realsense-ros) by extensions ['cmake', 'python']
[1.609s] Level 1:colcon.colcon_core.package_identification:_identify(src/realsense-ros) by extension 'cmake'
[1.610s] Level 1:colcon.colcon_core.package_identification:_identify(src/realsense-ros) by extension 'python'
[1.610s] Level 1:colcon.colcon_core.package_identification:_identify(src/realsense-ros) by extensions ['python_setup_py']
[1.610s] Level 1:colcon.colcon_core.package_identification:_identify(src/realsense-ros) by extension 'python_setup_py'
[1.611s] Level 1:colcon.colcon_core.package_identification:_identify(src/realsense-ros/realsense2_camera) by extensions ['ignore', 'ignore_ament_install']
[1.611s] Level 1:colcon.colcon_core.package_identification:_identify(src/realsense-ros/realsense2_camera) by extension 'ignore'
[1.611s] Level 1:colcon.colcon_core.package_identification:_identify(src/realsense-ros/realsense2_camera) by extension 'ignore_ament_install'
[1.612s] Level 1:colcon.colcon_core.package_identification:_identify(src/realsense-ros/realsense2_camera) by extensions ['colcon_pkg']
[1.612s] Level 1:colcon.colcon_core.package_identification:_identify(src/realsense-ros/realsense2_camera) by extension 'colcon_pkg'
[1.612s] Level 1:colcon.colcon_core.package_identification:_identify(src/realsense-ros/realsense2_camera) by extensions ['colcon_meta']
[1.612s] Level 1:colcon.colcon_core.package_identification:_identify(src/realsense-ros/realsense2_camera) by extension 'colcon_meta'
[1.612s] Level 1:colcon.colcon_core.package_identification:_identify(src/realsense-ros/realsense2_camera) by extensions ['ros']
[1.612s] Level 1:colcon.colcon_core.package_identification:_identify(src/realsense-ros/realsense2_camera) by extension 'ros'
[1.638s] DEBUG:colcon.colcon_core.package_identification:Package 'src/realsense-ros/realsense2_camera' with type 'ros.ament_cmake' and name 'realsense2_camera'
[1.639s] Level 1:colcon.colcon_core.package_identification:_identify(src/realsense-ros/realsense2_camera_msgs) by extensions ['ignore', 'ignore_ament_install']
[1.640s] Level 1:colcon.colcon_core.package_identification:_identify(src/realsense-ros/realsense2_camera_msgs) by extension 'ignore'
[1.640s] Level 1:colcon.colcon_core.package_identification:_identify(src/realsense-ros/realsense2_camera_msgs) by extension 'ignore_ament_install'
[1.640s] Level 1:colcon.colcon_core.package_identification:_identify(src/realsense-ros/realsense2_camera_msgs) by extensions ['colcon_pkg']
[1.640s] Level 1:colcon.colcon_core.package_identification:_identify(src/realsense-ros/realsense2_camera_msgs) by extension 'colcon_pkg'
[1.640s] Level 1:colcon.colcon_core.package_identification:_identify(src/realsense-ros/realsense2_camera_msgs) by extensions ['colcon_meta']
[1.641s] Level 1:colcon.colcon_core.package_identification:_identify(src/realsense-ros/realsense2_camera_msgs) by extension 'colcon_meta'
[1.641s] Level 1:colcon.colcon_core.package_identification:_identify(src/realsense-ros/realsense2_camera_msgs) by extensions ['ros']
[1.641s] Level 1:colcon.colcon_core.package_identification:_identify(src/realsense-ros/realsense2_camera_msgs) by extension 'ros'
[1.644s] DEBUG:colcon.colcon_core.package_identification:Package 'src/realsense-ros/realsense2_camera_msgs' with type 'ros.ament_cmake' and name 'realsense2_camera_msgs'
[1.645s] Level 1:colcon.colcon_core.package_identification:_identify(src/realsense-ros/realsense2_description) by extensions ['ignore', 'ignore_ament_install']
[1.645s] Level 1:colcon.colcon_core.package_identification:_identify(src/realsense-ros/realsense2_description) by extension 'ignore'
[1.645s] Level 1:colcon.colcon_core.package_identification:_identify(src/realsense-ros/realsense2_description) by extension 'ignore_ament_install'
[1.646s] Level 1:colcon.colcon_core.package_identification:_identify(src/realsense-ros/realsense2_description) by extensions ['colcon_pkg']
[1.646s] Level 1:colcon.colcon_core.package_identification:_identify(src/realsense-ros/realsense2_description) by extension 'colcon_pkg'
[1.646s] Level 1:colcon.colcon_core.package_identification:_identify(src/realsense-ros/realsense2_description) by extensions ['colcon_meta']
[1.646s] Level 1:colcon.colcon_core.package_identification:_identify(src/realsense-ros/realsense2_description) by extension 'colcon_meta'
[1.646s] Level 1:colcon.colcon_core.package_identification:_identify(src/realsense-ros/realsense2_description) by extensions ['ros']
[1.647s] Level 1:colcon.colcon_core.package_identification:_identify(src/realsense-ros/realsense2_description) by extension 'ros'
[1.650s] DEBUG:colcon.colcon_core.package_identification:Package 'src/realsense-ros/realsense2_description' with type 'ros.ament_cmake' and name 'realsense2_description'
[1.651s] Level 1:colcon.colcon_core.package_identification:_identify(src/realsense-ros/scripts) by extensions ['ignore', 'ignore_ament_install']
[1.651s] Level 1:colcon.colcon_core.package_identification:_identify(src/realsense-ros/scripts) by extension 'ignore'
[1.651s] Level 1:colcon.colcon_core.package_identification:_identify(src/realsense-ros/scripts) by extension 'ignore_ament_install'
[1.652s] Level 1:colcon.colcon_core.package_identification:_identify(src/realsense-ros/scripts) by extensions ['colcon_pkg']
[1.652s] Level 1:colcon.colcon_core.package_identification:_identify(src/realsense-ros/scripts) by extension 'colcon_pkg'
[1.652s] Level 1:colcon.colcon_core.package_identification:_identify(src/realsense-ros/scripts) by extensions ['colcon_meta']
[1.652s] Level 1:colcon.colcon_core.package_identification:_identify(src/realsense-ros/scripts) by extension 'colcon_meta'
[1.652s] Level 1:colcon.colcon_core.package_identification:_identify(src/realsense-ros/scripts) by extensions ['ros']
[1.653s] Level 1:colcon.colcon_core.package_identification:_identify(src/realsense-ros/scripts) by extension 'ros'
[1.653s] Level 1:colcon.colcon_core.package_identification:_identify(src/realsense-ros/scripts) by extensions ['cmake', 'python']
[1.653s] Level 1:colcon.colcon_core.package_identification:_identify(src/realsense-ros/scripts) by extension 'cmake'
[1.653s] Level 1:colcon.colcon_core.package_identification:_identify(src/realsense-ros/scripts) by extension 'python'
[1.654s] Level 1:colcon.colcon_core.package_identification:_identify(src/realsense-ros/scripts) by extensions ['python_setup_py']
[1.654s] Level 1:colcon.colcon_core.package_identification:_identify(src/realsense-ros/scripts) by extension 'python_setup_py'
[1.654s] Level 1:colcon.colcon_core.package_discovery:discover_packages(recursive) using defaults
[1.654s] Level 1:colcon.colcon_core.package_discovery:discover_packages(ignore) discover
[1.654s] Level 1:colcon.colcon_core.package_discovery:discover_packages(ignore) using defaults
[1.654s] Level 1:colcon.colcon_core.package_discovery:discover_packages(path) discover
[1.655s] Level 1:colcon.colcon_core.package_discovery:discover_packages(path) using defaults
[1.793s] Level 1:colcon.colcon_core.package_discovery:discover_packages(prefix_path) check parameters
[1.794s] Level 1:colcon.colcon_core.package_discovery:discover_packages(prefix_path) discover
[1.812s] DEBUG:colcon.colcon_installed_package_information.package_discovery:Found 273 installed packages in /opt/ros/humble
[1.820s] Level 1:colcon.colcon_core.package_discovery:discover_packages(prefix_path) using defaults
[2.008s] Level 5:colcon.colcon_core.verb:set package 'depth_image_viewer' build argument 'cmake_args' from command line to 'None'
[2.008s] Level 5:colcon.colcon_core.verb:set package 'depth_image_viewer' build argument 'cmake_target' from command line to 'None'
[2.008s] Level 5:colcon.colcon_core.verb:set package 'depth_image_viewer' build argument 'cmake_target_skip_unavailable' from command line to 'False'
[2.008s] Level 5:colcon.colcon_core.verb:set package 'depth_image_viewer' build argument 'cmake_clean_cache' from command line to 'False'
[2.009s] Level 5:colcon.colcon_core.verb:set package 'depth_image_viewer' build argument 'cmake_clean_first' from command line to 'False'
[2.009s] Level 5:colcon.colcon_core.verb:set package 'depth_image_viewer' build argument 'cmake_force_configure' from command line to 'False'
[2.009s] Level 5:colcon.colcon_core.verb:set package 'depth_image_viewer' build argument 'ament_cmake_args' from command line to 'None'
[2.009s] Level 5:colcon.colcon_core.verb:set package 'depth_image_viewer' build argument 'catkin_cmake_args' from command line to 'None'
[2.009s] Level 5:colcon.colcon_core.verb:set package 'depth_image_viewer' build argument 'catkin_skip_building_tests' from command line to 'False'
[2.009s] DEBUG:colcon.colcon_core.verb:Building package 'depth_image_viewer' with the following arguments: {'ament_cmake_args': None, 'build_base': '/home/urc/URC/rover/build/depth_image_viewer', 'catkin_cmake_args': None, 'catkin_skip_building_tests': False, 'cmake_args': None, 'cmake_clean_cache': False, 'cmake_clean_first': False, 'cmake_force_configure': False, 'cmake_target': None, 'cmake_target_skip_unavailable': False, 'install_base': '/home/urc/URC/rover/install/depth_image_viewer', 'merge_install': False, 'path': '/home/urc/URC/rover/src/depth_image_viewer', 'symlink_install': False, 'test_result_base': None}
[2.011s] Level 5:colcon.colcon_core.verb:set package 'realsense2_camera_msgs' build argument 'cmake_args' from command line to 'None'
[2.011s] Level 5:colcon.colcon_core.verb:set package 'realsense2_camera_msgs' build argument 'cmake_target' from command line to 'None'
[2.011s] Level 5:colcon.colcon_core.verb:set package 'realsense2_camera_msgs' build argument 'cmake_target_skip_unavailable' from command line to 'False'
[2.011s] Level 5:colcon.colcon_core.verb:set package 'realsense2_camera_msgs' build argument 'cmake_clean_cache' from command line to 'False'
[2.012s] Level 5:colcon.colcon_core.verb:set package 'realsense2_camera_msgs' build argument 'cmake_clean_first' from command line to 'False'
[2.012s] Level 5:colcon.colcon_core.verb:set package 'realsense2_camera_msgs' build argument 'cmake_force_configure' from command line to 'False'
[2.012s] Level 5:colcon.colcon_core.verb:set package 'realsense2_camera_msgs' build argument 'ament_cmake_args' from command line to 'None'
[2.012s] Level 5:colcon.colcon_core.verb:set package 'realsense2_camera_msgs' build argument 'catkin_cmake_args' from command line to 'None'
[2.012s] Level 5:colcon.colcon_core.verb:set package 'realsense2_camera_msgs' build argument 'catkin_skip_building_tests' from command line to 'False'
[2.012s] DEBUG:colcon.colcon_core.verb:Building package 'realsense2_camera_msgs' with the following arguments: {'ament_cmake_args': None, 'build_base': '/home/urc/URC/rover/build/realsense2_camera_msgs', 'catkin_cmake_args': None, 'catkin_skip_building_tests': False, 'cmake_args': None, 'cmake_clean_cache': False, 'cmake_clean_first': False, 'cmake_force_configure': False, 'cmake_target': None, 'cmake_target_skip_unavailable': False, 'install_base': '/home/urc/URC/rover/install/realsense2_camera_msgs', 'merge_install': False, 'path': '/home/urc/URC/rover/src/realsense-ros/realsense2_camera_msgs', 'symlink_install': False, 'test_result_base': None}
[2.014s] Level 5:colcon.colcon_core.verb:set package 'realsense2_camera' build argument 'cmake_args' from command line to 'None'
[2.014s] Level 5:colcon.colcon_core.verb:set package 'realsense2_camera' build argument 'cmake_target' from command line to 'None'
[2.014s] Level 5:colcon.colcon_core.verb:set package 'realsense2_camera' build argument 'cmake_target_skip_unavailable' from command line to 'False'
[2.014s] Level 5:colcon.colcon_core.verb:set package 'realsense2_camera' build argument 'cmake_clean_cache' from command line to 'False'
[2.014s] Level 5:colcon.colcon_core.verb:set package 'realsense2_camera' build argument 'cmake_clean_first' from command line to 'False'
[2.014s] Level 5:colcon.colcon_core.verb:set package 'realsense2_camera' build argument 'cmake_force_configure' from command line to 'False'
[2.015s] Level 5:colcon.colcon_core.verb:set package 'realsense2_camera' build argument 'ament_cmake_args' from command line to 'None'
[2.015s] Level 5:colcon.colcon_core.verb:set package 'realsense2_camera' build argument 'catkin_cmake_args' from command line to 'None'
[2.015s] Level 5:colcon.colcon_core.verb:set package 'realsense2_camera' build argument 'catkin_skip_building_tests' from command line to 'False'
[2.015s] DEBUG:colcon.colcon_core.verb:Building package 'realsense2_camera' with the following arguments: {'ament_cmake_args': None, 'build_base': '/home/urc/URC/rover/build/realsense2_camera', 'catkin_cmake_args': None, 'catkin_skip_building_tests': False, 'cmake_args': None, 'cmake_clean_cache': False, 'cmake_clean_first': False, 'cmake_force_configure': False, 'cmake_target': None, 'cmake_target_skip_unavailable': False, 'install_base': '/home/urc/URC/rover/install/realsense2_camera', 'merge_install': False, 'path': '/home/urc/URC/rover/src/realsense-ros/realsense2_camera', 'symlink_install': False, 'test_result_base': None}
[2.017s] Level 5:colcon.colcon_core.verb:set package 'realsense2_description' build argument 'cmake_args' from command line to 'None'
[2.017s] Level 5:colcon.colcon_core.verb:set package 'realsense2_description' build argument 'cmake_target' from command line to 'None'
[2.017s] Level 5:colcon.colcon_core.verb:set package 'realsense2_description' build argument 'cmake_target_skip_unavailable' from command line to 'False'
[2.017s] Level 5:colcon.colcon_core.verb:set package 'realsense2_description' build argument 'cmake_clean_cache' from command line to 'False'
[2.017s] Level 5:colcon.colcon_core.verb:set package 'realsense2_description' build argument 'cmake_clean_first' from command line to 'False'
[2.017s] Level 5:colcon.colcon_core.verb:set package 'realsense2_description' build argument 'cmake_force_configure' from command line to 'False'
[2.017s] Level 5:colcon.colcon_core.verb:set package 'realsense2_description' build argument 'ament_cmake_args' from command line to 'None'
[2.017s] Level 5:colcon.colcon_core.verb:set package 'realsense2_description' build argument 'catkin_cmake_args' from command line to 'None'
[2.018s] Level 5:colcon.colcon_core.verb:set package 'realsense2_description' build argument 'catkin_skip_building_tests' from command line to 'False'
[2.018s] DEBUG:colcon.colcon_core.verb:Building package 'realsense2_description' with the following arguments: {'ament_cmake_args': None, 'build_base': '/home/urc/URC/rover/build/realsense2_description', 'catkin_cmake_args': None, 'catkin_skip_building_tests': False, 'cmake_args': None, 'cmake_clean_cache': False, 'cmake_clean_first': False, 'cmake_force_configure': False, 'cmake_target': None, 'cmake_target_skip_unavailable': False, 'install_base': '/home/urc/URC/rover/install/realsense2_description', 'merge_install': False, 'path': '/home/urc/URC/rover/src/realsense-ros/realsense2_description', 'symlink_install': False, 'test_result_base': None}
[2.018s] INFO:colcon.colcon_core.executor:Executing jobs using 'parallel' executor
[2.022s] DEBUG:colcon.colcon_parallel_executor.executor.parallel:run_until_complete
[2.023s] INFO:colcon.colcon_ros.task.ament_cmake.build:Building ROS package in '/home/urc/URC/rover/src/realsense-ros/realsense2_camera_msgs' with build type 'ament_cmake'
[2.024s] INFO:colcon.colcon_cmake.task.cmake.build:Building CMake package in '/home/urc/URC/rover/src/realsense-ros/realsense2_camera_msgs'
[2.033s] INFO:colcon.colcon_core.plugin_system:Skipping extension 'colcon_core.shell.bat': Not used on non-Windows systems
[2.034s] INFO:colcon.colcon_core.shell:Skip shell extension 'powershell' for command environment: Not usable outside of PowerShell
[2.034s] DEBUG:colcon.colcon_core.shell:Skip shell extension 'dsv' for command environment
[2.052s] INFO:colcon.colcon_ros.task.ament_python.build:Building ROS package in '/home/urc/URC/rover/src/depth_image_viewer' with build type 'ament_python'
[2.053s] Level 1:colcon.colcon_core.shell:create_environment_hook('depth_image_viewer', 'ament_prefix_path')
[2.054s] INFO:colcon.colcon_core.shell:Creating environment hook '/home/urc/URC/rover/install/depth_image_viewer/share/depth_image_viewer/hook/ament_prefix_path.ps1'
[2.058s] INFO:colcon.colcon_core.shell:Creating environment descriptor '/home/urc/URC/rover/install/depth_image_viewer/share/depth_image_viewer/hook/ament_prefix_path.dsv'
[2.060s] INFO:colcon.colcon_core.shell:Creating environment hook '/home/urc/URC/rover/install/depth_image_viewer/share/depth_image_viewer/hook/ament_prefix_path.sh'
[2.064s] INFO:colcon.colcon_core.shell:Skip shell extension 'powershell' for command environment: Not usable outside of PowerShell
[2.064s] DEBUG:colcon.colcon_core.shell:Skip shell extension 'dsv' for command environment
[2.103s] DEBUG:colcon.colcon_core.event_handler.log_command:Invoking command in '/home/urc/URC/rover/build/realsense2_camera_msgs': CMAKE_PREFIX_PATH=/opt/ros/humble /usr/bin/cmake --build /home/urc/URC/rover/build/realsense2_camera_msgs -- -j4 -l4
[3.834s] INFO:colcon.colcon_core.task.python.build:Building Python package in '/home/urc/URC/rover/src/depth_image_viewer'
[3.835s] INFO:colcon.colcon_core.shell:Skip shell extension 'powershell' for command environment: Not usable outside of PowerShell
[3.835s] DEBUG:colcon.colcon_core.shell:Skip shell extension 'dsv' for command environment
[4.403s] DEBUG:colcon.colcon_core.event_handler.log_command:Invoked command in '/home/urc/URC/rover/build/realsense2_camera_msgs' returned '0': CMAKE_PREFIX_PATH=/opt/ros/humble /usr/bin/cmake --build /home/urc/URC/rover/build/realsense2_camera_msgs -- -j4 -l4
[5.107s] DEBUG:colcon.colcon_core.event_handler.log_command:Invoking command in '/home/urc/URC/rover/build/realsense2_camera_msgs': CMAKE_PREFIX_PATH=/opt/ros/humble /usr/bin/cmake --install /home/urc/URC/rover/build/realsense2_camera_msgs
[5.490s] Level 1:colcon.colcon_core.environment:create_environment_scripts_only(realsense2_camera_msgs)
[5.492s] DEBUG:colcon.colcon_core.event_handler.log_command:Invoked command in '/home/urc/URC/rover/build/realsense2_camera_msgs' returned '0': CMAKE_PREFIX_PATH=/opt/ros/humble /usr/bin/cmake --install /home/urc/URC/rover/build/realsense2_camera_msgs
[5.504s] Level 1:colcon.colcon_core.environment:checking '/home/urc/URC/rover/install/realsense2_camera_msgs' for CMake module files
[5.509s] Level 1:colcon.colcon_core.environment:checking '/home/urc/URC/rover/install/realsense2_camera_msgs' for CMake config files
[5.516s] Level 1:colcon.colcon_core.shell:create_environment_hook('realsense2_camera_msgs', 'cmake_prefix_path')
[5.517s] INFO:colcon.colcon_core.shell:Creating environment hook '/home/urc/URC/rover/install/realsense2_camera_msgs/share/realsense2_camera_msgs/hook/cmake_prefix_path.ps1'
[5.519s] INFO:colcon.colcon_core.shell:Creating environment descriptor '/home/urc/URC/rover/install/realsense2_camera_msgs/share/realsense2_camera_msgs/hook/cmake_prefix_path.dsv'
[5.521s] INFO:colcon.colcon_core.shell:Creating environment hook '/home/urc/URC/rover/install/realsense2_camera_msgs/share/realsense2_camera_msgs/hook/cmake_prefix_path.sh'
[5.525s] Level 1:colcon.colcon_core.environment:checking '/home/urc/URC/rover/install/realsense2_camera_msgs/lib'
[5.526s] Level 1:colcon.colcon_core.shell:create_environment_hook('realsense2_camera_msgs', 'ld_library_path_lib')
[5.527s] INFO:colcon.colcon_core.shell:Creating environment hook '/home/urc/URC/rover/install/realsense2_camera_msgs/share/realsense2_camera_msgs/hook/ld_library_path_lib.ps1'
[5.529s] INFO:colcon.colcon_core.shell:Creating environment descriptor '/home/urc/URC/rover/install/realsense2_camera_msgs/share/realsense2_camera_msgs/hook/ld_library_path_lib.dsv'
[5.531s] INFO:colcon.colcon_core.shell:Creating environment hook '/home/urc/URC/rover/install/realsense2_camera_msgs/share/realsense2_camera_msgs/hook/ld_library_path_lib.sh'
[5.534s] Level 1:colcon.colcon_core.environment:checking '/home/urc/URC/rover/install/realsense2_camera_msgs/bin'
[5.534s] Level 1:colcon.colcon_core.environment:checking '/home/urc/URC/rover/install/realsense2_camera_msgs/lib/pkgconfig/realsense2_camera_msgs.pc'
[5.535s] Level 1:colcon.colcon_core.environment:checking '/home/urc/URC/rover/install/realsense2_camera_msgs/lib/python3.10/site-packages'
[5.537s] Level 1:colcon.colcon_core.environment:checking '/home/urc/URC/rover/install/realsense2_camera_msgs/bin'
[5.538s] INFO:colcon.colcon_core.shell:Creating package script '/home/urc/URC/rover/install/realsense2_camera_msgs/share/realsense2_camera_msgs/package.ps1'
[5.543s] INFO:colcon.colcon_core.shell:Creating package descriptor '/home/urc/URC/rover/install/realsense2_camera_msgs/share/realsense2_camera_msgs/package.dsv'
[5.546s] INFO:colcon.colcon_core.shell:Creating package script '/home/urc/URC/rover/install/realsense2_camera_msgs/share/realsense2_camera_msgs/package.sh'
[5.552s] INFO:colcon.colcon_core.shell:Creating package script '/home/urc/URC/rover/install/realsense2_camera_msgs/share/realsense2_camera_msgs/package.bash'
[5.556s] INFO:colcon.colcon_core.shell:Creating package script '/home/urc/URC/rover/install/realsense2_camera_msgs/share/realsense2_camera_msgs/package.zsh'
[5.560s] Level 1:colcon.colcon_core.environment:create_file_with_runtime_dependencies(/home/urc/URC/rover/install/realsense2_camera_msgs/share/colcon-core/packages/realsense2_camera_msgs)
[6.012s] DEBUG:colcon.colcon_core.event_handler.log_command:Invoking command in '/home/urc/URC/rover/src/depth_image_viewer': PYTHONPATH=/home/urc/URC/rover/build/depth_image_viewer/prefix_override:/usr/lib/python3/dist-packages/colcon_core/task/python/colcon_distutils_commands:/home/urc/URC/rover/install/depth_image_viewer/lib/python3.10/site-packages:${PYTHONPATH} /usr/bin/python3 -W ignore:setup.py install is deprecated setup.py egg_info --egg-base ../../build/depth_image_viewer build --build-base /home/urc/URC/rover/build/depth_image_viewer/build install --record /home/urc/URC/rover/build/depth_image_viewer/install.log --single-version-externally-managed install_data
[6.267s] Level 1:colcon.colcon_core.environment:create_environment_scripts_only(realsense2_camera_msgs)
[6.268s] Level 1:colcon.colcon_core.environment:checking '/home/urc/URC/rover/install/realsense2_camera_msgs' for CMake module files
[6.273s] Level 1:colcon.colcon_core.environment:checking '/home/urc/URC/rover/install/realsense2_camera_msgs' for CMake config files
[6.279s] Level 1:colcon.colcon_core.shell:create_environment_hook('realsense2_camera_msgs', 'cmake_prefix_path')
[6.281s] INFO:colcon.colcon_core.shell:Creating environment hook '/home/urc/URC/rover/install/realsense2_camera_msgs/share/realsense2_camera_msgs/hook/cmake_prefix_path.ps1'
[6.283s] INFO:colcon.colcon_core.shell:Creating environment descriptor '/home/urc/URC/rover/install/realsense2_camera_msgs/share/realsense2_camera_msgs/hook/cmake_prefix_path.dsv'
[6.285s] INFO:colcon.colcon_core.shell:Creating environment hook '/home/urc/URC/rover/install/realsense2_camera_msgs/share/realsense2_camera_msgs/hook/cmake_prefix_path.sh'
[6.289s] Level 1:colcon.colcon_core.environment:checking '/home/urc/URC/rover/install/realsense2_camera_msgs/lib'
[6.289s] Level 1:colcon.colcon_core.shell:create_environment_hook('realsense2_camera_msgs', 'ld_library_path_lib')
[6.290s] INFO:colcon.colcon_core.shell:Creating environment hook '/home/urc/URC/rover/install/realsense2_camera_msgs/share/realsense2_camera_msgs/hook/ld_library_path_lib.ps1'
[6.293s] INFO:colcon.colcon_core.shell:Creating environment descriptor '/home/urc/URC/rover/install/realsense2_camera_msgs/share/realsense2_camera_msgs/hook/ld_library_path_lib.dsv'
[6.295s] INFO:colcon.colcon_core.shell:Creating environment hook '/home/urc/URC/rover/install/realsense2_camera_msgs/share/realsense2_camera_msgs/hook/ld_library_path_lib.sh'
[6.298s] Level 1:colcon.colcon_core.environment:checking '/home/urc/URC/rover/install/realsense2_camera_msgs/bin'
[6.298s] Level 1:colcon.colcon_core.environment:checking '/home/urc/URC/rover/install/realsense2_camera_msgs/lib/pkgconfig/realsense2_camera_msgs.pc'
[6.299s] Level 1:colcon.colcon_core.environment:checking '/home/urc/URC/rover/install/realsense2_camera_msgs/lib/python3.10/site-packages'
[6.300s] Level 1:colcon.colcon_core.environment:checking '/home/urc/URC/rover/install/realsense2_camera_msgs/bin'
[6.302s] INFO:colcon.colcon_core.shell:Creating package script '/home/urc/URC/rover/install/realsense2_camera_msgs/share/realsense2_camera_msgs/package.ps1'
[6.305s] INFO:colcon.colcon_core.shell:Creating package descriptor '/home/urc/URC/rover/install/realsense2_camera_msgs/share/realsense2_camera_msgs/package.dsv'
[6.308s] INFO:colcon.colcon_core.shell:Creating package script '/home/urc/URC/rover/install/realsense2_camera_msgs/share/realsense2_camera_msgs/package.sh'
[6.311s] INFO:colcon.colcon_core.shell:Creating package script '/home/urc/URC/rover/install/realsense2_camera_msgs/share/realsense2_camera_msgs/package.bash'
[6.314s] INFO:colcon.colcon_core.shell:Creating package script '/home/urc/URC/rover/install/realsense2_camera_msgs/share/realsense2_camera_msgs/package.zsh'
[6.317s] Level 1:colcon.colcon_core.environment:create_file_with_runtime_dependencies(/home/urc/URC/rover/install/realsense2_camera_msgs/share/colcon-core/packages/realsense2_camera_msgs)
[6.319s] INFO:colcon.colcon_ros.task.ament_cmake.build:Building ROS package in '/home/urc/URC/rover/src/realsense-ros/realsense2_camera' with build type 'ament_cmake'
[6.320s] INFO:colcon.colcon_cmake.task.cmake.build:Building CMake package in '/home/urc/URC/rover/src/realsense-ros/realsense2_camera'
[6.321s] INFO:colcon.colcon_core.shell:Skip shell extension 'powershell' for command environment: Not usable outside of PowerShell
[6.322s] DEBUG:colcon.colcon_core.shell:Skip shell extension 'dsv' for command environment
[6.340s] INFO:colcon.colcon_ros.task.ament_cmake.build:Building ROS package in '/home/urc/URC/rover/src/realsense-ros/realsense2_description' with build type 'ament_cmake'
[6.341s] INFO:colcon.colcon_cmake.task.cmake.build:Building CMake package in '/home/urc/URC/rover/src/realsense-ros/realsense2_description'
[6.343s] INFO:colcon.colcon_core.shell:Skip shell extension 'powershell' for command environment: Not usable outside of PowerShell
[6.343s] DEBUG:colcon.colcon_core.shell:Skip shell extension 'dsv' for command environment
[6.387s] DEBUG:colcon.colcon_core.event_handler.log_command:Invoking command in '/home/urc/URC/rover/build/realsense2_camera': AMENT_PREFIX_PATH=/home/urc/URC/rover/install/realsense2_camera_msgs:${AMENT_PREFIX_PATH} CMAKE_PREFIX_PATH=/home/urc/URC/rover/install/realsense2_camera_msgs:/opt/ros/humble LD_LIBRARY_PATH=/home/urc/URC/rover/install/realsense2_camera_msgs/lib:${LD_LIBRARY_PATH} PYTHONPATH=/home/urc/URC/rover/install/realsense2_camera_msgs/local/lib/python3.10/dist-packages:${PYTHONPATH} /usr/bin/cmake --build /home/urc/URC/rover/build/realsense2_camera -- -j4 -l4
[6.402s] DEBUG:colcon.colcon_core.event_handler.log_command:Invoking command in '/home/urc/URC/rover/build/realsense2_description': AMENT_PREFIX_PATH=/home/urc/URC/rover/install/realsense2_camera_msgs:${AMENT_PREFIX_PATH} CMAKE_PREFIX_PATH=/home/urc/URC/rover/install/realsense2_camera_msgs:/opt/ros/humble LD_LIBRARY_PATH=/home/urc/URC/rover/install/realsense2_camera_msgs/lib:${LD_LIBRARY_PATH} PYTHONPATH=/home/urc/URC/rover/install/realsense2_camera_msgs/local/lib/python3.10/dist-packages:${PYTHONPATH} /usr/bin/cmake --build /home/urc/URC/rover/build/realsense2_description -- -j4 -l4
[6.579s] DEBUG:colcon.colcon_core.event_handler.log_command:Invoked command in '/home/urc/URC/rover/build/realsense2_description' returned '0': AMENT_PREFIX_PATH=/home/urc/URC/rover/install/realsense2_camera_msgs:${AMENT_PREFIX_PATH} CMAKE_PREFIX_PATH=/home/urc/URC/rover/install/realsense2_camera_msgs:/opt/ros/humble LD_LIBRARY_PATH=/home/urc/URC/rover/install/realsense2_camera_msgs/lib:${LD_LIBRARY_PATH} PYTHONPATH=/home/urc/URC/rover/install/realsense2_camera_msgs/local/lib/python3.10/dist-packages:${PYTHONPATH} /usr/bin/cmake --build /home/urc/URC/rover/build/realsense2_description -- -j4 -l4
[6.810s] DEBUG:colcon.colcon_core.event_handler.log_command:Invoking command in '/home/urc/URC/rover/build/realsense2_description': AMENT_PREFIX_PATH=/home/urc/URC/rover/install/realsense2_camera_msgs:${AMENT_PREFIX_PATH} CMAKE_PREFIX_PATH=/home/urc/URC/rover/install/realsense2_camera_msgs:/opt/ros/humble LD_LIBRARY_PATH=/home/urc/URC/rover/install/realsense2_camera_msgs/lib:${LD_LIBRARY_PATH} PYTHONPATH=/home/urc/URC/rover/install/realsense2_camera_msgs/local/lib/python3.10/dist-packages:${PYTHONPATH} /usr/bin/cmake --install /home/urc/URC/rover/build/realsense2_description
[6.882s] Level 1:colcon.colcon_core.environment:create_environment_scripts_only(realsense2_description)
[6.884s] Level 1:colcon.colcon_core.environment:checking '/home/urc/URC/rover/install/realsense2_description' for CMake module files
[6.887s] Level 1:colcon.colcon_core.environment:checking '/home/urc/URC/rover/install/realsense2_description' for CMake config files
[6.891s] Level 1:colcon.colcon_core.shell:create_environment_hook('realsense2_description', 'cmake_prefix_path')
[6.892s] INFO:colcon.colcon_core.shell:Creating environment hook '/home/urc/URC/rover/install/realsense2_description/share/realsense2_description/hook/cmake_prefix_path.ps1'
[6.895s] DEBUG:colcon.colcon_core.event_handler.log_command:Invoked command in '/home/urc/URC/rover/build/realsense2_description' returned '0': AMENT_PREFIX_PATH=/home/urc/URC/rover/install/realsense2_camera_msgs:${AMENT_PREFIX_PATH} CMAKE_PREFIX_PATH=/home/urc/URC/rover/install/realsense2_camera_msgs:/opt/ros/humble LD_LIBRARY_PATH=/home/urc/URC/rover/install/realsense2_camera_msgs/lib:${LD_LIBRARY_PATH} PYTHONPATH=/home/urc/URC/rover/install/realsense2_camera_msgs/local/lib/python3.10/dist-packages:${PYTHONPATH} /usr/bin/cmake --install /home/urc/URC/rover/build/realsense2_description
[6.897s] INFO:colcon.colcon_core.shell:Creating environment descriptor '/home/urc/URC/rover/install/realsense2_description/share/realsense2_description/hook/cmake_prefix_path.dsv'
[6.900s] INFO:colcon.colcon_core.shell:Creating environment hook '/home/urc/URC/rover/install/realsense2_description/share/realsense2_description/hook/cmake_prefix_path.sh'
[6.904s] Level 1:colcon.colcon_core.environment:checking '/home/urc/URC/rover/install/realsense2_description/bin'
[6.905s] Level 1:colcon.colcon_core.environment:checking '/home/urc/URC/rover/install/realsense2_description/lib/pkgconfig/realsense2_description.pc'
[6.907s] Level 1:colcon.colcon_core.environment:checking '/home/urc/URC/rover/install/realsense2_description/lib/python3.10/site-packages'
[6.908s] Level 1:colcon.colcon_core.environment:checking '/home/urc/URC/rover/install/realsense2_description/bin'
[6.910s] INFO:colcon.colcon_core.shell:Creating package script '/home/urc/URC/rover/install/realsense2_description/share/realsense2_description/package.ps1'
[6.913s] INFO:colcon.colcon_core.shell:Creating package descriptor '/home/urc/URC/rover/install/realsense2_description/share/realsense2_description/package.dsv'
[6.915s] INFO:colcon.colcon_core.shell:Creating package script '/home/urc/URC/rover/install/realsense2_description/share/realsense2_description/package.sh'
[6.918s] INFO:colcon.colcon_core.shell:Creating package script '/home/urc/URC/rover/install/realsense2_description/share/realsense2_description/package.bash'
[6.920s] INFO:colcon.colcon_core.shell:Creating package script '/home/urc/URC/rover/install/realsense2_description/share/realsense2_description/package.zsh'
[6.922s] Level 1:colcon.colcon_core.environment:create_file_with_runtime_dependencies(/home/urc/URC/rover/install/realsense2_description/share/colcon-core/packages/realsense2_description)
[7.030s] Level 1:colcon.colcon_core.environment:create_environment_scripts_only(realsense2_description)
[7.031s] Level 1:colcon.colcon_core.environment:checking '/home/urc/URC/rover/install/realsense2_description' for CMake module files
[7.036s] Level 1:colcon.colcon_core.environment:checking '/home/urc/URC/rover/install/realsense2_description' for CMake config files
[7.039s] Level 1:colcon.colcon_core.shell:create_environment_hook('realsense2_description', 'cmake_prefix_path')
[7.040s] INFO:colcon.colcon_core.shell:Creating environment hook '/home/urc/URC/rover/install/realsense2_description/share/realsense2_description/hook/cmake_prefix_path.ps1'
[7.043s] INFO:colcon.colcon_core.shell:Creating environment descriptor '/home/urc/URC/rover/install/realsense2_description/share/realsense2_description/hook/cmake_prefix_path.dsv'
[7.045s] INFO:colcon.colcon_core.shell:Creating environment hook '/home/urc/URC/rover/install/realsense2_description/share/realsense2_description/hook/cmake_prefix_path.sh'
[7.048s] Level 1:colcon.colcon_core.environment:checking '/home/urc/URC/rover/install/realsense2_description/bin'
[7.049s] Level 1:colcon.colcon_core.environment:checking '/home/urc/URC/rover/install/realsense2_description/lib/pkgconfig/realsense2_description.pc'
[7.050s] Level 1:colcon.colcon_core.environment:checking '/home/urc/URC/rover/install/realsense2_description/lib/python3.10/site-packages'
[7.051s] Level 1:colcon.colcon_core.environment:checking '/home/urc/URC/rover/install/realsense2_description/bin'
[7.053s] INFO:colcon.colcon_core.shell:Creating package script '/home/urc/URC/rover/install/realsense2_description/share/realsense2_description/package.ps1'
[7.056s] INFO:colcon.colcon_core.shell:Creating package descriptor '/home/urc/URC/rover/install/realsense2_description/share/realsense2_description/package.dsv'
[7.059s] INFO:colcon.colcon_core.shell:Creating package script '/home/urc/URC/rover/install/realsense2_description/share/realsense2_description/package.sh'
[7.062s] INFO:colcon.colcon_core.shell:Creating package script '/home/urc/URC/rover/install/realsense2_description/share/realsense2_description/package.bash'
[7.065s] INFO:colcon.colcon_core.shell:Creating package script '/home/urc/URC/rover/install/realsense2_description/share/realsense2_description/package.zsh'
[7.068s] Level 1:colcon.colcon_core.environment:create_file_with_runtime_dependencies(/home/urc/URC/rover/install/realsense2_description/share/colcon-core/packages/realsense2_description)
[7.085s] DEBUG:colcon.colcon_core.event_handler.log_command:Invoked command in '/home/urc/URC/rover/build/realsense2_camera' returned '0': AMENT_PREFIX_PATH=/home/urc/URC/rover/install/realsense2_camera_msgs:${AMENT_PREFIX_PATH} CMAKE_PREFIX_PATH=/home/urc/URC/rover/install/realsense2_camera_msgs:/opt/ros/humble LD_LIBRARY_PATH=/home/urc/URC/rover/install/realsense2_camera_msgs/lib:${LD_LIBRARY_PATH} PYTHONPATH=/home/urc/URC/rover/install/realsense2_camera_msgs/local/lib/python3.10/dist-packages:${PYTHONPATH} /usr/bin/cmake --build /home/urc/URC/rover/build/realsense2_camera -- -j4 -l4
[7.380s] DEBUG:colcon.colcon_core.event_handler.log_command:Invoking command in '/home/urc/URC/rover/build/realsense2_camera': AMENT_PREFIX_PATH=/home/urc/URC/rover/install/realsense2_camera_msgs:${AMENT_PREFIX_PATH} CMAKE_PREFIX_PATH=/home/urc/URC/rover/install/realsense2_camera_msgs:/opt/ros/humble LD_LIBRARY_PATH=/home/urc/URC/rover/install/realsense2_camera_msgs/lib:${LD_LIBRARY_PATH} PYTHONPATH=/home/urc/URC/rover/install/realsense2_camera_msgs/local/lib/python3.10/dist-packages:${PYTHONPATH} /usr/bin/cmake --install /home/urc/URC/rover/build/realsense2_camera
[7.449s] Level 1:colcon.colcon_core.environment:create_environment_scripts_only(realsense2_camera)
[7.451s] Level 1:colcon.colcon_core.environment:checking '/home/urc/URC/rover/install/realsense2_camera' for CMake module files
[7.460s] DEBUG:colcon.colcon_core.event_handler.log_command:Invoked command in '/home/urc/URC/rover/build/realsense2_camera' returned '0': AMENT_PREFIX_PATH=/home/urc/URC/rover/install/realsense2_camera_msgs:${AMENT_PREFIX_PATH} CMAKE_PREFIX_PATH=/home/urc/URC/rover/install/realsense2_camera_msgs:/opt/ros/humble LD_LIBRARY_PATH=/home/urc/URC/rover/install/realsense2_camera_msgs/lib:${LD_LIBRARY_PATH} PYTHONPATH=/home/urc/URC/rover/install/realsense2_camera_msgs/local/lib/python3.10/dist-packages:${PYTHONPATH} /usr/bin/cmake --install /home/urc/URC/rover/build/realsense2_camera
[7.461s] Level 1:colcon.colcon_core.environment:checking '/home/urc/URC/rover/install/realsense2_camera' for CMake config files
[7.464s] Level 1:colcon.colcon_core.shell:create_environment_hook('realsense2_camera', 'cmake_prefix_path')
[7.466s] INFO:colcon.colcon_core.shell:Creating environment hook '/home/urc/URC/rover/install/realsense2_camera/share/realsense2_camera/hook/cmake_prefix_path.ps1'
[7.469s] INFO:colcon.colcon_core.shell:Creating environment descriptor '/home/urc/URC/rover/install/realsense2_camera/share/realsense2_camera/hook/cmake_prefix_path.dsv'
[7.471s] INFO:colcon.colcon_core.shell:Creating environment hook '/home/urc/URC/rover/install/realsense2_camera/share/realsense2_camera/hook/cmake_prefix_path.sh'
[7.474s] Level 1:colcon.colcon_core.environment:checking '/home/urc/URC/rover/install/realsense2_camera/lib'
[7.474s] Level 1:colcon.colcon_core.shell:create_environment_hook('realsense2_camera', 'ld_library_path_lib')
[7.475s] INFO:colcon.colcon_core.shell:Creating environment hook '/home/urc/URC/rover/install/realsense2_camera/share/realsense2_camera/hook/ld_library_path_lib.ps1'
[7.477s] INFO:colcon.colcon_core.shell:Creating environment descriptor '/home/urc/URC/rover/install/realsense2_camera/share/realsense2_camera/hook/ld_library_path_lib.dsv'
[7.480s] INFO:colcon.colcon_core.shell:Creating environment hook '/home/urc/URC/rover/install/realsense2_camera/share/realsense2_camera/hook/ld_library_path_lib.sh'
[7.482s] Level 1:colcon.colcon_core.environment:checking '/home/urc/URC/rover/install/realsense2_camera/bin'
[7.483s] Level 1:colcon.colcon_core.environment:checking '/home/urc/URC/rover/install/realsense2_camera/lib/pkgconfig/realsense2_camera.pc'
[7.484s] Level 1:colcon.colcon_core.environment:checking '/home/urc/URC/rover/install/realsense2_camera/lib/python3.10/site-packages'
[7.485s] Level 1:colcon.colcon_core.environment:checking '/home/urc/URC/rover/install/realsense2_camera/bin'
[7.487s] INFO:colcon.colcon_core.shell:Creating package script '/home/urc/URC/rover/install/realsense2_camera/share/realsense2_camera/package.ps1'
[7.489s] INFO:colcon.colcon_core.shell:Creating package descriptor '/home/urc/URC/rover/install/realsense2_camera/share/realsense2_camera/package.dsv'
[7.492s] INFO:colcon.colcon_core.shell:Creating package script '/home/urc/URC/rover/install/realsense2_camera/share/realsense2_camera/package.sh'
[7.494s] INFO:colcon.colcon_core.shell:Creating package script '/home/urc/URC/rover/install/realsense2_camera/share/realsense2_camera/package.bash'
[7.496s] INFO:colcon.colcon_core.shell:Creating package script '/home/urc/URC/rover/install/realsense2_camera/share/realsense2_camera/package.zsh'
[7.498s] Level 1:colcon.colcon_core.environment:create_file_with_runtime_dependencies(/home/urc/URC/rover/install/realsense2_camera/share/colcon-core/packages/realsense2_camera)
[7.801s] Level 1:colcon.colcon_core.environment:create_environment_scripts_only(realsense2_camera)
[7.803s] Level 1:colcon.colcon_core.environment:checking '/home/urc/URC/rover/install/realsense2_camera' for CMake module files
[7.810s] Level 1:colcon.colcon_core.environment:checking '/home/urc/URC/rover/install/realsense2_camera' for CMake config files
[7.815s] Level 1:colcon.colcon_core.shell:create_environment_hook('realsense2_camera', 'cmake_prefix_path')
[7.817s] INFO:colcon.colcon_core.shell:Creating environment hook '/home/urc/URC/rover/install/realsense2_camera/share/realsense2_camera/hook/cmake_prefix_path.ps1'
[7.821s] INFO:colcon.colcon_core.shell:Creating environment descriptor '/home/urc/URC/rover/install/realsense2_camera/share/realsense2_camera/hook/cmake_prefix_path.dsv'
[7.824s] INFO:colcon.colcon_core.shell:Creating environment hook '/home/urc/URC/rover/install/realsense2_camera/share/realsense2_camera/hook/cmake_prefix_path.sh'
[7.829s] Level 1:colcon.colcon_core.environment:checking '/home/urc/URC/rover/install/realsense2_camera/lib'
[7.830s] Level 1:colcon.colcon_core.shell:create_environment_hook('realsense2_camera', 'ld_library_path_lib')
[7.832s] INFO:colcon.colcon_core.shell:Creating environment hook '/home/urc/URC/rover/install/realsense2_camera/share/realsense2_camera/hook/ld_library_path_lib.ps1'
[7.836s] INFO:colcon.colcon_core.shell:Creating environment descriptor '/home/urc/URC/rover/install/realsense2_camera/share/realsense2_camera/hook/ld_library_path_lib.dsv'
[7.839s] INFO:colcon.colcon_core.shell:Creating environment hook '/home/urc/URC/rover/install/realsense2_camera/share/realsense2_camera/hook/ld_library_path_lib.sh'
[7.843s] Level 1:colcon.colcon_core.environment:checking '/home/urc/URC/rover/install/realsense2_camera/bin'
[7.844s] Level 1:colcon.colcon_core.environment:checking '/home/urc/URC/rover/install/realsense2_camera/lib/pkgconfig/realsense2_camera.pc'
[7.845s] Level 1:colcon.colcon_core.environment:checking '/home/urc/URC/rover/install/realsense2_camera/lib/python3.10/site-packages'
[7.847s] Level 1:colcon.colcon_core.environment:checking '/home/urc/URC/rover/install/realsense2_camera/bin'
[7.849s] INFO:colcon.colcon_core.shell:Creating package script '/home/urc/URC/rover/install/realsense2_camera/share/realsense2_camera/package.ps1'
[7.853s] INFO:colcon.colcon_core.shell:Creating package descriptor '/home/urc/URC/rover/install/realsense2_camera/share/realsense2_camera/package.dsv'
[7.858s] INFO:colcon.colcon_core.shell:Creating package script '/home/urc/URC/rover/install/realsense2_camera/share/realsense2_camera/package.sh'
[7.861s] INFO:colcon.colcon_core.shell:Creating package script '/home/urc/URC/rover/install/realsense2_camera/share/realsense2_camera/package.bash'
[7.865s] INFO:colcon.colcon_core.shell:Creating package script '/home/urc/URC/rover/install/realsense2_camera/share/realsense2_camera/package.zsh'
[7.868s] Level 1:colcon.colcon_core.environment:create_file_with_runtime_dependencies(/home/urc/URC/rover/install/realsense2_camera/share/colcon-core/packages/realsense2_camera)
[7.915s] Level 1:colcon.colcon_core.environment:checking '/home/urc/URC/rover/install/depth_image_viewer' for CMake module files
[7.917s] DEBUG:colcon.colcon_core.event_handler.log_command:Invoked command in '/home/urc/URC/rover/src/depth_image_viewer' returned '0': PYTHONPATH=/home/urc/URC/rover/build/depth_image_viewer/prefix_override:/usr/lib/python3/dist-packages/colcon_core/task/python/colcon_distutils_commands:/home/urc/URC/rover/install/depth_image_viewer/lib/python3.10/site-packages:${PYTHONPATH} /usr/bin/python3 -W ignore:setup.py install is deprecated setup.py egg_info --egg-base ../../build/depth_image_viewer build --build-base /home/urc/URC/rover/build/depth_image_viewer/build install --record /home/urc/URC/rover/build/depth_image_viewer/install.log --single-version-externally-managed install_data
[7.919s] Level 1:colcon.colcon_core.environment:checking '/home/urc/URC/rover/install/depth_image_viewer' for CMake config files
[7.922s] Level 1:colcon.colcon_core.environment:checking '/home/urc/URC/rover/install/depth_image_viewer/lib'
[7.923s] Level 1:colcon.colcon_core.environment:checking '/home/urc/URC/rover/install/depth_image_viewer/bin'
[7.923s] Level 1:colcon.colcon_core.environment:checking '/home/urc/URC/rover/install/depth_image_viewer/lib/pkgconfig/depth_image_viewer.pc'
[7.924s] Level 1:colcon.colcon_core.environment:checking '/home/urc/URC/rover/install/depth_image_viewer/lib/python3.10/site-packages'
[7.924s] Level 1:colcon.colcon_core.shell:create_environment_hook('depth_image_viewer', 'pythonpath')
[7.925s] INFO:colcon.colcon_core.shell:Creating environment hook '/home/urc/URC/rover/install/depth_image_viewer/share/depth_image_viewer/hook/pythonpath.ps1'
[7.927s] INFO:colcon.colcon_core.shell:Creating environment descriptor '/home/urc/URC/rover/install/depth_image_viewer/share/depth_image_viewer/hook/pythonpath.dsv'
[7.929s] INFO:colcon.colcon_core.shell:Creating environment hook '/home/urc/URC/rover/install/depth_image_viewer/share/depth_image_viewer/hook/pythonpath.sh'
[7.932s] Level 1:colcon.colcon_core.environment:checking '/home/urc/URC/rover/install/depth_image_viewer/bin'
[7.932s] Level 1:colcon.colcon_core.environment:create_environment_scripts_only(depth_image_viewer)
[7.934s] INFO:colcon.colcon_core.shell:Creating package script '/home/urc/URC/rover/install/depth_image_viewer/share/depth_image_viewer/package.ps1'
[7.936s] INFO:colcon.colcon_core.shell:Creating package descriptor '/home/urc/URC/rover/install/depth_image_viewer/share/depth_image_viewer/package.dsv'
[7.939s] INFO:colcon.colcon_core.shell:Creating package script '/home/urc/URC/rover/install/depth_image_viewer/share/depth_image_viewer/package.sh'
[7.941s] INFO:colcon.colcon_core.shell:Creating package script '/home/urc/URC/rover/install/depth_image_viewer/share/depth_image_viewer/package.bash'
[7.943s] INFO:colcon.colcon_core.shell:Creating package script '/home/urc/URC/rover/install/depth_image_viewer/share/depth_image_viewer/package.zsh'
[7.944s] Level 1:colcon.colcon_core.environment:create_file_with_runtime_dependencies(/home/urc/URC/rover/install/depth_image_viewer/share/colcon-core/packages/depth_image_viewer)
[7.946s] DEBUG:colcon.colcon_parallel_executor.executor.parallel:closing loop
[7.947s] DEBUG:colcon.colcon_parallel_executor.executor.parallel:loop closed
[7.948s] DEBUG:colcon.colcon_parallel_executor.executor.parallel:run_until_complete finished with '0'
[7.948s] DEBUG:colcon.colcon_core.event_reactor:joining thread
[7.969s] INFO:colcon.colcon_core.plugin_system:Skipping extension 'colcon_notification.desktop_notification.terminal_notifier': Not used on non-Darwin systems
[7.970s] INFO:colcon.colcon_core.plugin_system:Skipping extension 'colcon_notification.desktop_notification.win32': Not used on non-Windows systems
[7.970s] INFO:colcon.colcon_notification.desktop_notification:Sending desktop notification using 'notify2'
[7.975s] DEBUG:colcon.colcon_notification.desktop_notification.notify2:Failed to initialize notify2: org.freedesktop.DBus.Error.ServiceUnknown: The name org.freedesktop.Notifications was not provided by any .service files
[7.976s] DEBUG:colcon.colcon_core.event_reactor:joined thread
[7.977s] INFO:colcon.colcon_core.shell:Creating prefix script '/home/urc/URC/rover/install/local_setup.ps1'
[7.981s] INFO:colcon.colcon_core.shell:Creating prefix util module '/home/urc/URC/rover/install/_local_setup_util_ps1.py'
[7.988s] INFO:colcon.colcon_core.shell:Creating prefix chain script '/home/urc/URC/rover/install/setup.ps1'
[7.993s] INFO:colcon.colcon_core.shell:Creating prefix script '/home/urc/URC/rover/install/local_setup.sh'
[7.996s] INFO:colcon.colcon_core.shell:Creating prefix util module '/home/urc/URC/rover/install/_local_setup_util_sh.py'
[7.998s] INFO:colcon.colcon_core.shell:Creating prefix chain script '/home/urc/URC/rover/install/setup.sh'
[8.003s] INFO:colcon.colcon_core.shell:Creating prefix script '/home/urc/URC/rover/install/local_setup.bash'
[8.005s] INFO:colcon.colcon_core.shell:Creating prefix chain script '/home/urc/URC/rover/install/setup.bash'
[8.009s] INFO:colcon.colcon_core.shell:Creating prefix script '/home/urc/URC/rover/install/local_setup.zsh'
[8.012s] INFO:colcon.colcon_core.shell:Creating prefix chain script '/home/urc/URC/rover/install/setup.zsh'
