[3.691s] Invoking command in '/home/urc/URC/rover/src/depth_image_viewer': PYTHONPATH=/home/urc/URC/rover/build/depth_image_viewer/prefix_override:/usr/lib/python3/dist-packages/colcon_core/task/python/colcon_distutils_commands:/home/urc/URC/rover/install/depth_image_viewer/lib/python3.10/site-packages:${PYTHONPATH} /usr/bin/python3 -W ignore:setup.py install is deprecated setup.py egg_info --egg-base ../../build/depth_image_viewer build --build-base /home/urc/URC/rover/build/depth_image_viewer/build install --record /home/urc/URC/rover/build/depth_image_viewer/install.log --single-version-externally-managed install_data
[5.168s] running egg_info
[5.173s] writing ../../build/depth_image_viewer/depth_image_viewer.egg-info/PKG-INFO
[5.175s] writing dependency_links to ../../build/depth_image_viewer/depth_image_viewer.egg-info/dependency_links.txt
[5.176s] writing entry points to ../../build/depth_image_viewer/depth_image_viewer.egg-info/entry_points.txt
[5.177s] writing requirements to ../../build/depth_image_viewer/depth_image_viewer.egg-info/requires.txt
[5.178s] writing top-level names to ../../build/depth_image_viewer/depth_image_viewer.egg-info/top_level.txt
[5.187s] reading manifest file '../../build/depth_image_viewer/depth_image_viewer.egg-info/SOURCES.txt'
[5.192s] writing manifest file '../../build/depth_image_viewer/depth_image_viewer.egg-info/SOURCES.txt'
[5.193s] running build
[5.194s] running build_py
[5.197s] running install
[5.199s] running install_lib
[5.206s] running install_data
[5.209s] running install_egg_info
[5.217s] removing '/home/urc/URC/rover/install/depth_image_viewer/lib/python3.10/site-packages/depth_image_viewer-0.0.0-py3.10.egg-info' (and everything under it)
[5.219s] Copying ../../build/depth_image_viewer/depth_image_viewer.egg-info to /home/urc/URC/rover/install/depth_image_viewer/lib/python3.10/site-packages/depth_image_viewer-0.0.0-py3.10.egg-info
[5.229s] running install_scripts
[5.333s] Installing depth_image_node script to /home/urc/URC/rover/install/depth_image_viewer/lib/depth_image_viewer
[5.335s] writing list of installed files to '/home/urc/URC/rover/build/depth_image_viewer/install.log'
[5.470s] Invoked command in '/home/urc/URC/rover/src/depth_image_viewer' returned '0': PYTHONPATH=/home/urc/URC/rover/build/depth_image_viewer/prefix_override:/usr/lib/python3/dist-packages/colcon_core/task/python/colcon_distutils_commands:/home/urc/URC/rover/install/depth_image_viewer/lib/python3.10/site-packages:${PYTHONPATH} /usr/bin/python3 -W ignore:setup.py install is deprecated setup.py egg_info --egg-base ../../build/depth_image_viewer build --build-base /home/urc/URC/rover/build/depth_image_viewer/build install --record /home/urc/URC/rover/build/depth_image_viewer/install.log --single-version-externally-managed install_data
