[0.047s] Invoking command in '/home/urc/URC/rover/build/realsense2_camera': AMENT_PREFIX_PATH=/home/urc/URC/rover/install/realsense2_camera_msgs:${AMENT_PREFIX_PATH} CMAKE_PREFIX_PATH=/home/urc/URC/rover/install/realsense2_camera_msgs:/opt/ros/humble LD_LIBRARY_PATH=/home/urc/URC/rover/install/realsense2_camera_msgs/lib:${LD_LIBRARY_PATH} PYTHONPATH=/home/urc/URC/rover/install/realsense2_camera_msgs/local/lib/python3.10/dist-packages:${PYTHONPATH} /usr/bin/cmake /home/urc/URC/rover/src/realsense-ros/realsense2_camera -DCMAKE_INSTALL_PREFIX=/home/urc/URC/rover/install/realsense2_camera
[0.326s] -- The C compiler identification is GNU 11.4.0
[0.605s] -- The CXX compiler identification is GNU 11.4.0
[0.637s] -- Detecting C compiler ABI info
[0.974s] -- Detecting C compiler ABI info - done
[1.004s] -- Check for working C compiler: /usr/bin/cc - skipped
[1.005s] -- Detecting C compile features
[1.007s] -- Detecting C compile features - done
[1.020s] -- Detecting CXX compiler ABI info
[1.397s] -- Detecting CXX compiler ABI info - done
[1.427s] -- Check for working CXX compiler: /usr/bin/c++ - skipped
[1.428s] -- Detecting CXX compile features
[1.430s] -- Detecting CXX compile features - done
[1.433s] -- Create Release Build.
[1.456s] -- Found ament_cmake: 1.3.10 (/opt/ros/humble/share/ament_cmake/cmake)
[2.332s] -- Found Python3: /usr/bin/python3 (found version "3.10.12") found components: Interpreter 
[3.025s] -- Found builtin_interfaces: 1.2.1 (/opt/ros/humble/share/builtin_interfaces/cmake)
[3.367s] -- Found rosidl_generator_c: 3.1.5 (/opt/ros/humble/share/rosidl_generator_c/cmake)
[3.421s] -- Found rosidl_adapter: 3.1.5 (/opt/ros/humble/share/rosidl_adapter/cmake)
[3.494s] -- Found rosidl_generator_cpp: 3.1.5 (/opt/ros/humble/share/rosidl_generator_cpp/cmake)
[3.585s] -- Using all available rosidl_typesupport_c: rosidl_typesupport_fastrtps_c;rosidl_typesupport_introspection_c
[3.712s] -- Using all available rosidl_typesupport_cpp: rosidl_typesupport_fastrtps_cpp;rosidl_typesupport_introspection_cpp
[3.835s] -- Found cv_bridge: 3.2.1 (/opt/ros/humble/share/cv_bridge/cmake)
[4.207s] -- Found image_transport: 3.1.9 (/opt/ros/humble/share/image_transport/cmake)
[4.678s] -- Found rmw_implementation_cmake: 6.1.2 (/opt/ros/humble/share/rmw_implementation_cmake/cmake)
[4.712s] -- Found rmw_fastrtps_cpp: 6.2.7 (/opt/ros/humble/share/rmw_fastrtps_cpp/cmake)
[5.457s] -- Found OpenSSL: /usr/lib/aarch64-linux-gnu/libcrypto.so (found version "3.0.2")  
[5.746s] -- Found FastRTPS: /opt/ros/humble/include  
[6.203s] -- Using RMW implementation 'rmw_fastrtps_cpp' as default
[6.306s] -- Looking for pthread.h
[6.659s] -- Looking for pthread.h - found
[6.660s] -- Performing Test CMAKE_HAVE_LIBC_PTHREAD
[7.009s] -- Performing Test CMAKE_HAVE_LIBC_PTHREAD - Success
[7.014s] -- Found Threads: TRUE  
[7.758s] -- Found rclcpp_components: 16.0.10 (/opt/ros/humble/share/rclcpp_components/cmake)
[7.886s] -- Found realsense2_camera_msgs: 4.55.1 (/home/urc/URC/rover/install/realsense2_camera_msgs/share/realsense2_camera_msgs/cmake)
[7.987s] -- Found nav_msgs: 4.2.4 (/opt/ros/humble/share/nav_msgs/cmake)
[8.104s] -- Found tf2_ros: 0.25.7 (/opt/ros/humble/share/tf2_ros/cmake)
[8.617s] -- Found diagnostic_updater: 4.0.0 (/opt/ros/humble/share/diagnostic_updater/cmake)
[8.766s] -- Found OpenCV: /usr (found version "4.5.4") found components: core 
[8.777s] -- Build for ROS2 Humble
[8.818s] -- Found ament_cmake_gtest: 1.3.10 (/opt/ros/humble/share/ament_cmake_gtest/cmake)
[8.846s] -- Found gtest sources under '/opt/ros/humble/src/gtest_vendor': C++ tests using 'Google Test' will be built
[8.886s] -- Found ament_cmake_pytest: 1.3.10 (/opt/ros/humble/share/ament_cmake_pytest/cmake)
[23.337s] -- rs_device_info:
[23.338s] -- No device detected. Is it plugged in?
[23.338s] 
[23.710s] -- Configuring done
[23.893s] -- Generating done
[23.904s] -- Build files have been written to: /home/urc/URC/rover/build/realsense2_camera
[23.961s] Invoked command in '/home/urc/URC/rover/build/realsense2_camera' returned '0': AMENT_PREFIX_PATH=/home/urc/URC/rover/install/realsense2_camera_msgs:${AMENT_PREFIX_PATH} CMAKE_PREFIX_PATH=/home/urc/URC/rover/install/realsense2_camera_msgs:/opt/ros/humble LD_LIBRARY_PATH=/home/urc/URC/rover/install/realsense2_camera_msgs/lib:${LD_LIBRARY_PATH} PYTHONPATH=/home/urc/URC/rover/install/realsense2_camera_msgs/local/lib/python3.10/dist-packages:${PYTHONPATH} /usr/bin/cmake /home/urc/URC/rover/src/realsense-ros/realsense2_camera -DCMAKE_INSTALL_PREFIX=/home/urc/URC/rover/install/realsense2_camera
[23.969s] Invoking command in '/home/urc/URC/rover/build/realsense2_camera': AMENT_PREFIX_PATH=/home/urc/URC/rover/install/realsense2_camera_msgs:${AMENT_PREFIX_PATH} CMAKE_PREFIX_PATH=/home/urc/URC/rover/install/realsense2_camera_msgs:/opt/ros/humble LD_LIBRARY_PATH=/home/urc/URC/rover/install/realsense2_camera_msgs/lib:${LD_LIBRARY_PATH} PYTHONPATH=/home/urc/URC/rover/install/realsense2_camera_msgs/local/lib/python3.10/dist-packages:${PYTHONPATH} /usr/bin/cmake --build /home/urc/URC/rover/build/realsense2_camera -- -j4 -l4
[24.212s] [  9%] [32mBuilding CXX object CMakeFiles/realsense2_camera_node.dir/rclcpp_components/node_main_realsense2_camera_node.cpp.o[0m
[24.213s] [  9%] [32mBuilding CXX object gtest/CMakeFiles/gtest_main.dir/src/gtest_main.cc.o[0m
[24.215s] [ 18%] [32mBuilding CXX object gtest/CMakeFiles/gtest.dir/src/gtest-all.cc.o[0m
[24.217s] [ 18%] [32mBuilding CXX object CMakeFiles/realsense2_camera.dir/src/realsense_node_factory.cpp.o[0m
[28.240s] [ 22%] [32m[1mLinking CXX static library libgtest_main.a[0m
[28.432s] [ 22%] Built target gtest_main
[28.484s] [ 27%] [32mBuilding CXX object CMakeFiles/realsense2_camera.dir/src/base_realsense_node.cpp.o[0m
[48.276s] [ 31%] [32m[1mLinking CXX executable realsense2_camera_node[0m
[49.164s] [ 31%] Built target realsense2_camera_node
[49.213s] [ 36%] [32mBuilding CXX object CMakeFiles/realsense2_camera.dir/src/parameters.cpp.o[0m
[74.027s] [ 40%] [32m[1mLinking CXX static library libgtest.a[0m
[74.261s] [ 40%] Built target gtest
[74.377s] [ 45%] [32mBuilding CXX object CMakeFiles/gtest_template.dir/test/gtest_template.cpp.o[0m
[80.345s] [ 50%] [32m[1mLinking CXX executable gtest_template[0m
[80.880s] [ 50%] Built target gtest_template
[80.929s] [ 54%] [32mBuilding CXX object CMakeFiles/realsense2_camera.dir/src/rs_node_setup.cpp.o[0m
[97.252s] [ 59%] [32mBuilding CXX object CMakeFiles/realsense2_camera.dir/src/ros_sensor.cpp.o[0m
[99.200s] [ 63%] [32mBuilding CXX object CMakeFiles/realsense2_camera.dir/src/ros_utils.cpp.o[0m
[123.248s] [ 68%] [32mBuilding CXX object CMakeFiles/realsense2_camera.dir/src/dynamic_params.cpp.o[0m
[126.115s] [ 72%] [32mBuilding CXX object CMakeFiles/realsense2_camera.dir/src/sensor_params.cpp.o[0m
[145.428s] [ 77%] [32mBuilding CXX object CMakeFiles/realsense2_camera.dir/src/named_filter.cpp.o[0m
[162.771s] [ 81%] [32mBuilding CXX object CMakeFiles/realsense2_camera.dir/src/profile_manager.cpp.o[0m
[164.137s] [ 86%] [32mBuilding CXX object CMakeFiles/realsense2_camera.dir/src/image_publisher.cpp.o[0m
[168.508s] [ 90%] [32mBuilding CXX object CMakeFiles/realsense2_camera.dir/src/tfs.cpp.o[0m
[197.471s] [ 95%] [32mBuilding CXX object CMakeFiles/realsense2_camera.dir/src/ros_param_backend.cpp.o[0m
[225.790s] [100%] [32m[1mLinking CXX shared library librealsense2_camera.so[0m
[228.781s] [100%] Built target realsense2_camera
[228.829s] Invoked command in '/home/urc/URC/rover/build/realsense2_camera' returned '0': AMENT_PREFIX_PATH=/home/urc/URC/rover/install/realsense2_camera_msgs:${AMENT_PREFIX_PATH} CMAKE_PREFIX_PATH=/home/urc/URC/rover/install/realsense2_camera_msgs:/opt/ros/humble LD_LIBRARY_PATH=/home/urc/URC/rover/install/realsense2_camera_msgs/lib:${LD_LIBRARY_PATH} PYTHONPATH=/home/urc/URC/rover/install/realsense2_camera_msgs/local/lib/python3.10/dist-packages:${PYTHONPATH} /usr/bin/cmake --build /home/urc/URC/rover/build/realsense2_camera -- -j4 -l4
[229.182s] Invoking command in '/home/urc/URC/rover/build/realsense2_camera': AMENT_PREFIX_PATH=/home/urc/URC/rover/install/realsense2_camera_msgs:${AMENT_PREFIX_PATH} CMAKE_PREFIX_PATH=/home/urc/URC/rover/install/realsense2_camera_msgs:/opt/ros/humble LD_LIBRARY_PATH=/home/urc/URC/rover/install/realsense2_camera_msgs/lib:${LD_LIBRARY_PATH} PYTHONPATH=/home/urc/URC/rover/install/realsense2_camera_msgs/local/lib/python3.10/dist-packages:${PYTHONPATH} /usr/bin/cmake --install /home/urc/URC/rover/build/realsense2_camera
[229.210s] -- Install configuration: "Release"
[229.211s] -- Installing: /home/urc/URC/rover/install/realsense2_camera/lib/realsense2_camera/realsense2_camera_node
[229.215s] -- Set runtime path of "/home/urc/URC/rover/install/realsense2_camera/lib/realsense2_camera/realsense2_camera_node" to ""
[229.216s] -- Installing: /home/urc/URC/rover/install/realsense2_camera/lib/librealsense2_camera.so
[229.238s] -- Set runtime path of "/home/urc/URC/rover/install/realsense2_camera/lib/librealsense2_camera.so" to ""
[229.239s] -- Installing: /home/urc/URC/rover/install/realsense2_camera/include
[229.239s] -- Installing: /home/urc/URC/rover/install/realsense2_camera/include/sensor_params.h
[229.240s] -- Installing: /home/urc/URC/rover/install/realsense2_camera/include/image_publisher.h
[229.241s] -- Installing: /home/urc/URC/rover/install/realsense2_camera/include/realsense_node_factory.h
[229.243s] -- Installing: /home/urc/URC/rover/install/realsense2_camera/include/base_realsense_node.h
[229.244s] -- Installing: /home/urc/URC/rover/install/realsense2_camera/include/gl_window.h
[229.246s] -- Installing: /home/urc/URC/rover/install/realsense2_camera/include/named_filter.h
[229.247s] -- Installing: /home/urc/URC/rover/install/realsense2_camera/include/ros_param_backend.h
[229.248s] -- Installing: /home/urc/URC/rover/install/realsense2_camera/include/ros_utils.h
[229.249s] -- Installing: /home/urc/URC/rover/install/realsense2_camera/include/profile_manager.h
[229.250s] -- Installing: /home/urc/URC/rover/install/realsense2_camera/include/ros_sensor.h
[229.251s] -- Installing: /home/urc/URC/rover/install/realsense2_camera/include/constants.h
[229.252s] -- Installing: /home/urc/URC/rover/install/realsense2_camera/include/dynamic_params.h
[229.253s] -- Installing: /home/urc/URC/rover/install/realsense2_camera/share/realsense2_camera/launch
[229.254s] -- Installing: /home/urc/URC/rover/install/realsense2_camera/share/realsense2_camera/launch/default.rviz
[229.256s] -- Installing: /home/urc/URC/rover/install/realsense2_camera/share/realsense2_camera/launch/rs_intra_process_demo_launch.py
[229.270s] -- Installing: /home/urc/URC/rover/install/realsense2_camera/share/realsense2_camera/launch/rs_multi_camera_launch.py
[229.274s] -- Installing: /home/urc/URC/rover/install/realsense2_camera/share/realsense2_camera/launch/rs_launch.py
[229.279s] -- Installing: /home/urc/URC/rover/install/realsense2_camera/share/realsense2_camera/examples
[229.280s] -- Installing: /home/urc/URC/rover/install/realsense2_camera/share/realsense2_camera/examples/launch_params_from_file
[229.281s] -- Installing: /home/urc/URC/rover/install/realsense2_camera/share/realsense2_camera/examples/launch_params_from_file/README.md
[229.286s] -- Installing: /home/urc/URC/rover/install/realsense2_camera/share/realsense2_camera/examples/launch_params_from_file/rs_launch_get_params_from_yaml.py
[229.290s] -- Installing: /home/urc/URC/rover/install/realsense2_camera/share/realsense2_camera/examples/launch_params_from_file/config
[229.291s] -- Installing: /home/urc/URC/rover/install/realsense2_camera/share/realsense2_camera/examples/launch_params_from_file/config/config.yaml
[229.295s] -- Installing: /home/urc/URC/rover/install/realsense2_camera/share/realsense2_camera/examples/launch_from_rosbag
[229.296s] -- Installing: /home/urc/URC/rover/install/realsense2_camera/share/realsense2_camera/examples/launch_from_rosbag/README.md
[229.301s] -- Installing: /home/urc/URC/rover/install/realsense2_camera/share/realsense2_camera/examples/launch_from_rosbag/rs_launch_from_rosbag.py
[229.303s] -- Installing: /home/urc/URC/rover/install/realsense2_camera/share/realsense2_camera/examples/align_depth
[229.304s] -- Installing: /home/urc/URC/rover/install/realsense2_camera/share/realsense2_camera/examples/align_depth/README.md
[229.309s] -- Installing: /home/urc/URC/rover/install/realsense2_camera/share/realsense2_camera/examples/align_depth/rs_align_depth_launch.py
[229.311s] -- Installing: /home/urc/URC/rover/install/realsense2_camera/share/realsense2_camera/examples/dual_camera
[229.312s] -- Installing: /home/urc/URC/rover/install/realsense2_camera/share/realsense2_camera/examples/dual_camera/README.md
[229.317s] -- Installing: /home/urc/URC/rover/install/realsense2_camera/share/realsense2_camera/examples/dual_camera/rs_dual_camera_launch.py
[229.320s] -- Installing: /home/urc/URC/rover/install/realsense2_camera/share/realsense2_camera/examples/dual_camera/rviz
[229.321s] -- Installing: /home/urc/URC/rover/install/realsense2_camera/share/realsense2_camera/examples/dual_camera/rviz/dual_camera_pointcloud.rviz
[229.323s] -- Installing: /home/urc/URC/rover/install/realsense2_camera/share/realsense2_camera/examples/pointcloud
[229.324s] -- Installing: /home/urc/URC/rover/install/realsense2_camera/share/realsense2_camera/examples/pointcloud/README.md
[229.326s] -- Installing: /home/urc/URC/rover/install/realsense2_camera/share/realsense2_camera/examples/pointcloud/rs_d455_pointcloud_launch.py
[229.328s] -- Installing: /home/urc/URC/rover/install/realsense2_camera/share/realsense2_camera/examples/pointcloud/rs_d405_pointcloud_launch.py
[229.330s] -- Installing: /home/urc/URC/rover/install/realsense2_camera/share/realsense2_camera/examples/pointcloud/rs_pointcloud_launch.py
[229.332s] -- Installing: /home/urc/URC/rover/install/realsense2_camera/share/realsense2_camera/examples/pointcloud/rviz
[229.333s] -- Installing: /home/urc/URC/rover/install/realsense2_camera/share/realsense2_camera/examples/pointcloud/rviz/pointcloud.rviz
[229.335s] -- Installing: /home/urc/URC/rover/install/realsense2_camera/share/realsense2_camera/examples/pointcloud/rviz/urdf_pointcloud.rviz
[229.339s] -- Installing: /home/urc/URC/rover/install/realsense2_camera/share/realsense2_camera/environment/library_path.sh
[229.340s] -- Installing: /home/urc/URC/rover/install/realsense2_camera/share/realsense2_camera/environment/library_path.dsv
[229.342s] -- Installing: /home/urc/URC/rover/install/realsense2_camera/share/ament_index/resource_index/package_run_dependencies/realsense2_camera
[229.344s] -- Installing: /home/urc/URC/rover/install/realsense2_camera/share/ament_index/resource_index/parent_prefix_path/realsense2_camera
[229.346s] -- Installing: /home/urc/URC/rover/install/realsense2_camera/share/realsense2_camera/environment/ament_prefix_path.sh
[229.347s] -- Installing: /home/urc/URC/rover/install/realsense2_camera/share/realsense2_camera/environment/ament_prefix_path.dsv
[229.348s] -- Installing: /home/urc/URC/rover/install/realsense2_camera/share/realsense2_camera/environment/path.sh
[229.350s] -- Installing: /home/urc/URC/rover/install/realsense2_camera/share/realsense2_camera/environment/path.dsv
[229.351s] -- Installing: /home/urc/URC/rover/install/realsense2_camera/share/realsense2_camera/local_setup.bash
[229.352s] -- Installing: /home/urc/URC/rover/install/realsense2_camera/share/realsense2_camera/local_setup.sh
[229.354s] -- Installing: /home/urc/URC/rover/install/realsense2_camera/share/realsense2_camera/local_setup.zsh
[229.355s] -- Installing: /home/urc/URC/rover/install/realsense2_camera/share/realsense2_camera/local_setup.dsv
[229.356s] -- Installing: /home/urc/URC/rover/install/realsense2_camera/share/realsense2_camera/package.dsv
[229.358s] -- Installing: /home/urc/URC/rover/install/realsense2_camera/share/ament_index/resource_index/packages/realsense2_camera
[229.359s] -- Installing: /home/urc/URC/rover/install/realsense2_camera/share/ament_index/resource_index/rclcpp_components/realsense2_camera
[229.361s] -- Installing: /home/urc/URC/rover/install/realsense2_camera/share/realsense2_camera/cmake/ament_cmake_export_include_directories-extras.cmake
[229.362s] -- Installing: /home/urc/URC/rover/install/realsense2_camera/share/realsense2_camera/cmake/ament_cmake_export_libraries-extras.cmake
[229.364s] -- Installing: /home/urc/URC/rover/install/realsense2_camera/share/realsense2_camera/cmake/ament_cmake_export_dependencies-extras.cmake
[229.365s] -- Installing: /home/urc/URC/rover/install/realsense2_camera/share/realsense2_camera/cmake/realsense2_cameraConfig.cmake
[229.367s] -- Installing: /home/urc/URC/rover/install/realsense2_camera/share/realsense2_camera/cmake/realsense2_cameraConfig-version.cmake
[229.368s] -- Installing: /home/urc/URC/rover/install/realsense2_camera/share/realsense2_camera/package.xml
[229.377s] Invoked command in '/home/urc/URC/rover/build/realsense2_camera' returned '0': AMENT_PREFIX_PATH=/home/urc/URC/rover/install/realsense2_camera_msgs:${AMENT_PREFIX_PATH} CMAKE_PREFIX_PATH=/home/urc/URC/rover/install/realsense2_camera_msgs:/opt/ros/humble LD_LIBRARY_PATH=/home/urc/URC/rover/install/realsense2_camera_msgs/lib:${LD_LIBRARY_PATH} PYTHONPATH=/home/urc/URC/rover/install/realsense2_camera_msgs/local/lib/python3.10/dist-packages:${PYTHONPATH} /usr/bin/cmake --install /home/urc/URC/rover/build/realsense2_camera
