[0.692s] DEBUG:colcon:Command line arguments: ['/usr/bin/colcon', 'build']
[0.692s] DEBUG:colcon:Parsed command line arguments: Namespace(log_base=None, log_level=None, verb_name='build', build_base='build', install_base='install', merge_install=False, symlink_install=False, test_result_base=None, continue_on_error=False, executor='parallel', parallel_workers=4, event_handlers=None, ignore_user_meta=False, metas=['./colcon.meta'], base_paths=['.'], packages_ignore=None, packages_ignore_regex=None, paths=None, packages_up_to=None, packages_up_to_regex=None, packages_above=None, packages_above_and_dependencies=None, packages_above_depth=None, packages_select_by_dep=None, packages_skip_by_dep=None, packages_skip_up_to=None, packages_select_build_failed=False, packages_skip_build_finished=False, packages_select_test_failures=False, packages_skip_test_passed=False, packages_select=None, packages_skip=None, packages_select_regex=None, packages_skip_regex=None, packages_start=None, packages_end=None, allow_overriding=[], cmake_args=None, cmake_target=None, cmake_target_skip_unavailable=False, cmake_clean_cache=False, cmake_clean_first=False, cmake_force_configure=False, ament_cmake_args=None, catkin_cmake_args=None, catkin_skip_building_tests=False, mixin_files=None, mixin=None, verb_parser=<colcon_mixin.mixin.mixin_argument.MixinArgumentDecorator object at 0xffffba2d1d80>, verb_extension=<colcon_core.verb.build.BuildVerb object at 0xffffba3ee3b0>, main=<bound method BuildVerb.main of <colcon_core.verb.build.BuildVerb object at 0xffffba3ee3b0>>, mixin_verb=('build',))
[1.788s] Level 1:colcon.colcon_core.package_discovery:discover_packages(colcon_meta) check parameters
[1.788s] Level 1:colcon.colcon_core.package_discovery:discover_packages(recursive) check parameters
[1.788s] Level 1:colcon.colcon_core.package_discovery:discover_packages(ignore) check parameters
[1.788s] Level 1:colcon.colcon_core.package_discovery:discover_packages(path) check parameters
[1.789s] Level 1:colcon.colcon_core.package_discovery:discover_packages(colcon_meta) discover
[1.789s] Level 1:colcon.colcon_core.package_discovery:discover_packages(recursive) discover
[1.789s] INFO:colcon.colcon_core.package_discovery:Crawling recursively for packages in '/home/urc/URC/rover'
[1.789s] Level 1:colcon.colcon_core.package_identification:_identify(.) by extensions ['ignore', 'ignore_ament_install']
[1.790s] Level 1:colcon.colcon_core.package_identification:_identify(.) by extension 'ignore'
[1.790s] Level 1:colcon.colcon_core.package_identification:_identify(.) by extension 'ignore_ament_install'
[1.790s] Level 1:colcon.colcon_core.package_identification:_identify(.) by extensions ['colcon_pkg']
[1.790s] Level 1:colcon.colcon_core.package_identification:_identify(.) by extension 'colcon_pkg'
[1.791s] Level 1:colcon.colcon_core.package_identification:_identify(.) by extensions ['colcon_meta']
[1.791s] Level 1:colcon.colcon_core.package_identification:_identify(.) by extension 'colcon_meta'
[1.791s] Level 1:colcon.colcon_core.package_identification:_identify(.) by extensions ['ros']
[1.791s] Level 1:colcon.colcon_core.package_identification:_identify(.) by extension 'ros'
[1.843s] Level 1:colcon.colcon_core.package_identification:_identify(.) by extensions ['cmake', 'python']
[1.844s] Level 1:colcon.colcon_core.package_identification:_identify(.) by extension 'cmake'
[1.844s] Level 1:colcon.colcon_core.package_identification:_identify(.) by extension 'python'
[1.844s] Level 1:colcon.colcon_core.package_identification:_identify(.) by extensions ['python_setup_py']
[1.844s] Level 1:colcon.colcon_core.package_identification:_identify(.) by extension 'python_setup_py'
[1.845s] Level 1:colcon.colcon_core.package_identification:_identify(build) by extensions ['ignore', 'ignore_ament_install']
[1.845s] Level 1:colcon.colcon_core.package_identification:_identify(build) by extension 'ignore'
[1.846s] Level 1:colcon.colcon_core.package_identification:_identify(build) ignored
[1.846s] Level 1:colcon.colcon_core.package_identification:_identify(install) by extensions ['ignore', 'ignore_ament_install']
[1.847s] Level 1:colcon.colcon_core.package_identification:_identify(install) by extension 'ignore'
[1.847s] Level 1:colcon.colcon_core.package_identification:_identify(install) ignored
[1.847s] Level 1:colcon.colcon_core.package_identification:_identify(log) by extensions ['ignore', 'ignore_ament_install']
[1.848s] Level 1:colcon.colcon_core.package_identification:_identify(log) by extension 'ignore'
[1.848s] Level 1:colcon.colcon_core.package_identification:_identify(log) ignored
[1.848s] Level 1:colcon.colcon_core.package_identification:_identify(src) by extensions ['ignore', 'ignore_ament_install']
[1.849s] Level 1:colcon.colcon_core.package_identification:_identify(src) by extension 'ignore'
[1.849s] Level 1:colcon.colcon_core.package_identification:_identify(src) by extension 'ignore_ament_install'
[1.849s] Level 1:colcon.colcon_core.package_identification:_identify(src) by extensions ['colcon_pkg']
[1.849s] Level 1:colcon.colcon_core.package_identification:_identify(src) by extension 'colcon_pkg'
[1.849s] Level 1:colcon.colcon_core.package_identification:_identify(src) by extensions ['colcon_meta']
[1.850s] Level 1:colcon.colcon_core.package_identification:_identify(src) by extension 'colcon_meta'
[1.850s] Level 1:colcon.colcon_core.package_identification:_identify(src) by extensions ['ros']
[1.850s] Level 1:colcon.colcon_core.package_identification:_identify(src) by extension 'ros'
[1.850s] Level 1:colcon.colcon_core.package_identification:_identify(src) by extensions ['cmake', 'python']
[1.850s] Level 1:colcon.colcon_core.package_identification:_identify(src) by extension 'cmake'
[1.851s] Level 1:colcon.colcon_core.package_identification:_identify(src) by extension 'python'
[1.851s] Level 1:colcon.colcon_core.package_identification:_identify(src) by extensions ['python_setup_py']
[1.851s] Level 1:colcon.colcon_core.package_identification:_identify(src) by extension 'python_setup_py'
[1.851s] Level 1:colcon.colcon_core.package_identification:_identify(src/depth_image_viewer) by extensions ['ignore', 'ignore_ament_install']
[1.852s] Level 1:colcon.colcon_core.package_identification:_identify(src/depth_image_viewer) by extension 'ignore'
[1.852s] Level 1:colcon.colcon_core.package_identification:_identify(src/depth_image_viewer) by extension 'ignore_ament_install'
[1.852s] Level 1:colcon.colcon_core.package_identification:_identify(src/depth_image_viewer) by extensions ['colcon_pkg']
[1.852s] Level 1:colcon.colcon_core.package_identification:_identify(src/depth_image_viewer) by extension 'colcon_pkg'
[1.853s] Level 1:colcon.colcon_core.package_identification:_identify(src/depth_image_viewer) by extensions ['colcon_meta']
[1.853s] Level 1:colcon.colcon_core.package_identification:_identify(src/depth_image_viewer) by extension 'colcon_meta'
[1.853s] Level 1:colcon.colcon_core.package_identification:_identify(src/depth_image_viewer) by extensions ['ros']
[1.853s] Level 1:colcon.colcon_core.package_identification:_identify(src/depth_image_viewer) by extension 'ros'
[1.863s] DEBUG:colcon.colcon_core.package_identification:Package 'src/depth_image_viewer' with type 'ros.ament_python' and name 'depth_image_viewer'
[1.864s] Level 1:colcon.colcon_core.package_identification:_identify(src/realsense-ros) by extensions ['ignore', 'ignore_ament_install']
[1.864s] Level 1:colcon.colcon_core.package_identification:_identify(src/realsense-ros) by extension 'ignore'
[1.864s] Level 1:colcon.colcon_core.package_identification:_identify(src/realsense-ros) by extension 'ignore_ament_install'
[1.865s] Level 1:colcon.colcon_core.package_identification:_identify(src/realsense-ros) by extensions ['colcon_pkg']
[1.865s] Level 1:colcon.colcon_core.package_identification:_identify(src/realsense-ros) by extension 'colcon_pkg'
[1.865s] Level 1:colcon.colcon_core.package_identification:_identify(src/realsense-ros) by extensions ['colcon_meta']
[1.865s] Level 1:colcon.colcon_core.package_identification:_identify(src/realsense-ros) by extension 'colcon_meta'
[1.865s] Level 1:colcon.colcon_core.package_identification:_identify(src/realsense-ros) by extensions ['ros']
[1.866s] Level 1:colcon.colcon_core.package_identification:_identify(src/realsense-ros) by extension 'ros'
[1.866s] Level 1:colcon.colcon_core.package_identification:_identify(src/realsense-ros) by extensions ['cmake', 'python']
[1.866s] Level 1:colcon.colcon_core.package_identification:_identify(src/realsense-ros) by extension 'cmake'
[1.866s] Level 1:colcon.colcon_core.package_identification:_identify(src/realsense-ros) by extension 'python'
[1.867s] Level 1:colcon.colcon_core.package_identification:_identify(src/realsense-ros) by extensions ['python_setup_py']
[1.867s] Level 1:colcon.colcon_core.package_identification:_identify(src/realsense-ros) by extension 'python_setup_py'
[1.867s] Level 1:colcon.colcon_core.package_identification:_identify(src/realsense-ros/realsense2_camera) by extensions ['ignore', 'ignore_ament_install']
[1.868s] Level 1:colcon.colcon_core.package_identification:_identify(src/realsense-ros/realsense2_camera) by extension 'ignore'
[1.868s] Level 1:colcon.colcon_core.package_identification:_identify(src/realsense-ros/realsense2_camera) by extension 'ignore_ament_install'
[1.868s] Level 1:colcon.colcon_core.package_identification:_identify(src/realsense-ros/realsense2_camera) by extensions ['colcon_pkg']
[1.868s] Level 1:colcon.colcon_core.package_identification:_identify(src/realsense-ros/realsense2_camera) by extension 'colcon_pkg'
[1.869s] Level 1:colcon.colcon_core.package_identification:_identify(src/realsense-ros/realsense2_camera) by extensions ['colcon_meta']
[1.869s] Level 1:colcon.colcon_core.package_identification:_identify(src/realsense-ros/realsense2_camera) by extension 'colcon_meta'
[1.869s] Level 1:colcon.colcon_core.package_identification:_identify(src/realsense-ros/realsense2_camera) by extensions ['ros']
[1.869s] Level 1:colcon.colcon_core.package_identification:_identify(src/realsense-ros/realsense2_camera) by extension 'ros'
[1.894s] DEBUG:colcon.colcon_core.package_identification:Package 'src/realsense-ros/realsense2_camera' with type 'ros.ament_cmake' and name 'realsense2_camera'
[1.895s] Level 1:colcon.colcon_core.package_identification:_identify(src/realsense-ros/realsense2_camera_msgs) by extensions ['ignore', 'ignore_ament_install']
[1.896s] Level 1:colcon.colcon_core.package_identification:_identify(src/realsense-ros/realsense2_camera_msgs) by extension 'ignore'
[1.896s] Level 1:colcon.colcon_core.package_identification:_identify(src/realsense-ros/realsense2_camera_msgs) by extension 'ignore_ament_install'
[1.896s] Level 1:colcon.colcon_core.package_identification:_identify(src/realsense-ros/realsense2_camera_msgs) by extensions ['colcon_pkg']
[1.897s] Level 1:colcon.colcon_core.package_identification:_identify(src/realsense-ros/realsense2_camera_msgs) by extension 'colcon_pkg'
[1.897s] Level 1:colcon.colcon_core.package_identification:_identify(src/realsense-ros/realsense2_camera_msgs) by extensions ['colcon_meta']
[1.897s] Level 1:colcon.colcon_core.package_identification:_identify(src/realsense-ros/realsense2_camera_msgs) by extension 'colcon_meta'
[1.897s] Level 1:colcon.colcon_core.package_identification:_identify(src/realsense-ros/realsense2_camera_msgs) by extensions ['ros']
[1.897s] Level 1:colcon.colcon_core.package_identification:_identify(src/realsense-ros/realsense2_camera_msgs) by extension 'ros'
[1.900s] DEBUG:colcon.colcon_core.package_identification:Package 'src/realsense-ros/realsense2_camera_msgs' with type 'ros.ament_cmake' and name 'realsense2_camera_msgs'
[1.901s] Level 1:colcon.colcon_core.package_identification:_identify(src/realsense-ros/realsense2_description) by extensions ['ignore', 'ignore_ament_install']
[1.901s] Level 1:colcon.colcon_core.package_identification:_identify(src/realsense-ros/realsense2_description) by extension 'ignore'
[1.901s] Level 1:colcon.colcon_core.package_identification:_identify(src/realsense-ros/realsense2_description) by extension 'ignore_ament_install'
[1.902s] Level 1:colcon.colcon_core.package_identification:_identify(src/realsense-ros/realsense2_description) by extensions ['colcon_pkg']
[1.902s] Level 1:colcon.colcon_core.package_identification:_identify(src/realsense-ros/realsense2_description) by extension 'colcon_pkg'
[1.902s] Level 1:colcon.colcon_core.package_identification:_identify(src/realsense-ros/realsense2_description) by extensions ['colcon_meta']
[1.902s] Level 1:colcon.colcon_core.package_identification:_identify(src/realsense-ros/realsense2_description) by extension 'colcon_meta'
[1.903s] Level 1:colcon.colcon_core.package_identification:_identify(src/realsense-ros/realsense2_description) by extensions ['ros']
[1.903s] Level 1:colcon.colcon_core.package_identification:_identify(src/realsense-ros/realsense2_description) by extension 'ros'
[1.906s] DEBUG:colcon.colcon_core.package_identification:Package 'src/realsense-ros/realsense2_description' with type 'ros.ament_cmake' and name 'realsense2_description'
[1.907s] Level 1:colcon.colcon_core.package_identification:_identify(src/realsense-ros/scripts) by extensions ['ignore', 'ignore_ament_install']
[1.907s] Level 1:colcon.colcon_core.package_identification:_identify(src/realsense-ros/scripts) by extension 'ignore'
[1.907s] Level 1:colcon.colcon_core.package_identification:_identify(src/realsense-ros/scripts) by extension 'ignore_ament_install'
[1.908s] Level 1:colcon.colcon_core.package_identification:_identify(src/realsense-ros/scripts) by extensions ['colcon_pkg']
[1.908s] Level 1:colcon.colcon_core.package_identification:_identify(src/realsense-ros/scripts) by extension 'colcon_pkg'
[1.908s] Level 1:colcon.colcon_core.package_identification:_identify(src/realsense-ros/scripts) by extensions ['colcon_meta']
[1.908s] Level 1:colcon.colcon_core.package_identification:_identify(src/realsense-ros/scripts) by extension 'colcon_meta'
[1.909s] Level 1:colcon.colcon_core.package_identification:_identify(src/realsense-ros/scripts) by extensions ['ros']
[1.909s] Level 1:colcon.colcon_core.package_identification:_identify(src/realsense-ros/scripts) by extension 'ros'
[1.909s] Level 1:colcon.colcon_core.package_identification:_identify(src/realsense-ros/scripts) by extensions ['cmake', 'python']
[1.909s] Level 1:colcon.colcon_core.package_identification:_identify(src/realsense-ros/scripts) by extension 'cmake'
[1.909s] Level 1:colcon.colcon_core.package_identification:_identify(src/realsense-ros/scripts) by extension 'python'
[1.910s] Level 1:colcon.colcon_core.package_identification:_identify(src/realsense-ros/scripts) by extensions ['python_setup_py']
[1.910s] Level 1:colcon.colcon_core.package_identification:_identify(src/realsense-ros/scripts) by extension 'python_setup_py'
[1.910s] Level 1:colcon.colcon_core.package_discovery:discover_packages(recursive) using defaults
[1.910s] Level 1:colcon.colcon_core.package_discovery:discover_packages(ignore) discover
[1.910s] Level 1:colcon.colcon_core.package_discovery:discover_packages(ignore) using defaults
[1.910s] Level 1:colcon.colcon_core.package_discovery:discover_packages(path) discover
[1.911s] Level 1:colcon.colcon_core.package_discovery:discover_packages(path) using defaults
[2.036s] Level 1:colcon.colcon_core.package_discovery:discover_packages(prefix_path) check parameters
[2.037s] Level 1:colcon.colcon_core.package_discovery:discover_packages(prefix_path) discover
[2.055s] DEBUG:colcon.colcon_installed_package_information.package_discovery:Found 276 installed packages in /opt/ros/humble
[2.062s] Level 1:colcon.colcon_core.package_discovery:discover_packages(prefix_path) using defaults
[2.253s] Level 5:colcon.colcon_core.verb:set package 'depth_image_viewer' build argument 'cmake_args' from command line to 'None'
[2.254s] Level 5:colcon.colcon_core.verb:set package 'depth_image_viewer' build argument 'cmake_target' from command line to 'None'
[2.254s] Level 5:colcon.colcon_core.verb:set package 'depth_image_viewer' build argument 'cmake_target_skip_unavailable' from command line to 'False'
[2.254s] Level 5:colcon.colcon_core.verb:set package 'depth_image_viewer' build argument 'cmake_clean_cache' from command line to 'False'
[2.254s] Level 5:colcon.colcon_core.verb:set package 'depth_image_viewer' build argument 'cmake_clean_first' from command line to 'False'
[2.254s] Level 5:colcon.colcon_core.verb:set package 'depth_image_viewer' build argument 'cmake_force_configure' from command line to 'False'
[2.254s] Level 5:colcon.colcon_core.verb:set package 'depth_image_viewer' build argument 'ament_cmake_args' from command line to 'None'
[2.255s] Level 5:colcon.colcon_core.verb:set package 'depth_image_viewer' build argument 'catkin_cmake_args' from command line to 'None'
[2.255s] Level 5:colcon.colcon_core.verb:set package 'depth_image_viewer' build argument 'catkin_skip_building_tests' from command line to 'False'
[2.255s] DEBUG:colcon.colcon_core.verb:Building package 'depth_image_viewer' with the following arguments: {'ament_cmake_args': None, 'build_base': '/home/urc/URC/rover/build/depth_image_viewer', 'catkin_cmake_args': None, 'catkin_skip_building_tests': False, 'cmake_args': None, 'cmake_clean_cache': False, 'cmake_clean_first': False, 'cmake_force_configure': False, 'cmake_target': None, 'cmake_target_skip_unavailable': False, 'install_base': '/home/urc/URC/rover/install/depth_image_viewer', 'merge_install': False, 'path': '/home/urc/URC/rover/src/depth_image_viewer', 'symlink_install': False, 'test_result_base': None}
[2.257s] Level 5:colcon.colcon_core.verb:set package 'realsense2_camera_msgs' build argument 'cmake_args' from command line to 'None'
[2.257s] Level 5:colcon.colcon_core.verb:set package 'realsense2_camera_msgs' build argument 'cmake_target' from command line to 'None'
[2.257s] Level 5:colcon.colcon_core.verb:set package 'realsense2_camera_msgs' build argument 'cmake_target_skip_unavailable' from command line to 'False'
[2.257s] Level 5:colcon.colcon_core.verb:set package 'realsense2_camera_msgs' build argument 'cmake_clean_cache' from command line to 'False'
[2.257s] Level 5:colcon.colcon_core.verb:set package 'realsense2_camera_msgs' build argument 'cmake_clean_first' from command line to 'False'
[2.257s] Level 5:colcon.colcon_core.verb:set package 'realsense2_camera_msgs' build argument 'cmake_force_configure' from command line to 'False'
[2.257s] Level 5:colcon.colcon_core.verb:set package 'realsense2_camera_msgs' build argument 'ament_cmake_args' from command line to 'None'
[2.258s] Level 5:colcon.colcon_core.verb:set package 'realsense2_camera_msgs' build argument 'catkin_cmake_args' from command line to 'None'
[2.258s] Level 5:colcon.colcon_core.verb:set package 'realsense2_camera_msgs' build argument 'catkin_skip_building_tests' from command line to 'False'
[2.258s] DEBUG:colcon.colcon_core.verb:Building package 'realsense2_camera_msgs' with the following arguments: {'ament_cmake_args': None, 'build_base': '/home/urc/URC/rover/build/realsense2_camera_msgs', 'catkin_cmake_args': None, 'catkin_skip_building_tests': False, 'cmake_args': None, 'cmake_clean_cache': False, 'cmake_clean_first': False, 'cmake_force_configure': False, 'cmake_target': None, 'cmake_target_skip_unavailable': False, 'install_base': '/home/urc/URC/rover/install/realsense2_camera_msgs', 'merge_install': False, 'path': '/home/urc/URC/rover/src/realsense-ros/realsense2_camera_msgs', 'symlink_install': False, 'test_result_base': None}
[2.259s] Level 5:colcon.colcon_core.verb:set package 'realsense2_camera' build argument 'cmake_args' from command line to 'None'
[2.260s] Level 5:colcon.colcon_core.verb:set package 'realsense2_camera' build argument 'cmake_target' from command line to 'None'
[2.260s] Level 5:colcon.colcon_core.verb:set package 'realsense2_camera' build argument 'cmake_target_skip_unavailable' from command line to 'False'
[2.260s] Level 5:colcon.colcon_core.verb:set package 'realsense2_camera' build argument 'cmake_clean_cache' from command line to 'False'
[2.260s] Level 5:colcon.colcon_core.verb:set package 'realsense2_camera' build argument 'cmake_clean_first' from command line to 'False'
[2.260s] Level 5:colcon.colcon_core.verb:set package 'realsense2_camera' build argument 'cmake_force_configure' from command line to 'False'
[2.260s] Level 5:colcon.colcon_core.verb:set package 'realsense2_camera' build argument 'ament_cmake_args' from command line to 'None'
[2.260s] Level 5:colcon.colcon_core.verb:set package 'realsense2_camera' build argument 'catkin_cmake_args' from command line to 'None'
[2.260s] Level 5:colcon.colcon_core.verb:set package 'realsense2_camera' build argument 'catkin_skip_building_tests' from command line to 'False'
[2.261s] DEBUG:colcon.colcon_core.verb:Building package 'realsense2_camera' with the following arguments: {'ament_cmake_args': None, 'build_base': '/home/urc/URC/rover/build/realsense2_camera', 'catkin_cmake_args': None, 'catkin_skip_building_tests': False, 'cmake_args': None, 'cmake_clean_cache': False, 'cmake_clean_first': False, 'cmake_force_configure': False, 'cmake_target': None, 'cmake_target_skip_unavailable': False, 'install_base': '/home/urc/URC/rover/install/realsense2_camera', 'merge_install': False, 'path': '/home/urc/URC/rover/src/realsense-ros/realsense2_camera', 'symlink_install': False, 'test_result_base': None}
[2.262s] Level 5:colcon.colcon_core.verb:set package 'realsense2_description' build argument 'cmake_args' from command line to 'None'
[2.262s] Level 5:colcon.colcon_core.verb:set package 'realsense2_description' build argument 'cmake_target' from command line to 'None'
[2.263s] Level 5:colcon.colcon_core.verb:set package 'realsense2_description' build argument 'cmake_target_skip_unavailable' from command line to 'False'
[2.263s] Level 5:colcon.colcon_core.verb:set package 'realsense2_description' build argument 'cmake_clean_cache' from command line to 'False'
[2.263s] Level 5:colcon.colcon_core.verb:set package 'realsense2_description' build argument 'cmake_clean_first' from command line to 'False'
[2.263s] Level 5:colcon.colcon_core.verb:set package 'realsense2_description' build argument 'cmake_force_configure' from command line to 'False'
[2.263s] Level 5:colcon.colcon_core.verb:set package 'realsense2_description' build argument 'ament_cmake_args' from command line to 'None'
[2.263s] Level 5:colcon.colcon_core.verb:set package 'realsense2_description' build argument 'catkin_cmake_args' from command line to 'None'
[2.263s] Level 5:colcon.colcon_core.verb:set package 'realsense2_description' build argument 'catkin_skip_building_tests' from command line to 'False'
[2.263s] DEBUG:colcon.colcon_core.verb:Building package 'realsense2_description' with the following arguments: {'ament_cmake_args': None, 'build_base': '/home/urc/URC/rover/build/realsense2_description', 'catkin_cmake_args': None, 'catkin_skip_building_tests': False, 'cmake_args': None, 'cmake_clean_cache': False, 'cmake_clean_first': False, 'cmake_force_configure': False, 'cmake_target': None, 'cmake_target_skip_unavailable': False, 'install_base': '/home/urc/URC/rover/install/realsense2_description', 'merge_install': False, 'path': '/home/urc/URC/rover/src/realsense-ros/realsense2_description', 'symlink_install': False, 'test_result_base': None}
[2.264s] INFO:colcon.colcon_core.executor:Executing jobs using 'parallel' executor
[2.267s] DEBUG:colcon.colcon_parallel_executor.executor.parallel:run_until_complete
[2.269s] INFO:colcon.colcon_ros.task.ament_cmake.build:Building ROS package in '/home/urc/URC/rover/src/realsense-ros/realsense2_camera_msgs' with build type 'ament_cmake'
[2.269s] INFO:colcon.colcon_cmake.task.cmake.build:Building CMake package in '/home/urc/URC/rover/src/realsense-ros/realsense2_camera_msgs'
[2.279s] INFO:colcon.colcon_core.plugin_system:Skipping extension 'colcon_core.shell.bat': Not used on non-Windows systems
[2.280s] INFO:colcon.colcon_core.shell:Skip shell extension 'powershell' for command environment: Not usable outside of PowerShell
[2.280s] DEBUG:colcon.colcon_core.shell:Skip shell extension 'dsv' for command environment
[2.298s] INFO:colcon.colcon_ros.task.ament_python.build:Building ROS package in '/home/urc/URC/rover/src/depth_image_viewer' with build type 'ament_python'
[2.299s] Level 1:colcon.colcon_core.shell:create_environment_hook('depth_image_viewer', 'ament_prefix_path')
[2.300s] INFO:colcon.colcon_core.shell:Creating environment hook '/home/urc/URC/rover/install/depth_image_viewer/share/depth_image_viewer/hook/ament_prefix_path.ps1'
[2.303s] INFO:colcon.colcon_core.shell:Creating environment descriptor '/home/urc/URC/rover/install/depth_image_viewer/share/depth_image_viewer/hook/ament_prefix_path.dsv'
[2.306s] INFO:colcon.colcon_core.shell:Creating environment hook '/home/urc/URC/rover/install/depth_image_viewer/share/depth_image_viewer/hook/ament_prefix_path.sh'
[2.309s] INFO:colcon.colcon_core.shell:Skip shell extension 'powershell' for command environment: Not usable outside of PowerShell
[2.310s] DEBUG:colcon.colcon_core.shell:Skip shell extension 'dsv' for command environment
[2.344s] DEBUG:colcon.colcon_core.event_handler.log_command:Invoking command in '/home/urc/URC/rover/build/realsense2_camera_msgs': CMAKE_PREFIX_PATH=/opt/ros/humble /usr/bin/cmake /home/urc/URC/rover/src/realsense-ros/realsense2_camera_msgs -DCMAKE_INSTALL_PREFIX=/home/urc/URC/rover/install/realsense2_camera_msgs
[3.940s] INFO:colcon.colcon_core.task.python.build:Building Python package in '/home/urc/URC/rover/src/depth_image_viewer'
[3.941s] INFO:colcon.colcon_core.shell:Skip shell extension 'powershell' for command environment: Not usable outside of PowerShell
[3.941s] DEBUG:colcon.colcon_core.shell:Skip shell extension 'dsv' for command environment
[5.990s] DEBUG:colcon.colcon_core.event_handler.log_command:Invoking command in '/home/urc/URC/rover/src/depth_image_viewer': PYTHONPATH=/home/urc/URC/rover/build/depth_image_viewer/prefix_override:/usr/lib/python3/dist-packages/colcon_core/task/python/colcon_distutils_commands:/home/urc/URC/rover/install/depth_image_viewer/lib/python3.10/site-packages:${PYTHONPATH} /usr/bin/python3 -W ignore:setup.py install is deprecated setup.py egg_info --egg-base ../../build/depth_image_viewer build --build-base /home/urc/URC/rover/build/depth_image_viewer/build install --record /home/urc/URC/rover/build/depth_image_viewer/install.log --single-version-externally-managed install_data
[7.769s] DEBUG:colcon.colcon_core.event_handler.log_command:Invoked command in '/home/urc/URC/rover/src/depth_image_viewer' returned '0': PYTHONPATH=/home/urc/URC/rover/build/depth_image_viewer/prefix_override:/usr/lib/python3/dist-packages/colcon_core/task/python/colcon_distutils_commands:/home/urc/URC/rover/install/depth_image_viewer/lib/python3.10/site-packages:${PYTHONPATH} /usr/bin/python3 -W ignore:setup.py install is deprecated setup.py egg_info --egg-base ../../build/depth_image_viewer build --build-base /home/urc/URC/rover/build/depth_image_viewer/build install --record /home/urc/URC/rover/build/depth_image_viewer/install.log --single-version-externally-managed install_data
[7.784s] Level 1:colcon.colcon_core.environment:checking '/home/urc/URC/rover/install/depth_image_viewer' for CMake module files
[7.787s] Level 1:colcon.colcon_core.environment:checking '/home/urc/URC/rover/install/depth_image_viewer' for CMake config files
[7.793s] Level 1:colcon.colcon_core.environment:checking '/home/urc/URC/rover/install/depth_image_viewer/lib'
[7.794s] Level 1:colcon.colcon_core.environment:checking '/home/urc/URC/rover/install/depth_image_viewer/bin'
[7.795s] Level 1:colcon.colcon_core.environment:checking '/home/urc/URC/rover/install/depth_image_viewer/lib/pkgconfig/depth_image_viewer.pc'
[7.796s] Level 1:colcon.colcon_core.environment:checking '/home/urc/URC/rover/install/depth_image_viewer/lib/python3.10/site-packages'
[7.797s] Level 1:colcon.colcon_core.shell:create_environment_hook('depth_image_viewer', 'pythonpath')
[7.798s] INFO:colcon.colcon_core.shell:Creating environment hook '/home/urc/URC/rover/install/depth_image_viewer/share/depth_image_viewer/hook/pythonpath.ps1'
[7.800s] INFO:colcon.colcon_core.shell:Creating environment descriptor '/home/urc/URC/rover/install/depth_image_viewer/share/depth_image_viewer/hook/pythonpath.dsv'
[7.802s] INFO:colcon.colcon_core.shell:Creating environment hook '/home/urc/URC/rover/install/depth_image_viewer/share/depth_image_viewer/hook/pythonpath.sh'
[7.804s] Level 1:colcon.colcon_core.environment:checking '/home/urc/URC/rover/install/depth_image_viewer/bin'
[7.805s] Level 1:colcon.colcon_core.environment:create_environment_scripts_only(depth_image_viewer)
[7.806s] INFO:colcon.colcon_core.shell:Creating package script '/home/urc/URC/rover/install/depth_image_viewer/share/depth_image_viewer/package.ps1'
[7.811s] INFO:colcon.colcon_core.shell:Creating package descriptor '/home/urc/URC/rover/install/depth_image_viewer/share/depth_image_viewer/package.dsv'
[7.814s] INFO:colcon.colcon_core.shell:Creating package script '/home/urc/URC/rover/install/depth_image_viewer/share/depth_image_viewer/package.sh'
[7.818s] INFO:colcon.colcon_core.shell:Creating package script '/home/urc/URC/rover/install/depth_image_viewer/share/depth_image_viewer/package.bash'
[7.822s] INFO:colcon.colcon_core.shell:Creating package script '/home/urc/URC/rover/install/depth_image_viewer/share/depth_image_viewer/package.zsh'
[7.826s] Level 1:colcon.colcon_core.environment:create_file_with_runtime_dependencies(/home/urc/URC/rover/install/depth_image_viewer/share/colcon-core/packages/depth_image_viewer)
[11.819s] DEBUG:colcon.colcon_core.event_handler.log_command:Invoked command in '/home/urc/URC/rover/build/realsense2_camera_msgs' returned '0': CMAKE_PREFIX_PATH=/opt/ros/humble /usr/bin/cmake /home/urc/URC/rover/src/realsense-ros/realsense2_camera_msgs -DCMAKE_INSTALL_PREFIX=/home/urc/URC/rover/install/realsense2_camera_msgs
[11.829s] DEBUG:colcon.colcon_core.event_handler.log_command:Invoking command in '/home/urc/URC/rover/build/realsense2_camera_msgs': CMAKE_PREFIX_PATH=/opt/ros/humble /usr/bin/cmake --build /home/urc/URC/rover/build/realsense2_camera_msgs -- -j4 -l4
[40.292s] DEBUG:colcon.colcon_core.event_handler.log_command:Invoked command in '/home/urc/URC/rover/build/realsense2_camera_msgs' returned '0': CMAKE_PREFIX_PATH=/opt/ros/humble /usr/bin/cmake --build /home/urc/URC/rover/build/realsense2_camera_msgs -- -j4 -l4
[41.120s] DEBUG:colcon.colcon_core.event_handler.log_command:Invoking command in '/home/urc/URC/rover/build/realsense2_camera_msgs': CMAKE_PREFIX_PATH=/opt/ros/humble /usr/bin/cmake --install /home/urc/URC/rover/build/realsense2_camera_msgs
[41.676s] Level 1:colcon.colcon_core.environment:create_environment_scripts_only(realsense2_camera_msgs)
[41.677s] Level 1:colcon.colcon_core.environment:checking '/home/urc/URC/rover/install/realsense2_camera_msgs' for CMake module files
[41.679s] DEBUG:colcon.colcon_core.event_handler.log_command:Invoked command in '/home/urc/URC/rover/build/realsense2_camera_msgs' returned '0': CMAKE_PREFIX_PATH=/opt/ros/humble /usr/bin/cmake --install /home/urc/URC/rover/build/realsense2_camera_msgs
[41.683s] Level 1:colcon.colcon_core.environment:checking '/home/urc/URC/rover/install/realsense2_camera_msgs' for CMake config files
[41.689s] Level 1:colcon.colcon_core.shell:create_environment_hook('realsense2_camera_msgs', 'cmake_prefix_path')
[41.690s] INFO:colcon.colcon_core.shell:Creating environment hook '/home/urc/URC/rover/install/realsense2_camera_msgs/share/realsense2_camera_msgs/hook/cmake_prefix_path.ps1'
[41.692s] INFO:colcon.colcon_core.shell:Creating environment descriptor '/home/urc/URC/rover/install/realsense2_camera_msgs/share/realsense2_camera_msgs/hook/cmake_prefix_path.dsv'
[41.694s] INFO:colcon.colcon_core.shell:Creating environment hook '/home/urc/URC/rover/install/realsense2_camera_msgs/share/realsense2_camera_msgs/hook/cmake_prefix_path.sh'
[41.696s] Level 1:colcon.colcon_core.environment:checking '/home/urc/URC/rover/install/realsense2_camera_msgs/lib'
[41.697s] Level 1:colcon.colcon_core.shell:create_environment_hook('realsense2_camera_msgs', 'ld_library_path_lib')
[41.698s] INFO:colcon.colcon_core.shell:Creating environment hook '/home/urc/URC/rover/install/realsense2_camera_msgs/share/realsense2_camera_msgs/hook/ld_library_path_lib.ps1'
[41.699s] INFO:colcon.colcon_core.shell:Creating environment descriptor '/home/urc/URC/rover/install/realsense2_camera_msgs/share/realsense2_camera_msgs/hook/ld_library_path_lib.dsv'
[41.701s] INFO:colcon.colcon_core.shell:Creating environment hook '/home/urc/URC/rover/install/realsense2_camera_msgs/share/realsense2_camera_msgs/hook/ld_library_path_lib.sh'
[41.703s] Level 1:colcon.colcon_core.environment:checking '/home/urc/URC/rover/install/realsense2_camera_msgs/bin'
[41.703s] Level 1:colcon.colcon_core.environment:checking '/home/urc/URC/rover/install/realsense2_camera_msgs/lib/pkgconfig/realsense2_camera_msgs.pc'
[41.704s] Level 1:colcon.colcon_core.environment:checking '/home/urc/URC/rover/install/realsense2_camera_msgs/lib/python3.10/site-packages'
[41.705s] Level 1:colcon.colcon_core.environment:checking '/home/urc/URC/rover/install/realsense2_camera_msgs/bin'
[41.706s] INFO:colcon.colcon_core.shell:Creating package script '/home/urc/URC/rover/install/realsense2_camera_msgs/share/realsense2_camera_msgs/package.ps1'
[41.709s] INFO:colcon.colcon_core.shell:Creating package descriptor '/home/urc/URC/rover/install/realsense2_camera_msgs/share/realsense2_camera_msgs/package.dsv'
[41.711s] INFO:colcon.colcon_core.shell:Creating package script '/home/urc/URC/rover/install/realsense2_camera_msgs/share/realsense2_camera_msgs/package.sh'
[41.713s] INFO:colcon.colcon_core.shell:Creating package script '/home/urc/URC/rover/install/realsense2_camera_msgs/share/realsense2_camera_msgs/package.bash'
[41.715s] INFO:colcon.colcon_core.shell:Creating package script '/home/urc/URC/rover/install/realsense2_camera_msgs/share/realsense2_camera_msgs/package.zsh'
[41.717s] Level 1:colcon.colcon_core.environment:create_file_with_runtime_dependencies(/home/urc/URC/rover/install/realsense2_camera_msgs/share/colcon-core/packages/realsense2_camera_msgs)
[42.502s] Level 1:colcon.colcon_core.environment:create_environment_scripts_only(realsense2_camera_msgs)
[42.503s] Level 1:colcon.colcon_core.environment:checking '/home/urc/URC/rover/install/realsense2_camera_msgs' for CMake module files
[42.510s] Level 1:colcon.colcon_core.environment:checking '/home/urc/URC/rover/install/realsense2_camera_msgs' for CMake config files
[42.517s] Level 1:colcon.colcon_core.shell:create_environment_hook('realsense2_camera_msgs', 'cmake_prefix_path')
[42.518s] INFO:colcon.colcon_core.shell:Creating environment hook '/home/urc/URC/rover/install/realsense2_camera_msgs/share/realsense2_camera_msgs/hook/cmake_prefix_path.ps1'
[42.520s] INFO:colcon.colcon_core.shell:Creating environment descriptor '/home/urc/URC/rover/install/realsense2_camera_msgs/share/realsense2_camera_msgs/hook/cmake_prefix_path.dsv'
[42.522s] INFO:colcon.colcon_core.shell:Creating environment hook '/home/urc/URC/rover/install/realsense2_camera_msgs/share/realsense2_camera_msgs/hook/cmake_prefix_path.sh'
[42.525s] Level 1:colcon.colcon_core.environment:checking '/home/urc/URC/rover/install/realsense2_camera_msgs/lib'
[42.525s] Level 1:colcon.colcon_core.shell:create_environment_hook('realsense2_camera_msgs', 'ld_library_path_lib')
[42.526s] INFO:colcon.colcon_core.shell:Creating environment hook '/home/urc/URC/rover/install/realsense2_camera_msgs/share/realsense2_camera_msgs/hook/ld_library_path_lib.ps1'
[42.528s] INFO:colcon.colcon_core.shell:Creating environment descriptor '/home/urc/URC/rover/install/realsense2_camera_msgs/share/realsense2_camera_msgs/hook/ld_library_path_lib.dsv'
[42.530s] INFO:colcon.colcon_core.shell:Creating environment hook '/home/urc/URC/rover/install/realsense2_camera_msgs/share/realsense2_camera_msgs/hook/ld_library_path_lib.sh'
[42.532s] Level 1:colcon.colcon_core.environment:checking '/home/urc/URC/rover/install/realsense2_camera_msgs/bin'
[42.532s] Level 1:colcon.colcon_core.environment:checking '/home/urc/URC/rover/install/realsense2_camera_msgs/lib/pkgconfig/realsense2_camera_msgs.pc'
[42.533s] Level 1:colcon.colcon_core.environment:checking '/home/urc/URC/rover/install/realsense2_camera_msgs/lib/python3.10/site-packages'
[42.534s] Level 1:colcon.colcon_core.environment:checking '/home/urc/URC/rover/install/realsense2_camera_msgs/bin'
[42.535s] INFO:colcon.colcon_core.shell:Creating package script '/home/urc/URC/rover/install/realsense2_camera_msgs/share/realsense2_camera_msgs/package.ps1'
[42.538s] INFO:colcon.colcon_core.shell:Creating package descriptor '/home/urc/URC/rover/install/realsense2_camera_msgs/share/realsense2_camera_msgs/package.dsv'
[42.541s] INFO:colcon.colcon_core.shell:Creating package script '/home/urc/URC/rover/install/realsense2_camera_msgs/share/realsense2_camera_msgs/package.sh'
[42.543s] INFO:colcon.colcon_core.shell:Creating package script '/home/urc/URC/rover/install/realsense2_camera_msgs/share/realsense2_camera_msgs/package.bash'
[42.545s] INFO:colcon.colcon_core.shell:Creating package script '/home/urc/URC/rover/install/realsense2_camera_msgs/share/realsense2_camera_msgs/package.zsh'
[42.547s] Level 1:colcon.colcon_core.environment:create_file_with_runtime_dependencies(/home/urc/URC/rover/install/realsense2_camera_msgs/share/colcon-core/packages/realsense2_camera_msgs)
[42.548s] INFO:colcon.colcon_ros.task.ament_cmake.build:Building ROS package in '/home/urc/URC/rover/src/realsense-ros/realsense2_camera' with build type 'ament_cmake'
[42.549s] INFO:colcon.colcon_cmake.task.cmake.build:Building CMake package in '/home/urc/URC/rover/src/realsense-ros/realsense2_camera'
[42.550s] INFO:colcon.colcon_core.shell:Skip shell extension 'powershell' for command environment: Not usable outside of PowerShell
[42.551s] DEBUG:colcon.colcon_core.shell:Skip shell extension 'dsv' for command environment
[42.567s] INFO:colcon.colcon_ros.task.ament_cmake.build:Building ROS package in '/home/urc/URC/rover/src/realsense-ros/realsense2_description' with build type 'ament_cmake'
[42.568s] INFO:colcon.colcon_cmake.task.cmake.build:Building CMake package in '/home/urc/URC/rover/src/realsense-ros/realsense2_description'
[42.569s] INFO:colcon.colcon_core.shell:Skip shell extension 'powershell' for command environment: Not usable outside of PowerShell
[42.570s] DEBUG:colcon.colcon_core.shell:Skip shell extension 'dsv' for command environment
[42.601s] DEBUG:colcon.colcon_core.event_handler.log_command:Invoking command in '/home/urc/URC/rover/build/realsense2_camera': AMENT_PREFIX_PATH=/home/urc/URC/rover/install/realsense2_camera_msgs:${AMENT_PREFIX_PATH} CMAKE_PREFIX_PATH=/home/urc/URC/rover/install/realsense2_camera_msgs:/opt/ros/humble LD_LIBRARY_PATH=/home/urc/URC/rover/install/realsense2_camera_msgs/lib:${LD_LIBRARY_PATH} PYTHONPATH=/home/urc/URC/rover/install/realsense2_camera_msgs/local/lib/python3.10/dist-packages:${PYTHONPATH} /usr/bin/cmake /home/urc/URC/rover/src/realsense-ros/realsense2_camera -DCMAKE_INSTALL_PREFIX=/home/urc/URC/rover/install/realsense2_camera
[42.619s] DEBUG:colcon.colcon_core.event_handler.log_command:Invoking command in '/home/urc/URC/rover/build/realsense2_description': AMENT_PREFIX_PATH=/home/urc/URC/rover/install/realsense2_camera_msgs:${AMENT_PREFIX_PATH} CMAKE_PREFIX_PATH=/home/urc/URC/rover/install/realsense2_camera_msgs:/opt/ros/humble LD_LIBRARY_PATH=/home/urc/URC/rover/install/realsense2_camera_msgs/lib:${LD_LIBRARY_PATH} PYTHONPATH=/home/urc/URC/rover/install/realsense2_camera_msgs/local/lib/python3.10/dist-packages:${PYTHONPATH} /usr/bin/cmake /home/urc/URC/rover/src/realsense-ros/realsense2_description -DCMAKE_INSTALL_PREFIX=/home/urc/URC/rover/install/realsense2_description
[45.923s] DEBUG:colcon.colcon_core.event_handler.log_command:Invoked command in '/home/urc/URC/rover/build/realsense2_description' returned '0': AMENT_PREFIX_PATH=/home/urc/URC/rover/install/realsense2_camera_msgs:${AMENT_PREFIX_PATH} CMAKE_PREFIX_PATH=/home/urc/URC/rover/install/realsense2_camera_msgs:/opt/ros/humble LD_LIBRARY_PATH=/home/urc/URC/rover/install/realsense2_camera_msgs/lib:${LD_LIBRARY_PATH} PYTHONPATH=/home/urc/URC/rover/install/realsense2_camera_msgs/local/lib/python3.10/dist-packages:${PYTHONPATH} /usr/bin/cmake /home/urc/URC/rover/src/realsense-ros/realsense2_description -DCMAKE_INSTALL_PREFIX=/home/urc/URC/rover/install/realsense2_description
[45.932s] DEBUG:colcon.colcon_core.event_handler.log_command:Invoking command in '/home/urc/URC/rover/build/realsense2_description': AMENT_PREFIX_PATH=/home/urc/URC/rover/install/realsense2_camera_msgs:${AMENT_PREFIX_PATH} CMAKE_PREFIX_PATH=/home/urc/URC/rover/install/realsense2_camera_msgs:/opt/ros/humble LD_LIBRARY_PATH=/home/urc/URC/rover/install/realsense2_camera_msgs/lib:${LD_LIBRARY_PATH} PYTHONPATH=/home/urc/URC/rover/install/realsense2_camera_msgs/local/lib/python3.10/dist-packages:${PYTHONPATH} /usr/bin/cmake --build /home/urc/URC/rover/build/realsense2_description -- -j4 -l4
[46.079s] DEBUG:colcon.colcon_core.event_handler.log_command:Invoked command in '/home/urc/URC/rover/build/realsense2_description' returned '0': AMENT_PREFIX_PATH=/home/urc/URC/rover/install/realsense2_camera_msgs:${AMENT_PREFIX_PATH} CMAKE_PREFIX_PATH=/home/urc/URC/rover/install/realsense2_camera_msgs:/opt/ros/humble LD_LIBRARY_PATH=/home/urc/URC/rover/install/realsense2_camera_msgs/lib:${LD_LIBRARY_PATH} PYTHONPATH=/home/urc/URC/rover/install/realsense2_camera_msgs/local/lib/python3.10/dist-packages:${PYTHONPATH} /usr/bin/cmake --build /home/urc/URC/rover/build/realsense2_description -- -j4 -l4
[46.177s] DEBUG:colcon.colcon_core.event_handler.log_command:Invoking command in '/home/urc/URC/rover/build/realsense2_description': AMENT_PREFIX_PATH=/home/urc/URC/rover/install/realsense2_camera_msgs:${AMENT_PREFIX_PATH} CMAKE_PREFIX_PATH=/home/urc/URC/rover/install/realsense2_camera_msgs:/opt/ros/humble LD_LIBRARY_PATH=/home/urc/URC/rover/install/realsense2_camera_msgs/lib:${LD_LIBRARY_PATH} PYTHONPATH=/home/urc/URC/rover/install/realsense2_camera_msgs/local/lib/python3.10/dist-packages:${PYTHONPATH} /usr/bin/cmake --install /home/urc/URC/rover/build/realsense2_description
[46.873s] Level 1:colcon.colcon_core.environment:create_environment_scripts_only(realsense2_description)
[46.874s] Level 1:colcon.colcon_core.environment:checking '/home/urc/URC/rover/install/realsense2_description' for CMake module files
[46.876s] DEBUG:colcon.colcon_core.event_handler.log_command:Invoked command in '/home/urc/URC/rover/build/realsense2_description' returned '0': AMENT_PREFIX_PATH=/home/urc/URC/rover/install/realsense2_camera_msgs:${AMENT_PREFIX_PATH} CMAKE_PREFIX_PATH=/home/urc/URC/rover/install/realsense2_camera_msgs:/opt/ros/humble LD_LIBRARY_PATH=/home/urc/URC/rover/install/realsense2_camera_msgs/lib:${LD_LIBRARY_PATH} PYTHONPATH=/home/urc/URC/rover/install/realsense2_camera_msgs/local/lib/python3.10/dist-packages:${PYTHONPATH} /usr/bin/cmake --install /home/urc/URC/rover/build/realsense2_description
[46.879s] Level 1:colcon.colcon_core.environment:checking '/home/urc/URC/rover/install/realsense2_description' for CMake config files
[46.882s] Level 1:colcon.colcon_core.shell:create_environment_hook('realsense2_description', 'cmake_prefix_path')
[46.883s] INFO:colcon.colcon_core.shell:Creating environment hook '/home/urc/URC/rover/install/realsense2_description/share/realsense2_description/hook/cmake_prefix_path.ps1'
[46.886s] INFO:colcon.colcon_core.shell:Creating environment descriptor '/home/urc/URC/rover/install/realsense2_description/share/realsense2_description/hook/cmake_prefix_path.dsv'
[46.887s] INFO:colcon.colcon_core.shell:Creating environment hook '/home/urc/URC/rover/install/realsense2_description/share/realsense2_description/hook/cmake_prefix_path.sh'
[46.890s] Level 1:colcon.colcon_core.environment:checking '/home/urc/URC/rover/install/realsense2_description/bin'
[46.890s] Level 1:colcon.colcon_core.environment:checking '/home/urc/URC/rover/install/realsense2_description/lib/pkgconfig/realsense2_description.pc'
[46.891s] Level 1:colcon.colcon_core.environment:checking '/home/urc/URC/rover/install/realsense2_description/lib/python3.10/site-packages'
[46.892s] Level 1:colcon.colcon_core.environment:checking '/home/urc/URC/rover/install/realsense2_description/bin'
[46.894s] INFO:colcon.colcon_core.shell:Creating package script '/home/urc/URC/rover/install/realsense2_description/share/realsense2_description/package.ps1'
[46.896s] INFO:colcon.colcon_core.shell:Creating package descriptor '/home/urc/URC/rover/install/realsense2_description/share/realsense2_description/package.dsv'
[46.898s] INFO:colcon.colcon_core.shell:Creating package script '/home/urc/URC/rover/install/realsense2_description/share/realsense2_description/package.sh'
[46.900s] INFO:colcon.colcon_core.shell:Creating package script '/home/urc/URC/rover/install/realsense2_description/share/realsense2_description/package.bash'
[46.902s] INFO:colcon.colcon_core.shell:Creating package script '/home/urc/URC/rover/install/realsense2_description/share/realsense2_description/package.zsh'
[46.904s] Level 1:colcon.colcon_core.environment:create_file_with_runtime_dependencies(/home/urc/URC/rover/install/realsense2_description/share/colcon-core/packages/realsense2_description)
[46.997s] Level 1:colcon.colcon_core.environment:create_environment_scripts_only(realsense2_description)
[46.999s] Level 1:colcon.colcon_core.environment:checking '/home/urc/URC/rover/install/realsense2_description' for CMake module files
[47.003s] Level 1:colcon.colcon_core.environment:checking '/home/urc/URC/rover/install/realsense2_description' for CMake config files
[47.006s] Level 1:colcon.colcon_core.shell:create_environment_hook('realsense2_description', 'cmake_prefix_path')
[47.007s] INFO:colcon.colcon_core.shell:Creating environment hook '/home/urc/URC/rover/install/realsense2_description/share/realsense2_description/hook/cmake_prefix_path.ps1'
[47.010s] INFO:colcon.colcon_core.shell:Creating environment descriptor '/home/urc/URC/rover/install/realsense2_description/share/realsense2_description/hook/cmake_prefix_path.dsv'
[47.013s] INFO:colcon.colcon_core.shell:Creating environment hook '/home/urc/URC/rover/install/realsense2_description/share/realsense2_description/hook/cmake_prefix_path.sh'
[47.016s] Level 1:colcon.colcon_core.environment:checking '/home/urc/URC/rover/install/realsense2_description/bin'
[47.016s] Level 1:colcon.colcon_core.environment:checking '/home/urc/URC/rover/install/realsense2_description/lib/pkgconfig/realsense2_description.pc'
[47.017s] Level 1:colcon.colcon_core.environment:checking '/home/urc/URC/rover/install/realsense2_description/lib/python3.10/site-packages'
[47.018s] Level 1:colcon.colcon_core.environment:checking '/home/urc/URC/rover/install/realsense2_description/bin'
[47.020s] INFO:colcon.colcon_core.shell:Creating package script '/home/urc/URC/rover/install/realsense2_description/share/realsense2_description/package.ps1'
[47.023s] INFO:colcon.colcon_core.shell:Creating package descriptor '/home/urc/URC/rover/install/realsense2_description/share/realsense2_description/package.dsv'
[47.025s] INFO:colcon.colcon_core.shell:Creating package script '/home/urc/URC/rover/install/realsense2_description/share/realsense2_description/package.sh'
[47.028s] INFO:colcon.colcon_core.shell:Creating package script '/home/urc/URC/rover/install/realsense2_description/share/realsense2_description/package.bash'
[47.030s] INFO:colcon.colcon_core.shell:Creating package script '/home/urc/URC/rover/install/realsense2_description/share/realsense2_description/package.zsh'
[47.033s] Level 1:colcon.colcon_core.environment:create_file_with_runtime_dependencies(/home/urc/URC/rover/install/realsense2_description/share/colcon-core/packages/realsense2_description)
[66.515s] DEBUG:colcon.colcon_core.event_handler.log_command:Invoked command in '/home/urc/URC/rover/build/realsense2_camera' returned '0': AMENT_PREFIX_PATH=/home/urc/URC/rover/install/realsense2_camera_msgs:${AMENT_PREFIX_PATH} CMAKE_PREFIX_PATH=/home/urc/URC/rover/install/realsense2_camera_msgs:/opt/ros/humble LD_LIBRARY_PATH=/home/urc/URC/rover/install/realsense2_camera_msgs/lib:${LD_LIBRARY_PATH} PYTHONPATH=/home/urc/URC/rover/install/realsense2_camera_msgs/local/lib/python3.10/dist-packages:${PYTHONPATH} /usr/bin/cmake /home/urc/URC/rover/src/realsense-ros/realsense2_camera -DCMAKE_INSTALL_PREFIX=/home/urc/URC/rover/install/realsense2_camera
[66.524s] DEBUG:colcon.colcon_core.event_handler.log_command:Invoking command in '/home/urc/URC/rover/build/realsense2_camera': AMENT_PREFIX_PATH=/home/urc/URC/rover/install/realsense2_camera_msgs:${AMENT_PREFIX_PATH} CMAKE_PREFIX_PATH=/home/urc/URC/rover/install/realsense2_camera_msgs:/opt/ros/humble LD_LIBRARY_PATH=/home/urc/URC/rover/install/realsense2_camera_msgs/lib:${LD_LIBRARY_PATH} PYTHONPATH=/home/urc/URC/rover/install/realsense2_camera_msgs/local/lib/python3.10/dist-packages:${PYTHONPATH} /usr/bin/cmake --build /home/urc/URC/rover/build/realsense2_camera -- -j4 -l4
[271.383s] DEBUG:colcon.colcon_core.event_handler.log_command:Invoked command in '/home/urc/URC/rover/build/realsense2_camera' returned '0': AMENT_PREFIX_PATH=/home/urc/URC/rover/install/realsense2_camera_msgs:${AMENT_PREFIX_PATH} CMAKE_PREFIX_PATH=/home/urc/URC/rover/install/realsense2_camera_msgs:/opt/ros/humble LD_LIBRARY_PATH=/home/urc/URC/rover/install/realsense2_camera_msgs/lib:${LD_LIBRARY_PATH} PYTHONPATH=/home/urc/URC/rover/install/realsense2_camera_msgs/local/lib/python3.10/dist-packages:${PYTHONPATH} /usr/bin/cmake --build /home/urc/URC/rover/build/realsense2_camera -- -j4 -l4
[271.736s] DEBUG:colcon.colcon_core.event_handler.log_command:Invoking command in '/home/urc/URC/rover/build/realsense2_camera': AMENT_PREFIX_PATH=/home/urc/URC/rover/install/realsense2_camera_msgs:${AMENT_PREFIX_PATH} CMAKE_PREFIX_PATH=/home/urc/URC/rover/install/realsense2_camera_msgs:/opt/ros/humble LD_LIBRARY_PATH=/home/urc/URC/rover/install/realsense2_camera_msgs/lib:${LD_LIBRARY_PATH} PYTHONPATH=/home/urc/URC/rover/install/realsense2_camera_msgs/local/lib/python3.10/dist-packages:${PYTHONPATH} /usr/bin/cmake --install /home/urc/URC/rover/build/realsense2_camera
[271.928s] Level 1:colcon.colcon_core.environment:create_environment_scripts_only(realsense2_camera)
[271.929s] Level 1:colcon.colcon_core.environment:checking '/home/urc/URC/rover/install/realsense2_camera' for CMake module files
[271.931s] DEBUG:colcon.colcon_core.event_handler.log_command:Invoked command in '/home/urc/URC/rover/build/realsense2_camera' returned '0': AMENT_PREFIX_PATH=/home/urc/URC/rover/install/realsense2_camera_msgs:${AMENT_PREFIX_PATH} CMAKE_PREFIX_PATH=/home/urc/URC/rover/install/realsense2_camera_msgs:/opt/ros/humble LD_LIBRARY_PATH=/home/urc/URC/rover/install/realsense2_camera_msgs/lib:${LD_LIBRARY_PATH} PYTHONPATH=/home/urc/URC/rover/install/realsense2_camera_msgs/local/lib/python3.10/dist-packages:${PYTHONPATH} /usr/bin/cmake --install /home/urc/URC/rover/build/realsense2_camera
[271.933s] Level 1:colcon.colcon_core.environment:checking '/home/urc/URC/rover/install/realsense2_camera' for CMake config files
[271.936s] Level 1:colcon.colcon_core.shell:create_environment_hook('realsense2_camera', 'cmake_prefix_path')
[271.937s] INFO:colcon.colcon_core.shell:Creating environment hook '/home/urc/URC/rover/install/realsense2_camera/share/realsense2_camera/hook/cmake_prefix_path.ps1'
[271.939s] INFO:colcon.colcon_core.shell:Creating environment descriptor '/home/urc/URC/rover/install/realsense2_camera/share/realsense2_camera/hook/cmake_prefix_path.dsv'
[271.941s] INFO:colcon.colcon_core.shell:Creating environment hook '/home/urc/URC/rover/install/realsense2_camera/share/realsense2_camera/hook/cmake_prefix_path.sh'
[271.943s] Level 1:colcon.colcon_core.environment:checking '/home/urc/URC/rover/install/realsense2_camera/lib'
[271.944s] Level 1:colcon.colcon_core.shell:create_environment_hook('realsense2_camera', 'ld_library_path_lib')
[271.945s] INFO:colcon.colcon_core.shell:Creating environment hook '/home/urc/URC/rover/install/realsense2_camera/share/realsense2_camera/hook/ld_library_path_lib.ps1'
[271.947s] INFO:colcon.colcon_core.shell:Creating environment descriptor '/home/urc/URC/rover/install/realsense2_camera/share/realsense2_camera/hook/ld_library_path_lib.dsv'
[271.949s] INFO:colcon.colcon_core.shell:Creating environment hook '/home/urc/URC/rover/install/realsense2_camera/share/realsense2_camera/hook/ld_library_path_lib.sh'
[271.950s] Level 1:colcon.colcon_core.environment:checking '/home/urc/URC/rover/install/realsense2_camera/bin'
[271.951s] Level 1:colcon.colcon_core.environment:checking '/home/urc/URC/rover/install/realsense2_camera/lib/pkgconfig/realsense2_camera.pc'
[271.952s] Level 1:colcon.colcon_core.environment:checking '/home/urc/URC/rover/install/realsense2_camera/lib/python3.10/site-packages'
[271.953s] Level 1:colcon.colcon_core.environment:checking '/home/urc/URC/rover/install/realsense2_camera/bin'
[271.954s] INFO:colcon.colcon_core.shell:Creating package script '/home/urc/URC/rover/install/realsense2_camera/share/realsense2_camera/package.ps1'
[271.957s] INFO:colcon.colcon_core.shell:Creating package descriptor '/home/urc/URC/rover/install/realsense2_camera/share/realsense2_camera/package.dsv'
[271.959s] INFO:colcon.colcon_core.shell:Creating package script '/home/urc/URC/rover/install/realsense2_camera/share/realsense2_camera/package.sh'
[271.961s] INFO:colcon.colcon_core.shell:Creating package script '/home/urc/URC/rover/install/realsense2_camera/share/realsense2_camera/package.bash'
[271.963s] INFO:colcon.colcon_core.shell:Creating package script '/home/urc/URC/rover/install/realsense2_camera/share/realsense2_camera/package.zsh'
[271.964s] Level 1:colcon.colcon_core.environment:create_file_with_runtime_dependencies(/home/urc/URC/rover/install/realsense2_camera/share/colcon-core/packages/realsense2_camera)
[272.295s] Level 1:colcon.colcon_core.environment:create_environment_scripts_only(realsense2_camera)
[272.297s] Level 1:colcon.colcon_core.environment:checking '/home/urc/URC/rover/install/realsense2_camera' for CMake module files
[272.301s] Level 1:colcon.colcon_core.environment:checking '/home/urc/URC/rover/install/realsense2_camera' for CMake config files
[272.305s] Level 1:colcon.colcon_core.shell:create_environment_hook('realsense2_camera', 'cmake_prefix_path')
[272.306s] INFO:colcon.colcon_core.shell:Creating environment hook '/home/urc/URC/rover/install/realsense2_camera/share/realsense2_camera/hook/cmake_prefix_path.ps1'
[272.309s] INFO:colcon.colcon_core.shell:Creating environment descriptor '/home/urc/URC/rover/install/realsense2_camera/share/realsense2_camera/hook/cmake_prefix_path.dsv'
[272.311s] INFO:colcon.colcon_core.shell:Creating environment hook '/home/urc/URC/rover/install/realsense2_camera/share/realsense2_camera/hook/cmake_prefix_path.sh'
[272.313s] Level 1:colcon.colcon_core.environment:checking '/home/urc/URC/rover/install/realsense2_camera/lib'
[272.314s] Level 1:colcon.colcon_core.shell:create_environment_hook('realsense2_camera', 'ld_library_path_lib')
[272.315s] INFO:colcon.colcon_core.shell:Creating environment hook '/home/urc/URC/rover/install/realsense2_camera/share/realsense2_camera/hook/ld_library_path_lib.ps1'
[272.316s] INFO:colcon.colcon_core.shell:Creating environment descriptor '/home/urc/URC/rover/install/realsense2_camera/share/realsense2_camera/hook/ld_library_path_lib.dsv'
[272.318s] INFO:colcon.colcon_core.shell:Creating environment hook '/home/urc/URC/rover/install/realsense2_camera/share/realsense2_camera/hook/ld_library_path_lib.sh'
[272.320s] Level 1:colcon.colcon_core.environment:checking '/home/urc/URC/rover/install/realsense2_camera/bin'
[272.320s] Level 1:colcon.colcon_core.environment:checking '/home/urc/URC/rover/install/realsense2_camera/lib/pkgconfig/realsense2_camera.pc'
[272.321s] Level 1:colcon.colcon_core.environment:checking '/home/urc/URC/rover/install/realsense2_camera/lib/python3.10/site-packages'
[272.322s] Level 1:colcon.colcon_core.environment:checking '/home/urc/URC/rover/install/realsense2_camera/bin'
[272.324s] INFO:colcon.colcon_core.shell:Creating package script '/home/urc/URC/rover/install/realsense2_camera/share/realsense2_camera/package.ps1'
[272.326s] INFO:colcon.colcon_core.shell:Creating package descriptor '/home/urc/URC/rover/install/realsense2_camera/share/realsense2_camera/package.dsv'
[272.329s] INFO:colcon.colcon_core.shell:Creating package script '/home/urc/URC/rover/install/realsense2_camera/share/realsense2_camera/package.sh'
[272.331s] INFO:colcon.colcon_core.shell:Creating package script '/home/urc/URC/rover/install/realsense2_camera/share/realsense2_camera/package.bash'
[272.333s] INFO:colcon.colcon_core.shell:Creating package script '/home/urc/URC/rover/install/realsense2_camera/share/realsense2_camera/package.zsh'
[272.335s] Level 1:colcon.colcon_core.environment:create_file_with_runtime_dependencies(/home/urc/URC/rover/install/realsense2_camera/share/colcon-core/packages/realsense2_camera)
[272.336s] DEBUG:colcon.colcon_parallel_executor.executor.parallel:closing loop
[272.338s] DEBUG:colcon.colcon_parallel_executor.executor.parallel:loop closed
[272.338s] DEBUG:colcon.colcon_parallel_executor.executor.parallel:run_until_complete finished with '0'
[272.338s] DEBUG:colcon.colcon_core.event_reactor:joining thread
[272.369s] INFO:colcon.colcon_core.plugin_system:Skipping extension 'colcon_notification.desktop_notification.terminal_notifier': Not used on non-Darwin systems
[272.370s] INFO:colcon.colcon_core.plugin_system:Skipping extension 'colcon_notification.desktop_notification.win32': Not used on non-Windows systems
[272.370s] INFO:colcon.colcon_notification.desktop_notification:Sending desktop notification using 'notify2'
[272.382s] DEBUG:colcon.colcon_notification.desktop_notification.notify2:Failed to initialize notify2: org.freedesktop.DBus.Error.ServiceUnknown: The name org.freedesktop.Notifications was not provided by any .service files
[272.383s] DEBUG:colcon.colcon_core.event_reactor:joined thread
[272.384s] INFO:colcon.colcon_core.shell:Creating prefix script '/home/urc/URC/rover/install/local_setup.ps1'
[272.388s] INFO:colcon.colcon_core.shell:Creating prefix util module '/home/urc/URC/rover/install/_local_setup_util_ps1.py'
[272.397s] INFO:colcon.colcon_core.shell:Creating prefix chain script '/home/urc/URC/rover/install/setup.ps1'
[272.405s] INFO:colcon.colcon_core.shell:Creating prefix script '/home/urc/URC/rover/install/local_setup.sh'
[272.408s] INFO:colcon.colcon_core.shell:Creating prefix util module '/home/urc/URC/rover/install/_local_setup_util_sh.py'
[272.410s] INFO:colcon.colcon_core.shell:Creating prefix chain script '/home/urc/URC/rover/install/setup.sh'
[272.415s] INFO:colcon.colcon_core.shell:Creating prefix script '/home/urc/URC/rover/install/local_setup.bash'
[272.418s] INFO:colcon.colcon_core.shell:Creating prefix chain script '/home/urc/URC/rover/install/setup.bash'
[272.422s] INFO:colcon.colcon_core.shell:Creating prefix script '/home/urc/URC/rover/install/local_setup.zsh'
[272.425s] INFO:colcon.colcon_core.shell:Creating prefix chain script '/home/urc/URC/rover/install/setup.zsh'
