[0.000000] (-) TimerEvent: {}
[0.001596] (depth_image_viewer) JobQueued: {'identifier': 'depth_image_viewer', 'dependencies': OrderedDict()}
[0.002283] (realsense2_camera_msgs) JobQueued: {'identifier': 'realsense2_camera_msgs', 'dependencies': OrderedDict()}
[0.002394] (realsense2_camera) JobQueued: {'identifier': 'realsense2_camera', 'dependencies': OrderedDict([('realsense2_camera_msgs', '/home/urc/URC/rover/install/realsense2_camera_msgs')])}
[0.003007] (realsense2_description) JobQueued: {'identifier': 'realsense2_description', 'dependencies': OrderedDict([('realsense2_camera_msgs', '/home/urc/URC/rover/install/realsense2_camera_msgs')])}
[0.003322] (realsense2_camera_msgs) JobStarted: {'identifier': 'realsense2_camera_msgs'}
[0.019451] (depth_image_viewer) JobStarted: {'identifier': 'depth_image_viewer'}
[0.041633] (realsense2_camera_msgs) JobProgress: {'identifier': 'realsense2_camera_msgs', 'progress': 'cmake'}
[0.043976] (realsense2_camera_msgs) Command: {'cmd': ['/usr/bin/cmake', '/home/urc/URC/rover/src/realsense-ros/realsense2_camera_msgs', '-DCMAKE_INSTALL_PREFIX=/home/urc/URC/rover/install/realsense2_camera_msgs'], 'cwd': '/home/urc/URC/rover/build/realsense2_camera_msgs', 'env': OrderedDict([('USER', 'urc'), ('SSH_CLIENT', 'fe80::1c66:ac2a:a24:6b54%wlan0 53688 22'), ('XDG_SESSION_TYPE', 'tty'), ('SHLVL', '2'), ('HOME', '/home/urc'), ('MOTD_SHOWN', 'pam'), ('OLDPWD', '/home/urc/URC/rover/src'), ('LESS', '-R'), ('SSH_TTY', '/dev/pts/0'), ('ZSH', '/home/urc/.oh-my-zsh'), ('LSCOLORS', 'Gxfxcxdxbxegedabagacad'), ('PAGER', 'less'), ('DBUS_SESSION_BUS_ADDRESS', 'unix:path=/run/user/1000/bus'), ('LOGNAME', 'urc'), ('_', '/usr/bin/colcon'), ('XDG_SESSION_CLASS', 'user'), ('TERM', 'alacritty'), ('XDG_SESSION_ID', '6'), ('PATH', '/usr/local/sbin:/usr/local/bin:/usr/sbin:/usr/bin:/sbin:/bin:/usr/games:/usr/local/games:/snap/bin'), ('XDG_RUNTIME_DIR', '/run/user/1000'), ('LANG', 'C.UTF-8'), ('LS_COLORS', ''), ('SHELL', '/usr/bin/zsh'), ('LC_ALL', 'en_US.UTF-8'), ('PWD', '/home/urc/URC/rover/build/realsense2_camera_msgs'), ('SSH_CONNECTION', 'fe80::1c66:ac2a:a24:6b54%wlan0 53688 fe80::dea6:32ff:fea4:2801%wlan0 22'), ('COLCON', '1')]), 'shell': False}
[0.098610] (-) TimerEvent: {}
[0.199307] (-) TimerEvent: {}
[0.264526] (realsense2_camera_msgs) StderrLine: {'line': b'\x1b[31mCMake Error at CMakeLists.txt:27 (find_package):\n'}
[0.265277] (realsense2_camera_msgs) StderrLine: {'line': b'  By not providing "Findament_cmake.cmake" in CMAKE_MODULE_PATH this project\n'}
[0.265706] (realsense2_camera_msgs) StderrLine: {'line': b'  has asked CMake to find a package configuration file provided by\n'}
[0.266144] (realsense2_camera_msgs) StderrLine: {'line': b'  "ament_cmake", but CMake did not find one.\n'}
[0.266616] (realsense2_camera_msgs) StderrLine: {'line': b'\n'}
[0.267183] (realsense2_camera_msgs) StderrLine: {'line': b'  Could not find a package configuration file provided by "ament_cmake" with\n'}
[0.268035] (realsense2_camera_msgs) StderrLine: {'line': b'  any of the following names:\n'}
[0.268530] (realsense2_camera_msgs) StderrLine: {'line': b'\n'}
[0.269243] (realsense2_camera_msgs) StderrLine: {'line': b'    ament_cmakeConfig.cmake\n'}
[0.270022] (realsense2_camera_msgs) StderrLine: {'line': b'    ament_cmake-config.cmake\n'}
[0.270609] (realsense2_camera_msgs) StderrLine: {'line': b'\n'}
[0.271202] (realsense2_camera_msgs) StderrLine: {'line': b'  Add the installation prefix of "ament_cmake" to CMAKE_PREFIX_PATH or set\n'}
[0.271796] (realsense2_camera_msgs) StderrLine: {'line': b'  "ament_cmake_DIR" to a directory containing one of the above files.  If\n'}
[0.272163] (realsense2_camera_msgs) StderrLine: {'line': b'  "ament_cmake" provides a separate development package or SDK, be sure it\n'}
[0.272512] (realsense2_camera_msgs) StderrLine: {'line': b'  has been installed.\n'}
[0.272947] (realsense2_camera_msgs) StderrLine: {'line': b'\n'}
[0.273330] (realsense2_camera_msgs) StderrLine: {'line': b'\x1b[0m\n'}
[0.273681] (realsense2_camera_msgs) StdoutLine: {'line': b'-- Configuring incomplete, errors occurred!\n'}
[0.274142] (realsense2_camera_msgs) StdoutLine: {'line': b'See also "/home/urc/URC/rover/build/realsense2_camera_msgs/CMakeFiles/CMakeOutput.log".\n'}
[0.299472] (-) TimerEvent: {}
[0.400186] (-) TimerEvent: {}
[0.500866] (-) TimerEvent: {}
[0.601517] (-) TimerEvent: {}
[0.702143] (-) TimerEvent: {}
[0.802810] (-) TimerEvent: {}
[0.903505] (-) TimerEvent: {}
[1.004183] (-) TimerEvent: {}
[1.104916] (-) TimerEvent: {}
[1.190941] (realsense2_camera_msgs) CommandEnded: {'returncode': 1}
[1.205250] (-) TimerEvent: {}
[1.279760] (realsense2_camera_msgs) JobEnded: {'identifier': 'realsense2_camera_msgs', 'rc': 1}
[1.305413] (-) TimerEvent: {}
[1.406025] (-) TimerEvent: {}
[1.506658] (-) TimerEvent: {}
[1.607362] (-) TimerEvent: {}
[1.708065] (-) TimerEvent: {}
[1.808748] (-) TimerEvent: {}
[1.909359] (-) TimerEvent: {}
[2.009965] (-) TimerEvent: {}
[2.110588] (-) TimerEvent: {}
[2.211217] (-) TimerEvent: {}
[2.311871] (-) TimerEvent: {}
[2.412527] (-) TimerEvent: {}
[2.513160] (-) TimerEvent: {}
[2.613777] (-) TimerEvent: {}
[2.714517] (-) TimerEvent: {}
[2.755992] (depth_image_viewer) JobEnded: {'identifier': 'depth_image_viewer', 'rc': 'SIGINT'}
[2.758875] (realsense2_camera) JobSkipped: {'identifier': 'realsense2_camera'}
[2.759018] (realsense2_description) JobSkipped: {'identifier': 'realsense2_description'}
[2.759108] (-) EventReactorShutdown: {}
