[0.078s] Invoking command in '/home/urc/URC/rover/build/realsense2_camera_msgs': CMAKE_PREFIX_PATH=/opt/ros/humble /usr/bin/cmake --build /home/urc/URC/rover/build/realsense2_camera_msgs -- -j4 -l4
[0.284s] [35m[1mConsolidate compiler generated dependencies of target realsense2_camera_msgs__rosidl_generator_c[0m
[0.323s] [  1%] Built target realsense2_camera_msgs__cpp
[0.351s] [ 12%] Built target realsense2_camera_msgs__rosidl_generator_c
[0.391s] [ 12%] Built target ament_cmake_python_copy_realsense2_camera_msgs
[0.400s] [35m[1mConsolidate compiler generated dependencies of target realsense2_camera_msgs__rosidl_typesupport_cpp[0m
[0.421s] [35m[1mConsolidate compiler generated dependencies of target realsense2_camera_msgs__rosidl_typesupport_fastrtps_cpp[0m
[0.447s] [35m[1mConsolidate compiler generated dependencies of target realsense2_camera_msgs__rosidl_typesupport_introspection_cpp[0m
[0.509s] [ 23%] Built target realsense2_camera_msgs__rosidl_typesupport_cpp
[0.510s] [35m[1mConsolidate compiler generated dependencies of target realsense2_camera_msgs__rosidl_typesupport_fastrtps_c[0m
[0.533s] [ 34%] Built target realsense2_camera_msgs__rosidl_typesupport_fastrtps_cpp
[0.573s] [ 46%] Built target realsense2_camera_msgs__rosidl_typesupport_introspection_cpp
[0.584s] [35m[1mConsolidate compiler generated dependencies of target realsense2_camera_msgs__rosidl_typesupport_introspection_c[0m
[0.627s] [35m[1mConsolidate compiler generated dependencies of target realsense2_camera_msgs__rosidl_typesupport_c[0m
[0.656s] [ 57%] Built target realsense2_camera_msgs__rosidl_typesupport_fastrtps_c
[0.665s] [ 68%] Built target realsense2_camera_msgs__rosidl_typesupport_introspection_c
[0.696s] [ 79%] Built target realsense2_camera_msgs__rosidl_typesupport_c
[0.791s] [ 79%] Built target realsense2_camera_msgs
[0.893s] [ 80%] Built target realsense2_camera_msgs__py
[0.953s] [35m[1mConsolidate compiler generated dependencies of target realsense2_camera_msgs__rosidl_generator_py[0m
[1.043s] [ 90%] Built target realsense2_camera_msgs__rosidl_generator_py
[1.108s] [35m[1mConsolidate compiler generated dependencies of target realsense2_camera_msgs__rosidl_typesupport_fastrtps_c__pyext[0m
[1.113s] [35m[1mConsolidate compiler generated dependencies of target realsense2_camera_msgs__rosidl_typesupport_introspection_c__pyext[0m
[1.153s] [35m[1mConsolidate compiler generated dependencies of target realsense2_camera_msgs__rosidl_typesupport_c__pyext[0m
[1.219s] [ 93%] Built target realsense2_camera_msgs__rosidl_typesupport_fastrtps_c__pyext
[1.233s] [100%] Built target realsense2_camera_msgs__rosidl_typesupport_c__pyext
[1.234s] [ 96%] Built target realsense2_camera_msgs__rosidl_typesupport_introspection_c__pyext
[2.171s] running egg_info
[2.174s] writing realsense2_camera_msgs.egg-info/PKG-INFO
[2.175s] writing dependency_links to realsense2_camera_msgs.egg-info/dependency_links.txt
[2.177s] writing top-level names to realsense2_camera_msgs.egg-info/top_level.txt
[2.190s] reading manifest file 'realsense2_camera_msgs.egg-info/SOURCES.txt'
[2.194s] writing manifest file 'realsense2_camera_msgs.egg-info/SOURCES.txt'
[2.331s] [100%] Built target ament_cmake_python_build_realsense2_camera_msgs_egg
[2.379s] Invoked command in '/home/urc/URC/rover/build/realsense2_camera_msgs' returned '0': CMAKE_PREFIX_PATH=/opt/ros/humble /usr/bin/cmake --build /home/urc/URC/rover/build/realsense2_camera_msgs -- -j4 -l4
[3.083s] Invoking command in '/home/urc/URC/rover/build/realsense2_camera_msgs': CMAKE_PREFIX_PATH=/opt/ros/humble /usr/bin/cmake --install /home/urc/URC/rover/build/realsense2_camera_msgs
[3.116s] -- Install configuration: ""
[3.117s] -- Up-to-date: /home/urc/URC/rover/install/realsense2_camera_msgs/share/ament_index/resource_index/rosidl_interfaces/realsense2_camera_msgs
[3.117s] -- Up-to-date: /home/urc/URC/rover/install/realsense2_camera_msgs/include/realsense2_camera_msgs/realsense2_camera_msgs
[3.118s] -- Up-to-date: /home/urc/URC/rover/install/realsense2_camera_msgs/include/realsense2_camera_msgs/realsense2_camera_msgs/srv
[3.118s] -- Up-to-date: /home/urc/URC/rover/install/realsense2_camera_msgs/include/realsense2_camera_msgs/realsense2_camera_msgs/srv/device_info.h
[3.119s] -- Up-to-date: /home/urc/URC/rover/install/realsense2_camera_msgs/include/realsense2_camera_msgs/realsense2_camera_msgs/srv/detail
[3.120s] -- Up-to-date: /home/urc/URC/rover/install/realsense2_camera_msgs/include/realsense2_camera_msgs/realsense2_camera_msgs/srv/detail/device_info__functions.h
[3.120s] -- Up-to-date: /home/urc/URC/rover/install/realsense2_camera_msgs/include/realsense2_camera_msgs/realsense2_camera_msgs/srv/detail/device_info__type_support.h
[3.121s] -- Up-to-date: /home/urc/URC/rover/install/realsense2_camera_msgs/include/realsense2_camera_msgs/realsense2_camera_msgs/srv/detail/device_info__functions.c
[3.121s] -- Up-to-date: /home/urc/URC/rover/install/realsense2_camera_msgs/include/realsense2_camera_msgs/realsense2_camera_msgs/srv/detail/device_info__struct.h
[3.122s] -- Up-to-date: /home/urc/URC/rover/install/realsense2_camera_msgs/include/realsense2_camera_msgs/realsense2_camera_msgs/msg
[3.123s] -- Up-to-date: /home/urc/URC/rover/install/realsense2_camera_msgs/include/realsense2_camera_msgs/realsense2_camera_msgs/msg/imu_info.h
[3.123s] -- Up-to-date: /home/urc/URC/rover/install/realsense2_camera_msgs/include/realsense2_camera_msgs/realsense2_camera_msgs/msg/metadata.h
[3.124s] -- Up-to-date: /home/urc/URC/rover/install/realsense2_camera_msgs/include/realsense2_camera_msgs/realsense2_camera_msgs/msg/extrinsics.h
[3.124s] -- Up-to-date: /home/urc/URC/rover/install/realsense2_camera_msgs/include/realsense2_camera_msgs/realsense2_camera_msgs/msg/rgbd.h
[3.125s] -- Up-to-date: /home/urc/URC/rover/install/realsense2_camera_msgs/include/realsense2_camera_msgs/realsense2_camera_msgs/msg/detail
[3.126s] -- Up-to-date: /home/urc/URC/rover/install/realsense2_camera_msgs/include/realsense2_camera_msgs/realsense2_camera_msgs/msg/detail/rgbd__struct.h
[3.126s] -- Up-to-date: /home/urc/URC/rover/install/realsense2_camera_msgs/include/realsense2_camera_msgs/realsense2_camera_msgs/msg/detail/extrinsics__struct.h
[3.127s] -- Up-to-date: /home/urc/URC/rover/install/realsense2_camera_msgs/include/realsense2_camera_msgs/realsense2_camera_msgs/msg/detail/rgbd__functions.h
[3.127s] -- Up-to-date: /home/urc/URC/rover/install/realsense2_camera_msgs/include/realsense2_camera_msgs/realsense2_camera_msgs/msg/detail/metadata__functions.c
[3.128s] -- Up-to-date: /home/urc/URC/rover/install/realsense2_camera_msgs/include/realsense2_camera_msgs/realsense2_camera_msgs/msg/detail/extrinsics__functions.h
[3.128s] -- Up-to-date: /home/urc/URC/rover/install/realsense2_camera_msgs/include/realsense2_camera_msgs/realsense2_camera_msgs/msg/detail/rgbd__functions.c
[3.129s] -- Up-to-date: /home/urc/URC/rover/install/realsense2_camera_msgs/include/realsense2_camera_msgs/realsense2_camera_msgs/msg/detail/imu_info__type_support.h
[3.129s] -- Up-to-date: /home/urc/URC/rover/install/realsense2_camera_msgs/include/realsense2_camera_msgs/realsense2_camera_msgs/msg/detail/metadata__functions.h
[3.130s] -- Up-to-date: /home/urc/URC/rover/install/realsense2_camera_msgs/include/realsense2_camera_msgs/realsense2_camera_msgs/msg/detail/imu_info__struct.h
[3.131s] -- Up-to-date: /home/urc/URC/rover/install/realsense2_camera_msgs/include/realsense2_camera_msgs/realsense2_camera_msgs/msg/detail/extrinsics__type_support.h
[3.131s] -- Up-to-date: /home/urc/URC/rover/install/realsense2_camera_msgs/include/realsense2_camera_msgs/realsense2_camera_msgs/msg/detail/imu_info__functions.c
[3.132s] -- Up-to-date: /home/urc/URC/rover/install/realsense2_camera_msgs/include/realsense2_camera_msgs/realsense2_camera_msgs/msg/detail/metadata__type_support.h
[3.132s] -- Up-to-date: /home/urc/URC/rover/install/realsense2_camera_msgs/include/realsense2_camera_msgs/realsense2_camera_msgs/msg/detail/metadata__struct.h
[3.132s] -- Up-to-date: /home/urc/URC/rover/install/realsense2_camera_msgs/include/realsense2_camera_msgs/realsense2_camera_msgs/msg/detail/rgbd__type_support.h
[3.133s] -- Up-to-date: /home/urc/URC/rover/install/realsense2_camera_msgs/include/realsense2_camera_msgs/realsense2_camera_msgs/msg/detail/imu_info__functions.h
[3.134s] -- Up-to-date: /home/urc/URC/rover/install/realsense2_camera_msgs/include/realsense2_camera_msgs/realsense2_camera_msgs/msg/detail/extrinsics__functions.c
[3.134s] -- Up-to-date: /home/urc/URC/rover/install/realsense2_camera_msgs/include/realsense2_camera_msgs/realsense2_camera_msgs/msg/rosidl_generator_c__visibility_control.h
[3.135s] -- Up-to-date: /home/urc/URC/rover/install/realsense2_camera_msgs/share/realsense2_camera_msgs/environment/library_path.sh
[3.135s] -- Up-to-date: /home/urc/URC/rover/install/realsense2_camera_msgs/share/realsense2_camera_msgs/environment/library_path.dsv
[3.136s] -- Up-to-date: /home/urc/URC/rover/install/realsense2_camera_msgs/lib/librealsense2_camera_msgs__rosidl_generator_c.so
[3.136s] -- Up-to-date: /home/urc/URC/rover/install/realsense2_camera_msgs/include/realsense2_camera_msgs/realsense2_camera_msgs
[3.137s] -- Up-to-date: /home/urc/URC/rover/install/realsense2_camera_msgs/include/realsense2_camera_msgs/realsense2_camera_msgs/srv
[3.138s] -- Up-to-date: /home/urc/URC/rover/install/realsense2_camera_msgs/include/realsense2_camera_msgs/realsense2_camera_msgs/srv/detail
[3.138s] -- Up-to-date: /home/urc/URC/rover/install/realsense2_camera_msgs/include/realsense2_camera_msgs/realsense2_camera_msgs/srv/detail/device_info__rosidl_typesupport_fastrtps_c.h
[3.139s] -- Up-to-date: /home/urc/URC/rover/install/realsense2_camera_msgs/include/realsense2_camera_msgs/realsense2_camera_msgs/msg
[3.139s] -- Up-to-date: /home/urc/URC/rover/install/realsense2_camera_msgs/include/realsense2_camera_msgs/realsense2_camera_msgs/msg/rosidl_typesupport_fastrtps_c__visibility_control.h
[3.140s] -- Up-to-date: /home/urc/URC/rover/install/realsense2_camera_msgs/include/realsense2_camera_msgs/realsense2_camera_msgs/msg/detail
[3.140s] -- Up-to-date: /home/urc/URC/rover/install/realsense2_camera_msgs/include/realsense2_camera_msgs/realsense2_camera_msgs/msg/detail/imu_info__rosidl_typesupport_fastrtps_c.h
[3.140s] -- Up-to-date: /home/urc/URC/rover/install/realsense2_camera_msgs/include/realsense2_camera_msgs/realsense2_camera_msgs/msg/detail/metadata__rosidl_typesupport_fastrtps_c.h
[3.141s] -- Up-to-date: /home/urc/URC/rover/install/realsense2_camera_msgs/include/realsense2_camera_msgs/realsense2_camera_msgs/msg/detail/rgbd__rosidl_typesupport_fastrtps_c.h
[3.142s] -- Up-to-date: /home/urc/URC/rover/install/realsense2_camera_msgs/include/realsense2_camera_msgs/realsense2_camera_msgs/msg/detail/extrinsics__rosidl_typesupport_fastrtps_c.h
[3.142s] -- Up-to-date: /home/urc/URC/rover/install/realsense2_camera_msgs/lib/librealsense2_camera_msgs__rosidl_typesupport_fastrtps_c.so
[3.143s] -- Up-to-date: /home/urc/URC/rover/install/realsense2_camera_msgs/include/realsense2_camera_msgs/realsense2_camera_msgs
[3.143s] -- Up-to-date: /home/urc/URC/rover/install/realsense2_camera_msgs/include/realsense2_camera_msgs/realsense2_camera_msgs/srv
[3.144s] -- Up-to-date: /home/urc/URC/rover/install/realsense2_camera_msgs/include/realsense2_camera_msgs/realsense2_camera_msgs/srv/detail
[3.145s] -- Up-to-date: /home/urc/URC/rover/install/realsense2_camera_msgs/include/realsense2_camera_msgs/realsense2_camera_msgs/srv/detail/device_info__type_support.c
[3.145s] -- Up-to-date: /home/urc/URC/rover/install/realsense2_camera_msgs/include/realsense2_camera_msgs/realsense2_camera_msgs/srv/detail/device_info__rosidl_typesupport_introspection_c.h
[3.146s] -- Up-to-date: /home/urc/URC/rover/install/realsense2_camera_msgs/include/realsense2_camera_msgs/realsense2_camera_msgs/msg
[3.146s] -- Up-to-date: /home/urc/URC/rover/install/realsense2_camera_msgs/include/realsense2_camera_msgs/realsense2_camera_msgs/msg/detail
[3.147s] -- Up-to-date: /home/urc/URC/rover/install/realsense2_camera_msgs/include/realsense2_camera_msgs/realsense2_camera_msgs/msg/detail/rgbd__rosidl_typesupport_introspection_c.h
[3.148s] -- Up-to-date: /home/urc/URC/rover/install/realsense2_camera_msgs/include/realsense2_camera_msgs/realsense2_camera_msgs/msg/detail/extrinsics__rosidl_typesupport_introspection_c.h
[3.148s] -- Up-to-date: /home/urc/URC/rover/install/realsense2_camera_msgs/include/realsense2_camera_msgs/realsense2_camera_msgs/msg/detail/imu_info__type_support.c
[3.148s] -- Up-to-date: /home/urc/URC/rover/install/realsense2_camera_msgs/include/realsense2_camera_msgs/realsense2_camera_msgs/msg/detail/metadata__type_support.c
[3.149s] -- Up-to-date: /home/urc/URC/rover/install/realsense2_camera_msgs/include/realsense2_camera_msgs/realsense2_camera_msgs/msg/detail/rgbd__type_support.c
[3.150s] -- Up-to-date: /home/urc/URC/rover/install/realsense2_camera_msgs/include/realsense2_camera_msgs/realsense2_camera_msgs/msg/detail/imu_info__rosidl_typesupport_introspection_c.h
[3.150s] -- Up-to-date: /home/urc/URC/rover/install/realsense2_camera_msgs/include/realsense2_camera_msgs/realsense2_camera_msgs/msg/detail/metadata__rosidl_typesupport_introspection_c.h
[3.150s] -- Up-to-date: /home/urc/URC/rover/install/realsense2_camera_msgs/include/realsense2_camera_msgs/realsense2_camera_msgs/msg/detail/extrinsics__type_support.c
[3.151s] -- Up-to-date: /home/urc/URC/rover/install/realsense2_camera_msgs/include/realsense2_camera_msgs/realsense2_camera_msgs/msg/rosidl_typesupport_introspection_c__visibility_control.h
[3.151s] -- Up-to-date: /home/urc/URC/rover/install/realsense2_camera_msgs/lib/librealsense2_camera_msgs__rosidl_typesupport_introspection_c.so
[3.152s] -- Up-to-date: /home/urc/URC/rover/install/realsense2_camera_msgs/lib/librealsense2_camera_msgs__rosidl_typesupport_c.so
[3.153s] -- Up-to-date: /home/urc/URC/rover/install/realsense2_camera_msgs/include/realsense2_camera_msgs/realsense2_camera_msgs
[3.154s] -- Up-to-date: /home/urc/URC/rover/install/realsense2_camera_msgs/include/realsense2_camera_msgs/realsense2_camera_msgs/srv
[3.155s] -- Up-to-date: /home/urc/URC/rover/install/realsense2_camera_msgs/include/realsense2_camera_msgs/realsense2_camera_msgs/srv/device_info.hpp
[3.155s] -- Up-to-date: /home/urc/URC/rover/install/realsense2_camera_msgs/include/realsense2_camera_msgs/realsense2_camera_msgs/srv/detail
[3.156s] -- Up-to-date: /home/urc/URC/rover/install/realsense2_camera_msgs/include/realsense2_camera_msgs/realsense2_camera_msgs/srv/detail/device_info__struct.hpp
[3.156s] -- Up-to-date: /home/urc/URC/rover/install/realsense2_camera_msgs/include/realsense2_camera_msgs/realsense2_camera_msgs/srv/detail/device_info__traits.hpp
[3.157s] -- Up-to-date: /home/urc/URC/rover/install/realsense2_camera_msgs/include/realsense2_camera_msgs/realsense2_camera_msgs/srv/detail/device_info__builder.hpp
[3.157s] -- Up-to-date: /home/urc/URC/rover/install/realsense2_camera_msgs/include/realsense2_camera_msgs/realsense2_camera_msgs/msg
[3.158s] -- Up-to-date: /home/urc/URC/rover/install/realsense2_camera_msgs/include/realsense2_camera_msgs/realsense2_camera_msgs/msg/rgbd.hpp
[3.158s] -- Up-to-date: /home/urc/URC/rover/install/realsense2_camera_msgs/include/realsense2_camera_msgs/realsense2_camera_msgs/msg/imu_info.hpp
[3.159s] -- Up-to-date: /home/urc/URC/rover/install/realsense2_camera_msgs/include/realsense2_camera_msgs/realsense2_camera_msgs/msg/extrinsics.hpp
[3.160s] -- Up-to-date: /home/urc/URC/rover/install/realsense2_camera_msgs/include/realsense2_camera_msgs/realsense2_camera_msgs/msg/metadata.hpp
[3.160s] -- Up-to-date: /home/urc/URC/rover/install/realsense2_camera_msgs/include/realsense2_camera_msgs/realsense2_camera_msgs/msg/detail
[3.161s] -- Up-to-date: /home/urc/URC/rover/install/realsense2_camera_msgs/include/realsense2_camera_msgs/realsense2_camera_msgs/msg/detail/metadata__builder.hpp
[3.162s] -- Up-to-date: /home/urc/URC/rover/install/realsense2_camera_msgs/include/realsense2_camera_msgs/realsense2_camera_msgs/msg/detail/extrinsics__traits.hpp
[3.162s] -- Up-to-date: /home/urc/URC/rover/install/realsense2_camera_msgs/include/realsense2_camera_msgs/realsense2_camera_msgs/msg/detail/metadata__struct.hpp
[3.163s] -- Up-to-date: /home/urc/URC/rover/install/realsense2_camera_msgs/include/realsense2_camera_msgs/realsense2_camera_msgs/msg/detail/rgbd__builder.hpp
[3.163s] -- Up-to-date: /home/urc/URC/rover/install/realsense2_camera_msgs/include/realsense2_camera_msgs/realsense2_camera_msgs/msg/detail/imu_info__builder.hpp
[3.164s] -- Up-to-date: /home/urc/URC/rover/install/realsense2_camera_msgs/include/realsense2_camera_msgs/realsense2_camera_msgs/msg/detail/rgbd__struct.hpp
[3.165s] -- Up-to-date: /home/urc/URC/rover/install/realsense2_camera_msgs/include/realsense2_camera_msgs/realsense2_camera_msgs/msg/detail/imu_info__traits.hpp
[3.165s] -- Up-to-date: /home/urc/URC/rover/install/realsense2_camera_msgs/include/realsense2_camera_msgs/realsense2_camera_msgs/msg/detail/imu_info__struct.hpp
[3.166s] -- Up-to-date: /home/urc/URC/rover/install/realsense2_camera_msgs/include/realsense2_camera_msgs/realsense2_camera_msgs/msg/detail/extrinsics__struct.hpp
[3.166s] -- Up-to-date: /home/urc/URC/rover/install/realsense2_camera_msgs/include/realsense2_camera_msgs/realsense2_camera_msgs/msg/detail/extrinsics__builder.hpp
[3.167s] -- Up-to-date: /home/urc/URC/rover/install/realsense2_camera_msgs/include/realsense2_camera_msgs/realsense2_camera_msgs/msg/detail/rgbd__traits.hpp
[3.167s] -- Up-to-date: /home/urc/URC/rover/install/realsense2_camera_msgs/include/realsense2_camera_msgs/realsense2_camera_msgs/msg/detail/metadata__traits.hpp
[3.168s] -- Up-to-date: /home/urc/URC/rover/install/realsense2_camera_msgs/include/realsense2_camera_msgs/realsense2_camera_msgs
[3.169s] -- Up-to-date: /home/urc/URC/rover/install/realsense2_camera_msgs/include/realsense2_camera_msgs/realsense2_camera_msgs/srv
[3.169s] -- Up-to-date: /home/urc/URC/rover/install/realsense2_camera_msgs/include/realsense2_camera_msgs/realsense2_camera_msgs/srv/detail
[3.170s] -- Up-to-date: /home/urc/URC/rover/install/realsense2_camera_msgs/include/realsense2_camera_msgs/realsense2_camera_msgs/srv/detail/device_info__rosidl_typesupport_fastrtps_cpp.hpp
[3.170s] -- Up-to-date: /home/urc/URC/rover/install/realsense2_camera_msgs/include/realsense2_camera_msgs/realsense2_camera_msgs/srv/detail/dds_fastrtps
[3.171s] -- Up-to-date: /home/urc/URC/rover/install/realsense2_camera_msgs/include/realsense2_camera_msgs/realsense2_camera_msgs/msg
[3.171s] -- Up-to-date: /home/urc/URC/rover/install/realsense2_camera_msgs/include/realsense2_camera_msgs/realsense2_camera_msgs/msg/rosidl_typesupport_fastrtps_cpp__visibility_control.h
[3.171s] -- Up-to-date: /home/urc/URC/rover/install/realsense2_camera_msgs/include/realsense2_camera_msgs/realsense2_camera_msgs/msg/detail
[3.172s] -- Up-to-date: /home/urc/URC/rover/install/realsense2_camera_msgs/include/realsense2_camera_msgs/realsense2_camera_msgs/msg/detail/metadata__rosidl_typesupport_fastrtps_cpp.hpp
[3.173s] -- Up-to-date: /home/urc/URC/rover/install/realsense2_camera_msgs/include/realsense2_camera_msgs/realsense2_camera_msgs/msg/detail/rgbd__rosidl_typesupport_fastrtps_cpp.hpp
[3.174s] -- Up-to-date: /home/urc/URC/rover/install/realsense2_camera_msgs/include/realsense2_camera_msgs/realsense2_camera_msgs/msg/detail/extrinsics__rosidl_typesupport_fastrtps_cpp.hpp
[3.174s] -- Up-to-date: /home/urc/URC/rover/install/realsense2_camera_msgs/include/realsense2_camera_msgs/realsense2_camera_msgs/msg/detail/dds_fastrtps
[3.175s] -- Up-to-date: /home/urc/URC/rover/install/realsense2_camera_msgs/include/realsense2_camera_msgs/realsense2_camera_msgs/msg/detail/imu_info__rosidl_typesupport_fastrtps_cpp.hpp
[3.175s] -- Up-to-date: /home/urc/URC/rover/install/realsense2_camera_msgs/lib/librealsense2_camera_msgs__rosidl_typesupport_fastrtps_cpp.so
[3.176s] -- Up-to-date: /home/urc/URC/rover/install/realsense2_camera_msgs/include/realsense2_camera_msgs/realsense2_camera_msgs
[3.177s] -- Up-to-date: /home/urc/URC/rover/install/realsense2_camera_msgs/include/realsense2_camera_msgs/realsense2_camera_msgs/srv
[3.177s] -- Up-to-date: /home/urc/URC/rover/install/realsense2_camera_msgs/include/realsense2_camera_msgs/realsense2_camera_msgs/srv/detail
[3.178s] -- Up-to-date: /home/urc/URC/rover/install/realsense2_camera_msgs/include/realsense2_camera_msgs/realsense2_camera_msgs/srv/detail/device_info__rosidl_typesupport_introspection_cpp.hpp
[3.178s] -- Up-to-date: /home/urc/URC/rover/install/realsense2_camera_msgs/include/realsense2_camera_msgs/realsense2_camera_msgs/srv/detail/device_info__type_support.cpp
[3.179s] -- Up-to-date: /home/urc/URC/rover/install/realsense2_camera_msgs/include/realsense2_camera_msgs/realsense2_camera_msgs/msg
[3.179s] -- Up-to-date: /home/urc/URC/rover/install/realsense2_camera_msgs/include/realsense2_camera_msgs/realsense2_camera_msgs/msg/detail
[3.180s] -- Up-to-date: /home/urc/URC/rover/install/realsense2_camera_msgs/include/realsense2_camera_msgs/realsense2_camera_msgs/msg/detail/metadata__type_support.cpp
[3.180s] -- Up-to-date: /home/urc/URC/rover/install/realsense2_camera_msgs/include/realsense2_camera_msgs/realsense2_camera_msgs/msg/detail/extrinsics__type_support.cpp
[3.181s] -- Up-to-date: /home/urc/URC/rover/install/realsense2_camera_msgs/include/realsense2_camera_msgs/realsense2_camera_msgs/msg/detail/imu_info__type_support.cpp
[3.181s] -- Up-to-date: /home/urc/URC/rover/install/realsense2_camera_msgs/include/realsense2_camera_msgs/realsense2_camera_msgs/msg/detail/rgbd__rosidl_typesupport_introspection_cpp.hpp
[3.181s] -- Up-to-date: /home/urc/URC/rover/install/realsense2_camera_msgs/include/realsense2_camera_msgs/realsense2_camera_msgs/msg/detail/extrinsics__rosidl_typesupport_introspection_cpp.hpp
[3.182s] -- Up-to-date: /home/urc/URC/rover/install/realsense2_camera_msgs/include/realsense2_camera_msgs/realsense2_camera_msgs/msg/detail/imu_info__rosidl_typesupport_introspection_cpp.hpp
[3.182s] -- Up-to-date: /home/urc/URC/rover/install/realsense2_camera_msgs/include/realsense2_camera_msgs/realsense2_camera_msgs/msg/detail/metadata__rosidl_typesupport_introspection_cpp.hpp
[3.183s] -- Up-to-date: /home/urc/URC/rover/install/realsense2_camera_msgs/include/realsense2_camera_msgs/realsense2_camera_msgs/msg/detail/rgbd__type_support.cpp
[3.183s] -- Up-to-date: /home/urc/URC/rover/install/realsense2_camera_msgs/lib/librealsense2_camera_msgs__rosidl_typesupport_introspection_cpp.so
[3.184s] -- Up-to-date: /home/urc/URC/rover/install/realsense2_camera_msgs/lib/librealsense2_camera_msgs__rosidl_typesupport_cpp.so
[3.185s] -- Up-to-date: /home/urc/URC/rover/install/realsense2_camera_msgs/share/realsense2_camera_msgs/environment/pythonpath.sh
[3.186s] -- Up-to-date: /home/urc/URC/rover/install/realsense2_camera_msgs/share/realsense2_camera_msgs/environment/pythonpath.dsv
[3.187s] -- Up-to-date: /home/urc/URC/rover/install/realsense2_camera_msgs/local/lib/python3.10/dist-packages/realsense2_camera_msgs-4.55.1-py3.10.egg-info
[3.188s] -- Installing: /home/urc/URC/rover/install/realsense2_camera_msgs/local/lib/python3.10/dist-packages/realsense2_camera_msgs-4.55.1-py3.10.egg-info/SOURCES.txt
[3.189s] -- Installing: /home/urc/URC/rover/install/realsense2_camera_msgs/local/lib/python3.10/dist-packages/realsense2_camera_msgs-4.55.1-py3.10.egg-info/dependency_links.txt
[3.190s] -- Installing: /home/urc/URC/rover/install/realsense2_camera_msgs/local/lib/python3.10/dist-packages/realsense2_camera_msgs-4.55.1-py3.10.egg-info/PKG-INFO
[3.192s] -- Installing: /home/urc/URC/rover/install/realsense2_camera_msgs/local/lib/python3.10/dist-packages/realsense2_camera_msgs-4.55.1-py3.10.egg-info/top_level.txt
[3.194s] -- Up-to-date: /home/urc/URC/rover/install/realsense2_camera_msgs/local/lib/python3.10/dist-packages/realsense2_camera_msgs
[3.194s] -- Up-to-date: /home/urc/URC/rover/install/realsense2_camera_msgs/local/lib/python3.10/dist-packages/realsense2_camera_msgs/realsense2_camera_msgs_s__rosidl_typesupport_introspection_c.cpython-310-aarch64-linux-gnu.so
[3.195s] -- Up-to-date: /home/urc/URC/rover/install/realsense2_camera_msgs/local/lib/python3.10/dist-packages/realsense2_camera_msgs/__init__.py
[3.196s] -- Up-to-date: /home/urc/URC/rover/install/realsense2_camera_msgs/local/lib/python3.10/dist-packages/realsense2_camera_msgs/_realsense2_camera_msgs_s.ep.rosidl_typesupport_fastrtps_c.c
[3.196s] -- Up-to-date: /home/urc/URC/rover/install/realsense2_camera_msgs/local/lib/python3.10/dist-packages/realsense2_camera_msgs/_realsense2_camera_msgs_s.ep.rosidl_typesupport_c.c
[3.197s] -- Up-to-date: /home/urc/URC/rover/install/realsense2_camera_msgs/local/lib/python3.10/dist-packages/realsense2_camera_msgs/srv
[3.197s] -- Up-to-date: /home/urc/URC/rover/install/realsense2_camera_msgs/local/lib/python3.10/dist-packages/realsense2_camera_msgs/srv/__init__.py
[3.198s] -- Up-to-date: /home/urc/URC/rover/install/realsense2_camera_msgs/local/lib/python3.10/dist-packages/realsense2_camera_msgs/srv/_device_info_s.c
[3.199s] -- Up-to-date: /home/urc/URC/rover/install/realsense2_camera_msgs/local/lib/python3.10/dist-packages/realsense2_camera_msgs/srv/_device_info.py
[3.199s] -- Up-to-date: /home/urc/URC/rover/install/realsense2_camera_msgs/local/lib/python3.10/dist-packages/realsense2_camera_msgs/realsense2_camera_msgs_s__rosidl_typesupport_c.cpython-310-aarch64-linux-gnu.so
[3.200s] -- Up-to-date: /home/urc/URC/rover/install/realsense2_camera_msgs/local/lib/python3.10/dist-packages/realsense2_camera_msgs/_realsense2_camera_msgs_s.ep.rosidl_typesupport_introspection_c.c
[3.201s] -- Up-to-date: /home/urc/URC/rover/install/realsense2_camera_msgs/local/lib/python3.10/dist-packages/realsense2_camera_msgs/msg
[3.201s] -- Up-to-date: /home/urc/URC/rover/install/realsense2_camera_msgs/local/lib/python3.10/dist-packages/realsense2_camera_msgs/msg/_rgbd_s.c
[3.202s] -- Up-to-date: /home/urc/URC/rover/install/realsense2_camera_msgs/local/lib/python3.10/dist-packages/realsense2_camera_msgs/msg/__init__.py
[3.203s] -- Up-to-date: /home/urc/URC/rover/install/realsense2_camera_msgs/local/lib/python3.10/dist-packages/realsense2_camera_msgs/msg/_imu_info.py
[3.203s] -- Up-to-date: /home/urc/URC/rover/install/realsense2_camera_msgs/local/lib/python3.10/dist-packages/realsense2_camera_msgs/msg/_metadata.py
[3.204s] -- Up-to-date: /home/urc/URC/rover/install/realsense2_camera_msgs/local/lib/python3.10/dist-packages/realsense2_camera_msgs/msg/_rgbd.py
[3.204s] -- Up-to-date: /home/urc/URC/rover/install/realsense2_camera_msgs/local/lib/python3.10/dist-packages/realsense2_camera_msgs/msg/_extrinsics_s.c
[3.205s] -- Up-to-date: /home/urc/URC/rover/install/realsense2_camera_msgs/local/lib/python3.10/dist-packages/realsense2_camera_msgs/msg/_metadata_s.c
[3.205s] -- Up-to-date: /home/urc/URC/rover/install/realsense2_camera_msgs/local/lib/python3.10/dist-packages/realsense2_camera_msgs/msg/_imu_info_s.c
[3.206s] -- Up-to-date: /home/urc/URC/rover/install/realsense2_camera_msgs/local/lib/python3.10/dist-packages/realsense2_camera_msgs/msg/_extrinsics.py
[3.206s] -- Up-to-date: /home/urc/URC/rover/install/realsense2_camera_msgs/local/lib/python3.10/dist-packages/realsense2_camera_msgs/librealsense2_camera_msgs__rosidl_generator_py.so
[3.207s] -- Up-to-date: /home/urc/URC/rover/install/realsense2_camera_msgs/local/lib/python3.10/dist-packages/realsense2_camera_msgs/realsense2_camera_msgs_s__rosidl_typesupport_fastrtps_c.cpython-310-aarch64-linux-gnu.so
[3.375s] Listing '/home/urc/URC/rover/install/realsense2_camera_msgs/local/lib/python3.10/dist-packages/realsense2_camera_msgs'...
[3.376s] Listing '/home/urc/URC/rover/install/realsense2_camera_msgs/local/lib/python3.10/dist-packages/realsense2_camera_msgs/msg'...
[3.377s] Listing '/home/urc/URC/rover/install/realsense2_camera_msgs/local/lib/python3.10/dist-packages/realsense2_camera_msgs/srv'...
[3.402s] -- Up-to-date: /home/urc/URC/rover/install/realsense2_camera_msgs/local/lib/python3.10/dist-packages/realsense2_camera_msgs/realsense2_camera_msgs_s__rosidl_typesupport_fastrtps_c.cpython-310-aarch64-linux-gnu.so
[3.405s] -- Up-to-date: /home/urc/URC/rover/install/realsense2_camera_msgs/local/lib/python3.10/dist-packages/realsense2_camera_msgs/realsense2_camera_msgs_s__rosidl_typesupport_introspection_c.cpython-310-aarch64-linux-gnu.so
[3.408s] -- Up-to-date: /home/urc/URC/rover/install/realsense2_camera_msgs/local/lib/python3.10/dist-packages/realsense2_camera_msgs/realsense2_camera_msgs_s__rosidl_typesupport_c.cpython-310-aarch64-linux-gnu.so
[3.411s] -- Up-to-date: /home/urc/URC/rover/install/realsense2_camera_msgs/lib/librealsense2_camera_msgs__rosidl_generator_py.so
[3.413s] -- Up-to-date: /home/urc/URC/rover/install/realsense2_camera_msgs/share/realsense2_camera_msgs/msg/IMUInfo.idl
[3.413s] -- Up-to-date: /home/urc/URC/rover/install/realsense2_camera_msgs/share/realsense2_camera_msgs/msg/Extrinsics.idl
[3.414s] -- Up-to-date: /home/urc/URC/rover/install/realsense2_camera_msgs/share/realsense2_camera_msgs/msg/Metadata.idl
[3.415s] -- Up-to-date: /home/urc/URC/rover/install/realsense2_camera_msgs/share/realsense2_camera_msgs/msg/RGBD.idl
[3.416s] -- Up-to-date: /home/urc/URC/rover/install/realsense2_camera_msgs/share/realsense2_camera_msgs/srv/DeviceInfo.idl
[3.417s] -- Up-to-date: /home/urc/URC/rover/install/realsense2_camera_msgs/share/realsense2_camera_msgs/msg/IMUInfo.msg
[3.418s] -- Up-to-date: /home/urc/URC/rover/install/realsense2_camera_msgs/share/realsense2_camera_msgs/msg/Extrinsics.msg
[3.418s] -- Up-to-date: /home/urc/URC/rover/install/realsense2_camera_msgs/share/realsense2_camera_msgs/msg/Metadata.msg
[3.419s] -- Up-to-date: /home/urc/URC/rover/install/realsense2_camera_msgs/share/realsense2_camera_msgs/msg/RGBD.msg
[3.420s] -- Up-to-date: /home/urc/URC/rover/install/realsense2_camera_msgs/share/realsense2_camera_msgs/srv/DeviceInfo.srv
[3.420s] -- Up-to-date: /home/urc/URC/rover/install/realsense2_camera_msgs/share/realsense2_camera_msgs/srv/DeviceInfo_Request.msg
[3.421s] -- Up-to-date: /home/urc/URC/rover/install/realsense2_camera_msgs/share/realsense2_camera_msgs/srv/DeviceInfo_Response.msg
[3.421s] -- Up-to-date: /home/urc/URC/rover/install/realsense2_camera_msgs/share/ament_index/resource_index/package_run_dependencies/realsense2_camera_msgs
[3.422s] -- Up-to-date: /home/urc/URC/rover/install/realsense2_camera_msgs/share/ament_index/resource_index/parent_prefix_path/realsense2_camera_msgs
[3.423s] -- Up-to-date: /home/urc/URC/rover/install/realsense2_camera_msgs/share/realsense2_camera_msgs/environment/ament_prefix_path.sh
[3.423s] -- Up-to-date: /home/urc/URC/rover/install/realsense2_camera_msgs/share/realsense2_camera_msgs/environment/ament_prefix_path.dsv
[3.424s] -- Up-to-date: /home/urc/URC/rover/install/realsense2_camera_msgs/share/realsense2_camera_msgs/environment/path.sh
[3.425s] -- Up-to-date: /home/urc/URC/rover/install/realsense2_camera_msgs/share/realsense2_camera_msgs/environment/path.dsv
[3.425s] -- Up-to-date: /home/urc/URC/rover/install/realsense2_camera_msgs/share/realsense2_camera_msgs/local_setup.bash
[3.425s] -- Up-to-date: /home/urc/URC/rover/install/realsense2_camera_msgs/share/realsense2_camera_msgs/local_setup.sh
[3.426s] -- Up-to-date: /home/urc/URC/rover/install/realsense2_camera_msgs/share/realsense2_camera_msgs/local_setup.zsh
[3.426s] -- Up-to-date: /home/urc/URC/rover/install/realsense2_camera_msgs/share/realsense2_camera_msgs/local_setup.dsv
[3.427s] -- Installing: /home/urc/URC/rover/install/realsense2_camera_msgs/share/realsense2_camera_msgs/package.dsv
[3.428s] -- Up-to-date: /home/urc/URC/rover/install/realsense2_camera_msgs/share/ament_index/resource_index/packages/realsense2_camera_msgs
[3.430s] -- Up-to-date: /home/urc/URC/rover/install/realsense2_camera_msgs/share/realsense2_camera_msgs/cmake/export_realsense2_camera_msgs__rosidl_generator_cExport.cmake
[3.431s] -- Up-to-date: /home/urc/URC/rover/install/realsense2_camera_msgs/share/realsense2_camera_msgs/cmake/export_realsense2_camera_msgs__rosidl_generator_cExport-noconfig.cmake
[3.432s] -- Up-to-date: /home/urc/URC/rover/install/realsense2_camera_msgs/share/realsense2_camera_msgs/cmake/export_realsense2_camera_msgs__rosidl_typesupport_fastrtps_cExport.cmake
[3.433s] -- Up-to-date: /home/urc/URC/rover/install/realsense2_camera_msgs/share/realsense2_camera_msgs/cmake/export_realsense2_camera_msgs__rosidl_typesupport_fastrtps_cExport-noconfig.cmake
[3.435s] -- Up-to-date: /home/urc/URC/rover/install/realsense2_camera_msgs/share/realsense2_camera_msgs/cmake/realsense2_camera_msgs__rosidl_typesupport_introspection_cExport.cmake
[3.436s] -- Up-to-date: /home/urc/URC/rover/install/realsense2_camera_msgs/share/realsense2_camera_msgs/cmake/realsense2_camera_msgs__rosidl_typesupport_introspection_cExport-noconfig.cmake
[3.438s] -- Up-to-date: /home/urc/URC/rover/install/realsense2_camera_msgs/share/realsense2_camera_msgs/cmake/realsense2_camera_msgs__rosidl_typesupport_cExport.cmake
[3.439s] -- Up-to-date: /home/urc/URC/rover/install/realsense2_camera_msgs/share/realsense2_camera_msgs/cmake/realsense2_camera_msgs__rosidl_typesupport_cExport-noconfig.cmake
[3.441s] -- Up-to-date: /home/urc/URC/rover/install/realsense2_camera_msgs/share/realsense2_camera_msgs/cmake/export_realsense2_camera_msgs__rosidl_generator_cppExport.cmake
[3.442s] -- Up-to-date: /home/urc/URC/rover/install/realsense2_camera_msgs/share/realsense2_camera_msgs/cmake/export_realsense2_camera_msgs__rosidl_typesupport_fastrtps_cppExport.cmake
[3.443s] -- Up-to-date: /home/urc/URC/rover/install/realsense2_camera_msgs/share/realsense2_camera_msgs/cmake/export_realsense2_camera_msgs__rosidl_typesupport_fastrtps_cppExport-noconfig.cmake
[3.445s] -- Up-to-date: /home/urc/URC/rover/install/realsense2_camera_msgs/share/realsense2_camera_msgs/cmake/realsense2_camera_msgs__rosidl_typesupport_introspection_cppExport.cmake
[3.446s] -- Up-to-date: /home/urc/URC/rover/install/realsense2_camera_msgs/share/realsense2_camera_msgs/cmake/realsense2_camera_msgs__rosidl_typesupport_introspection_cppExport-noconfig.cmake
[3.448s] -- Up-to-date: /home/urc/URC/rover/install/realsense2_camera_msgs/share/realsense2_camera_msgs/cmake/realsense2_camera_msgs__rosidl_typesupport_cppExport.cmake
[3.449s] -- Up-to-date: /home/urc/URC/rover/install/realsense2_camera_msgs/share/realsense2_camera_msgs/cmake/realsense2_camera_msgs__rosidl_typesupport_cppExport-noconfig.cmake
[3.451s] -- Up-to-date: /home/urc/URC/rover/install/realsense2_camera_msgs/share/realsense2_camera_msgs/cmake/export_realsense2_camera_msgs__rosidl_generator_pyExport.cmake
[3.451s] -- Up-to-date: /home/urc/URC/rover/install/realsense2_camera_msgs/share/realsense2_camera_msgs/cmake/export_realsense2_camera_msgs__rosidl_generator_pyExport-noconfig.cmake
[3.452s] -- Up-to-date: /home/urc/URC/rover/install/realsense2_camera_msgs/share/realsense2_camera_msgs/cmake/rosidl_cmake-extras.cmake
[3.453s] -- Up-to-date: /home/urc/URC/rover/install/realsense2_camera_msgs/share/realsense2_camera_msgs/cmake/ament_cmake_export_dependencies-extras.cmake
[3.454s] -- Up-to-date: /home/urc/URC/rover/install/realsense2_camera_msgs/share/realsense2_camera_msgs/cmake/ament_cmake_export_include_directories-extras.cmake
[3.454s] -- Up-to-date: /home/urc/URC/rover/install/realsense2_camera_msgs/share/realsense2_camera_msgs/cmake/ament_cmake_export_libraries-extras.cmake
[3.455s] -- Up-to-date: /home/urc/URC/rover/install/realsense2_camera_msgs/share/realsense2_camera_msgs/cmake/ament_cmake_export_targets-extras.cmake
[3.456s] -- Up-to-date: /home/urc/URC/rover/install/realsense2_camera_msgs/share/realsense2_camera_msgs/cmake/rosidl_cmake_export_typesupport_targets-extras.cmake
[3.456s] -- Up-to-date: /home/urc/URC/rover/install/realsense2_camera_msgs/share/realsense2_camera_msgs/cmake/rosidl_cmake_export_typesupport_libraries-extras.cmake
[3.457s] -- Up-to-date: /home/urc/URC/rover/install/realsense2_camera_msgs/share/realsense2_camera_msgs/cmake/realsense2_camera_msgsConfig.cmake
[3.458s] -- Up-to-date: /home/urc/URC/rover/install/realsense2_camera_msgs/share/realsense2_camera_msgs/cmake/realsense2_camera_msgsConfig-version.cmake
[3.458s] -- Up-to-date: /home/urc/URC/rover/install/realsense2_camera_msgs/share/realsense2_camera_msgs/package.xml
[3.468s] Invoked command in '/home/urc/URC/rover/build/realsense2_camera_msgs' returned '0': CMAKE_PREFIX_PATH=/opt/ros/humble /usr/bin/cmake --install /home/urc/URC/rover/build/realsense2_camera_msgs
