[0.010s] Invoking command in '/home/therion/dev/school/URC/srp_sim/build/sim_package': CMAKE_PREFIX_PATH=${CMAKE_PREFIX_PATH}:/opt/ros/humble /usr/bin/cmake /home/therion/dev/school/URC/srp_sim/src/sim_package -DCMAKE_INSTALL_PREFIX=/home/therion/dev/school/URC/srp_sim/install/sim_package
[0.064s] -- The C compiler identification is GNU 11.4.0
[0.107s] -- The CXX compiler identification is GNU 11.4.0
[0.114s] -- Detecting C compiler ABI info
[0.177s] -- Detecting C compiler ABI info - done
[0.182s] -- Check for working C compiler: /usr/bin/cc - skipped
[0.182s] -- Detecting C compile features
[0.183s] -- Detecting C compile features - done
[0.184s] -- Detecting CXX compiler ABI info
[0.255s] -- Detecting CXX compiler ABI info - done
[0.260s] -- Check for working CXX compiler: /usr/bin/c++ - skipped
[0.260s] -- Detecting CXX compile features
[0.260s] -- Detecting CXX compile features - done
[0.262s] -- Found ament_cmake: 1.3.10 (/opt/ros/humble/share/ament_cmake/cmake)
[0.358s] -- Found Python3: /usr/bin/python3 (found version "3.10.12") found components: Interpreter 
[0.410s] -- Found rclpy: 3.3.14 (/opt/ros/humble/share/rclpy/cmake)
[0.410s] -- Found rclcpp: 16.0.10 (/opt/ros/humble/share/rclcpp/cmake)
[0.435s] -- Found rosidl_generator_c: 3.1.5 (/opt/ros/humble/share/rosidl_generator_c/cmake)
[0.438s] -- Found rosidl_adapter: 3.1.5 (/opt/ros/humble/share/rosidl_adapter/cmake)
[0.444s] -- Found rosidl_generator_cpp: 3.1.5 (/opt/ros/humble/share/rosidl_generator_cpp/cmake)
[0.450s] -- Using all available rosidl_typesupport_c: rosidl_typesupport_fastrtps_c;rosidl_typesupport_introspection_c
[0.458s] -- Using all available rosidl_typesupport_cpp: rosidl_typesupport_fastrtps_cpp;rosidl_typesupport_introspection_cpp
[0.484s] -- Found rmw_implementation_cmake: 6.1.2 (/opt/ros/humble/share/rmw_implementation_cmake/cmake)
[0.485s] -- Found rmw_fastrtps_cpp: 6.2.7 (/opt/ros/humble/share/rmw_fastrtps_cpp/cmake)
[0.577s] -- Found OpenSSL: /usr/lib/x86_64-linux-gnu/libcrypto.so (found version "3.0.2")  
[0.596s] -- Found FastRTPS: /opt/ros/humble/include  
[0.626s] -- Using RMW implementation 'rmw_fastrtps_cpp' as default
[0.632s] -- Looking for pthread.h
[0.700s] -- Looking for pthread.h - found
[0.700s] -- Performing Test CMAKE_HAVE_LIBC_PTHREAD
[0.770s] -- Performing Test CMAKE_HAVE_LIBC_PTHREAD - Success
[0.770s] -- Found Threads: TRUE  
[0.804s] -- Looking for ignition-plugin1 -- found version 1.4.0
[0.804s] -- Searching for dependencies of ignition-plugin1
[0.804s] -- Searching for <ignition-plugin1> component [register]
[0.806s] -- Looking for ignition-plugin1-register -- found version 1.4.0
[0.806s] -- Searching for dependencies of ignition-plugin1-register
[0.808s] -- Looking for ignition-common4 -- found version 4.7.0
[0.808s] -- Searching for dependencies of ignition-common4
[0.809s] -- Looking for dlfcn.h - found
[0.809s] -- Looking for libdl - found
[0.810s] -- Found DL: TRUE  
[0.815s] -- Checking for module 'uuid'
[0.831s] --   Found uuid, version 2.37.2
[0.876s] -- Found UUID: TRUE  
[0.876s] -- Searching for <ignition-common4> component [profiler]
[0.878s] -- Looking for ignition-common4-profiler -- found version 4.7.0
[0.879s] -- Searching for dependencies of ignition-common4-profiler
[0.881s] -- Looking for ignition-gazebo6 -- found version 6.16.0
[0.881s] -- Searching for dependencies of ignition-gazebo6
[0.883s] -- Looking for sdformat12 -- found version 12.8.0
[0.883s] -- Searching for dependencies of sdformat12
[0.888s] -- Checking for module 'tinyxml2'
[0.905s] --   Found tinyxml2, version 9.0.0
[0.951s] -- Looking for ignition-math6 -- found version 6.15.1
[0.951s] -- Searching for dependencies of ignition-math6
[0.953s] -- Looking for ignition-utils1 -- found version 1.5.1
[0.954s] -- Searching for dependencies of ignition-utils1
[0.955s] -- Looking for ignition-plugin1 -- found version 1.4.0
[0.955s] -- Searching for dependencies of ignition-plugin1
[0.955s] -- Searching for <ignition-plugin1> component [loader]
[0.957s] -- Looking for ignition-plugin1-loader -- found version 1.4.0
[0.957s] -- Searching for dependencies of ignition-plugin1-loader
[0.957s] -- Searching for <ignition-plugin1> component [register]
[0.959s] -- Looking for ignition-transport11 -- found version 11.4.1
[0.960s] -- Searching for dependencies of ignition-transport11
[0.977s] -- Found Protobuf: /usr/lib/x86_64-linux-gnu/libprotobuf.so (found version "3.12.4") 
[0.985s] -- Config-file not installed for ZeroMQ -- checking for pkg-config
[0.991s] -- Checking for module 'libzmq >= 4'
[1.008s] --   Found libzmq , version 4.3.4
[1.057s] -- Found ZeroMQ: TRUE (Required is at least version "4") 
[1.064s] -- Looking for ignition-utils1 -- found version 1.5.1
[1.064s] -- Searching for dependencies of ignition-utils1
[1.064s] -- Searching for <ignition-utils1> component [cli]
[1.066s] -- Looking for ignition-utils1-cli -- found version 1.5.1
[1.066s] -- Searching for dependencies of ignition-utils1-cli
[1.068s] -- Looking for ignition-msgs8 -- found version 8.7.0
[1.068s] -- Searching for dependencies of ignition-msgs8
[1.082s] -- Found Protobuf: /usr/lib/x86_64-linux-gnu/libprotobuf.so (found suitable version "3.12.4", minimum required is "3") 
[1.083s] -- Looking for ignition-math6 -- found version 6.15.1
[1.089s] -- Searching for <ignition-transport11> component [log]
[1.090s] -- Looking for ignition-transport11-log -- found version 11.4.1
[1.091s] -- Searching for dependencies of ignition-transport11-log
[1.091s] -- Searching for <ignition-transport11> component [parameters]
[1.093s] -- Looking for ignition-transport11-parameters -- found version 11.4.1
[1.093s] -- Searching for dependencies of ignition-transport11-parameters
[1.093s] -- Looking for ignition-msgs8 -- found version 8.7.0
[1.094s] -- Looking for ignition-common4 -- found version 4.7.0
[1.094s] -- Searching for dependencies of ignition-common4
[1.094s] -- Looking for dlfcn.h - found
[1.094s] -- Looking for libdl - found
[1.101s] -- Searching for <ignition-common4> component [profiler]
[1.102s] -- Searching for <ignition-common4> component [events]
[1.103s] -- Looking for ignition-common4-events -- found version 4.7.0
[1.104s] -- Searching for dependencies of ignition-common4-events
[1.104s] -- Looking for ignition-math6 -- found version 6.15.1
[1.104s] -- Searching for <ignition-common4> component [av]
[1.106s] -- Looking for ignition-common4-av -- found version 4.7.0
[1.106s] -- Searching for dependencies of ignition-common4-av
[1.112s] -- Checking for module 'libswscale'
[1.130s] --   Found libswscale, version 5.9.100
[1.177s] -- Found SWSCALE: TRUE  
[1.182s] -- Checking for module 'libavdevice >= 56.4.100'
[1.198s] --   Found libavdevice , version 58.13.100
[1.248s] -- Found AVDEVICE: TRUE (Required is at least version "56.4.100") 
[1.253s] -- Checking for module 'libavformat'
[1.269s] --   Found libavformat, version 58.76.100
[1.315s] -- Found AVFORMAT: TRUE  
[1.320s] -- Checking for module 'libavcodec'
[1.338s] --   Found libavcodec, version 58.134.100
[1.386s] -- Found AVCODEC: TRUE  
[1.392s] -- Checking for module 'libavutil'
[1.408s] --   Found libavutil, version 56.70.100
[1.455s] -- Found AVUTIL: TRUE  
[1.458s] -- Looking for ignition-fuel_tools7 -- found version 7.3.1
[1.458s] -- Searching for dependencies of ignition-fuel_tools7
[1.546s] -- Found CURL: /usr/lib/x86_64-linux-gnu/libcurl.so (found version "7.81.0")  
[1.554s] -- Checking for module 'jsoncpp'
[1.571s] --   Found jsoncpp, version 1.9.5
[1.617s] -- Found JSONCPP: TRUE  
[1.622s] -- Checking for module 'libzip'
[1.639s] --   Found libzip, version 1.7.3
[1.685s] -- Found ZIP: TRUE  
[1.686s] -- Looking for ignition-common4 -- found version 4.7.0
[1.686s] -- Looking for ignition-math6 -- found version 6.15.1
[1.686s] -- Looking for ignition-msgs8 -- found version 8.7.0
[1.689s] -- Looking for ignition-gui6 -- found version 6.8.0
[1.689s] -- Searching for dependencies of ignition-gui6
[1.712s] -- Looking for ignition-math6 -- found version 6.15.1
[1.713s] -- Looking for ignition-common4 -- found version 4.7.0
[1.713s] -- Looking for ignition-plugin1 -- found version 1.4.0
[1.713s] -- Looking for ignition-transport11 -- found version 11.4.1
[1.715s] -- Looking for ignition-rendering6 -- found version 6.6.3
[1.715s] -- Searching for dependencies of ignition-rendering6
[1.716s] -- Looking for ignition-math6 -- found version 6.15.1
[1.716s] -- Searching for dependencies of ignition-math6
[1.716s] -- Searching for <ignition-math6> component [eigen3]
[1.718s] -- Looking for ignition-math6-eigen3 -- found version 6.15.1
[1.718s] -- Searching for dependencies of ignition-math6-eigen3
[1.723s] -- Looking for ignition-common4 -- found version 4.7.0
[1.723s] -- Searching for dependencies of ignition-common4
[1.723s] -- Looking for dlfcn.h - found
[1.724s] -- Looking for libdl - found
[1.732s] -- Searching for <ignition-common4> component [graphics]
[1.734s] -- Looking for ignition-common4-graphics -- found version 4.7.0
[1.734s] -- Searching for dependencies of ignition-common4-graphics
[1.734s] -- Looking for ignition-math6 -- found version 6.15.1
[1.735s] -- Looking for ignition-utils1 -- found version 1.5.1
[1.735s] -- Searching for <ignition-common4> component [events]
[1.736s] -- Looking for ignition-plugin1 -- found version 1.4.0
[1.736s] -- Searching for dependencies of ignition-plugin1
[1.736s] -- Searching for <ignition-plugin1> component [all]
[1.738s] -- Looking for all libraries of ignition-plugin1 -- found version 1.4.0
[1.738s] -- Looking for ignition-plugin1 -- found version 1.4.0
[1.739s] -- Looking for ignition-msgs8 -- found version 8.7.0
[1.752s] -- Looking for ignition-physics5 -- found version 5.3.2
[1.752s] -- Searching for dependencies of ignition-physics5
[1.752s] -- Looking for ignition-math6 -- found version 6.15.1
[1.752s] -- Looking for ignition-plugin1 -- found version 1.4.0
[1.753s] -- Looking for ignition-utils1 -- found version 1.5.1
[1.753s] -- Searching for <ignition-physics5> component [heightmap]
[1.755s] -- Looking for ignition-physics5-heightmap -- found version 5.3.2
[1.755s] -- Searching for dependencies of ignition-physics5-heightmap
[1.756s] -- Looking for ignition-common4 -- found version 4.7.0
[1.756s] -- Searching for <ignition-physics5> component [mesh]
[1.758s] -- Looking for ignition-physics5-mesh -- found version 5.3.2
[1.758s] -- Searching for dependencies of ignition-physics5-mesh
[1.758s] -- Looking for ignition-common4 -- found version 4.7.0
[1.759s] -- Searching for <ignition-physics5> component [sdf]
[1.760s] -- Looking for ignition-physics5-sdf -- found version 5.3.2
[1.761s] -- Searching for dependencies of ignition-physics5-sdf
[1.761s] -- Looking for sdformat12 -- found version 12.8.0
[1.763s] -- Looking for ignition-sensors6 -- found version 6.8.0
[1.763s] -- Searching for dependencies of ignition-sensors6
[1.778s] -- Found Protobuf: /usr/lib/x86_64-linux-gnu/libprotobuf.so (found version "3.12.4") 
[1.779s] -- Looking for ignition-math6 -- found version 6.15.1
[1.779s] -- Looking for ignition-common4 -- found version 4.7.0
[1.779s] -- Looking for ignition-transport11 -- found version 11.4.1
[1.780s] -- Looking for ignition-rendering6 -- found version 6.6.3
[1.780s] -- Looking for ignition-msgs8 -- found version 8.7.0
[1.780s] -- Looking for sdformat12 -- found version 12.8.0
[1.780s] -- Searching for <ignition-sensors6> component [air_pressure]
[1.782s] -- Looking for ignition-sensors6-air_pressure -- found version 6.8.0
[1.783s] -- Searching for dependencies of ignition-sensors6-air_pressure
[1.783s] -- Searching for <ignition-sensors6> component [altimeter]
[1.785s] -- Looking for ignition-sensors6-altimeter -- found version 6.8.0
[1.785s] -- Searching for dependencies of ignition-sensors6-altimeter
[1.785s] -- Searching for <ignition-sensors6> component [imu]
[1.787s] -- Looking for ignition-sensors6-imu -- found version 6.8.0
[1.787s] -- Searching for dependencies of ignition-sensors6-imu
[1.787s] -- Searching for <ignition-sensors6> component [force_torque]
[1.789s] -- Looking for ignition-sensors6-force_torque -- found version 6.8.0
[1.789s] -- Searching for dependencies of ignition-sensors6-force_torque
[1.790s] -- Searching for <ignition-sensors6> component [logical_camera]
[1.791s] -- Looking for ignition-sensors6-logical_camera -- found version 6.8.0
[1.792s] -- Searching for dependencies of ignition-sensors6-logical_camera
[1.792s] -- Searching for <ignition-sensors6> component [magnetometer]
[1.793s] -- Looking for ignition-sensors6-magnetometer -- found version 6.8.0
[1.794s] -- Searching for dependencies of ignition-sensors6-magnetometer
[1.794s] -- Searching for <ignition-sensors6> component [navsat]
[1.796s] -- Looking for ignition-sensors6-navsat -- found version 6.8.0
[1.796s] -- Searching for dependencies of ignition-sensors6-navsat
[1.796s] -- Searching for <ignition-sensors6> component [rendering]
[1.798s] -- Looking for ignition-sensors6-rendering -- found version 6.8.0
[1.798s] -- Searching for dependencies of ignition-sensors6-rendering
[1.798s] -- Searching for <ignition-sensors6> component [lidar]
[1.800s] -- Looking for ignition-sensors6-lidar -- found version 6.8.0
[1.800s] -- Searching for dependencies of ignition-sensors6-lidar
[1.800s] -- Looking for ignition-sensors6 -- found version 6.8.0
[1.801s] -- Searching for <ignition-sensors6> component [gpu_lidar]
[1.802s] -- Looking for ignition-sensors6-gpu_lidar -- found version 6.8.0
[1.803s] -- Searching for dependencies of ignition-sensors6-gpu_lidar
[1.803s] -- Looking for ignition-sensors6 -- found version 6.8.0
[1.803s] -- Searching for <ignition-sensors6> component [camera]
[1.805s] -- Looking for ignition-sensors6-camera -- found version 6.8.0
[1.805s] -- Searching for dependencies of ignition-sensors6-camera
[1.805s] -- Looking for ignition-sensors6 -- found version 6.8.0
[1.806s] -- Searching for <ignition-sensors6> component [boundingbox_camera]
[1.807s] -- Looking for ignition-sensors6-boundingbox_camera -- found version 6.8.0
[1.808s] -- Searching for dependencies of ignition-sensors6-boundingbox_camera
[1.808s] -- Searching for <ignition-sensors6> component [segmentation_camera]
[1.809s] -- Looking for ignition-sensors6-segmentation_camera -- found version 6.8.0
[1.810s] -- Searching for dependencies of ignition-sensors6-segmentation_camera
[1.810s] -- Searching for <ignition-sensors6> component [depth_camera]
[1.812s] -- Looking for ignition-sensors6-depth_camera -- found version 6.8.0
[1.812s] -- Searching for dependencies of ignition-sensors6-depth_camera
[1.812s] -- Looking for ignition-sensors6 -- found version 6.8.0
[1.812s] -- Searching for <ignition-sensors6> component [rgbd_camera]
[1.814s] -- Looking for ignition-sensors6-rgbd_camera -- found version 6.8.0
[1.814s] -- Searching for dependencies of ignition-sensors6-rgbd_camera
[1.815s] -- Looking for ignition-sensors6 -- found version 6.8.0
[1.815s] -- Searching for <ignition-sensors6> component [thermal_camera]
[1.817s] -- Looking for ignition-sensors6-thermal_camera -- found version 6.8.0
[1.817s] -- Searching for dependencies of ignition-sensors6-thermal_camera
[1.817s] -- Looking for ignition-sensors6 -- found version 6.8.0
[1.818s] -- Looking for ignition-rendering6 -- found version 6.6.3
[1.818s] -- Looking for ignition-math6 -- found version 6.15.1
[1.820s] -- Looking for ignition-utils1 -- found version 1.5.1
[1.837s] -- Found ament_lint_auto: 0.12.11 (/opt/ros/humble/share/ament_lint_auto/cmake)
[1.884s] -- Added test 'cppcheck' to perform static code analysis on C / C++ code
[1.884s] -- Configured cppcheck include dirs: /home/therion/dev/school/URC/srp_sim/src/sim_package/include
[1.884s] -- Configured cppcheck exclude dirs and/or files: 
[1.884s] -- Added test 'flake8' to check Python code syntax and style conventions
[1.885s] -- Added test 'lint_cmake' to check CMake code style
[1.885s] -- Added test 'pep257' to check Python code against some of the docstring style conventions in PEP 257
[1.888s] -- Added test 'uncrustify' to check C / C++ code style
[1.888s] -- Configured uncrustify additional arguments: 
[1.889s] -- Added test 'xmllint' to check XML markup files
[1.889s] -- Configuring done
[1.897s] -- Generating done
[1.898s] -- Build files have been written to: /home/therion/dev/school/URC/srp_sim/build/sim_package
[1.906s] Invoked command in '/home/therion/dev/school/URC/srp_sim/build/sim_package' returned '0': CMAKE_PREFIX_PATH=${CMAKE_PREFIX_PATH}:/opt/ros/humble /usr/bin/cmake /home/therion/dev/school/URC/srp_sim/src/sim_package -DCMAKE_INSTALL_PREFIX=/home/therion/dev/school/URC/srp_sim/install/sim_package
[1.908s] Invoking command in '/home/therion/dev/school/URC/srp_sim/build/sim_package': CMAKE_PREFIX_PATH=${CMAKE_PREFIX_PATH}:/opt/ros/humble /usr/bin/cmake --build /home/therion/dev/school/URC/srp_sim/build/sim_package -- -j10 -l10
[1.956s] [ 50%] [32mBuilding CXX object CMakeFiles/BasicSystem.dir/src/BasicSystem.cc.o[0m
[2.930s] [01m[K/home/therion/dev/school/URC/srp_sim/src/sim_package/src/BasicSystem.cc:[m[K In member function ‘[01m[Kvirtual void sim_package::BasicSystem::PostUpdate(const ignition::gazebo::v6::UpdateInfo&, const ignition::gazebo::v6::EntityComponentManager&)[m[K’:
[2.930s] [01m[K/home/therion/dev/school/URC/srp_sim/src/sim_package/src/BasicSystem.cc:41:69:[m[K [01;35m[Kwarning: [m[Kunused parameter ‘[01m[K_ecm[m[K’ [[01;35m[K]8;;https://gcc.gnu.org/onlinedocs/gcc/Warning-Options.html#index-Wunused-parameter-Wunused-parameter]8;;[m[K]
[2.931s]    41 |                              [01;35m[Kconst gz::sim::EntityComponentManager &_ecm[m[K)
[2.931s]       |                              [01;35m[K~~~~~~~~~~~~~~~~~~~~~~~~~~~~~~~~~~~~~~~^~~~[m[K
[3.892s] [100%] [32m[1mLinking CXX shared library libBasicSystem.so[0m
[4.022s] [100%] Built target BasicSystem
[4.033s] Invoked command in '/home/therion/dev/school/URC/srp_sim/build/sim_package' returned '0': CMAKE_PREFIX_PATH=${CMAKE_PREFIX_PATH}:/opt/ros/humble /usr/bin/cmake --build /home/therion/dev/school/URC/srp_sim/build/sim_package -- -j10 -l10
[4.085s] Invoking command in '/home/therion/dev/school/URC/srp_sim/build/sim_package': CMAKE_PREFIX_PATH=${CMAKE_PREFIX_PATH}:/opt/ros/humble /usr/bin/cmake --install /home/therion/dev/school/URC/srp_sim/build/sim_package
[4.091s] -- Install configuration: ""
[4.091s] -- Installing: /home/therion/dev/school/URC/srp_sim/install/sim_package/share/sim_package/models
[4.091s] -- Installing: /home/therion/dev/school/URC/srp_sim/install/sim_package/share/sim_package/models/mars
[4.091s] -- Installing: /home/therion/dev/school/URC/srp_sim/install/sim_package/share/sim_package/models/mars/materials
[4.091s] -- Installing: /home/therion/dev/school/URC/srp_sim/install/sim_package/share/sim_package/models/mars/materials/textures
[4.091s] -- Installing: /home/therion/dev/school/URC/srp_sim/install/sim_package/share/sim_package/models/mars/materials/textures/m4_site.jpg
[4.094s] -- Installing: /home/therion/dev/school/URC/srp_sim/install/sim_package/share/sim_package/models/mars/materials/textures/m4_site1.jpg
[4.099s] -- Installing: /home/therion/dev/school/URC/srp_sim/install/sim_package/share/sim_package/models/mars/materials/textures/m4_site2.jpg
[4.104s] -- Installing: /home/therion/dev/school/URC/srp_sim/install/sim_package/share/sim_package/models/mars/meshes
[4.104s] -- Installing: /home/therion/dev/school/URC/srp_sim/install/sim_package/share/sim_package/models/mars/meshes/model.dae
[4.139s] -- Installing: /home/therion/dev/school/URC/srp_sim/install/sim_package/share/sim_package/models/mars/model.config
[4.139s] -- Installing: /home/therion/dev/school/URC/srp_sim/install/sim_package/share/sim_package/models/mars/model.sdf
[4.139s] -- Installing: /home/therion/dev/school/URC/srp_sim/install/sim_package/share/sim_package/models/4x4_50-5
[4.139s] -- Installing: /home/therion/dev/school/URC/srp_sim/install/sim_package/share/sim_package/models/4x4_50-5/marker0
[4.139s] -- Installing: /home/therion/dev/school/URC/srp_sim/install/sim_package/share/sim_package/models/4x4_50-5/marker0/marker0
[4.139s] -- Installing: /home/therion/dev/school/URC/srp_sim/install/sim_package/share/sim_package/models/4x4_50-5/marker0/marker0/materials
[4.139s] -- Installing: /home/therion/dev/school/URC/srp_sim/install/sim_package/share/sim_package/models/4x4_50-5/marker0/marker0/materials/textures
[4.139s] -- Installing: /home/therion/dev/school/URC/srp_sim/install/sim_package/share/sim_package/models/4x4_50-5/marker0/marker0/materials/textures/Marker0.png
[4.140s] -- Installing: /home/therion/dev/school/URC/srp_sim/install/sim_package/share/sim_package/models/4x4_50-5/marker0/marker0/meshes
[4.140s] -- Installing: /home/therion/dev/school/URC/srp_sim/install/sim_package/share/sim_package/models/4x4_50-5/marker0/marker0/meshes/Marker0.dae
[4.140s] -- Installing: /home/therion/dev/school/URC/srp_sim/install/sim_package/share/sim_package/models/4x4_50-5/marker0/marker0/model-1_4.sdf
[4.140s] -- Installing: /home/therion/dev/school/URC/srp_sim/install/sim_package/share/sim_package/models/4x4_50-5/marker0/marker0/model.config
[4.140s] -- Installing: /home/therion/dev/school/URC/srp_sim/install/sim_package/share/sim_package/models/4x4_50-5/marker0/marker0/model-1_5.sdf
[4.140s] -- Installing: /home/therion/dev/school/URC/srp_sim/install/sim_package/share/sim_package/models/4x4_50-5/marker0/marker0/model.sdf
[4.140s] -- Installing: /home/therion/dev/school/URC/srp_sim/install/sim_package/share/sim_package/models/4x4_50-5/marker0/materials
[4.140s] -- Installing: /home/therion/dev/school/URC/srp_sim/install/sim_package/share/sim_package/models/4x4_50-5/marker0/materials/textures
[4.140s] -- Installing: /home/therion/dev/school/URC/srp_sim/install/sim_package/share/sim_package/models/4x4_50-5/marker0/materials/textures/Marker0.png
[4.140s] -- Installing: /home/therion/dev/school/URC/srp_sim/install/sim_package/share/sim_package/models/4x4_50-5/marker0/meshes
[4.140s] -- Installing: /home/therion/dev/school/URC/srp_sim/install/sim_package/share/sim_package/models/4x4_50-5/marker0/meshes/Marker0.dae
[4.140s] -- Installing: /home/therion/dev/school/URC/srp_sim/install/sim_package/share/sim_package/models/4x4_50-5/marker0/model-1_4.sdf
[4.140s] -- Installing: /home/therion/dev/school/URC/srp_sim/install/sim_package/share/sim_package/models/4x4_50-5/marker0/model.config
[4.140s] -- Installing: /home/therion/dev/school/URC/srp_sim/install/sim_package/share/sim_package/models/4x4_50-5/marker0/model-1_5.sdf
[4.141s] -- Installing: /home/therion/dev/school/URC/srp_sim/install/sim_package/share/sim_package/models/4x4_50-5/marker0/model.sdf
[4.141s] -- Installing: /home/therion/dev/school/URC/srp_sim/install/sim_package/share/sim_package/models/4x4_50-5/materials
[4.141s] -- Installing: /home/therion/dev/school/URC/srp_sim/install/sim_package/share/sim_package/models/4x4_50-5/materials/textures
[4.141s] -- Installing: /home/therion/dev/school/URC/srp_sim/install/sim_package/share/sim_package/models/4x4_50-5/materials/textures/4X4_50-5.png
[4.141s] -- Installing: /home/therion/dev/school/URC/srp_sim/install/sim_package/share/sim_package/models/4x4_50-5/meshes
[4.141s] -- Installing: /home/therion/dev/school/URC/srp_sim/install/sim_package/share/sim_package/models/4x4_50-5/meshes/4X4_50-5.dae
[4.141s] -- Installing: /home/therion/dev/school/URC/srp_sim/install/sim_package/share/sim_package/models/4x4_50-5/model-1_4.sdf
[4.141s] -- Installing: /home/therion/dev/school/URC/srp_sim/install/sim_package/share/sim_package/models/4x4_50-5/4X4_50-5.png
[4.141s] -- Installing: /home/therion/dev/school/URC/srp_sim/install/sim_package/share/sim_package/models/4x4_50-5/model.config
[4.141s] -- Installing: /home/therion/dev/school/URC/srp_sim/install/sim_package/share/sim_package/models/4x4_50-5/4X4_50-5.dae
[4.141s] -- Installing: /home/therion/dev/school/URC/srp_sim/install/sim_package/share/sim_package/models/4x4_50-5/aruco_marker.xacro
[4.141s] -- Installing: /home/therion/dev/school/URC/srp_sim/install/sim_package/share/sim_package/models/4x4_50-5/model-1_5.sdf
[4.141s] -- Installing: /home/therion/dev/school/URC/srp_sim/install/sim_package/share/sim_package/models/4x4_50-5/model.sdf
[4.141s] -- Installing: /home/therion/dev/school/URC/srp_sim/install/sim_package/share/sim_package/worlds
[4.141s] -- Installing: /home/therion/dev/school/URC/srp_sim/install/sim_package/share/sim_package/worlds/test.world
[4.141s] -- Installing: /home/therion/dev/school/URC/srp_sim/install/sim_package/share/sim_package/worlds/world.sdf
[4.141s] -- Installing: /home/therion/dev/school/URC/srp_sim/install/sim_package/share/sim_package/launch
[4.141s] -- Installing: /home/therion/dev/school/URC/srp_sim/install/sim_package/share/sim_package/launch/aruco_marker_launch.launch.py
[4.142s] -- Installing: /home/therion/dev/school/URC/srp_sim/install/sim_package/share/sim_package/launch/world.launch.py
[4.142s] -- Installing: /home/therion/dev/school/URC/srp_sim/install/sim_package/share/sim_package/config
[4.142s] -- Installing: /home/therion/dev/school/URC/srp_sim/install/sim_package/share/sim_package/config/aruco_marker_config.rviz
[4.142s] -- Installing: /home/therion/dev/school/URC/srp_sim/install/sim_package/lib/sim_package/libBasicSystem.so
[4.143s] -- Installing: /home/therion/dev/school/URC/srp_sim/install/sim_package/share/sim_package/environment/sim_package.dsv
[4.143s] -- Installing: /home/therion/dev/school/URC/srp_sim/install/sim_package/share/sim_package/environment/sim_package.sh
[4.143s] -- Installing: /home/therion/dev/school/URC/srp_sim/install/sim_package/share/ament_index/resource_index/package_run_dependencies/sim_package
[4.144s] -- Installing: /home/therion/dev/school/URC/srp_sim/install/sim_package/share/ament_index/resource_index/parent_prefix_path/sim_package
[4.144s] -- Installing: /home/therion/dev/school/URC/srp_sim/install/sim_package/share/sim_package/environment/ament_prefix_path.sh
[4.144s] -- Installing: /home/therion/dev/school/URC/srp_sim/install/sim_package/share/sim_package/environment/ament_prefix_path.dsv
[4.144s] -- Installing: /home/therion/dev/school/URC/srp_sim/install/sim_package/share/sim_package/environment/path.sh
[4.144s] -- Installing: /home/therion/dev/school/URC/srp_sim/install/sim_package/share/sim_package/environment/path.dsv
[4.144s] -- Installing: /home/therion/dev/school/URC/srp_sim/install/sim_package/share/sim_package/local_setup.bash
[4.144s] -- Installing: /home/therion/dev/school/URC/srp_sim/install/sim_package/share/sim_package/local_setup.sh
[4.144s] -- Installing: /home/therion/dev/school/URC/srp_sim/install/sim_package/share/sim_package/local_setup.zsh
[4.144s] -- Installing: /home/therion/dev/school/URC/srp_sim/install/sim_package/share/sim_package/local_setup.dsv
[4.144s] -- Installing: /home/therion/dev/school/URC/srp_sim/install/sim_package/share/sim_package/package.dsv
[4.144s] -- Installing: /home/therion/dev/school/URC/srp_sim/install/sim_package/share/ament_index/resource_index/packages/sim_package
[4.145s] -- Installing: /home/therion/dev/school/URC/srp_sim/install/sim_package/share/sim_package/cmake/sim_packageConfig.cmake
[4.145s] -- Installing: /home/therion/dev/school/URC/srp_sim/install/sim_package/share/sim_package/cmake/sim_packageConfig-version.cmake
[4.145s] -- Installing: /home/therion/dev/school/URC/srp_sim/install/sim_package/share/sim_package/package.xml
[4.146s] Invoked command in '/home/therion/dev/school/URC/srp_sim/build/sim_package' returned '0': CMAKE_PREFIX_PATH=${CMAKE_PREFIX_PATH}:/opt/ros/humble /usr/bin/cmake --install /home/therion/dev/school/URC/srp_sim/build/sim_package
