[0.050s] Invoking command in '/home/urc/URC/rover/build/realsense2_description': AMENT_PREFIX_PATH=/home/urc/URC/rover/install/realsense2_camera_msgs:${AMENT_PREFIX_PATH} CMAKE_PREFIX_PATH=/home/urc/URC/rover/install/realsense2_camera_msgs:/opt/ros/humble LD_LIBRARY_PATH=/home/urc/URC/rover/install/realsense2_camera_msgs/lib:${LD_LIBRARY_PATH} PYTHONPATH=/home/urc/URC/rover/install/realsense2_camera_msgs/local/lib/python3.10/dist-packages:${PYTHONPATH} /usr/bin/cmake /home/urc/URC/rover/src/realsense-ros/realsense2_description -DCMAKE_INSTALL_PREFIX=/home/urc/URC/rover/install/realsense2_description
[0.321s] -- The C compiler identification is GNU 11.4.0
[0.598s] -- The CXX compiler identification is GNU 11.4.0
[0.628s] -- Detecting C compiler ABI info
[0.964s] -- Detecting C compiler ABI info - done
[0.994s] -- Check for working C compiler: /usr/bin/cc - skipped
[0.995s] -- Detecting C compile features
[0.996s] -- Detecting C compile features - done
[1.010s] -- Detecting CXX compiler ABI info
[1.387s] -- Detecting CXX compiler ABI info - done
[1.416s] -- Check for working CXX compiler: /usr/bin/c++ - skipped
[1.418s] -- Detecting CXX compile features
[1.419s] -- Detecting CXX compile features - done
[1.447s] -- Found ament_cmake: 1.3.10 (/opt/ros/humble/share/ament_cmake/cmake)
[2.341s] -- Found Python3: /usr/bin/python3 (found version "3.10.12") found components: Interpreter 
[3.313s] -- Configuring done
[3.334s] -- Generating done
[3.339s] -- Build files have been written to: /home/urc/URC/rover/build/realsense2_description
[3.354s] Invoked command in '/home/urc/URC/rover/build/realsense2_description' returned '0': AMENT_PREFIX_PATH=/home/urc/URC/rover/install/realsense2_camera_msgs:${AMENT_PREFIX_PATH} CMAKE_PREFIX_PATH=/home/urc/URC/rover/install/realsense2_camera_msgs:/opt/ros/humble LD_LIBRARY_PATH=/home/urc/URC/rover/install/realsense2_camera_msgs/lib:${LD_LIBRARY_PATH} PYTHONPATH=/home/urc/URC/rover/install/realsense2_camera_msgs/local/lib/python3.10/dist-packages:${PYTHONPATH} /usr/bin/cmake /home/urc/URC/rover/src/realsense-ros/realsense2_description -DCMAKE_INSTALL_PREFIX=/home/urc/URC/rover/install/realsense2_description
[3.363s] Invoking command in '/home/urc/URC/rover/build/realsense2_description': AMENT_PREFIX_PATH=/home/urc/URC/rover/install/realsense2_camera_msgs:${AMENT_PREFIX_PATH} CMAKE_PREFIX_PATH=/home/urc/URC/rover/install/realsense2_camera_msgs:/opt/ros/humble LD_LIBRARY_PATH=/home/urc/URC/rover/install/realsense2_camera_msgs/lib:${LD_LIBRARY_PATH} PYTHONPATH=/home/urc/URC/rover/install/realsense2_camera_msgs/local/lib/python3.10/dist-packages:${PYTHONPATH} /usr/bin/cmake --build /home/urc/URC/rover/build/realsense2_description -- -j4 -l4
[3.510s] Invoked command in '/home/urc/URC/rover/build/realsense2_description' returned '0': AMENT_PREFIX_PATH=/home/urc/URC/rover/install/realsense2_camera_msgs:${AMENT_PREFIX_PATH} CMAKE_PREFIX_PATH=/home/urc/URC/rover/install/realsense2_camera_msgs:/opt/ros/humble LD_LIBRARY_PATH=/home/urc/URC/rover/install/realsense2_camera_msgs/lib:${LD_LIBRARY_PATH} PYTHONPATH=/home/urc/URC/rover/install/realsense2_camera_msgs/local/lib/python3.10/dist-packages:${PYTHONPATH} /usr/bin/cmake --build /home/urc/URC/rover/build/realsense2_description -- -j4 -l4
[3.608s] Invoking command in '/home/urc/URC/rover/build/realsense2_description': AMENT_PREFIX_PATH=/home/urc/URC/rover/install/realsense2_camera_msgs:${AMENT_PREFIX_PATH} CMAKE_PREFIX_PATH=/home/urc/URC/rover/install/realsense2_camera_msgs:/opt/ros/humble LD_LIBRARY_PATH=/home/urc/URC/rover/install/realsense2_camera_msgs/lib:${LD_LIBRARY_PATH} PYTHONPATH=/home/urc/URC/rover/install/realsense2_camera_msgs/local/lib/python3.10/dist-packages:${PYTHONPATH} /usr/bin/cmake --install /home/urc/URC/rover/build/realsense2_description
[3.636s] -- Install configuration: ""
[3.637s] -- Installing: /home/urc/URC/rover/install/realsense2_description/share/realsense2_description/launch
[3.638s] -- Installing: /home/urc/URC/rover/install/realsense2_description/share/realsense2_description/launch/view_model.launch.py
[3.639s] -- Installing: /home/urc/URC/rover/install/realsense2_description/share/realsense2_description/launch/launch_utils.py
[3.640s] -- Installing: /home/urc/URC/rover/install/realsense2_description/share/realsense2_description/meshes
[3.641s] -- Installing: /home/urc/URC/rover/install/realsense2_description/share/realsense2_description/meshes/l515.dae
[3.912s] -- Installing: /home/urc/URC/rover/install/realsense2_description/share/realsense2_description/meshes/d405.stl
[3.915s] -- Installing: /home/urc/URC/rover/install/realsense2_description/share/realsense2_description/meshes/plug.stl
[3.919s] -- Installing: /home/urc/URC/rover/install/realsense2_description/share/realsense2_description/meshes/d455.stl
[3.941s] -- Installing: /home/urc/URC/rover/install/realsense2_description/share/realsense2_description/meshes/d415.stl
[4.118s] -- Installing: /home/urc/URC/rover/install/realsense2_description/share/realsense2_description/meshes/plug_collision.stl
[4.119s] -- Installing: /home/urc/URC/rover/install/realsense2_description/share/realsense2_description/meshes/d435.dae
[4.253s] -- Installing: /home/urc/URC/rover/install/realsense2_description/share/realsense2_description/rviz
[4.253s] -- Installing: /home/urc/URC/rover/install/realsense2_description/share/realsense2_description/rviz/urdf.rviz
[4.254s] -- Installing: /home/urc/URC/rover/install/realsense2_description/share/realsense2_description/urdf
[4.255s] -- Installing: /home/urc/URC/rover/install/realsense2_description/share/realsense2_description/urdf/test_d455_camera.urdf.xacro
[4.256s] -- Installing: /home/urc/URC/rover/install/realsense2_description/share/realsense2_description/urdf/test_d415_camera.urdf.xacro
[4.257s] -- Installing: /home/urc/URC/rover/install/realsense2_description/share/realsense2_description/urdf/_materials.urdf.xacro
[4.259s] -- Installing: /home/urc/URC/rover/install/realsense2_description/share/realsense2_description/urdf/_d405.urdf.xacro
[4.260s] -- Installing: /home/urc/URC/rover/install/realsense2_description/share/realsense2_description/urdf/_d435i_imu_modules.urdf.xacro
[4.261s] -- Installing: /home/urc/URC/rover/install/realsense2_description/share/realsense2_description/urdf/_r410.urdf.xacro
[4.262s] -- Installing: /home/urc/URC/rover/install/realsense2_description/share/realsense2_description/urdf/_d435.urdf.xacro
[4.264s] -- Installing: /home/urc/URC/rover/install/realsense2_description/share/realsense2_description/urdf/test_r410_camera.urdf.xacro
[4.265s] -- Installing: /home/urc/URC/rover/install/realsense2_description/share/realsense2_description/urdf/test_r430_camera.urdf.xacro
[4.266s] -- Installing: /home/urc/URC/rover/install/realsense2_description/share/realsense2_description/urdf/_r430.urdf.xacro
[4.267s] -- Installing: /home/urc/URC/rover/install/realsense2_description/share/realsense2_description/urdf/test_d405_camera.urdf.xacro
[4.269s] -- Installing: /home/urc/URC/rover/install/realsense2_description/share/realsense2_description/urdf/test_d435i_camera.urdf.xacro
[4.270s] -- Installing: /home/urc/URC/rover/install/realsense2_description/share/realsense2_description/urdf/_d435i.urdf.xacro
[4.271s] -- Installing: /home/urc/URC/rover/install/realsense2_description/share/realsense2_description/urdf/test_d435_multiple_cameras.urdf.xacro
[4.272s] -- Installing: /home/urc/URC/rover/install/realsense2_description/share/realsense2_description/urdf/_usb_plug.urdf.xacro
[4.274s] -- Installing: /home/urc/URC/rover/install/realsense2_description/share/realsense2_description/urdf/_d415.urdf.xacro
[4.275s] -- Installing: /home/urc/URC/rover/install/realsense2_description/share/realsense2_description/urdf/_d455.urdf.xacro
[4.276s] -- Installing: /home/urc/URC/rover/install/realsense2_description/share/realsense2_description/urdf/test_d435_camera.urdf.xacro
[4.278s] -- Installing: /home/urc/URC/rover/install/realsense2_description/share/ament_index/resource_index/package_run_dependencies/realsense2_description
[4.280s] -- Installing: /home/urc/URC/rover/install/realsense2_description/share/ament_index/resource_index/parent_prefix_path/realsense2_description
[4.282s] -- Installing: /home/urc/URC/rover/install/realsense2_description/share/realsense2_description/environment/ament_prefix_path.sh
[4.283s] -- Installing: /home/urc/URC/rover/install/realsense2_description/share/realsense2_description/environment/ament_prefix_path.dsv
[4.284s] -- Installing: /home/urc/URC/rover/install/realsense2_description/share/realsense2_description/environment/path.sh
[4.286s] -- Installing: /home/urc/URC/rover/install/realsense2_description/share/realsense2_description/environment/path.dsv
[4.287s] -- Installing: /home/urc/URC/rover/install/realsense2_description/share/realsense2_description/local_setup.bash
[4.289s] -- Installing: /home/urc/URC/rover/install/realsense2_description/share/realsense2_description/local_setup.sh
[4.290s] -- Installing: /home/urc/URC/rover/install/realsense2_description/share/realsense2_description/local_setup.zsh
[4.291s] -- Installing: /home/urc/URC/rover/install/realsense2_description/share/realsense2_description/local_setup.dsv
[4.292s] -- Installing: /home/urc/URC/rover/install/realsense2_description/share/realsense2_description/package.dsv
[4.294s] -- Installing: /home/urc/URC/rover/install/realsense2_description/share/ament_index/resource_index/packages/realsense2_description
[4.296s] -- Installing: /home/urc/URC/rover/install/realsense2_description/share/realsense2_description/cmake/realsense2_descriptionConfig.cmake
[4.297s] -- Installing: /home/urc/URC/rover/install/realsense2_description/share/realsense2_description/cmake/realsense2_descriptionConfig-version.cmake
[4.298s] -- Installing: /home/urc/URC/rover/install/realsense2_description/share/realsense2_description/package.xml
[4.307s] Invoked command in '/home/urc/URC/rover/build/realsense2_description' returned '0': AMENT_PREFIX_PATH=/home/urc/URC/rover/install/realsense2_camera_msgs:${AMENT_PREFIX_PATH} CMAKE_PREFIX_PATH=/home/urc/URC/rover/install/realsense2_camera_msgs:/opt/ros/humble LD_LIBRARY_PATH=/home/urc/URC/rover/install/realsense2_camera_msgs/lib:${LD_LIBRARY_PATH} PYTHONPATH=/home/urc/URC/rover/install/realsense2_camera_msgs/local/lib/python3.10/dist-packages:${PYTHONPATH} /usr/bin/cmake --install /home/urc/URC/rover/build/realsense2_description
