[3.958s] Invoking command in '/home/urc/URC/rover/src/depth_image_viewer': PYTHONPATH=/home/urc/URC/rover/build/depth_image_viewer/prefix_override:/usr/lib/python3/dist-packages/colcon_core/task/python/colcon_distutils_commands:/home/urc/URC/rover/install/depth_image_viewer/lib/python3.10/site-packages:${PYTHONPATH} /usr/bin/python3 -W ignore:setup.py install is deprecated setup.py egg_info --egg-base ../../build/depth_image_viewer build --build-base /home/urc/URC/rover/build/depth_image_viewer/build install --record /home/urc/URC/rover/build/depth_image_viewer/install.log --single-version-externally-managed install_data
[5.588s] running egg_info
[5.592s] writing ../../build/depth_image_viewer/depth_image_viewer.egg-info/PKG-INFO
[5.593s] writing dependency_links to ../../build/depth_image_viewer/depth_image_viewer.egg-info/dependency_links.txt
[5.594s] writing entry points to ../../build/depth_image_viewer/depth_image_viewer.egg-info/entry_points.txt
[5.595s] writing requirements to ../../build/depth_image_viewer/depth_image_viewer.egg-info/requires.txt
[5.596s] writing top-level names to ../../build/depth_image_viewer/depth_image_viewer.egg-info/top_level.txt
[5.606s] reading manifest file '../../build/depth_image_viewer/depth_image_viewer.egg-info/SOURCES.txt'
[5.611s] writing manifest file '../../build/depth_image_viewer/depth_image_viewer.egg-info/SOURCES.txt'
[5.612s] running build
[5.612s] running build_py
[5.614s] running install
[5.616s] running install_lib
[5.622s] running install_data
[5.623s] running install_egg_info
[5.631s] removing '/home/urc/URC/rover/install/depth_image_viewer/lib/python3.10/site-packages/depth_image_viewer-0.0.0-py3.10.egg-info' (and everything under it)
[5.633s] Copying ../../build/depth_image_viewer/depth_image_viewer.egg-info to /home/urc/URC/rover/install/depth_image_viewer/lib/python3.10/site-packages/depth_image_viewer-0.0.0-py3.10.egg-info
[5.642s] running install_scripts
[5.745s] Installing depth_image_node script to /home/urc/URC/rover/install/depth_image_viewer/lib/depth_image_viewer
[5.753s] writing list of installed files to '/home/urc/URC/rover/build/depth_image_viewer/install.log'
[5.863s] Invoked command in '/home/urc/URC/rover/src/depth_image_viewer' returned '0': PYTHONPATH=/home/urc/URC/rover/build/depth_image_viewer/prefix_override:/usr/lib/python3/dist-packages/colcon_core/task/python/colcon_distutils_commands:/home/urc/URC/rover/install/depth_image_viewer/lib/python3.10/site-packages:${PYTHONPATH} /usr/bin/python3 -W ignore:setup.py install is deprecated setup.py egg_info --egg-base ../../build/depth_image_viewer build --build-base /home/urc/URC/rover/build/depth_image_viewer/build install --record /home/urc/URC/rover/build/depth_image_viewer/install.log --single-version-externally-managed install_data
