[0.050s] DEBUG:colcon:Command line arguments: ['/usr/bin/colcon', 'build']
[0.050s] DEBUG:colcon:Parsed command line arguments: Namespace(log_base=None, log_level=None, verb_name='build', build_base='build', install_base='install', merge_install=False, symlink_install=False, test_result_base=None, continue_on_error=False, executor='parallel', parallel_workers=10, event_handlers=None, ignore_user_meta=False, metas=['./colcon.meta'], base_paths=['.'], packages_ignore=None, packages_ignore_regex=None, paths=None, packages_up_to=None, packages_up_to_regex=None, packages_above=None, packages_above_and_dependencies=None, packages_above_depth=None, packages_select_by_dep=None, packages_skip_by_dep=None, packages_skip_up_to=None, packages_select_build_failed=False, packages_skip_build_finished=False, packages_select_test_failures=False, packages_skip_test_passed=False, packages_select=None, packages_skip=None, packages_select_regex=None, packages_skip_regex=None, packages_start=None, packages_end=None, allow_overriding=[], cmake_args=None, cmake_target=None, cmake_target_skip_unavailable=False, cmake_clean_cache=False, cmake_clean_first=False, cmake_force_configure=False, ament_cmake_args=None, catkin_cmake_args=None, catkin_skip_building_tests=False, verb_parser=<colcon_defaults.argument_parser.defaults.DefaultArgumentsDecorator object at 0x7fdd2e133a30>, verb_extension=<colcon_core.verb.build.BuildVerb object at 0x7fdd2e133130>, main=<bound method BuildVerb.main of <colcon_core.verb.build.BuildVerb object at 0x7fdd2e133130>>)
[0.123s] Level 1:colcon.colcon_core.package_discovery:discover_packages(colcon_meta) check parameters
[0.123s] Level 1:colcon.colcon_core.package_discovery:discover_packages(recursive) check parameters
[0.123s] Level 1:colcon.colcon_core.package_discovery:discover_packages(ignore) check parameters
[0.123s] Level 1:colcon.colcon_core.package_discovery:discover_packages(path) check parameters
[0.123s] Level 1:colcon.colcon_core.package_discovery:discover_packages(colcon_meta) discover
[0.123s] Level 1:colcon.colcon_core.package_discovery:discover_packages(recursive) discover
[0.123s] INFO:colcon.colcon_core.package_discovery:Crawling recursively for packages in '/home/therion/dev/school/URC/srp_sim'
[0.123s] Level 1:colcon.colcon_core.package_identification:_identify(.) by extensions ['ignore', 'ignore_ament_install']
[0.123s] Level 1:colcon.colcon_core.package_identification:_identify(.) by extension 'ignore'
[0.123s] Level 1:colcon.colcon_core.package_identification:_identify(.) by extension 'ignore_ament_install'
[0.123s] Level 1:colcon.colcon_core.package_identification:_identify(.) by extensions ['colcon_pkg']
[0.123s] Level 1:colcon.colcon_core.package_identification:_identify(.) by extension 'colcon_pkg'
[0.123s] Level 1:colcon.colcon_core.package_identification:_identify(.) by extensions ['colcon_meta']
[0.123s] Level 1:colcon.colcon_core.package_identification:_identify(.) by extension 'colcon_meta'
[0.123s] Level 1:colcon.colcon_core.package_identification:_identify(.) by extensions ['ros']
[0.123s] Level 1:colcon.colcon_core.package_identification:_identify(.) by extension 'ros'
[0.129s] Level 1:colcon.colcon_core.package_identification:_identify(.) by extensions ['cmake', 'python']
[0.129s] Level 1:colcon.colcon_core.package_identification:_identify(.) by extension 'cmake'
[0.129s] Level 1:colcon.colcon_core.package_identification:_identify(.) by extension 'python'
[0.129s] Level 1:colcon.colcon_core.package_identification:_identify(.) by extensions ['python_setup_py']
[0.129s] Level 1:colcon.colcon_core.package_identification:_identify(.) by extension 'python_setup_py'
[0.129s] Level 1:colcon.colcon_core.package_identification:_identify(build) by extensions ['ignore', 'ignore_ament_install']
[0.129s] Level 1:colcon.colcon_core.package_identification:_identify(build) by extension 'ignore'
[0.129s] Level 1:colcon.colcon_core.package_identification:_identify(build) ignored
[0.129s] Level 1:colcon.colcon_core.package_identification:_identify(install) by extensions ['ignore', 'ignore_ament_install']
[0.129s] Level 1:colcon.colcon_core.package_identification:_identify(install) by extension 'ignore'
[0.129s] Level 1:colcon.colcon_core.package_identification:_identify(install) ignored
[0.129s] Level 1:colcon.colcon_core.package_identification:_identify(log) by extensions ['ignore', 'ignore_ament_install']
[0.129s] Level 1:colcon.colcon_core.package_identification:_identify(log) by extension 'ignore'
[0.129s] Level 1:colcon.colcon_core.package_identification:_identify(log) ignored
[0.129s] Level 1:colcon.colcon_core.package_identification:_identify(src) by extensions ['ignore', 'ignore_ament_install']
[0.129s] Level 1:colcon.colcon_core.package_identification:_identify(src) by extension 'ignore'
[0.129s] Level 1:colcon.colcon_core.package_identification:_identify(src) by extension 'ignore_ament_install'
[0.129s] Level 1:colcon.colcon_core.package_identification:_identify(src) by extensions ['colcon_pkg']
[0.129s] Level 1:colcon.colcon_core.package_identification:_identify(src) by extension 'colcon_pkg'
[0.129s] Level 1:colcon.colcon_core.package_identification:_identify(src) by extensions ['colcon_meta']
[0.129s] Level 1:colcon.colcon_core.package_identification:_identify(src) by extension 'colcon_meta'
[0.129s] Level 1:colcon.colcon_core.package_identification:_identify(src) by extensions ['ros']
[0.129s] Level 1:colcon.colcon_core.package_identification:_identify(src) by extension 'ros'
[0.130s] Level 1:colcon.colcon_core.package_identification:_identify(src) by extensions ['cmake', 'python']
[0.130s] Level 1:colcon.colcon_core.package_identification:_identify(src) by extension 'cmake'
[0.130s] Level 1:colcon.colcon_core.package_identification:_identify(src) by extension 'python'
[0.130s] Level 1:colcon.colcon_core.package_identification:_identify(src) by extensions ['python_setup_py']
[0.130s] Level 1:colcon.colcon_core.package_identification:_identify(src) by extension 'python_setup_py'
[0.130s] Level 1:colcon.colcon_core.package_identification:_identify(src/sim_package) by extensions ['ignore', 'ignore_ament_install']
[0.130s] Level 1:colcon.colcon_core.package_identification:_identify(src/sim_package) by extension 'ignore'
[0.130s] Level 1:colcon.colcon_core.package_identification:_identify(src/sim_package) by extension 'ignore_ament_install'
[0.130s] Level 1:colcon.colcon_core.package_identification:_identify(src/sim_package) by extensions ['colcon_pkg']
[0.130s] Level 1:colcon.colcon_core.package_identification:_identify(src/sim_package) by extension 'colcon_pkg'
[0.130s] Level 1:colcon.colcon_core.package_identification:_identify(src/sim_package) by extensions ['colcon_meta']
[0.130s] Level 1:colcon.colcon_core.package_identification:_identify(src/sim_package) by extension 'colcon_meta'
[0.130s] Level 1:colcon.colcon_core.package_identification:_identify(src/sim_package) by extensions ['ros']
[0.130s] Level 1:colcon.colcon_core.package_identification:_identify(src/sim_package) by extension 'ros'
[0.131s] DEBUG:colcon.colcon_core.package_identification:Package 'src/sim_package' with type 'ros.ament_cmake' and name 'sim_package'
[0.131s] Level 1:colcon.colcon_core.package_discovery:discover_packages(recursive) using defaults
[0.131s] Level 1:colcon.colcon_core.package_discovery:discover_packages(ignore) discover
[0.131s] Level 1:colcon.colcon_core.package_discovery:discover_packages(ignore) using defaults
[0.131s] Level 1:colcon.colcon_core.package_discovery:discover_packages(path) discover
[0.131s] Level 1:colcon.colcon_core.package_discovery:discover_packages(path) using defaults
[0.141s] Level 1:colcon.colcon_core.package_discovery:discover_packages(prefix_path) check parameters
[0.141s] Level 1:colcon.colcon_core.package_discovery:discover_packages(prefix_path) discover
[0.141s] DEBUG:colcon.colcon_installed_package_information.package_discovery:Found 1 installed packages in /home/therion/dev/school/URC/srp_sim/install
[0.142s] DEBUG:colcon.colcon_installed_package_information.package_discovery:Found 311 installed packages in /opt/ros/humble
[0.143s] Level 1:colcon.colcon_core.package_discovery:discover_packages(prefix_path) using defaults
[0.165s] Level 5:colcon.colcon_core.verb:set package 'sim_package' build argument 'cmake_args' from command line to 'None'
[0.165s] Level 5:colcon.colcon_core.verb:set package 'sim_package' build argument 'cmake_target' from command line to 'None'
[0.165s] Level 5:colcon.colcon_core.verb:set package 'sim_package' build argument 'cmake_target_skip_unavailable' from command line to 'False'
[0.165s] Level 5:colcon.colcon_core.verb:set package 'sim_package' build argument 'cmake_clean_cache' from command line to 'False'
[0.165s] Level 5:colcon.colcon_core.verb:set package 'sim_package' build argument 'cmake_clean_first' from command line to 'False'
[0.165s] Level 5:colcon.colcon_core.verb:set package 'sim_package' build argument 'cmake_force_configure' from command line to 'False'
[0.165s] Level 5:colcon.colcon_core.verb:set package 'sim_package' build argument 'ament_cmake_args' from command line to 'None'
[0.165s] Level 5:colcon.colcon_core.verb:set package 'sim_package' build argument 'catkin_cmake_args' from command line to 'None'
[0.165s] Level 5:colcon.colcon_core.verb:set package 'sim_package' build argument 'catkin_skip_building_tests' from command line to 'False'
[0.165s] DEBUG:colcon.colcon_core.verb:Building package 'sim_package' with the following arguments: {'ament_cmake_args': None, 'build_base': '/home/therion/dev/school/URC/srp_sim/build/sim_package', 'catkin_cmake_args': None, 'catkin_skip_building_tests': False, 'cmake_args': None, 'cmake_clean_cache': False, 'cmake_clean_first': False, 'cmake_force_configure': False, 'cmake_target': None, 'cmake_target_skip_unavailable': False, 'install_base': '/home/therion/dev/school/URC/srp_sim/install/sim_package', 'merge_install': False, 'path': '/home/therion/dev/school/URC/srp_sim/src/sim_package', 'symlink_install': False, 'test_result_base': None}
[0.165s] INFO:colcon.colcon_core.executor:Executing jobs using 'parallel' executor
[0.166s] DEBUG:colcon.colcon_parallel_executor.executor.parallel:run_until_complete
[0.166s] INFO:colcon.colcon_ros.task.ament_cmake.build:Building ROS package in '/home/therion/dev/school/URC/srp_sim/src/sim_package' with build type 'ament_cmake'
[0.166s] INFO:colcon.colcon_cmake.task.cmake.build:Building CMake package in '/home/therion/dev/school/URC/srp_sim/src/sim_package'
[0.167s] INFO:colcon.colcon_core.plugin_system:Skipping extension 'colcon_core.shell.bat': Not used on non-Windows systems
[0.167s] INFO:colcon.colcon_core.shell:Skip shell extension 'powershell' for command environment: Not usable outside of PowerShell
[0.167s] DEBUG:colcon.colcon_core.shell:Skip shell extension 'dsv' for command environment
[0.173s] DEBUG:colcon.colcon_core.event_handler.log_command:Invoking command in '/home/therion/dev/school/URC/srp_sim/build/sim_package': CMAKE_PREFIX_PATH=${CMAKE_PREFIX_PATH}:/opt/ros/humble /usr/bin/cmake --build /home/therion/dev/school/URC/srp_sim/build/sim_package -- -j10 -l10
[0.219s] DEBUG:colcon.colcon_core.event_handler.log_command:Invoked command in '/home/therion/dev/school/URC/srp_sim/build/sim_package' returned '0': CMAKE_PREFIX_PATH=${CMAKE_PREFIX_PATH}:/opt/ros/humble /usr/bin/cmake --build /home/therion/dev/school/URC/srp_sim/build/sim_package -- -j10 -l10
[0.241s] DEBUG:colcon.colcon_core.event_handler.log_command:Invoking command in '/home/therion/dev/school/URC/srp_sim/build/sim_package': CMAKE_PREFIX_PATH=${CMAKE_PREFIX_PATH}:/opt/ros/humble /usr/bin/cmake --install /home/therion/dev/school/URC/srp_sim/build/sim_package
[0.249s] Level 1:colcon.colcon_core.environment:create_environment_scripts_only(sim_package)
[0.249s] DEBUG:colcon.colcon_core.event_handler.log_command:Invoked command in '/home/therion/dev/school/URC/srp_sim/build/sim_package' returned '0': CMAKE_PREFIX_PATH=${CMAKE_PREFIX_PATH}:/opt/ros/humble /usr/bin/cmake --install /home/therion/dev/school/URC/srp_sim/build/sim_package
[0.250s] Level 1:colcon.colcon_core.environment:checking '/home/therion/dev/school/URC/srp_sim/install/sim_package' for CMake module files
[0.250s] Level 1:colcon.colcon_core.environment:checking '/home/therion/dev/school/URC/srp_sim/install/sim_package' for CMake config files
[0.251s] Level 1:colcon.colcon_core.shell:create_environment_hook('sim_package', 'cmake_prefix_path')
[0.251s] INFO:colcon.colcon_core.shell:Creating environment hook '/home/therion/dev/school/URC/srp_sim/install/sim_package/share/sim_package/hook/cmake_prefix_path.ps1'
[0.251s] INFO:colcon.colcon_core.shell:Creating environment descriptor '/home/therion/dev/school/URC/srp_sim/install/sim_package/share/sim_package/hook/cmake_prefix_path.dsv'
[0.251s] INFO:colcon.colcon_core.shell:Creating environment hook '/home/therion/dev/school/URC/srp_sim/install/sim_package/share/sim_package/hook/cmake_prefix_path.sh'
[0.252s] Level 1:colcon.colcon_core.environment:checking '/home/therion/dev/school/URC/srp_sim/install/sim_package/lib'
[0.252s] Level 1:colcon.colcon_core.environment:checking '/home/therion/dev/school/URC/srp_sim/install/sim_package/bin'
[0.252s] Level 1:colcon.colcon_core.environment:checking '/home/therion/dev/school/URC/srp_sim/install/sim_package/lib/pkgconfig/sim_package.pc'
[0.252s] Level 1:colcon.colcon_core.environment:checking '/home/therion/dev/school/URC/srp_sim/install/sim_package/lib/python3.10/site-packages'
[0.252s] Level 1:colcon.colcon_core.environment:checking '/home/therion/dev/school/URC/srp_sim/install/sim_package/bin'
[0.252s] INFO:colcon.colcon_core.shell:Creating package script '/home/therion/dev/school/URC/srp_sim/install/sim_package/share/sim_package/package.ps1'
[0.253s] INFO:colcon.colcon_core.shell:Creating package descriptor '/home/therion/dev/school/URC/srp_sim/install/sim_package/share/sim_package/package.dsv'
[0.253s] INFO:colcon.colcon_core.shell:Creating package script '/home/therion/dev/school/URC/srp_sim/install/sim_package/share/sim_package/package.sh'
[0.253s] INFO:colcon.colcon_core.shell:Creating package script '/home/therion/dev/school/URC/srp_sim/install/sim_package/share/sim_package/package.bash'
[0.254s] INFO:colcon.colcon_core.shell:Creating package script '/home/therion/dev/school/URC/srp_sim/install/sim_package/share/sim_package/package.zsh'
[0.254s] Level 1:colcon.colcon_core.environment:create_file_with_runtime_dependencies(/home/therion/dev/school/URC/srp_sim/install/sim_package/share/colcon-core/packages/sim_package)
[0.273s] Level 1:colcon.colcon_core.environment:create_environment_scripts_only(sim_package)
[0.273s] Level 1:colcon.colcon_core.environment:checking '/home/therion/dev/school/URC/srp_sim/install/sim_package' for CMake module files
[0.273s] Level 1:colcon.colcon_core.environment:checking '/home/therion/dev/school/URC/srp_sim/install/sim_package' for CMake config files
[0.274s] Level 1:colcon.colcon_core.shell:create_environment_hook('sim_package', 'cmake_prefix_path')
[0.274s] INFO:colcon.colcon_core.shell:Creating environment hook '/home/therion/dev/school/URC/srp_sim/install/sim_package/share/sim_package/hook/cmake_prefix_path.ps1'
[0.275s] INFO:colcon.colcon_core.shell:Creating environment descriptor '/home/therion/dev/school/URC/srp_sim/install/sim_package/share/sim_package/hook/cmake_prefix_path.dsv'
[0.275s] INFO:colcon.colcon_core.shell:Creating environment hook '/home/therion/dev/school/URC/srp_sim/install/sim_package/share/sim_package/hook/cmake_prefix_path.sh'
[0.275s] Level 1:colcon.colcon_core.environment:checking '/home/therion/dev/school/URC/srp_sim/install/sim_package/lib'
[0.275s] Level 1:colcon.colcon_core.environment:checking '/home/therion/dev/school/URC/srp_sim/install/sim_package/bin'
[0.275s] Level 1:colcon.colcon_core.environment:checking '/home/therion/dev/school/URC/srp_sim/install/sim_package/lib/pkgconfig/sim_package.pc'
[0.276s] Level 1:colcon.colcon_core.environment:checking '/home/therion/dev/school/URC/srp_sim/install/sim_package/lib/python3.10/site-packages'
[0.276s] Level 1:colcon.colcon_core.environment:checking '/home/therion/dev/school/URC/srp_sim/install/sim_package/bin'
[0.276s] INFO:colcon.colcon_core.shell:Creating package script '/home/therion/dev/school/URC/srp_sim/install/sim_package/share/sim_package/package.ps1'
[0.276s] INFO:colcon.colcon_core.shell:Creating package descriptor '/home/therion/dev/school/URC/srp_sim/install/sim_package/share/sim_package/package.dsv'
[0.276s] INFO:colcon.colcon_core.shell:Creating package script '/home/therion/dev/school/URC/srp_sim/install/sim_package/share/sim_package/package.sh'
[0.276s] INFO:colcon.colcon_core.shell:Creating package script '/home/therion/dev/school/URC/srp_sim/install/sim_package/share/sim_package/package.bash'
[0.277s] INFO:colcon.colcon_core.shell:Creating package script '/home/therion/dev/school/URC/srp_sim/install/sim_package/share/sim_package/package.zsh'
[0.277s] Level 1:colcon.colcon_core.environment:create_file_with_runtime_dependencies(/home/therion/dev/school/URC/srp_sim/install/sim_package/share/colcon-core/packages/sim_package)
[0.277s] DEBUG:colcon.colcon_parallel_executor.executor.parallel:closing loop
[0.277s] DEBUG:colcon.colcon_parallel_executor.executor.parallel:loop closed
[0.277s] DEBUG:colcon.colcon_parallel_executor.executor.parallel:run_until_complete finished with '0'
[0.277s] DEBUG:colcon.colcon_core.event_reactor:joining thread
[0.280s] INFO:colcon.colcon_core.plugin_system:Skipping extension 'colcon_notification.desktop_notification.terminal_notifier': Not used on non-Darwin systems
[0.280s] INFO:colcon.colcon_core.plugin_system:Skipping extension 'colcon_notification.desktop_notification.win32': Not used on non-Windows systems
[0.280s] INFO:colcon.colcon_notification.desktop_notification:Sending desktop notification using 'notify2'
[0.280s] DEBUG:colcon.colcon_notification.desktop_notification.notify2:Failed to initialize notify2: org.freedesktop.DBus.Error.NotSupported: Unable to autolaunch a dbus-daemon without a $DISPLAY for X11
[0.280s] DEBUG:colcon.colcon_core.event_reactor:joined thread
[0.280s] INFO:colcon.colcon_core.shell:Creating prefix script '/home/therion/dev/school/URC/srp_sim/install/local_setup.ps1'
[0.281s] INFO:colcon.colcon_core.shell:Creating prefix util module '/home/therion/dev/school/URC/srp_sim/install/_local_setup_util_ps1.py'
[0.282s] INFO:colcon.colcon_core.shell:Creating prefix chain script '/home/therion/dev/school/URC/srp_sim/install/setup.ps1'
[0.283s] INFO:colcon.colcon_core.shell:Creating prefix script '/home/therion/dev/school/URC/srp_sim/install/local_setup.sh'
[0.283s] INFO:colcon.colcon_core.shell:Creating prefix util module '/home/therion/dev/school/URC/srp_sim/install/_local_setup_util_sh.py'
[0.283s] INFO:colcon.colcon_core.shell:Creating prefix chain script '/home/therion/dev/school/URC/srp_sim/install/setup.sh'
[0.284s] INFO:colcon.colcon_core.shell:Creating prefix script '/home/therion/dev/school/URC/srp_sim/install/local_setup.bash'
[0.284s] INFO:colcon.colcon_core.shell:Creating prefix chain script '/home/therion/dev/school/URC/srp_sim/install/setup.bash'
[0.285s] INFO:colcon.colcon_core.shell:Creating prefix script '/home/therion/dev/school/URC/srp_sim/install/local_setup.zsh'
[0.285s] INFO:colcon.colcon_core.shell:Creating prefix chain script '/home/therion/dev/school/URC/srp_sim/install/setup.zsh'
